#
# A fatal error has been detected by the Java Runtime Environment:
#
#  SIGBUS (0x7) at pc=0x00007ff7eb5ba7d2, pid=31897, tid=140702244591360
#
# JRE version: Java(TM) SE Runtime Environment (8.0_45-b14) (build 1.8.0_45-b14)
# Java VM: Java HotSpot(TM) 64-Bit Server VM (25.45-b02 mixed mode linux-amd64 compressed oops)
# Problematic frame:
# C  [libzip.so+0x117d2]  newEntry+0x62
#
# Failed to write core dump. Core dumps have been disabled. To enable core dumping, try "ulimit -c unlimited" before starting Java again
#
# If you would like to submit a bug report, please visit:
#   http://bugreport.java.com/bugreport/crash.jsp
# The crash happened outside the Java Virtual Machine in native code.
# See problematic frame for where to report the bug.
#

---------------  T H R E A D  ---------------

Current thread (0x00007ff7ec20c800):  JavaThread "qtp1078694789-19" [_thread_in_native, id=31934, stack(0x00007ff7cb3ed000,0x00007ff7cb4ee000)]

siginfo: si_signo: 7 (SIGBUS), si_code: 2 (BUS_ADRERR), si_addr: 0x00007ff7cb39aa5c

Registers:
RAX=0x00007ff754b9cdf0, RBX=0x00007ff7ec25ce60, RCX=0x00007ff754000020, RDX=0x00007ff754b9cdf0
RSP=0x00007ff7cb4ebbb0, RBP=0x00007ff7cb4ebc00, RSI=0x00000000000007f0, RDI=0x00007ff754000020
R8 =0x0000000000000003, R9 =0x00007ff754000078, R10=0x00007ff7dc724c18, R11=0x00007ff7f1c49a30
R12=0x00007ff7cb39aa3f, R13=0x00007ff754b9cdf0, R14=0x0000000076065532, R15=0x00007ff7ec20ebb0
RIP=0x00007ff7eb5ba7d2, EFLAGS=0x0000000000010206, CSGSFS=0x0000000000000033, ERR=0x0000000000000004
  TRAPNO=0x000000000000000e

Top of Stack: (sp=0x00007ff7cb4ebbb0)
0x00007ff7cb4ebbb0:   00007ff700000000 00007ff700000000
0x00007ff7cb4ebbc0:   00000001000007a8 00007ff7f13c442e
0x00007ff7cb4ebbd0:   00007ff754b9cdf0 00007ff7ec25ce60
0x00007ff7cb4ebbe0:   0000000000000000 00007ff7ec20ebb0
0x00007ff7cb4ebbf0:   0000000076065532 0000000000000024
0x00007ff7cb4ebc00:   00007ff7cb4ebc60 00007ff7eb5baf2f
0x00007ff7cb4ebc10:   00007ff7ec20c800 0100000000000000
0x00007ff7cb4ebc20:   00007ff7cb4ebc80 00007ff7cb4ebca5
0x00007ff7cb4ebc30:   00007ff7cb4ebca3 00007ff7cb4ebc80
0x00007ff7cb4ebc40:   0000000000000024 00007ff7ec20c9f8
0x00007ff7cb4ebc50:   00007ff7cb4ec0d8 0000000000000001
0x00007ff7cb4ebc60:   00007ff7cb4ec0c0 00007ff7eb5acd30
0x00007ff7cb4ebc70:   00007ff7ec20c800 00007ff7ec20ebb0
0x00007ff7cb4ebc80:   75462f616c616373 24326e6f6974636e
0x00007ff7cb4ebc90:   7073244a4a56636d 632e7373616c6324
0x00007ff7cb4ebca0:   00007f007373616c 00007ff7dc841a5c
0x00007ff7cb4ebcb0:   0000000000000000 00000000d9d01e48
0x00007ff7cb4ebcc0:   0000000000000000 0000000000000000
0x00007ff7cb4ebcd0:   00000000db418010 00000000db53fb28
0x00007ff7cb4ebce0:   0000000000001fa0 00007ff7ec20cd18
0x00007ff7cb4ebcf0:   0000000000000001 00007ff7ec20cd18
0x00007ff7cb4ebd00:   00007ff7cb4ebd60 00007ff7f13f3b0b
0x00007ff7cb4ebd10:   01007ff7f1a93740 00007ff7680021b0
0x00007ff7cb4ebd20:   00007ff768002190 00007ff7ec20cd18
0x00007ff7cb4ebd30:   0000000000000066 00007ff7cb4ebfa0
0x00007ff7cb4ebd40:   00007ff7cb4ebd70 00007ff7cb4ebfa0
0x00007ff7cb4ebd50:   00007ff7cb4ebd70 00000000d9d02de0
0x00007ff7cb4ebd60:   00007ff7cb4ebd90 00007ff7f0ecec23
0x00007ff7cb4ebd70:   00007ff7ec20c800 00007ff7ec20c800
0x00007ff7cb4ebd80:   00000000db437480 0000000000000000
0x00007ff7cb4ebd90:   00007ff7cb4ebf70 00007ff7dc6a01de
0x00007ff7cb4ebda0:   00007ff7cb4ec740 00007ff7cb4ebd58 

Instructions: (pc=0x00007ff7eb5ba7d2)
0x00007ff7eb5ba7b2:   00 48 c7 40 28 00 00 00 00 41 80 7f 30 00 0f 84
0x00007ff7eb5ba7c2:   8a 02 00 00 4c 8b 63 08 4d 2b 67 28 4d 03 67 18
0x00007ff7eb5ba7d2:   41 0f b6 5c 24 1d 41 0f b6 44 24 1c c1 e3 08 09
0x00007ff7eb5ba7e2:   c3 41 0f b6 44 24 1e 88 45 bd 41 0f b6 54 24 20 

Register to memory mapping:

RAX=0x00007ff754b9cdf0 is an unknown value
RBX=0x00007ff7ec25ce60 is an unknown value
RCX=0x00007ff754000020 is an unknown value
RDX=0x00007ff754b9cdf0 is an unknown value
RSP=0x00007ff7cb4ebbb0 is pointing into the stack for thread: 0x00007ff7ec20c800
RBP=0x00007ff7cb4ebc00 is pointing into the stack for thread: 0x00007ff7ec20c800
RSI=0x00000000000007f0 is an unknown value
RDI=0x00007ff754000020 is an unknown value
R8 =0x0000000000000003 is an unknown value
R9 =0x00007ff754000078 is an unknown value
R10=0x00007ff7dc724c18 is at entry_point+88 in (nmethod*)0x00007ff7dc724a50
R11=0x00007ff7f1c49a30: <offset 0x187a30> in /lib/x86_64-linux-gnu/libc.so.6 at 0x00007ff7f1ac2000
R12=0x00007ff7cb39aa3f is an unknown value
R13=0x00007ff754b9cdf0 is an unknown value
R14=0x0000000076065532 is an unknown value
R15=0x00007ff7ec20ebb0 is an unknown value


Stack: [0x00007ff7cb3ed000,0x00007ff7cb4ee000],  sp=0x00007ff7cb4ebbb0,  free space=1018k
Native frames: (J=compiled Java code, j=interpreted, Vv=VM code, C=native code)
C  [libzip.so+0x117d2]  newEntry+0x62
C  [libzip.so+0x11f2f]  ZIP_GetEntry2+0xff
C  [libzip.so+0x3d30]  Java_java_util_zip_ZipFile_getEntry+0xf0
J 213  java.util.zip.ZipFile.getEntry(J[BZ)J (0 bytes) @ 0x00007ff7dc724c8e [0x00007ff7dc724bc0+0xce]
J 575 C1 java.util.zip.ZipFile.getEntry(Ljava/lang/String;)Ljava/util/zip/ZipEntry; (86 bytes) @ 0x00007ff7dc839d8c [0x00007ff7dc839b20+0x26c]
J 831 C1 sun.net.www.protocol.jar.URLJarFile.getEntry(Ljava/lang/String;)Ljava/util/zip/ZipEntry; (69 bytes) @ 0x00007ff7dc928234 [0x00007ff7dc928160+0xd4]
J 730 C1 sun.net.www.protocol.jar.JarURLConnection.connect()V (147 bytes) @ 0x00007ff7dc8c76dc [0x00007ff7dc8c7200+0x4dc]
J 760 C1 sun.net.www.protocol.jar.JarURLConnection.getJarFile()Ljava/util/jar/JarFile; (9 bytes) @ 0x00007ff7dc8cf244 [0x00007ff7dc8cf1c0+0x84]
J 863 C1 org.eclipse.jetty.util.resource.JarFileResource.newConnection()V (108 bytes) @ 0x00007ff7dc943da4 [0x00007ff7dc943580+0x824]
J 735 C1 org.eclipse.jetty.util.resource.JarResource.checkConnection()Z (51 bytes) @ 0x00007ff7dc8c589c [0x00007ff7dc8c5660+0x23c]
J 748 C1 org.eclipse.jetty.util.resource.JarFileResource.checkConnection()Z (78 bytes) @ 0x00007ff7dc8cebcc [0x00007ff7dc8cea80+0x14c]
J 805 C1 org.eclipse.jetty.util.resource.JarResource.getInputStream()Ljava/io/InputStream; (62 bytes) @ 0x00007ff7dc953c94 [0x00007ff7dc953b80+0x114]
J 661 C1 org.eclipse.jetty.annotations.AnnotationParser.parseJarEntry(Ljava/util/Set;Lorg/eclipse/jetty/util/resource/Resource;Ljava/util/jar/JarEntry;Lorg/eclipse/jetty/annotations/ClassNameResolver;)V (181 bytes) @ 0x00007ff7dc89697c [0x00007ff7dc8951a0+0x17dc]
j  org.eclipse.jetty.annotations.AnnotationParser.parseJar(Ljava/util/Set;Lorg/eclipse/jetty/util/resource/Resource;Lorg/eclipse/jetty/annotations/ClassNameResolver;)V+96
j  org.eclipse.jetty.annotations.AnnotationParser.parse(Ljava/util/Set;Lorg/eclipse/jetty/util/resource/Resource;Lorg/eclipse/jetty/annotations/ClassNameResolver;)V+47
j  org.eclipse.jetty.annotations.AnnotationConfiguration$ParserTask.call()Ljava/lang/Void;+37
j  org.eclipse.jetty.annotations.AnnotationConfiguration$1.run()V+4
j  org.eclipse.jetty.util.thread.QueuedThreadPool.runJob(Ljava/lang/Runnable;)V+1
j  org.eclipse.jetty.util.thread.QueuedThreadPool$3.run()V+73
j  java.lang.Thread.run()V+11
v  ~StubRoutines::call_stub
V  [libjvm.so+0x681a26]  JavaCalls::call_helper(JavaValue*, methodHandle*, JavaCallArguments*, Thread*)+0x1056
V  [libjvm.so+0x681f31]  JavaCalls::call_virtual(JavaValue*, KlassHandle, Symbol*, Symbol*, JavaCallArguments*, Thread*)+0x321
V  [libjvm.so+0x6823d7]  JavaCalls::call_virtual(JavaValue*, Handle, KlassHandle, Symbol*, Symbol*, Thread*)+0x47
V  [libjvm.so+0x718280]  thread_entry(JavaThread*, Thread*)+0xa0
V  [libjvm.so+0xa5c86f]  JavaThread::thread_main_inner()+0xdf
V  [libjvm.so+0xa5c99c]  JavaThread::run()+0x11c
V  [libjvm.so+0x910de8]  java_start(Thread*)+0x108
C  [libpthread.so.0+0x8182]  start_thread+0xc2

Java frames: (J=compiled Java code, j=interpreted, Vv=VM code)
J 213  java.util.zip.ZipFile.getEntry(J[BZ)J (0 bytes) @ 0x00007ff7dc724c18 [0x00007ff7dc724bc0+0x58]
J 575 C1 java.util.zip.ZipFile.getEntry(Ljava/lang/String;)Ljava/util/zip/ZipEntry; (86 bytes) @ 0x00007ff7dc839d8c [0x00007ff7dc839b20+0x26c]
J 831 C1 sun.net.www.protocol.jar.URLJarFile.getEntry(Ljava/lang/String;)Ljava/util/zip/ZipEntry; (69 bytes) @ 0x00007ff7dc928234 [0x00007ff7dc928160+0xd4]
J 730 C1 sun.net.www.protocol.jar.JarURLConnection.connect()V (147 bytes) @ 0x00007ff7dc8c76dc [0x00007ff7dc8c7200+0x4dc]
J 760 C1 sun.net.www.protocol.jar.JarURLConnection.getJarFile()Ljava/util/jar/JarFile; (9 bytes) @ 0x00007ff7dc8cf244 [0x00007ff7dc8cf1c0+0x84]
J 863 C1 org.eclipse.jetty.util.resource.JarFileResource.newConnection()V (108 bytes) @ 0x00007ff7dc943da4 [0x00007ff7dc943580+0x824]
J 735 C1 org.eclipse.jetty.util.resource.JarResource.checkConnection()Z (51 bytes) @ 0x00007ff7dc8c589c [0x00007ff7dc8c5660+0x23c]
J 748 C1 org.eclipse.jetty.util.resource.JarFileResource.checkConnection()Z (78 bytes) @ 0x00007ff7dc8cebcc [0x00007ff7dc8cea80+0x14c]
J 805 C1 org.eclipse.jetty.util.resource.JarResource.getInputStream()Ljava/io/InputStream; (62 bytes) @ 0x00007ff7dc953c94 [0x00007ff7dc953b80+0x114]
J 661 C1 org.eclipse.jetty.annotations.AnnotationParser.parseJarEntry(Ljava/util/Set;Lorg/eclipse/jetty/util/resource/Resource;Ljava/util/jar/JarEntry;Lorg/eclipse/jetty/annotations/ClassNameResolver;)V (181 bytes) @ 0x00007ff7dc89697c [0x00007ff7dc8951a0+0x17dc]
j  org.eclipse.jetty.annotations.AnnotationParser.parseJar(Ljava/util/Set;Lorg/eclipse/jetty/util/resource/Resource;Lorg/eclipse/jetty/annotations/ClassNameResolver;)V+96
j  org.eclipse.jetty.annotations.AnnotationParser.parse(Ljava/util/Set;Lorg/eclipse/jetty/util/resource/Resource;Lorg/eclipse/jetty/annotations/ClassNameResolver;)V+47
j  org.eclipse.jetty.annotations.AnnotationConfiguration$ParserTask.call()Ljava/lang/Void;+37
j  org.eclipse.jetty.annotations.AnnotationConfiguration$1.run()V+4
j  org.eclipse.jetty.util.thread.QueuedThreadPool.runJob(Ljava/lang/Runnable;)V+1
j  org.eclipse.jetty.util.thread.QueuedThreadPool$3.run()V+73
j  java.lang.Thread.run()V+11
v  ~StubRoutines::call_stub

---------------  P R O C E S S  ---------------

Java Threads: ( => current thread )
  0x00007ff764001000 JavaThread "qtp1078694789-22" [_thread_in_native, id=31941, stack(0x00007ff7cb130000,0x00007ff7cb231000)]
  0x00007ff760001000 JavaThread "qtp1078694789-21" [_thread_blocked, id=31940, stack(0x00007ff7cb231000,0x00007ff7cb332000)]
=>0x00007ff7ec20c800 JavaThread "qtp1078694789-19" [_thread_in_native, id=31934, stack(0x00007ff7cb3ed000,0x00007ff7cb4ee000)]
  0x00007ff7ec20a800 JavaThread "qtp1078694789-18" [_thread_blocked, id=31933, stack(0x00007ff7cb4ee000,0x00007ff7cb5ef000)]
  0x00007ff7ec209000 JavaThread "qtp1078694789-17" [_thread_in_native, id=31932, stack(0x00007ff7cb5ef000,0x00007ff7cb6f0000)]
  0x00007ff7ec207000 JavaThread "qtp1078694789-16" [_thread_blocked, id=31931, stack(0x00007ff7cb6f0000,0x00007ff7cb7f1000)]
  0x00007ff7ec204000 JavaThread "qtp1078694789-14" [_thread_blocked, id=31929, stack(0x00007ff7cb8f2000,0x00007ff7cb9f3000)]
  0x00007ff7ec202000 JavaThread "qtp1078694789-13" [_thread_in_native, id=31928, stack(0x00007ff7cb9f3000,0x00007ff7cbaf4000)]
  0x00007ff7ec1f7800 JavaThread "qtp1078694789-12" [_thread_in_Java, id=31927, stack(0x00007ff7cbaf4000,0x00007ff7cbbf5000)]
  0x00007ff7ec0d5000 JavaThread "Service Thread" daemon [_thread_blocked, id=31923, stack(0x00007ff7cbeff000,0x00007ff7cc000000)]
  0x00007ff7ec0c8000 JavaThread "C1 CompilerThread3" daemon [_thread_in_native, id=31922, stack(0x00007ff7d008e000,0x00007ff7d018f000)]
  0x00007ff7ec0c6000 JavaThread "C2 CompilerThread2" daemon [_thread_in_native, id=31921, stack(0x00007ff7d018f000,0x00007ff7d0290000)]
  0x00007ff7ec0c4000 JavaThread "C2 CompilerThread1" daemon [_thread_in_native, id=31920, stack(0x00007ff7d803b000,0x00007ff7d813c000)]
  0x00007ff7ec0c1000 JavaThread "C2 CompilerThread0" daemon [_thread_in_native, id=31919, stack(0x00007ff7d813c000,0x00007ff7d823d000)]
  0x00007ff7ec0bf800 JavaThread "Signal Dispatcher" daemon [_thread_blocked, id=31918, stack(0x00007ff7d823d000,0x00007ff7d833e000)]
  0x00007ff7ec087000 JavaThread "Finalizer" daemon [_thread_blocked, id=31917, stack(0x00007ff7d8776000,0x00007ff7d8877000)]
  0x00007ff7ec085000 JavaThread "Reference Handler" daemon [_thread_blocked, id=31916, stack(0x00007ff7d8877000,0x00007ff7d8978000)]
  0x00007ff7ec009800 JavaThread "main" [_thread_blocked, id=31901, stack(0x00007ff7f25b3000,0x00007ff7f26b4000)]

Other Threads:
  0x00007ff7ec07f800 VMThread [stack: 0x00007ff7d8978000,0x00007ff7d8a79000] [id=31915]
  0x00007ff7ec0d7800 WatcherThread [stack: 0x00007ff7cbdfe000,0x00007ff7cbeff000] [id=31924]

VM state:not at safepoint (normal execution)

VM Mutex/Monitor currently owned by a thread: None

Heap:
 PSYoungGen      total 68608K, used 56002K [0x00000000d7100000, 0x00000000db900000, 0x0000000100000000)
  eden space 63488K, 83% used [0x00000000d7100000,0x00000000da4dcb70,0x00000000daf00000)
  from space 5120K, 56% used [0x00000000db400000,0x00000000db6d3fc0,0x00000000db900000)
  to   space 5120K, 0% used [0x00000000daf00000,0x00000000daf00000,0x00000000db400000)
 ParOldGen       total 84992K, used 99K [0x0000000085200000, 0x000000008a500000, 0x00000000d7100000)
  object space 84992K, 0% used [0x0000000085200000,0x0000000085218dd0,0x000000008a500000)
 Metaspace       used 8282K, capacity 8388K, committed 8704K, reserved 1056768K
  class space    used 898K, capacity 944K, committed 1024K, reserved 1048576K

Card table byte_map: [0x00007ff7dbe11000,0x00007ff7dc1e9000] byte_map_base: 0x00007ff7db9e8000

Marking Bits: (ParMarkBitMap*) 0x00007ff7f1a97760
 Begin Bits: [0x00007ff7d0290000, 0x00007ff7d2148000)
 End Bits:   [0x00007ff7d2148000, 0x00007ff7d4000000)

Polling page: 0x00007ff7f26de000

CodeCache: size=245760Kb used=3851Kb max_used=3851Kb free=241909Kb
 bounds [0x00007ff7dc5a9000, 0x00007ff7dc979000, 0x00007ff7eb5a9000]
 total_blobs=1210 nmethods=901 adapters=223
 compilation: enabled

Compilation events (10 events):
Event: 0,965 Thread 0x00007ff7ec0c8000 nmethod 897 0x00007ff7dc95b250 code [0x00007ff7dc95b3c0, 0x00007ff7dc95b648]
Event: 0,983 Thread 0x00007ff7ec0c8000  899       3       org.objectweb.asm.ClassReader::a (75 bytes)
Event: 0,985 Thread 0x00007ff7ec0c8000 nmethod 899 0x00007ff7dc95eb50 code [0x00007ff7dc95ed20, 0x00007ff7dc95f2d8]
Event: 0,993 Thread 0x00007ff7ec0c4000 nmethod 896 0x00007ff7dc965510 code [0x00007ff7dc965680, 0x00007ff7dc965b78]
Event: 0,994 Thread 0x00007ff7ec0c4000  895       4       org.objectweb.asm.ClassReader::readUTF8 (60 bytes)
Event: 1,011 Thread 0x00007ff7ec0c8000  900       3       java.util.LinkedHashMap$LinkedHashIterator::hasNext (13 bytes)
Event: 1,013 Thread 0x00007ff7ec0c8000 nmethod 900 0x00007ff7dc930610 code [0x00007ff7dc930780, 0x00007ff7dc930930]
Event: 1,032 Thread 0x00007ff7ec0c4000 nmethod 895 0x00007ff7dc964550 code [0x00007ff7dc9646e0, 0x00007ff7dc964e58]
Event: 1,032 Thread 0x00007ff7ec0c4000  901   !   4       java.net.URL::<init> (543 bytes)
Event: 1,036 Thread 0x00007ff7ec0c8000  903       3       org.objectweb.asm.ClassReader::a (1223 bytes)

GC Heap History (8 events):
Event: 0,390 GC heap before
{Heap before GC invocations=1 (full 0):
 PSYoungGen      total 36864K, used 31744K [0x00000000d7100000, 0x00000000d9a00000, 0x0000000100000000)
  eden space 31744K, 100% used [0x00000000d7100000,0x00000000d9000000,0x00000000d9000000)
  from space 5120K, 0% used [0x00000000d9500000,0x00000000d9500000,0x00000000d9a00000)
  to   space 5120K, 0% used [0x00000000d9000000,0x00000000d9000000,0x00000000d9500000)
 ParOldGen       total 84992K, used 0K [0x0000000085200000, 0x000000008a500000, 0x00000000d7100000)
  object space 84992K, 0% used [0x0000000085200000,0x0000000085200000,0x000000008a500000)
 Metaspace       used 7130K, capacity 7236K, committed 7552K, reserved 1056768K
  class space    used 798K, capacity 816K, committed 896K, reserved 1048576K
Event: 0,394 GC heap after
Heap after GC invocations=1 (full 0):
 PSYoungGen      total 36864K, used 2858K [0x00000000d7100000, 0x00000000d9a00000, 0x0000000100000000)
  eden space 31744K, 0% used [0x00000000d7100000,0x00000000d7100000,0x00000000d9000000)
  from space 5120K, 55% used [0x00000000d9000000,0x00000000d92ca820,0x00000000d9500000)
  to   space 5120K, 0% used [0x00000000d9500000,0x00000000d9500000,0x00000000d9a00000)
 ParOldGen       total 84992K, used 72K [0x0000000085200000, 0x000000008a500000, 0x00000000d7100000)
  object space 84992K, 0% used [0x0000000085200000,0x0000000085212010,0x000000008a500000)
 Metaspace       used 7130K, capacity 7236K, committed 7552K, reserved 1056768K
  class space    used 798K, capacity 816K, committed 896K, reserved 1048576K
}
Event: 0,449 GC heap before
{Heap before GC invocations=2 (full 0):
 PSYoungGen      total 36864K, used 34602K [0x00000000d7100000, 0x00000000d9a00000, 0x0000000100000000)
  eden space 31744K, 100% used [0x00000000d7100000,0x00000000d9000000,0x00000000d9000000)
  from space 5120K, 55% used [0x00000000d9000000,0x00000000d92ca820,0x00000000d9500000)
  to   space 5120K, 0% used [0x00000000d9500000,0x00000000d9500000,0x00000000d9a00000)
 ParOldGen       total 84992K, used 72K [0x0000000085200000, 0x000000008a500000, 0x00000000d7100000)
  object space 84992K, 0% used [0x0000000085200000,0x0000000085212010,0x000000008a500000)
 Metaspace       used 7151K, capacity 7236K, committed 7552K, reserved 1056768K
  class space    used 798K, capacity 816K, committed 896K, reserved 1048576K
Event: 0,452 GC heap after
Heap after GC invocations=2 (full 0):
 PSYoungGen      total 36864K, used 1600K [0x00000000d7100000, 0x00000000db900000, 0x0000000100000000)
  eden space 31744K, 0% used [0x00000000d7100000,0x00000000d7100000,0x00000000d9000000)
  from space 5120K, 31% used [0x00000000d9500000,0x00000000d9690030,0x00000000d9a00000)
  to   space 5120K, 0% used [0x00000000d9000000,0x00000000d9000000,0x00000000d9500000)
 ParOldGen       total 84992K, used 80K [0x0000000085200000, 0x000000008a500000, 0x00000000d7100000)
  object space 84992K, 0% used [0x0000000085200000,0x0000000085214010,0x000000008a500000)
 Metaspace       used 7151K, capacity 7236K, committed 7552K, reserved 1056768K
  class space    used 798K, capacity 816K, committed 896K, reserved 1048576K
}
Event: 0,510 GC heap before
{Heap before GC invocations=3 (full 0):
 PSYoungGen      total 36864K, used 33344K [0x00000000d7100000, 0x00000000db900000, 0x0000000100000000)
  eden space 31744K, 100% used [0x00000000d7100000,0x00000000d9000000,0x00000000d9000000)
  from space 5120K, 31% used [0x00000000d9500000,0x00000000d9690030,0x00000000d9a00000)
  to   space 5120K, 0% used [0x00000000d9000000,0x00000000d9000000,0x00000000d9500000)
 ParOldGen       total 84992K, used 80K [0x0000000085200000, 0x000000008a500000, 0x00000000d7100000)
  object space 84992K, 0% used [0x0000000085200000,0x0000000085214010,0x000000008a500000)
 Metaspace       used 7192K, capacity 7300K, committed 7552K, reserved 1056768K
  class space    used 798K, capacity 816K, committed 896K, reserved 1048576K
Event: 0,513 GC heap after
Heap after GC invocations=3 (full 0):
 PSYoungGen      total 36864K, used 1648K [0x00000000d7100000, 0x00000000db900000, 0x0000000100000000)
  eden space 31744K, 0% used [0x00000000d7100000,0x00000000d7100000,0x00000000d9000000)
  from space 5120K, 32% used [0x00000000d9000000,0x00000000d919c020,0x00000000d9500000)
  to   space 5120K, 0% used [0x00000000db400000,0x00000000db400000,0x00000000db900000)
 ParOldGen       total 84992K, used 88K [0x0000000085200000, 0x000000008a500000, 0x00000000d7100000)
  object space 84992K, 0% used [0x0000000085200000,0x0000000085216010,0x000000008a500000)
 Metaspace       used 7192K, capacity 7300K, committed 7552K, reserved 1056768K
  class space    used 798K, capacity 816K, committed 896K, reserved 1048576K
}
Event: 0,645 GC heap before
{Heap before GC invocations=4 (full 0):
 PSYoungGen      total 36864K, used 33392K [0x00000000d7100000, 0x00000000db900000, 0x0000000100000000)
  eden space 31744K, 100% used [0x00000000d7100000,0x00000000d9000000,0x00000000d9000000)
  from space 5120K, 32% used [0x00000000d9000000,0x00000000d919c020,0x00000000d9500000)
  to   space 5120K, 0% used [0x00000000db400000,0x00000000db400000,0x00000000db900000)
 ParOldGen       total 84992K, used 91K [0x0000000085200000, 0x000000008a500000, 0x00000000d7100000)
  object space 84992K, 0% used [0x0000000085200000,0x0000000085216dd0,0x000000008a500000)
 Metaspace       used 8105K, capacity 8260K, committed 8448K, reserved 1056768K
  class space    used 895K, capacity 944K, committed 1024K, reserved 1048576K
Event: 0,648 GC heap after
Heap after GC invocations=4 (full 0):
 PSYoungGen      total 68608K, used 2895K [0x00000000d7100000, 0x00000000db900000, 0x0000000100000000)
  eden space 63488K, 0% used [0x00000000d7100000,0x00000000d7100000,0x00000000daf00000)
  from space 5120K, 56% used [0x00000000db400000,0x00000000db6d3fc0,0x00000000db900000)
  to   space 5120K, 0% used [0x00000000daf00000,0x00000000daf00000,0x00000000db400000)
 ParOldGen       total 84992K, used 99K [0x0000000085200000, 0x000000008a500000, 0x00000000d7100000)
  object space 84992K, 0% used [0x0000000085200000,0x0000000085218dd0,0x000000008a500000)
 Metaspace       used 8105K, capacity 8260K, committed 8448K, reserved 1056768K
  class space    used 895K, capacity 944K, committed 1024K, reserved 1048576K
}

Deoptimization events (10 events):
Event: 0,501 Thread 0x00007ff7ec009800 Uncommon trap: reason=unstable_if action=reinterpret pc=0x00007ff7dc7becf8 method=java.util.zip.ZipEntry.setExtra0([BZ)V @ 1
Event: 0,518 Thread 0x00007ff7ec009800 Uncommon trap: reason=unstable_if action=reinterpret pc=0x00007ff7dc7e4860 method=java.util.zip.ZipCoder.decoder()Ljava/nio/charset/CharsetDecoder; @ 4
Event: 0,518 Thread 0x00007ff7ec009800 Uncommon trap: reason=unstable_if action=reinterpret pc=0x00007ff7dc7cc0a0 method=java.util.zip.ZipCoder.decoder()Ljava/nio/charset/CharsetDecoder; @ 4
Event: 0,520 Thread 0x00007ff7ec009800 Uncommon trap: reason=unstable_if action=reinterpret pc=0x00007ff7dc7dc038 method=java.util.zip.ZipCoder.decoder()Ljava/nio/charset/CharsetDecoder; @ 4
Event: 0,544 Thread 0x00007ff7ec009800 Uncommon trap: reason=unstable_if action=reinterpret pc=0x00007ff7dc7d11bc method=sun.util.calendar.AbstractCalendar.getCalendarDate(JLsun/util/calendar/CalendarDate;)Lsun/util/calendar/CalendarDate; @ 138
Event: 0,544 Thread 0x00007ff7ec009800 Uncommon trap: reason=unstable_if action=reinterpret pc=0x00007ff7dc7c0708 method=sun.util.calendar.AbstractCalendar.getCalendarDate(JLsun/util/calendar/CalendarDate;)Lsun/util/calendar/CalendarDate; @ 138
Event: 0,938 Thread 0x00007ff7ec202000 Uncommon trap: reason=unstable_if action=reinterpret pc=0x00007ff7dc8eaaa0 method=org.objectweb.asm.ClassReader.a(II[C)Ljava/lang/String; @ 77
Event: 0,952 Thread 0x00007ff7ec202000 Uncommon trap: reason=unstable_if action=reinterpret pc=0x00007ff7dc8a83a8 method=org.objectweb.asm.ClassReader.a(II[C)Ljava/lang/String; @ 77
Event: 1,097 Thread 0x00007ff7ec20c800 Uncommon trap: reason=unstable_if action=reinterpret pc=0x00007ff7dc8d4b84 method=java.io.PushbackInputStream.read([BII)I @ 122
Event: 1,098 Thread 0x00007ff7ec20c800 Uncommon trap: reason=unstable_if action=reinterpret pc=0x00007ff7dc8e7ab0 method=java.io.PushbackInputStream.read([BII)I @ 122

Internal exceptions (9 events):
Event: 0,031 Thread 0x00007ff7ec009800 Exception <a 'java/lang/NoSuchMethodError': Method sun.misc.Unsafe.defineClass(Ljava/lang/String;[BII)Ljava/lang/Class; name or signature does not match> (0x00000000d7112840) thrown at [/RE-WORK/workspace/8-2-build-linux-amd64/jdk8u45/3457/hotspot/src/sha
Event: 0,032 Thread 0x00007ff7ec009800 Exception <a 'java/lang/NoSuchMethodError': Method sun.misc.Unsafe.prefetchRead(Ljava/lang/Object;J)V name or signature does not match> (0x00000000d7112ad0) thrown at [/RE-WORK/workspace/8-2-build-linux-amd64/jdk8u45/3457/hotspot/src/share/vm/prims/jni.cp
Event: 0,090 Thread 0x00007ff7ec009800 Exception <a 'java/security/PrivilegedActionException'> (0x00000000d737cfc8) thrown at [/RE-WORK/workspace/8-2-build-linux-amd64/jdk8u45/3457/hotspot/src/share/vm/prims/jvm.cpp, line 1382]
Event: 0,090 Thread 0x00007ff7ec009800 Exception <a 'java/security/PrivilegedActionException'> (0x00000000d737d180) thrown at [/RE-WORK/workspace/8-2-build-linux-amd64/jdk8u45/3457/hotspot/src/share/vm/prims/jvm.cpp, line 1382]
Event: 0,090 Thread 0x00007ff7ec009800 Exception <a 'java/security/PrivilegedActionException'> (0x00000000d737f5c8) thrown at [/RE-WORK/workspace/8-2-build-linux-amd64/jdk8u45/3457/hotspot/src/share/vm/prims/jvm.cpp, line 1382]
Event: 0,090 Thread 0x00007ff7ec009800 Exception <a 'java/security/PrivilegedActionException'> (0x00000000d737f780) thrown at [/RE-WORK/workspace/8-2-build-linux-amd64/jdk8u45/3457/hotspot/src/share/vm/prims/jvm.cpp, line 1382]
Event: 0,098 Thread 0x00007ff7ec009800 Exception <a 'java/lang/NoClassDefFoundError': org/slf4j/Logger> (0x00000000d738c1f0) thrown at [/RE-WORK/workspace/8-2-build-linux-amd64/jdk8u45/3457/hotspot/src/share/vm/classfile/systemDictionary.cpp, line 199]
Event: 0,570 Thread 0x00007ff7ec009800 Exception <a 'java/io/FileNotFoundException'> (0x00000000d87ee2a8) thrown at [/RE-WORK/workspace/8-2-build-linux-amd64/jdk8u45/3457/hotspot/src/share/vm/prims/jni.cpp, line 709]
Event: 1,096 Thread 0x00007ff7ec20c800 Exception <a 'java/util/zip/ZipException'> (0x00000000d9d00338) thrown at [/RE-WORK/workspace/8-2-build-linux-amd64/jdk8u45/3457/hotspot/src/share/vm/prims/jni.cpp, line 709]

Events (10 events):
Event: 1,095 loading class java/util/zip/ZipException
Event: 1,095 loading class java/util/zip/ZipException done
Event: 1,096 loading class java/util/zip/DataFormatException
Event: 1,096 loading class java/util/zip/DataFormatException done
Event: 1,097 Thread 0x00007ff7ec20c800 Uncommon trap: trap_request=0xffffff65 fr.pc=0x00007ff7dc8d4b84
Event: 1,097 Thread 0x00007ff7ec20c800 DEOPT PACKING pc=0x00007ff7dc8d4b84 sp=0x00007ff7cb4ec4f0
Event: 1,098 Thread 0x00007ff7ec20c800 DEOPT UNPACKING pc=0x00007ff7dc5ae229 sp=0x00007ff7cb4ec350 mode 2
Event: 1,098 Thread 0x00007ff7ec20c800 Uncommon trap: trap_request=0xffffff65 fr.pc=0x00007ff7dc8e7ab0
Event: 1,098 Thread 0x00007ff7ec20c800 DEOPT PACKING pc=0x00007ff7dc8e7ab0 sp=0x00007ff7cb4ec490
Event: 1,099 Thread 0x00007ff7ec20c800 DEOPT UNPACKING pc=0x00007ff7dc5ae229 sp=0x00007ff7cb4ec3e0 mode 2


Dynamic libraries:
00400000-00401000 r-xp 00000000 08:01 16386253                           /usr/lib/jvm/java-8-oracle/jre/bin/java
00600000-00601000 rw-p 00000000 08:01 16386253                           /usr/lib/jvm/java-8-oracle/jre/bin/java
013aa000-013cb000 rw-p 00000000 00:00 0                                  [heap]
85200000-8a500000 rw-p 00000000 00:00 0 
8a500000-d7100000 ---p 00000000 00:00 0 
d7100000-db900000 rw-p 00000000 00:00 0 
db900000-100000000 ---p 00000000 00:00 0 
100000000-100100000 rw-p 00000000 00:00 0 
100100000-140000000 ---p 00000000 00:00 0 
7ff754000000-7ff754e37000 rw-p 00000000 00:00 0 
7ff754e37000-7ff758000000 ---p 00000000 00:00 0 
7ff758000000-7ff758aab000 rw-p 00000000 00:00 0 
7ff758aab000-7ff75c000000 ---p 00000000 00:00 0 
7ff75c000000-7ff75c69f000 rw-p 00000000 00:00 0 
7ff75c6a7000-7ff760000000 ---p 00000000 00:00 0 
7ff760000000-7ff760661000 rw-p 00000000 00:00 0 
7ff760661000-7ff764000000 ---p 00000000 00:00 0 
7ff764000000-7ff764ce2000 rw-p 00000000 00:00 0 
7ff764ce2000-7ff768000000 ---p 00000000 00:00 0 
7ff768000000-7ff76883f000 rw-p 00000000 00:00 0 
7ff76883f000-7ff76c000000 ---p 00000000 00:00 0 
7ff76c000000-7ff76ccbc000 rw-p 00000000 00:00 0 
7ff76ccbc000-7ff770000000 ---p 00000000 00:00 0 
7ff770000000-7ff770c16000 rw-p 00000000 00:00 0 
7ff770c16000-7ff774000000 ---p 00000000 00:00 0 
7ff774000000-7ff774021000 rw-p 00000000 00:00 0 
7ff774021000-7ff778000000 ---p 00000000 00:00 0 
7ff778000000-7ff778941000 rw-p 00000000 00:00 0 
7ff778943000-7ff77c000000 ---p 00000000 00:00 0 
7ff77894b000-7ff77c000000 ---p 00000000 00:00 0 
7ff77c000000-7ff77c447000 rw-p 00000000 00:00 0 
7ff77c447000-7ff780000000 ---p 00000000 00:00 0 
7ff780000000-7ff780021000 rw-p 00000000 00:00 0 
7ff780021000-7ff784000000 ---p 00000000 00:00 0 
7ff784000000-7ff78451c000 rw-p 00000000 00:00 0 
7ff78451c000-7ff788000000 ---p 00000000 00:00 0 
7ff788000000-7ff788885000 rw-p 00000000 00:00 0 
7ff788885000-7ff78c000000 ---p 00000000 00:00 0 
7ff78c000000-7ff78c021000 rw-p 00000000 00:00 0 
7ff78c021000-7ff790000000 ---p 00000000 00:00 0 
7ff790000000-7ff7906bc000 rw-p 00000000 00:00 0 
7ff7906bc000-7ff794000000 ---p 00000000 00:00 0 
7ff794000000-7ff794021000 rw-p 00000000 00:00 0 
7ff794021000-7ff798000000 ---p 00000000 00:00 0 
7ff798000000-7ff798021000 rw-p 00000000 00:00 0 
7ff798021000-7ff79c000000 ---p 00000000 00:00 0 
7ff79c000000-7ff79c021000 rw-p 00000000 00:00 0 
7ff79c021000-7ff7a0000000 ---p 00000000 00:00 0 
7ff7a0000000-7ff7a0021000 rw-p 00000000 00:00 0 
7ff7a0021000-7ff7a4000000 ---p 00000000 00:00 0 
7ff7a4000000-7ff7a4021000 rw-p 00000000 00:00 0 
7ff7a4021000-7ff7a8000000 ---p 00000000 00:00 0 
7ff7ac000000-7ff7ac021000 rw-p 00000000 00:00 0 
7ff7ac021000-7ff7b0000000 ---p 00000000 00:00 0 
7ff7b4000000-7ff7b4021000 rw-p 00000000 00:00 0 
7ff7b4021000-7ff7b8000000 ---p 00000000 00:00 0 
7ff7bc000000-7ff7bc021000 rw-p 00000000 00:00 0 
7ff7bc021000-7ff7c0000000 ---p 00000000 00:00 0 
7ff7c4000000-7ff7c4021000 rw-p 00000000 00:00 0 
7ff7c4021000-7ff7c8000000 ---p 00000000 00:00 0 
7ff7cb130000-7ff7cb133000 ---p 00000000 00:00 0 
7ff7cb133000-7ff7cb231000 rw-p 00000000 00:00 0                          [stack:31941]
7ff7cb231000-7ff7cb234000 ---p 00000000 00:00 0 
7ff7cb234000-7ff7cb332000 rw-p 00000000 00:00 0                          [stack:31940]
7ff7cb332000-7ff7cb366000 r--s 00200000 00:19 16125368                   /home/kenny/dev/jprelude/experimental/jprelude-webui/target/webapp/WEB-INF/lib/guava-16.0.1.vaadin1.jar
7ff7cb366000-7ff7cb394000 r--s 002f6000 00:19 16125362                   /home/kenny/dev/jprelude/experimental/jprelude-webui/target/webapp/WEB-INF/lib/vaadin-server-7.4.5.jar
7ff7cb394000-7ff7cb3ed000 r--s 004f6000 00:19 16125361                   /home/kenny/dev/jprelude/experimental/jprelude-webui/target/webapp/WEB-INF/lib/scala-library-2.11.6.jar
7ff7cb3ed000-7ff7cb3f0000 ---p 00000000 00:00 0 
7ff7cb3f0000-7ff7cb4ee000 rw-p 00000000 00:00 0                          [stack:31934]
7ff7cb4ee000-7ff7cb4f1000 ---p 00000000 00:00 0 
7ff7cb4f1000-7ff7cb5ef000 rw-p 00000000 00:00 0                          [stack:31933]
7ff7cb5ef000-7ff7cb5f2000 ---p 00000000 00:00 0 
7ff7cb5f2000-7ff7cb6f0000 rw-p 00000000 00:00 0                          [stack:31932]
7ff7cb6f0000-7ff7cb6f3000 ---p 00000000 00:00 0 
7ff7cb6f3000-7ff7cb7f1000 rw-p 00000000 00:00 0                          [stack:31931]
7ff7cb7f1000-7ff7cb7f4000 ---p 00000000 00:00 0 
7ff7cb7f4000-7ff7cb8f2000 rw-p 00000000 00:00 0 
7ff7cb8f2000-7ff7cb8f5000 ---p 00000000 00:00 0 
7ff7cb8f5000-7ff7cb9f3000 rw-p 00000000 00:00 0                          [stack:31929]
7ff7cb9f3000-7ff7cb9f6000 ---p 00000000 00:00 0 
7ff7cb9f6000-7ff7cbaf4000 rw-p 00000000 00:00 0                          [stack:31928]
7ff7cbaf4000-7ff7cbaf7000 ---p 00000000 00:00 0 
7ff7cbaf7000-7ff7cbbf5000 rw-p 00000000 00:00 0                          [stack:31927]
7ff7cbbf5000-7ff7cbbfd000 r-xp 00000000 08:01 16515139                   /usr/lib/jvm/java-8-oracle/jre/lib/amd64/libmanagement.so
7ff7cbbfd000-7ff7cbdfd000 ---p 00008000 08:01 16515139                   /usr/lib/jvm/java-8-oracle/jre/lib/amd64/libmanagement.so
7ff7cbdfd000-7ff7cbdfe000 rw-p 00008000 08:01 16515139                   /usr/lib/jvm/java-8-oracle/jre/lib/amd64/libmanagement.so
7ff7cbdfe000-7ff7cbdff000 ---p 00000000 00:00 0 
7ff7cbdff000-7ff7cbeff000 rw-p 00000000 00:00 0                          [stack:31924]
7ff7cbeff000-7ff7cbf02000 ---p 00000000 00:00 0 
7ff7cbf02000-7ff7cc000000 rw-p 00000000 00:00 0                          [stack:31923]
7ff7cc000000-7ff7cc021000 rw-p 00000000 00:00 0 
7ff7cc021000-7ff7d0000000 ---p 00000000 00:00 0 
7ff7d0007000-7ff7d0008000 rw-p 00000000 00:00 0 
7ff7d0008000-7ff7d000e000 r--s 00044000 00:19 16125369                   /home/kenny/dev/jprelude/experimental/jprelude-webui/target/webapp/WEB-INF/lib/jsoup-1.8.1.jar
7ff7d000e000-7ff7d0013000 r--s 0002a000 00:19 16125360                   /home/kenny/dev/jprelude/experimental/jprelude-webui/target/webapp/WEB-INF/lib/jprelude-webui_2.11-0.1.jar
7ff7d0013000-7ff7d004c000 r--s 00206000 00:19 16125366                   /home/kenny/dev/jprelude/experimental/jprelude-webui/target/webapp/WEB-INF/lib/vaadin-shared-7.4.5.jar
7ff7d004c000-7ff7d008e000 r--s 004bc000 00:19 11538222                   /home/kenny/.ivy2/cache/org.eclipse.jetty/jetty-runner/jars/jetty-runner-9.2.1.v20140609.jar
7ff7d008e000-7ff7d0091000 ---p 00000000 00:00 0 
7ff7d0091000-7ff7d018f000 rw-p 00000000 00:00 0                          [stack:31922]
7ff7d018f000-7ff7d0192000 ---p 00000000 00:00 0 
7ff7d0192000-7ff7d4000000 rw-p 00000000 00:00 0                          [stack:31921]
7ff7d4000000-7ff7d4021000 rw-p 00000000 00:00 0 
7ff7d4021000-7ff7d8000000 ---p 00000000 00:00 0 
7ff7d8000000-7ff7d8002000 r--s 00012000 00:19 16125365                   /home/kenny/dev/jprelude/experimental/jprelude-webui/target/webapp/WEB-INF/lib/flute-1.3.0.gg2.jar
7ff7d8002000-7ff7d8014000 r--s 000a3000 00:19 16125373                   /home/kenny/dev/jprelude/experimental/jprelude-webui/target/webapp/WEB-INF/lib/rxjava-1.0.8.jar
7ff7d8014000-7ff7d801c000 r--s 00053000 00:19 16125372                   /home/kenny/dev/jprelude/experimental/jprelude-webui/target/webapp/WEB-INF/lib/rxscala_2.11-0.24.1.jar
7ff7d801c000-7ff7d803b000 r--s 006f3000 00:19 16125371                   /home/kenny/dev/jprelude/experimental/jprelude-webui/target/webapp/WEB-INF/lib/vaadin-themes-7.4.5.jar
7ff7d803b000-7ff7d803e000 ---p 00000000 00:00 0 
7ff7d803e000-7ff7d813c000 rw-p 00000000 00:00 0                          [stack:31920]
7ff7d813c000-7ff7d813f000 ---p 00000000 00:00 0 
7ff7d813f000-7ff7d823d000 rw-p 00000000 00:00 0                          [stack:31919]
7ff7d823d000-7ff7d8240000 ---p 00000000 00:00 0 
7ff7d8240000-7ff7d833e000 rw-p 00000000 00:00 0                          [stack:31918]
7ff7d833e000-7ff7d8776000 r--p 00000000 08:01 12327061                   /usr/lib/locale/locale-archive
7ff7d8776000-7ff7d8779000 ---p 00000000 00:00 0 
7ff7d8779000-7ff7d8877000 rw-p 00000000 00:00 0                          [stack:31917]
7ff7d8877000-7ff7d887a000 ---p 00000000 00:00 0 
7ff7d887a000-7ff7d8978000 rw-p 00000000 00:00 0                          [stack:31916]
7ff7d8978000-7ff7d8979000 ---p 00000000 00:00 0 
7ff7d8979000-7ff7da6ca000 rw-p 00000000 00:00 0                          [stack:31915]
7ff7da6ca000-7ff7da8a3000 r--s 03d09000 08:01 16386470                   /usr/lib/jvm/java-8-oracle/jre/lib/rt.jar
7ff7da8a3000-7ff7db023000 rw-p 00000000 00:00 0 
7ff7db023000-7ff7db0a3000 ---p 00000000 00:00 0 
7ff7db0a3000-7ff7db47a000 rw-p 00000000 00:00 0 
7ff7db47a000-7ff7db47b000 ---p 00000000 00:00 0 
7ff7db47b000-7ff7db57b000 rw-p 00000000 00:00 0                          [stack:31909]
7ff7db57b000-7ff7db57c000 ---p 00000000 00:00 0 
7ff7db57c000-7ff7db67c000 rw-p 00000000 00:00 0                          [stack:31908]
7ff7db67c000-7ff7db67d000 ---p 00000000 00:00 0 
7ff7db67d000-7ff7db77d000 rw-p 00000000 00:00 0                          [stack:31907]
7ff7db77d000-7ff7db77e000 ---p 00000000 00:00 0 
7ff7db77e000-7ff7db87e000 rw-p 00000000 00:00 0                          [stack:31906]
7ff7db87e000-7ff7db87f000 ---p 00000000 00:00 0 
7ff7db87f000-7ff7db97f000 rw-p 00000000 00:00 0                          [stack:31905]
7ff7db97f000-7ff7db980000 ---p 00000000 00:00 0 
7ff7db980000-7ff7dba80000 rw-p 00000000 00:00 0                          [stack:31904]
7ff7dba80000-7ff7dba81000 ---p 00000000 00:00 0 
7ff7dba81000-7ff7dbbab000 rw-p 00000000 00:00 0                          [stack:31903]
7ff7dbbab000-7ff7dbe11000 ---p 00000000 00:00 0 
7ff7dbe11000-7ff7dbe3b000 rw-p 00000000 00:00 0 
7ff7dbe3b000-7ff7dc0a0000 ---p 00000000 00:00 0 
7ff7dc0a0000-7ff7dc0c5000 rw-p 00000000 00:00 0 
7ff7dc0c5000-7ff7dc1e8000 ---p 00000000 00:00 0 
7ff7dc1e8000-7ff7dc1f9000 rw-p 00000000 00:00 0 
7ff7dc1f9000-7ff7dc5a9000 ---p 00000000 00:00 0 
7ff7dc5a9000-7ff7dc979000 rwxp 00000000 00:00 0 
7ff7dc979000-7ff7eb5a9000 ---p 00000000 00:00 0 
7ff7eb5a9000-7ff7eb5c3000 r-xp 00000000 08:01 16515133                   /usr/lib/jvm/java-8-oracle/jre/lib/amd64/libzip.so
7ff7eb5c3000-7ff7eb7c3000 ---p 0001a000 08:01 16515133                   /usr/lib/jvm/java-8-oracle/jre/lib/amd64/libzip.so
7ff7eb7c3000-7ff7eb7c4000 rw-p 0001a000 08:01 16515133                   /usr/lib/jvm/java-8-oracle/jre/lib/amd64/libzip.so
7ff7eb7c4000-7ff7eb7cf000 r-xp 00000000 08:01 17695710                   /lib/x86_64-linux-gnu/libnss_files-2.19.so
7ff7eb7cf000-7ff7eb9ce000 ---p 0000b000 08:01 17695710                   /lib/x86_64-linux-gnu/libnss_files-2.19.so
7ff7eb9ce000-7ff7eb9cf000 r--p 0000a000 08:01 17695710                   /lib/x86_64-linux-gnu/libnss_files-2.19.so
7ff7eb9cf000-7ff7eb9d0000 rw-p 0000b000 08:01 17695710                   /lib/x86_64-linux-gnu/libnss_files-2.19.so
7ff7eb9d0000-7ff7eb9db000 r-xp 00000000 08:01 17695774                   /lib/x86_64-linux-gnu/libnss_nis-2.19.so
7ff7eb9db000-7ff7ebbda000 ---p 0000b000 08:01 17695774                   /lib/x86_64-linux-gnu/libnss_nis-2.19.so
7ff7ebbda000-7ff7ebbdb000 r--p 0000a000 08:01 17695774                   /lib/x86_64-linux-gnu/libnss_nis-2.19.so
7ff7ebbdb000-7ff7ebbdc000 rw-p 0000b000 08:01 17695774                   /lib/x86_64-linux-gnu/libnss_nis-2.19.so
7ff7ebbdc000-7ff7ebbf3000 r-xp 00000000 08:01 17695732                   /lib/x86_64-linux-gnu/libnsl-2.19.so
7ff7ebbf3000-7ff7ebdf2000 ---p 00017000 08:01 17695732                   /lib/x86_64-linux-gnu/libnsl-2.19.so
7ff7ebdf2000-7ff7ebdf3000 r--p 00016000 08:01 17695732                   /lib/x86_64-linux-gnu/libnsl-2.19.so
7ff7ebdf3000-7ff7ebdf4000 rw-p 00017000 08:01 17695732                   /lib/x86_64-linux-gnu/libnsl-2.19.so
7ff7ebdf4000-7ff7ebdf6000 rw-p 00000000 00:00 0 
7ff7ebdf6000-7ff7ebdff000 r-xp 00000000 08:01 17695731                   /lib/x86_64-linux-gnu/libnss_compat-2.19.so
7ff7ebdff000-7ff7ebffe000 ---p 00009000 08:01 17695731                   /lib/x86_64-linux-gnu/libnss_compat-2.19.so
7ff7ebffe000-7ff7ebfff000 r--p 00008000 08:01 17695731                   /lib/x86_64-linux-gnu/libnss_compat-2.19.so
7ff7ebfff000-7ff7ec000000 rw-p 00009000 08:01 17695731                   /lib/x86_64-linux-gnu/libnss_compat-2.19.so
7ff7ec000000-7ff7ec3c7000 rw-p 00000000 00:00 0 
7ff7ec3c7000-7ff7f0000000 ---p 00000000 00:00 0 
7ff7f0000000-7ff7f0001000 rw-p 00000000 00:00 0 
7ff7f0001000-7ff7f000a000 r--s 00079000 00:19 16125363                   /home/kenny/dev/jprelude/experimental/jprelude-webui/target/webapp/WEB-INF/lib/vaadin-sass-compiler-0.9.12.jar
7ff7f000a000-7ff7f000c000 r--s 00079000 00:19 16125370                   /home/kenny/dev/jprelude/experimental/jprelude-webui/target/webapp/WEB-INF/lib/vaadin-client-compiled-7.4.5.jar
7ff7f000c000-7ff7f000e000 r--s 00008000 00:19 16125367                   /home/kenny/dev/jprelude/experimental/jprelude-webui/target/webapp/WEB-INF/lib/streamhtmlparser-jsilver-0.0.10.vaadin1.jar
7ff7f000e000-7ff7f0019000 r--s 00116000 08:01 16386276                   /usr/lib/jvm/java-8-oracle/jre/lib/ext/localedata.jar
7ff7f0019000-7ff7f00b0000 rw-p 00000000 00:00 0 
7ff7f00b0000-7ff7f00b1000 ---p 00000000 00:00 0 
7ff7f00b1000-7ff7f01b1000 rw-p 00000000 00:00 0                          [stack:31902]
7ff7f01b1000-7ff7f01db000 r-xp 00000000 08:01 16515175                   /usr/lib/jvm/java-8-oracle/jre/lib/amd64/libjava.so
7ff7f01db000-7ff7f03db000 ---p 0002a000 08:01 16515175                   /usr/lib/jvm/java-8-oracle/jre/lib/amd64/libjava.so
7ff7f03db000-7ff7f03dd000 rw-p 0002a000 08:01 16515175                   /usr/lib/jvm/java-8-oracle/jre/lib/amd64/libjava.so
7ff7f03dd000-7ff7f03ea000 r-xp 00000000 08:01 16515201                   /usr/lib/jvm/java-8-oracle/jre/lib/amd64/libverify.so
7ff7f03ea000-7ff7f05ea000 ---p 0000d000 08:01 16515201                   /usr/lib/jvm/java-8-oracle/jre/lib/amd64/libverify.so
7ff7f05ea000-7ff7f05ec000 rw-p 0000d000 08:01 16515201                   /usr/lib/jvm/java-8-oracle/jre/lib/amd64/libverify.so
7ff7f05ec000-7ff7f05f3000 r-xp 00000000 08:01 17695771                   /lib/x86_64-linux-gnu/librt-2.19.so
7ff7f05f3000-7ff7f07f2000 ---p 00007000 08:01 17695771                   /lib/x86_64-linux-gnu/librt-2.19.so
7ff7f07f2000-7ff7f07f3000 r--p 00006000 08:01 17695771                   /lib/x86_64-linux-gnu/librt-2.19.so
7ff7f07f3000-7ff7f07f4000 rw-p 00007000 08:01 17695771                   /lib/x86_64-linux-gnu/librt-2.19.so
7ff7f07f4000-7ff7f08f9000 r-xp 00000000 08:01 17695709                   /lib/x86_64-linux-gnu/libm-2.19.so
7ff7f08f9000-7ff7f0af8000 ---p 00105000 08:01 17695709                   /lib/x86_64-linux-gnu/libm-2.19.so
7ff7f0af8000-7ff7f0af9000 r--p 00104000 08:01 17695709                   /lib/x86_64-linux-gnu/libm-2.19.so
7ff7f0af9000-7ff7f0afa000 rw-p 00105000 08:01 17695709                   /lib/x86_64-linux-gnu/libm-2.19.so
7ff7f0afa000-7ff7f17a8000 r-xp 00000000 08:01 16515183                   /usr/lib/jvm/java-8-oracle/jre/lib/amd64/server/libjvm.so
7ff7f17a8000-7ff7f19a7000 ---p 00cae000 08:01 16515183                   /usr/lib/jvm/java-8-oracle/jre/lib/amd64/server/libjvm.so
7ff7f19a7000-7ff7f1a7e000 rw-p 00cad000 08:01 16515183                   /usr/lib/jvm/java-8-oracle/jre/lib/amd64/server/libjvm.so
7ff7f1a7e000-7ff7f1ac2000 rw-p 00000000 00:00 0 
7ff7f1ac2000-7ff7f1c7d000 r-xp 00000000 08:01 17695760                   /lib/x86_64-linux-gnu/libc-2.19.so
7ff7f1c7d000-7ff7f1e7c000 ---p 001bb000 08:01 17695760                   /lib/x86_64-linux-gnu/libc-2.19.so
7ff7f1e7c000-7ff7f1e80000 r--p 001ba000 08:01 17695760                   /lib/x86_64-linux-gnu/libc-2.19.so
7ff7f1e80000-7ff7f1e82000 rw-p 001be000 08:01 17695760                   /lib/x86_64-linux-gnu/libc-2.19.so
7ff7f1e82000-7ff7f1e87000 rw-p 00000000 00:00 0 
7ff7f1e87000-7ff7f1e8a000 r-xp 00000000 08:01 17695713                   /lib/x86_64-linux-gnu/libdl-2.19.so
7ff7f1e8a000-7ff7f2089000 ---p 00003000 08:01 17695713                   /lib/x86_64-linux-gnu/libdl-2.19.so
7ff7f2089000-7ff7f208a000 r--p 00002000 08:01 17695713                   /lib/x86_64-linux-gnu/libdl-2.19.so
7ff7f208a000-7ff7f208b000 rw-p 00003000 08:01 17695713                   /lib/x86_64-linux-gnu/libdl-2.19.so
7ff7f208b000-7ff7f20a0000 r-xp 00000000 08:01 16515172                   /usr/lib/jvm/java-8-oracle/jre/lib/amd64/jli/libjli.so
7ff7f20a0000-7ff7f22a0000 ---p 00015000 08:01 16515172                   /usr/lib/jvm/java-8-oracle/jre/lib/amd64/jli/libjli.so
7ff7f22a0000-7ff7f22a1000 rw-p 00015000 08:01 16515172                   /usr/lib/jvm/java-8-oracle/jre/lib/amd64/jli/libjli.so
7ff7f22a1000-7ff7f22ba000 r-xp 00000000 08:01 17695761                   /lib/x86_64-linux-gnu/libpthread-2.19.so
7ff7f22ba000-7ff7f24b9000 ---p 00019000 08:01 17695761                   /lib/x86_64-linux-gnu/libpthread-2.19.so
7ff7f24b9000-7ff7f24ba000 r--p 00018000 08:01 17695761                   /lib/x86_64-linux-gnu/libpthread-2.19.so
7ff7f24ba000-7ff7f24bb000 rw-p 00019000 08:01 17695761                   /lib/x86_64-linux-gnu/libpthread-2.19.so
7ff7f24bb000-7ff7f24bf000 rw-p 00000000 00:00 0 
7ff7f24bf000-7ff7f24e2000 r-xp 00000000 08:01 17695736                   /lib/x86_64-linux-gnu/ld-2.19.so
7ff7f24e2000-7ff7f24e3000 rw-p 00000000 00:00 0 
7ff7f24e3000-7ff7f24e8000 r--s 00094000 08:01 16386459                   /usr/lib/jvm/java-8-oracle/jre/lib/jsse.jar
7ff7f24e8000-7ff7f25b3000 rw-p 00000000 00:00 0 
7ff7f25b3000-7ff7f25b6000 ---p 00000000 00:00 0 
7ff7f25b6000-7ff7f26b8000 rw-p 00000000 00:00 0                          [stack:31901]
7ff7f26b8000-7ff7f26b9000 r--s 00003000 00:19 16125364                   /home/kenny/dev/jprelude/experimental/jprelude-webui/target/webapp/WEB-INF/lib/sac-1.3.jar
7ff7f26b9000-7ff7f26d5000 r--s 00393000 08:01 16386274                   /usr/lib/jvm/java-8-oracle/jre/lib/ext/cldrdata.jar
7ff7f26d5000-7ff7f26dd000 rw-s 00000000 08:01 20709395                   /tmp/hsperfdata_kenny/31897
7ff7f26dd000-7ff7f26de000 rw-p 00000000 00:00 0 
7ff7f26de000-7ff7f26df000 r--p 00000000 00:00 0 
7ff7f26df000-7ff7f26e1000 rw-p 00000000 00:00 0 
7ff7f26e1000-7ff7f26e2000 r--p 00022000 08:01 17695736                   /lib/x86_64-linux-gnu/ld-2.19.so
7ff7f26e2000-7ff7f26e3000 rw-p 00023000 08:01 17695736                   /lib/x86_64-linux-gnu/ld-2.19.so
7ff7f26e3000-7ff7f26e4000 rw-p 00000000 00:00 0 
7fff21c75000-7fff21c96000 rw-p 00000000 00:00 0                          [stack]
7fff21da7000-7fff21da9000 r-xp 00000000 00:00 0                          [vdso]
ffffffffff600000-ffffffffff601000 r-xp 00000000 00:00 0                  [vsyscall]

VM Arguments:
java_command: org.eclipse.jetty.runner.Runner --port 8081 /home/kenny/dev/jprelude/experimental/jprelude-webui/target/webapp
java_class_path (initial): /home/kenny/.ivy2/cache/org.eclipse.jetty/jetty-runner/jars/jetty-runner-9.2.1.v20140609.jar
Launcher Type: SUN_STANDARD

Environment Variables:
PATH=/home/kenny/bin:/home/kenny/bin:/usr/local/sbin:/usr/local/bin:/usr/sbin:/usr/bin:/sbin:/bin:/usr/games:/usr/local/games
USERNAME=kenny
LD_LIBRARY_PATH=/home/kenny/bin/idea-IC-141.713.2/bin:
SHELL=/bin/bash
DISPLAY=:0.0

Signal Handlers:
SIGSEGV: [libjvm.so+0xaad1e0], sa_mask[0]=11111111011111111101111111111110, sa_flags=SA_RESTART|SA_SIGINFO
SIGBUS: [libjvm.so+0xaad1e0], sa_mask[0]=11111111011111111101111111111110, sa_flags=SA_RESTART|SA_SIGINFO
SIGFPE: [libjvm.so+0x90b450], sa_mask[0]=11111111011111111101111111111110, sa_flags=SA_RESTART|SA_SIGINFO
SIGPIPE: [libjvm.so+0x90b450], sa_mask[0]=11111111011111111101111111111110, sa_flags=SA_RESTART|SA_SIGINFO
SIGXFSZ: [libjvm.so+0x90b450], sa_mask[0]=11111111011111111101111111111110, sa_flags=SA_RESTART|SA_SIGINFO
SIGILL: [libjvm.so+0x90b450], sa_mask[0]=11111111011111111101111111111110, sa_flags=SA_RESTART|SA_SIGINFO
SIGUSR1: SIG_DFL, sa_mask[0]=00000000000000000000000000000000, sa_flags=none
SIGUSR2: [libjvm.so+0x90ca90], sa_mask[0]=00100000000000000000000000000000, sa_flags=SA_RESTART|SA_SIGINFO
SIGHUP: [libjvm.so+0x90dde0], sa_mask[0]=11111111011111111101111111111110, sa_flags=SA_RESTART|SA_SIGINFO
SIGINT: [libjvm.so+0x90dde0], sa_mask[0]=11111111011111111101111111111110, sa_flags=SA_RESTART|SA_SIGINFO
SIGTERM: [libjvm.so+0x90dde0], sa_mask[0]=11111111011111111101111111111110, sa_flags=SA_RESTART|SA_SIGINFO
SIGQUIT: [libjvm.so+0x90dde0], sa_mask[0]=11111111011111111101111111111110, sa_flags=SA_RESTART|SA_SIGINFO


---------------  S Y S T E M  ---------------

OS:DISTRIB_ID=LinuxMint
DISTRIB_RELEASE=17.1
DISTRIB_CODENAME=rebecca
DISTRIB_DESCRIPTION="Linux Mint 17.1 Rebecca"

uname:Linux 3.13.0-37-generic #64-Ubuntu SMP Mon Sep 22 21:28:38 UTC 2014 x86_64
libc:glibc 2.19 NPTL 2.19 
rlimit: STACK 8192k, CORE 0k, NPROC 62640, NOFILE 4096, AS infinity
load average:4,83 3,09 2,34

/proc/meminfo:
MemTotal:        8049056 kB
MemFree:         1361016 kB
Buffers:           71076 kB
Cached:          2397416 kB
SwapCached:            0 kB
Active:          4946740 kB
Inactive:        1430564 kB
Active(anon):    3926636 kB
Inactive(anon):   318672 kB
Active(file):    1020104 kB
Inactive(file):  1111892 kB
Unevictable:           0 kB
Mlocked:               0 kB
SwapTotal:             0 kB
SwapFree:              0 kB
Dirty:             38940 kB
Writeback:             0 kB
AnonPages:       3908000 kB
Mapped:           406024 kB
Shmem:            337668 kB
Slab:             151696 kB
SReclaimable:      99136 kB
SUnreclaim:        52560 kB
KernelStack:        5624 kB
PageTables:        45872 kB
NFS_Unstable:          0 kB
Bounce:                0 kB
WritebackTmp:          0 kB
CommitLimit:     4024528 kB
Committed_AS:    7670828 kB
VmallocTotal:   34359738367 kB
VmallocUsed:      567256 kB
VmallocChunk:   34359164924 kB
HardwareCorrupted:     0 kB
AnonHugePages:   1595392 kB
HugePages_Total:       0
HugePages_Free:        0
HugePages_Rsvd:        0
HugePages_Surp:        0
Hugepagesize:       2048 kB
DirectMap4k:       85756 kB
DirectMap2M:     8175616 kB


CPU:total 8 (4 cores per cpu, 2 threads per core) family 6 model 58 stepping 9, cmov, cx8, fxsr, mmx, sse, sse2, sse3, ssse3, sse4.1, sse4.2, popcnt, avx, aes, clmul, erms, ht, tsc, tscinvbit, tscinv

/proc/cpuinfo:
processor	: 0
vendor_id	: GenuineIntel
cpu family	: 6
model		: 58
model name	: Intel(R) Core(TM) i7-3612QM CPU @ 2.10GHz
stepping	: 9
microcode	: 0x15
cpu MHz		: 2101.000
cache size	: 6144 KB
physical id	: 0
siblings	: 8
core id		: 0
cpu cores	: 4
apicid		: 0
initial apicid	: 0
fpu		: yes
fpu_exception	: yes
cpuid level	: 13
wp		: yes
flags		: fpu vme de pse tsc msr pae mce cx8 apic sep mtrr pge mca cmov pat pse36 clflush dts acpi mmx fxsr sse sse2 ss ht tm pbe syscall nx rdtscp lm constant_tsc arch_perfmon pebs bts rep_good nopl xtopology nonstop_tsc aperfmperf eagerfpu pni pclmulqdq dtes64 monitor ds_cpl vmx est tm2 ssse3 cx16 xtpr pdcm pcid sse4_1 sse4_2 x2apic popcnt tsc_deadline_timer aes xsave avx f16c rdrand lahf_lm ida arat epb xsaveopt pln pts dtherm tpr_shadow vnmi flexpriority ept vpid fsgsbase smep erms
bogomips	: 4190.48
clflush size	: 64
cache_alignment	: 64
address sizes	: 36 bits physical, 48 bits virtual
power management:

processor	: 1
vendor_id	: GenuineIntel
cpu family	: 6
model		: 58
model name	: Intel(R) Core(TM) i7-3612QM CPU @ 2.10GHz
stepping	: 9
microcode	: 0x15
cpu MHz		: 2101.000
cache size	: 6144 KB
physical id	: 0
siblings	: 8
core id		: 0
cpu cores	: 4
apicid		: 1
initial apicid	: 1
fpu		: yes
fpu_exception	: yes
cpuid level	: 13
wp		: yes
flags		: fpu vme de pse tsc msr pae mce cx8 apic sep mtrr pge mca cmov pat pse36 clflush dts acpi mmx fxsr sse sse2 ss ht tm pbe syscall nx rdtscp lm constant_tsc arch_perfmon pebs bts rep_good nopl xtopology nonstop_tsc aperfmperf eagerfpu pni pclmulqdq dtes64 monitor ds_cpl vmx est tm2 ssse3 cx16 xtpr pdcm pcid sse4_1 sse4_2 x2apic popcnt tsc_deadline_timer aes xsave avx f16c rdrand lahf_lm ida arat epb xsaveopt pln pts dtherm tpr_shadow vnmi flexpriority ept vpid fsgsbase smep erms
bogomips	: 4190.48
clflush size	: 64
cache_alignment	: 64
address sizes	: 36 bits physical, 48 bits virtual
power management:

processor	: 2
vendor_id	: GenuineIntel
cpu family	: 6
model		: 58
model name	: Intel(R) Core(TM) i7-3612QM CPU @ 2.10GHz
stepping	: 9
microcode	: 0x15
cpu MHz		: 2000.000
cache size	: 6144 KB
physical id	: 0
siblings	: 8
core id		: 1
cpu cores	: 4
apicid		: 2
initial apicid	: 2
fpu		: yes
fpu_exception	: yes
cpuid level	: 13
wp		: yes
flags		: fpu vme de pse tsc msr pae mce cx8 apic sep mtrr pge mca cmov pat pse36 clflush dts acpi mmx fxsr sse sse2 ss ht tm pbe syscall nx rdtscp lm constant_tsc arch_perfmon pebs bts rep_good nopl xtopology nonstop_tsc aperfmperf eagerfpu pni pclmulqdq dtes64 monitor ds_cpl vmx est tm2 ssse3 cx16 xtpr pdcm pcid sse4_1 sse4_2 x2apic popcnt tsc_deadline_timer aes xsave avx f16c rdrand lahf_lm ida arat epb xsaveopt pln pts dtherm tpr_shadow vnmi flexpriority ept vpid fsgsbase smep erms
bogomips	: 4190.48
clflush size	: 64
cache_alignment	: 64
address sizes	: 36 bits physical, 48 bits virtual
power management:

processor	: 3
vendor_id	: GenuineIntel
cpu family	: 6
model		: 58
model name	: Intel(R) Core(TM) i7-3612QM CPU @ 2.10GHz
stepping	: 9
microcode	: 0x15
cpu MHz		: 1600.000
cache size	: 6144 KB
physical id	: 0
siblings	: 8
core id		: 1
cpu cores	: 4
apicid		: 3
initial apicid	: 3
fpu		: yes
fpu_exception	: yes
cpuid level	: 13
wp		: yes
flags		: fpu vme de pse tsc msr pae mce cx8 apic sep mtrr pge mca cmov pat pse36 clflush dts acpi mmx fxsr sse sse2 ss ht tm pbe syscall nx rdtscp lm constant_tsc arch_perfmon pebs bts rep_good nopl xtopology nonstop_tsc aperfmperf eagerfpu pni pclmulqdq dtes64 monitor ds_cpl vmx est tm2 ssse3 cx16 xtpr pdcm pcid sse4_1 sse4_2 x2apic popcnt tsc_deadline_timer aes xsave avx f16c rdrand lahf_lm ida arat epb xsaveopt pln pts dtherm tpr_shadow vnmi flexpriority ept vpid fsgsbase smep erms
bogomips	: 4190.48
clflush size	: 64
cache_alignment	: 64
address sizes	: 36 bits physical, 48 bits virtual
power management:

processor	: 4
vendor_id	: GenuineIntel
cpu family	: 6
model		: 58
model name	: Intel(R) Core(TM) i7-3612QM CPU @ 2.10GHz
stepping	: 9
microcode	: 0x15
cpu MHz		: 2101.000
cache size	: 6144 KB
physical id	: 0
siblings	: 8
core id		: 2
cpu cores	: 4
apicid		: 4
initial apicid	: 4
fpu		: yes
fpu_exception	: yes
cpuid level	: 13
wp		: yes
flags		: fpu vme de pse tsc msr pae mce cx8 apic sep mtrr pge mca cmov pat pse36 clflush dts acpi mmx fxsr sse sse2 ss ht tm pbe syscall nx rdtscp lm constant_tsc arch_perfmon pebs bts rep_good nopl xtopology nonstop_tsc aperfmperf eagerfpu pni pclmulqdq dtes64 monitor ds_cpl vmx est tm2 ssse3 cx16 xtpr pdcm pcid sse4_1 sse4_2 x2apic popcnt tsc_deadline_timer aes xsave avx f16c rdrand lahf_lm ida arat epb xsaveopt pln pts dtherm tpr_shadow vnmi flexpriority ept vpid fsgsbase smep erms
bogomips	: 4190.48
clflush size	: 64
cache_alignment	: 64
address sizes	: 36 bits physical, 48 bits virtual
power management:

processor	: 5
vendor_id	: GenuineIntel
cpu family	: 6
model		: 58
model name	: Intel(R) Core(TM) i7-3612QM CPU @ 2.10GHz
stepping	: 9
microcode	: 0x15
cpu MHz		: 2101.000
cache size	: 6144 KB
physical id	: 0
siblings	: 8
core id		: 2
cpu cores	: 4
apicid		: 5
initial apicid	: 5
fpu		: yes
fpu_exception	: yes
cpuid level	: 13
wp		: yes
flags		: fpu vme de pse tsc msr pae mce cx8 apic sep mtrr pge mca cmov pat pse36 clflush dts acpi mmx fxsr sse sse2 ss ht tm pbe syscall nx rdtscp lm constant_tsc arch_perfmon pebs bts rep_good nopl xtopology nonstop_tsc aperfmperf eagerfpu pni pclmulqdq dtes64 monitor ds_cpl vmx est tm2 ssse3 cx16 xtpr pdcm pcid sse4_1 sse4_2 x2apic popcnt tsc_deadline_timer aes xsave avx f16c rdrand lahf_lm ida arat epb xsaveopt pln pts dtherm tpr_shadow vnmi flexpriority ept vpid fsgsbase smep erms
bogomips	: 4190.48
clflush size	: 64
cache_alignment	: 64
address sizes	: 36 bits physical, 48 bits virtual
power management:

processor	: 6
vendor_id	: GenuineIntel
cpu family	: 6
model		: 58
model name	: Intel(R) Core(TM) i7-3612QM CPU @ 2.10GHz
stepping	: 9
microcode	: 0x15
cpu MHz		: 2101.000
cache size	: 6144 KB
physical id	: 0
siblings	: 8
core id		: 3
cpu cores	: 4
apicid		: 6
initial apicid	: 6
fpu		: yes
fpu_exception	: yes
cpuid level	: 13
wp		: yes
flags		: fpu vme de pse tsc msr pae mce cx8 apic sep mtrr pge mca cmov pat pse36 clflush dts acpi mmx fxsr sse sse2 ss ht tm pbe syscall nx rdtscp lm constant_tsc arch_perfmon pebs bts rep_good nopl xtopology nonstop_tsc aperfmperf eagerfpu pni pclmulqdq dtes64 monitor ds_cpl vmx est tm2 ssse3 cx16 xtpr pdcm pcid sse4_1 sse4_2 x2apic popcnt tsc_deadline_timer aes xsave avx f16c rdrand lahf_lm ida arat epb xsaveopt pln pts dtherm tpr_shadow vnmi flexpriority ept vpid fsgsbase smep erms
bogomips	: 4190.48
clflush size	: 64
cache_alignment	: 64
address sizes	: 36 bits physical, 48 bits virtual
power management:

processor	: 7
vendor_id	: GenuineIntel
cpu family	: 6
model		: 58
model name	: Intel(R) Core(TM) i7-3612QM CPU @ 2.10GHz
stepping	: 9
microcode	: 0x15
cpu MHz		: 2000.000
cache size	: 6144 KB
physical id	: 0
siblings	: 8
core id		: 3
cpu cores	: 4
apicid		: 7
initial apicid	: 7
fpu		: yes
fpu_exception	: yes
cpuid level	: 13
wp		: yes
flags		: fpu vme de pse tsc msr pae mce cx8 apic sep mtrr pge mca cmov pat pse36 clflush dts acpi mmx fxsr sse sse2 ss ht tm pbe syscall nx rdtscp lm constant_tsc arch_perfmon pebs bts rep_good nopl xtopology nonstop_tsc aperfmperf eagerfpu pni pclmulqdq dtes64 monitor ds_cpl vmx est tm2 ssse3 cx16 xtpr pdcm pcid sse4_1 sse4_2 x2apic popcnt tsc_deadline_timer aes xsave avx f16c rdrand lahf_lm ida arat epb xsaveopt pln pts dtherm tpr_shadow vnmi flexpriority ept vpid fsgsbase smep erms
bogomips	: 4190.48
clflush size	: 64
cache_alignment	: 64
address sizes	: 36 bits physical, 48 bits virtual
power management:



Memory: 4k page, physical 8049056k(1368508k free), swap 0k(0k free)

vm_info: Java HotSpot(TM) 64-Bit Server VM (25.45-b02) for linux-amd64 JRE (1.8.0_45-b14), built on Apr 10 2015 10:07:45 by "java_re" with gcc 4.3.0 20080428 (Red Hat 4.3.0-8)

time: Wed May  6 23:43:43 2015
elapsed time: 1 seconds (0d 0h 0m 1s)

