#
# A fatal error has been detected by the Java Runtime Environment:
#
#  SIGBUS (0x7) at pc=0x00007f22787017d2, pid=21094, tid=139785019610880
#
# JRE version: Java(TM) SE Runtime Environment (8.0_45-b14) (build 1.8.0_45-b14)
# Java VM: Java HotSpot(TM) 64-Bit Server VM (25.45-b02 mixed mode linux-amd64 compressed oops)
# Problematic frame:
# C  [libzip.so+0x117d2]  newEntry+0x62
#
# Failed to write core dump. Core dumps have been disabled. To enable core dumping, try "ulimit -c unlimited" before starting Java again
#
# If you would like to submit a bug report, please visit:
#   http://bugreport.java.com/bugreport/crash.jsp
# The crash happened outside the Java Virtual Machine in native code.
# See problematic frame for where to report the bug.
#

---------------  T H R E A D  ---------------

Current thread (0x00007f2274201000):  JavaThread "qtp1078694789-17" [_thread_in_native, id=21127, stack(0x00007f223c605000,0x00007f223c706000)]

siginfo: si_signo: 7 (SIGBUS), si_code: 2 (BUS_ADRERR), si_addr: 0x00007f223c3783af

Registers:
RAX=0x00007f21f801a6e0, RBX=0x00007f2274252130, RCX=0x00007f21f8000020, RDX=0x00007f21f801a6e0
RSP=0x00007f223c703b30, RBP=0x00007f223c703b80, RSI=0x00007f21f8000038, RDI=0x00007f21f8000020
R8 =0x0000000000000003, R9 =0x0000000000000005, R10=0x00007f226517ea18, R11=0x00007f227abdfa30
R12=0x00007f223c378392, R13=0x00007f21f801a6e0, R14=0x00000000e509f9b1, R15=0x00007f22741ae020
RIP=0x00007f22787017d2, EFLAGS=0x0000000000010202, CSGSFS=0x0000000000000033, ERR=0x0000000000000004
  TRAPNO=0x000000000000000e

Top of Stack: (sp=0x00007f223c703b30)
0x00007f223c703b30:   00007f2265416f10 0000002200000000
0x00007f223c703b40:   00000001000007a8 00007f227a35a42e
0x00007f223c703b50:   00007f21f801a6e0 00007f2274252130
0x00007f223c703b60:   00007f21f80c06c0 00007f22741ae020
0x00007f223c703b70:   00000000e509f9b1 0000000000000032
0x00007f223c703b80:   00007f223c703be0 00007f2278701f2f
0x00007f223c703b90:   00007f2274201000 01007f227a361400
0x00007f223c703ba0:   00007f223c703c00 00007f223c703c33
0x00007f223c703bb0:   00007f223c703c31 00007f223c703c00
0x00007f223c703bc0:   0000000000000032 00007f22742011f8
0x00007f223c703bd0:   00007f223c704058 0000000000000001
0x00007f223c703be0:   00007f223c704040 00007f22786f3d30
0x00007f223c703bf0:   00007f223c703c70 00007f22741ae020
0x00007f223c703c00:   676f6f672f6d6f63 742f7477672f656c
0x00007f223c703c10:   6172726164657079 65726168732f7379
0x00007f223c703c20:   4138746e69552f64 616c632e79617272
0x00007f223c703c30:   00007f223c007373 00007f22650007a7
0x00007f223c703c40:   00007f223c703cb0 00007f22650007a7
0x00007f223c703c50:   00000000df2005b8 00000000df388ed0
0x00007f223c703c60:   00007f2200001fa0 00007f2274201bd8
0x00007f223c703c70:   00007f2274201000 00007f223c703d40
0x00007f223c703c80:   00000000df388ed0 00007f223c703d00
0x00007f223c703c90:   00007f223c703d00 00007f223c704078
0x00007f223c703ca0:   00007f223c703d00 00007f223c704070
0x00007f223c703cb0:   00007f223c703d40 00007f2274201000
0x00007f223c703cc0:   00007f223c703e30 00007f227a111ba5
0x00007f223c703cd0:   00007f2200000002 00000000d9d9b408
0x00007f223c703ce0:   00007f223c703ea0 00007f223c704070
0x00007f223c703cf0:   00007f2265046c20 01007f220000000c
0x00007f223c703d00:   00007f2274201000 00007f21f8000a30
0x00007f223c703d10:   00007f223f8043a8 00000000df3801d0
0x00007f223c703d20:   00007f223c7042a0 00007f223c703cd8 

Instructions: (pc=0x00007f22787017d2)
0x00007f22787017b2:   00 48 c7 40 28 00 00 00 00 41 80 7f 30 00 0f 84
0x00007f22787017c2:   8a 02 00 00 4c 8b 63 08 4d 2b 67 28 4d 03 67 18
0x00007f22787017d2:   41 0f b6 5c 24 1d 41 0f b6 44 24 1c c1 e3 08 09
0x00007f22787017e2:   c3 41 0f b6 44 24 1e 88 45 bd 41 0f b6 54 24 20 

Register to memory mapping:

RAX=0x00007f21f801a6e0 is an unknown value
RBX=0x00007f2274252130 is an unknown value
RCX=0x00007f21f8000020 is an unknown value
RDX=0x00007f21f801a6e0 is an unknown value
RSP=0x00007f223c703b30 is pointing into the stack for thread: 0x00007f2274201000
RBP=0x00007f223c703b80 is pointing into the stack for thread: 0x00007f2274201000
RSI=0x00007f21f8000038 is an unknown value
RDI=0x00007f21f8000020 is an unknown value
R8 =0x0000000000000003 is an unknown value
R9 =0x0000000000000005 is an unknown value
R10=0x00007f226517ea18 is at entry_point+88 in (nmethod*)0x00007f226517e850
R11=0x00007f227abdfa30: <offset 0x187a30> in /lib/x86_64-linux-gnu/libc.so.6 at 0x00007f227aa58000
R12=0x00007f223c378392 is an unknown value
R13=0x00007f21f801a6e0 is an unknown value
R14=0x00000000e509f9b1 is an unallocated location in the heap
R15=0x00007f22741ae020 is an unknown value


Stack: [0x00007f223c605000,0x00007f223c706000],  sp=0x00007f223c703b30,  free space=1018k
Native frames: (J=compiled Java code, j=interpreted, Vv=VM code, C=native code)
C  [libzip.so+0x117d2]  newEntry+0x62
C  [libzip.so+0x11f2f]  ZIP_GetEntry2+0xff
C  [libzip.so+0x3d30]  Java_java_util_zip_ZipFile_getEntry+0xf0
J 218  java.util.zip.ZipFile.getEntry(J[BZ)J (0 bytes) @ 0x00007f226517ea8e [0x00007f226517e9c0+0xce]
J 492 C1 java.util.zip.ZipFile.getEntry(Ljava/lang/String;)Ljava/util/zip/ZipEntry; (86 bytes) @ 0x00007f226524540c [0x00007f22652451a0+0x26c]
J 874 C1 sun.net.www.protocol.jar.URLJarFile.getEntry(Ljava/lang/String;)Ljava/util/zip/ZipEntry; (69 bytes) @ 0x00007f22653bc434 [0x00007f22653bc360+0xd4]
J 748 C1 sun.net.www.protocol.jar.JarURLConnection.connect()V (147 bytes) @ 0x00007f2265350d5c [0x00007f2265350880+0x4dc]
J 832 C1 sun.net.www.protocol.jar.JarURLConnection.getJarFile()Ljava/util/jar/JarFile; (9 bytes) @ 0x00007f226538ed44 [0x00007f226538ecc0+0x84]
J 876 C1 org.eclipse.jetty.util.resource.JarFileResource.newConnection()V (108 bytes) @ 0x00007f22653d4de4 [0x00007f22653d45c0+0x824]
J 753 C1 org.eclipse.jetty.util.resource.JarResource.checkConnection()Z (51 bytes) @ 0x00007f2265356e1c [0x00007f2265356be0+0x23c]
J 762 C1 org.eclipse.jetty.util.resource.JarFileResource.checkConnection()Z (78 bytes) @ 0x00007f22653574cc [0x00007f2265357380+0x14c]
J 845 C1 org.eclipse.jetty.util.resource.JarResource.getInputStream()Ljava/io/InputStream; (62 bytes) @ 0x00007f22653a9d14 [0x00007f22653a9c00+0x114]
J 701 C1 org.eclipse.jetty.annotations.AnnotationParser.parseJarEntry(Ljava/util/Set;Lorg/eclipse/jetty/util/resource/Resource;Ljava/util/jar/JarEntry;Lorg/eclipse/jetty/annotations/ClassNameResolver;)V (181 bytes) @ 0x00007f226531c67c [0x00007f226531aea0+0x17dc]
j  org.eclipse.jetty.annotations.AnnotationParser.parseJar(Ljava/util/Set;Lorg/eclipse/jetty/util/resource/Resource;Lorg/eclipse/jetty/annotations/ClassNameResolver;)V+96
j  org.eclipse.jetty.annotations.AnnotationParser.parse(Ljava/util/Set;Lorg/eclipse/jetty/util/resource/Resource;Lorg/eclipse/jetty/annotations/ClassNameResolver;)V+47
j  org.eclipse.jetty.annotations.AnnotationConfiguration$ParserTask.call()Ljava/lang/Void;+37
j  org.eclipse.jetty.annotations.AnnotationConfiguration$1.run()V+4
j  org.eclipse.jetty.util.thread.QueuedThreadPool.runJob(Ljava/lang/Runnable;)V+1
j  org.eclipse.jetty.util.thread.QueuedThreadPool$3.run()V+73
j  java.lang.Thread.run()V+11
v  ~StubRoutines::call_stub
V  [libjvm.so+0x681a26]  JavaCalls::call_helper(JavaValue*, methodHandle*, JavaCallArguments*, Thread*)+0x1056
V  [libjvm.so+0x681f31]  JavaCalls::call_virtual(JavaValue*, KlassHandle, Symbol*, Symbol*, JavaCallArguments*, Thread*)+0x321
V  [libjvm.so+0x6823d7]  JavaCalls::call_virtual(JavaValue*, Handle, KlassHandle, Symbol*, Symbol*, Thread*)+0x47
V  [libjvm.so+0x718280]  thread_entry(JavaThread*, Thread*)+0xa0
V  [libjvm.so+0xa5c86f]  JavaThread::thread_main_inner()+0xdf
V  [libjvm.so+0xa5c99c]  JavaThread::run()+0x11c
V  [libjvm.so+0x910de8]  java_start(Thread*)+0x108
C  [libpthread.so.0+0x8182]  start_thread+0xc2

Java frames: (J=compiled Java code, j=interpreted, Vv=VM code)
J 218  java.util.zip.ZipFile.getEntry(J[BZ)J (0 bytes) @ 0x00007f226517ea18 [0x00007f226517e9c0+0x58]
J 492 C1 java.util.zip.ZipFile.getEntry(Ljava/lang/String;)Ljava/util/zip/ZipEntry; (86 bytes) @ 0x00007f226524540c [0x00007f22652451a0+0x26c]
J 874 C1 sun.net.www.protocol.jar.URLJarFile.getEntry(Ljava/lang/String;)Ljava/util/zip/ZipEntry; (69 bytes) @ 0x00007f22653bc434 [0x00007f22653bc360+0xd4]
J 748 C1 sun.net.www.protocol.jar.JarURLConnection.connect()V (147 bytes) @ 0x00007f2265350d5c [0x00007f2265350880+0x4dc]
J 832 C1 sun.net.www.protocol.jar.JarURLConnection.getJarFile()Ljava/util/jar/JarFile; (9 bytes) @ 0x00007f226538ed44 [0x00007f226538ecc0+0x84]
J 876 C1 org.eclipse.jetty.util.resource.JarFileResource.newConnection()V (108 bytes) @ 0x00007f22653d4de4 [0x00007f22653d45c0+0x824]
J 753 C1 org.eclipse.jetty.util.resource.JarResource.checkConnection()Z (51 bytes) @ 0x00007f2265356e1c [0x00007f2265356be0+0x23c]
J 762 C1 org.eclipse.jetty.util.resource.JarFileResource.checkConnection()Z (78 bytes) @ 0x00007f22653574cc [0x00007f2265357380+0x14c]
J 845 C1 org.eclipse.jetty.util.resource.JarResource.getInputStream()Ljava/io/InputStream; (62 bytes) @ 0x00007f22653a9d14 [0x00007f22653a9c00+0x114]
J 701 C1 org.eclipse.jetty.annotations.AnnotationParser.parseJarEntry(Ljava/util/Set;Lorg/eclipse/jetty/util/resource/Resource;Ljava/util/jar/JarEntry;Lorg/eclipse/jetty/annotations/ClassNameResolver;)V (181 bytes) @ 0x00007f226531c67c [0x00007f226531aea0+0x17dc]
j  org.eclipse.jetty.annotations.AnnotationParser.parseJar(Ljava/util/Set;Lorg/eclipse/jetty/util/resource/Resource;Lorg/eclipse/jetty/annotations/ClassNameResolver;)V+96
j  org.eclipse.jetty.annotations.AnnotationParser.parse(Ljava/util/Set;Lorg/eclipse/jetty/util/resource/Resource;Lorg/eclipse/jetty/annotations/ClassNameResolver;)V+47
j  org.eclipse.jetty.annotations.AnnotationConfiguration$ParserTask.call()Ljava/lang/Void;+37
j  org.eclipse.jetty.annotations.AnnotationConfiguration$1.run()V+4
j  org.eclipse.jetty.util.thread.QueuedThreadPool.runJob(Ljava/lang/Runnable;)V+1
j  org.eclipse.jetty.util.thread.QueuedThreadPool$3.run()V+73
j  java.lang.Thread.run()V+11
v  ~StubRoutines::call_stub

---------------  P R O C E S S  ---------------

Java Threads: ( => current thread )
  0x00007f21e8001000 JavaThread "qtp1078694789-23" [_thread_blocked, id=21150, stack(0x00007f223c1c6000,0x00007f223c2c7000)]
  0x00007f21f4001000 JavaThread "qtp1078694789-22" [_thread_blocked, id=21149, stack(0x00007f223c0c5000,0x00007f223c1c6000)]
  0x00007f2274204800 JavaThread "qtp1078694789-19" [_thread_in_Java, id=21129, stack(0x00007f223c403000,0x00007f223c504000)]
  0x00007f2274203000 JavaThread "qtp1078694789-18" [_thread_blocked, id=21128, stack(0x00007f223c504000,0x00007f223c605000)]
=>0x00007f2274201000 JavaThread "qtp1078694789-17" [_thread_in_native, id=21127, stack(0x00007f223c605000,0x00007f223c706000)]
  0x00007f22741ff800 JavaThread "qtp1078694789-16" [_thread_blocked, id=21126, stack(0x00007f223c706000,0x00007f223c807000)]
  0x00007f22741fe000 JavaThread "qtp1078694789-15" [_thread_blocked, id=21125, stack(0x00007f223c807000,0x00007f223c908000)]
  0x00007f22741fc000 JavaThread "qtp1078694789-14" [_thread_blocked, id=21124, stack(0x00007f223c908000,0x00007f223ca09000)]
  0x00007f22741fa800 JavaThread "qtp1078694789-13" [_thread_blocked, id=21123, stack(0x00007f223ca09000,0x00007f223cb0a000)]
  0x00007f22741f9000 JavaThread "qtp1078694789-12" [_thread_blocked, id=21122, stack(0x00007f223cb0a000,0x00007f223cc0b000)]
  0x00007f22740d5800 JavaThread "Service Thread" daemon [_thread_blocked, id=21120, stack(0x00007f223cf62000,0x00007f223d063000)]
  0x00007f22740c8000 JavaThread "C1 CompilerThread3" daemon [_thread_blocked, id=21119, stack(0x00007f223d063000,0x00007f223d164000)]
  0x00007f22740c6000 JavaThread "C2 CompilerThread2" daemon [_thread_in_native, id=21118, stack(0x00007f223d164000,0x00007f223d265000)]
  0x00007f22740c4000 JavaThread "C2 CompilerThread1" daemon [_thread_in_native, id=21117, stack(0x00007f223d265000,0x00007f223d366000)]
  0x00007f22740c1800 JavaThread "C2 CompilerThread0" daemon [_thread_in_native, id=21116, stack(0x00007f223d366000,0x00007f223d467000)]
  0x00007f22740c0000 JavaThread "Signal Dispatcher" daemon [_thread_blocked, id=21115, stack(0x00007f223d467000,0x00007f223d568000)]
  0x00007f2274087000 JavaThread "Finalizer" daemon [_thread_blocked, id=21114, stack(0x00007f223d9a0000,0x00007f223daa1000)]
  0x00007f2274085000 JavaThread "Reference Handler" daemon [_thread_blocked, id=21113, stack(0x00007f223daa1000,0x00007f223dba2000)]
  0x00007f2274009800 JavaThread "main" [_thread_blocked, id=21098, stack(0x00007f227b549000,0x00007f227b64a000)]

Other Threads:
  0x00007f227407f800 VMThread [stack: 0x00007f223dba2000,0x00007f223dca3000] [id=21112]
  0x00007f22740d8000 WatcherThread [stack: 0x00007f223ce61000,0x00007f223cf62000] [id=21121]

VM state:not at safepoint (normal execution)

VM Mutex/Monitor currently owned by a thread: None

Heap:
 PSYoungGen      total 132096K, used 65409K [0x00000000d7100000, 0x00000000df700000, 0x0000000100000000)
  eden space 126976K, 47% used [0x00000000d7100000,0x00000000dabe4a50,0x00000000ded00000)
  from space 5120K, 99% used [0x00000000df200000,0x00000000df6fbd90,0x00000000df700000)
  to   space 5120K, 0% used [0x00000000ded00000,0x00000000ded00000,0x00000000df200000)
 ParOldGen       total 84992K, used 12347K [0x0000000085200000, 0x000000008a500000, 0x00000000d7100000)
  object space 84992K, 14% used [0x0000000085200000,0x0000000085e0ecb0,0x000000008a500000)
 Metaspace       used 8284K, capacity 8388K, committed 8704K, reserved 1056768K
  class space    used 899K, capacity 944K, committed 1024K, reserved 1048576K

Card table byte_map: [0x00007f2264c28000,0x00007f2265000000] byte_map_base: 0x00007f22647ff000

Marking Bits: (ParMarkBitMap*) 0x00007f227aa2d760
 Begin Bits: [0x00007f2244290000, 0x00007f2246148000)
 End Bits:   [0x00007f2246148000, 0x00007f2248000000)

Polling page: 0x00007f227b674000

CodeCache: size=245760Kb used=4248Kb max_used=4260Kb free=241511Kb
 bounds [0x00007f2265000000, 0x00007f2265440000, 0x00007f2274000000]
 total_blobs=1258 nmethods=949 adapters=223
 compilation: enabled

Compilation events (10 events):
Event: 1,494 Thread 0x00007f22740c8000  956       3       org.eclipse.jetty.annotations.WebListenerAnnotationHandler::handle (76 bytes)
Event: 1,495 Thread 0x00007f22740c6000 nmethod 940 0x00007f2265428d50 code [0x00007f2265429160, 0x00007f226542b7d8]
Event: 1,495 Thread 0x00007f22740c6000  954       4       org.objectweb.asm.ClassReader::b (1124 bytes)
Event: 1,496 Thread 0x00007f22740c8000 nmethod 956 0x00007f226541d650 code [0x00007f226541d8c0, 0x00007f226541e728]
Event: 1,507 Thread 0x00007f22740c4000 nmethod 947 0x00007f226542ead0 code [0x00007f226542eca0, 0x00007f226542f998]
Event: 1,507 Thread 0x00007f22740c4000  957       4       java.io.File::isInvalid (47 bytes)
Event: 1,511 Thread 0x00007f22740c4000 nmethod 957 0x00007f2265414710 code [0x00007f2265414860, 0x00007f2265414a18]
Event: 1,511 Thread 0x00007f22740c4000  958       4       java.util.HashMap$HashIterator::<init> (79 bytes)
Event: 1,517 Thread 0x00007f22740c4000 nmethod 958 0x00007f2265416950 code [0x00007f2265416aa0, 0x00007f2265416d98]
Event: 1,517 Thread 0x00007f22740c4000  960  s!   4       org.eclipse.jetty.util.resource.JarFileResource::checkConnection (78 bytes)

GC Heap History (8 events):
Event: 0,400 GC heap before
{Heap before GC invocations=1 (full 0):
 PSYoungGen      total 36864K, used 31744K [0x00000000d7100000, 0x00000000d9a00000, 0x0000000100000000)
  eden space 31744K, 100% used [0x00000000d7100000,0x00000000d9000000,0x00000000d9000000)
  from space 5120K, 0% used [0x00000000d9500000,0x00000000d9500000,0x00000000d9a00000)
  to   space 5120K, 0% used [0x00000000d9000000,0x00000000d9000000,0x00000000d9500000)
 ParOldGen       total 84992K, used 0K [0x0000000085200000, 0x000000008a500000, 0x00000000d7100000)
  object space 84992K, 0% used [0x0000000085200000,0x0000000085200000,0x000000008a500000)
 Metaspace       used 7120K, capacity 7236K, committed 7552K, reserved 1056768K
  class space    used 798K, capacity 816K, committed 896K, reserved 1048576K
Event: 0,405 GC heap after
Heap after GC invocations=1 (full 0):
 PSYoungGen      total 36864K, used 2998K [0x00000000d7100000, 0x00000000db900000, 0x0000000100000000)
  eden space 31744K, 0% used [0x00000000d7100000,0x00000000d7100000,0x00000000d9000000)
  from space 5120K, 58% used [0x00000000d9000000,0x00000000d92eda38,0x00000000d9500000)
  to   space 5120K, 0% used [0x00000000db400000,0x00000000db400000,0x00000000db900000)
 ParOldGen       total 84992K, used 72K [0x0000000085200000, 0x000000008a500000, 0x00000000d7100000)
  object space 84992K, 0% used [0x0000000085200000,0x0000000085212010,0x000000008a500000)
 Metaspace       used 7120K, capacity 7236K, committed 7552K, reserved 1056768K
  class space    used 798K, capacity 816K, committed 896K, reserved 1048576K
}
Event: 0,482 GC heap before
{Heap before GC invocations=2 (full 0):
 PSYoungGen      total 36864K, used 34742K [0x00000000d7100000, 0x00000000db900000, 0x0000000100000000)
  eden space 31744K, 100% used [0x00000000d7100000,0x00000000d9000000,0x00000000d9000000)
  from space 5120K, 58% used [0x00000000d9000000,0x00000000d92eda38,0x00000000d9500000)
  to   space 5120K, 0% used [0x00000000db400000,0x00000000db400000,0x00000000db900000)
 ParOldGen       total 84992K, used 72K [0x0000000085200000, 0x000000008a500000, 0x00000000d7100000)
  object space 84992K, 0% used [0x0000000085200000,0x0000000085212010,0x000000008a500000)
 Metaspace       used 7151K, capacity 7236K, committed 7552K, reserved 1056768K
  class space    used 798K, capacity 816K, committed 896K, reserved 1048576K
Event: 0,486 GC heap after
Heap after GC invocations=2 (full 0):
 PSYoungGen      total 68608K, used 1552K [0x00000000d7100000, 0x00000000db900000, 0x0000000100000000)
  eden space 63488K, 0% used [0x00000000d7100000,0x00000000d7100000,0x00000000daf00000)
  from space 5120K, 30% used [0x00000000db400000,0x00000000db584020,0x00000000db900000)
  to   space 5120K, 0% used [0x00000000daf00000,0x00000000daf00000,0x00000000db400000)
 ParOldGen       total 84992K, used 80K [0x0000000085200000, 0x000000008a500000, 0x00000000d7100000)
  object space 84992K, 0% used [0x0000000085200000,0x0000000085214010,0x000000008a500000)
 Metaspace       used 7151K, capacity 7236K, committed 7552K, reserved 1056768K
  class space    used 798K, capacity 816K, committed 896K, reserved 1048576K
}
Event: 0,716 GC heap before
{Heap before GC invocations=3 (full 0):
 PSYoungGen      total 68608K, used 65040K [0x00000000d7100000, 0x00000000db900000, 0x0000000100000000)
  eden space 63488K, 100% used [0x00000000d7100000,0x00000000daf00000,0x00000000daf00000)
  from space 5120K, 30% used [0x00000000db400000,0x00000000db584020,0x00000000db900000)
  to   space 5120K, 0% used [0x00000000daf00000,0x00000000daf00000,0x00000000db400000)
 ParOldGen       total 84992K, used 80K [0x0000000085200000, 0x000000008a500000, 0x00000000d7100000)
  object space 84992K, 0% used [0x0000000085200000,0x0000000085214010,0x000000008a500000)
 Metaspace       used 7979K, capacity 8036K, committed 8192K, reserved 1056768K
  class space    used 887K, capacity 912K, committed 1024K, reserved 1048576K
Event: 0,720 GC heap after
Heap after GC invocations=3 (full 0):
 PSYoungGen      total 68608K, used 2666K [0x00000000d7100000, 0x00000000df700000, 0x0000000100000000)
  eden space 63488K, 0% used [0x00000000d7100000,0x00000000d7100000,0x00000000daf00000)
  from space 5120K, 52% used [0x00000000daf00000,0x00000000db19abb0,0x00000000db400000)
  to   space 5120K, 0% used [0x00000000df200000,0x00000000df200000,0x00000000df700000)
 ParOldGen       total 84992K, used 88K [0x0000000085200000, 0x000000008a500000, 0x00000000d7100000)
  object space 84992K, 0% used [0x0000000085200000,0x0000000085216010,0x000000008a500000)
 Metaspace       used 7979K, capacity 8036K, committed 8192K, reserved 1056768K
  class space    used 887K, capacity 912K, committed 1024K, reserved 1048576K
}
Event: 1,207 GC heap before
{Heap before GC invocations=4 (full 0):
 PSYoungGen      total 68608K, used 66154K [0x00000000d7100000, 0x00000000df700000, 0x0000000100000000)
  eden space 63488K, 100% used [0x00000000d7100000,0x00000000daf00000,0x00000000daf00000)
  from space 5120K, 52% used [0x00000000daf00000,0x00000000db19abb0,0x00000000db400000)
  to   space 5120K, 0% used [0x00000000df200000,0x00000000df200000,0x00000000df700000)
 ParOldGen       total 84992K, used 95K [0x0000000085200000, 0x000000008a500000, 0x00000000d7100000)
  object space 84992K, 0% used [0x0000000085200000,0x0000000085217fb0,0x000000008a500000)
 Metaspace       used 8273K, capacity 8388K, committed 8704K, reserved 1056768K
  class space    used 897K, capacity 944K, committed 1024K, reserved 1048576K
Event: 1,223 GC heap after
Heap after GC invocations=4 (full 0):
 PSYoungGen      total 132096K, used 5103K [0x00000000d7100000, 0x00000000df700000, 0x0000000100000000)
  eden space 126976K, 0% used [0x00000000d7100000,0x00000000d7100000,0x00000000ded00000)
  from space 5120K, 99% used [0x00000000df200000,0x00000000df6fbd90,0x00000000df700000)
  to   space 5120K, 0% used [0x00000000ded00000,0x00000000ded00000,0x00000000df200000)
 ParOldGen       total 84992K, used 12347K [0x0000000085200000, 0x000000008a500000, 0x00000000d7100000)
  object space 84992K, 14% used [0x0000000085200000,0x0000000085e0ecb0,0x000000008a500000)
 Metaspace       used 8273K, capacity 8388K, committed 8704K, reserved 1056768K
  class space    used 897K, capacity 944K, committed 1024K, reserved 1048576K
}

Deoptimization events (10 events):
Event: 0,609 Thread 0x00007f2274009800 Uncommon trap: reason=unstable_if action=reinterpret pc=0x00007f226524cadc method=sun.util.calendar.AbstractCalendar.getCalendarDate(JLsun/util/calendar/CalendarDate;)Lsun/util/calendar/CalendarDate; @ 138
Event: 0,609 Thread 0x00007f2274009800 Uncommon trap: reason=unstable_if action=reinterpret pc=0x00007f2265247200 method=sun.util.calendar.AbstractCalendar.getCalendarDate(JLsun/util/calendar/CalendarDate;)Lsun/util/calendar/CalendarDate; @ 138
Event: 0,609 Thread 0x00007f2274009800 Uncommon trap: reason=unstable_if action=reinterpret pc=0x00007f2265254a00 method=sun.util.calendar.AbstractCalendar.getCalendarDate(JLsun/util/calendar/CalendarDate;)Lsun/util/calendar/CalendarDate; @ 138
Event: 0,788 Thread 0x00007f22741f9000 Uncommon trap: reason=unstable_if action=reinterpret pc=0x00007f226533d604 method=java.util.zip.ZipInputStream.read([BII)I @ 38
Event: 0,883 Thread 0x00007f22741ff800 Uncommon trap: reason=unstable_if action=reinterpret pc=0x00007f2265362fc4 method=java.util.zip.ZipInputStream.read([BII)I @ 38
Event: 1,011 Thread 0x00007f22741fe000 Uncommon trap: reason=unstable_if action=reinterpret pc=0x00007f226535cbe0 method=org.objectweb.asm.ClassReader.a(II[C)Ljava/lang/String; @ 77
Event: 1,028 Thread 0x00007f22741fe000 Uncommon trap: reason=unstable_if action=reinterpret pc=0x00007f2265338868 method=org.objectweb.asm.ClassReader.a(II[C)Ljava/lang/String; @ 77
Event: 1,329 Thread 0x00007f22741fe000 Uncommon trap: reason=unstable_if action=reinterpret pc=0x00007f2265401bec method=org.objectweb.asm.ClassReader.b(Lorg/objectweb/asm/ClassVisitor;Lorg/objectweb/asm/Context;I)I @ 1038
Event: 1,460 Thread 0x00007f2274203000 Uncommon trap: reason=unstable_if action=reinterpret pc=0x00007f2265354adc method=java.io.PushbackInputStream.read([BII)I @ 122
Event: 1,460 Thread 0x00007f2274203000 Uncommon trap: reason=unstable_if action=reinterpret pc=0x00007f226534c268 method=java.io.PushbackInputStream.read([BII)I @ 122

Internal exceptions (10 events):
Event: 0,093 Thread 0x00007f2274009800 Exception <a 'java/security/PrivilegedActionException'> (0x00000000d737e6d0) thrown at [/RE-WORK/workspace/8-2-build-linux-amd64/jdk8u45/3457/hotspot/src/share/vm/prims/jvm.cpp, line 1382]
Event: 0,093 Thread 0x00007f2274009800 Exception <a 'java/security/PrivilegedActionException'> (0x00000000d737e888) thrown at [/RE-WORK/workspace/8-2-build-linux-amd64/jdk8u45/3457/hotspot/src/share/vm/prims/jvm.cpp, line 1382]
Event: 0,094 Thread 0x00007f2274009800 Exception <a 'java/security/PrivilegedActionException'> (0x00000000d7380cd0) thrown at [/RE-WORK/workspace/8-2-build-linux-amd64/jdk8u45/3457/hotspot/src/share/vm/prims/jvm.cpp, line 1382]
Event: 0,094 Thread 0x00007f2274009800 Exception <a 'java/security/PrivilegedActionException'> (0x00000000d7380e88) thrown at [/RE-WORK/workspace/8-2-build-linux-amd64/jdk8u45/3457/hotspot/src/share/vm/prims/jvm.cpp, line 1382]
Event: 0,102 Thread 0x00007f2274009800 Exception <a 'java/lang/NoClassDefFoundError': org/slf4j/Logger> (0x00000000d738d918) thrown at [/RE-WORK/workspace/8-2-build-linux-amd64/jdk8u45/3457/hotspot/src/share/vm/classfile/systemDictionary.cpp, line 199]
Event: 0,654 Thread 0x00007f2274009800 Exception <a 'java/io/FileNotFoundException'> (0x00000000daa20458) thrown at [/RE-WORK/workspace/8-2-build-linux-amd64/jdk8u45/3457/hotspot/src/share/vm/prims/jni.cpp, line 709]
Event: 0,788 Thread 0x00007f22741f9000 Implicit null exception at 0x00007f226533c2be to 0x00007f226533d5e5
Event: 0,883 Thread 0x00007f22741ff800 Implicit null exception at 0x00007f2265361aab to 0x00007f2265362fa1
Event: 1,460 Thread 0x00007f2274203000 Exception <a 'java/util/zip/ZipException'> (0x00000000d907ea90) thrown at [/RE-WORK/workspace/8-2-build-linux-amd64/jdk8u45/3457/hotspot/src/share/vm/prims/jni.cpp, line 709]
Event: 1,521 Thread 0x00007f22741fe000 Exception <a 'java/util/zip/ZipException'> (0x00000000da2ad4c8) thrown at [/RE-WORK/workspace/8-2-build-linux-amd64/jdk8u45/3457/hotspot/src/share/vm/prims/jni.cpp, line 709]

Events (10 events):
Event: 1,459 loading class java/util/zip/ZipException
Event: 1,460 loading class java/util/zip/ZipException done
Event: 1,460 loading class java/util/zip/DataFormatException
Event: 1,460 loading class java/util/zip/DataFormatException done
Event: 1,460 Thread 0x00007f2274203000 Uncommon trap: trap_request=0xffffff65 fr.pc=0x00007f2265354adc
Event: 1,460 Thread 0x00007f2274203000 DEOPT PACKING pc=0x00007f2265354adc sp=0x00007f223c603200
Event: 1,460 Thread 0x00007f2274203000 DEOPT UNPACKING pc=0x00007f2265005229 sp=0x00007f223c603108 mode 2
Event: 1,460 Thread 0x00007f2274203000 Uncommon trap: trap_request=0xffffff65 fr.pc=0x00007f226534c268
Event: 1,460 Thread 0x00007f2274203000 DEOPT PACKING pc=0x00007f226534c268 sp=0x00007f223c603120
Event: 1,460 Thread 0x00007f2274203000 DEOPT UNPACKING pc=0x00007f2265005229 sp=0x00007f223c6030c8 mode 2


Dynamic libraries:
00400000-00401000 r-xp 00000000 08:01 16386253                           /usr/lib/jvm/java-8-oracle/jre/bin/java
00600000-00601000 rw-p 00000000 08:01 16386253                           /usr/lib/jvm/java-8-oracle/jre/bin/java
0154f000-01570000 rw-p 00000000 00:00 0                                  [heap]
85200000-8a500000 rw-p 00000000 00:00 0 
8a500000-d7100000 ---p 00000000 00:00 0 
d7100000-df700000 rw-p 00000000 00:00 0 
df700000-100000000 ---p 00000000 00:00 0 
100000000-100100000 rw-p 00000000 00:00 0 
100100000-140000000 ---p 00000000 00:00 0 
7f21e8000000-7f21e9add000 rw-p 00000000 00:00 0 
7f21e9add000-7f21ec000000 ---p 00000000 00:00 0 
7f21f0000000-7f21f24f4000 rw-p 00000000 00:00 0 
7f21f24fc000-7f21f4000000 ---p 00000000 00:00 0 
7f21f4000000-7f21f4468000 rw-p 00000000 00:00 0 
7f21f4468000-7f21f8000000 ---p 00000000 00:00 0 
7f21f8000000-7f21f9cde000 rw-p 00000000 00:00 0 
7f21f9cde000-7f21fc000000 ---p 00000000 00:00 0 
7f21fc000000-7f21fd6fb000 rw-p 00000000 00:00 0 
7f21fd6fb000-7f2200000000 ---p 00000000 00:00 0 
7f2200000000-7f2201956000 rw-p 00000000 00:00 0 
7f2201956000-7f2204000000 ---p 00000000 00:00 0 
7f2204000000-7f2205533000 rw-p 00000000 00:00 0 
7f2205533000-7f2208000000 ---p 00000000 00:00 0 
7f2208000000-7f2208aab000 rw-p 00000000 00:00 0 
7f2208aab000-7f220c000000 ---p 00000000 00:00 0 
7f220c000000-7f220c659000 rw-p 00000000 00:00 0 
7f220c659000-7f2210000000 ---p 00000000 00:00 0 
7f2210000000-7f2210021000 rw-p 00000000 00:00 0 
7f2210021000-7f2214000000 ---p 00000000 00:00 0 
7f2214000000-7f22148b8000 rw-p 00000000 00:00 0 
7f22148b8000-7f2218000000 ---p 00000000 00:00 0 
7f2218000000-7f22183dd000 rw-p 00000000 00:00 0 
7f22183dd000-7f221c000000 ---p 00000000 00:00 0 
7f221c000000-7f221c021000 rw-p 00000000 00:00 0 
7f221c021000-7f2220000000 ---p 00000000 00:00 0 
7f2220000000-7f2220aa3000 rw-p 00000000 00:00 0 
7f2220aa3000-7f2224000000 ---p 00000000 00:00 0 
7f2224000000-7f2224eaf000 rw-p 00000000 00:00 0 
7f2224eaf000-7f2228000000 ---p 00000000 00:00 0 
7f2228000000-7f2228021000 rw-p 00000000 00:00 0 
7f2228021000-7f222c000000 ---p 00000000 00:00 0 
7f222c000000-7f222ceac000 rw-p 00000000 00:00 0 
7f222ceac000-7f2230000000 ---p 00000000 00:00 0 
7f2230000000-7f2230021000 rw-p 00000000 00:00 0 
7f2230021000-7f2234000000 ---p 00000000 00:00 0 
7f2234000000-7f2234021000 rw-p 00000000 00:00 0 
7f2234021000-7f2238000000 ---p 00000000 00:00 0 
7f2238000000-7f2238021000 rw-p 00000000 00:00 0 
7f2238021000-7f223c000000 ---p 00000000 00:00 0 
7f223c0c5000-7f223c0c8000 ---p 00000000 00:00 0 
7f223c0c8000-7f223c1c6000 rw-p 00000000 00:00 0                          [stack:21149]
7f223c1c6000-7f223c1c9000 ---p 00000000 00:00 0 
7f223c1c9000-7f223c2c7000 rw-p 00000000 00:00 0                          [stack:21150]
7f223c2c7000-7f223c2fb000 r--s 00200000 00:19 16258850                   /home/kenny/dev/jprelude/experimental/jprelude-webui/target/webapp/WEB-INF/lib/guava-16.0.1.vaadin1.jar
7f223c2fb000-7f223c301000 r--s 00044000 00:19 16258851                   /home/kenny/dev/jprelude/experimental/jprelude-webui/target/webapp/WEB-INF/lib/jsoup-1.8.1.jar
7f223c301000-7f223c32f000 r--s 002f6000 00:19 16258844                   /home/kenny/dev/jprelude/experimental/jprelude-webui/target/webapp/WEB-INF/lib/vaadin-server-7.4.5.jar
7f223c32f000-7f223c341000 r--s 000a3000 00:19 16258855                   /home/kenny/dev/jprelude/experimental/jprelude-webui/target/webapp/WEB-INF/lib/rxjava-1.0.8.jar
7f223c341000-7f223c349000 r--s 00053000 00:19 16258854                   /home/kenny/dev/jprelude/experimental/jprelude-webui/target/webapp/WEB-INF/lib/rxscala_2.11-0.24.1.jar
7f223c349000-7f223c352000 r--s 00079000 00:19 16258845                   /home/kenny/dev/jprelude/experimental/jprelude-webui/target/webapp/WEB-INF/lib/vaadin-sass-compiler-0.9.12.jar
7f223c352000-7f223c38b000 r--s 00206000 00:19 16258848                   /home/kenny/dev/jprelude/experimental/jprelude-webui/target/webapp/WEB-INF/lib/vaadin-shared-7.4.5.jar
7f223c38b000-7f223c3aa000 r--s 006f3000 00:19 16258853                   /home/kenny/dev/jprelude/experimental/jprelude-webui/target/webapp/WEB-INF/lib/vaadin-themes-7.4.5.jar
7f223c3aa000-7f223c403000 r--s 004f6000 00:19 16258843                   /home/kenny/dev/jprelude/experimental/jprelude-webui/target/webapp/WEB-INF/lib/scala-library-2.11.6.jar
7f223c403000-7f223c406000 ---p 00000000 00:00 0 
7f223c406000-7f223c504000 rw-p 00000000 00:00 0                          [stack:21129]
7f223c504000-7f223c507000 ---p 00000000 00:00 0 
7f223c507000-7f223c605000 rw-p 00000000 00:00 0                          [stack:21128]
7f223c605000-7f223c608000 ---p 00000000 00:00 0 
7f223c608000-7f223c706000 rw-p 00000000 00:00 0                          [stack:21127]
7f223c706000-7f223c709000 ---p 00000000 00:00 0 
7f223c709000-7f223c807000 rw-p 00000000 00:00 0                          [stack:21126]
7f223c807000-7f223c80a000 ---p 00000000 00:00 0 
7f223c80a000-7f223c908000 rw-p 00000000 00:00 0                          [stack:21125]
7f223c908000-7f223c90b000 ---p 00000000 00:00 0 
7f223c90b000-7f223ca09000 rw-p 00000000 00:00 0                          [stack:21124]
7f223ca09000-7f223ca0c000 ---p 00000000 00:00 0 
7f223ca0c000-7f223cb0a000 rw-p 00000000 00:00 0                          [stack:21123]
7f223cb0a000-7f223cb0d000 ---p 00000000 00:00 0 
7f223cb0d000-7f223cc0b000 rw-p 00000000 00:00 0                          [stack:21122]
7f223cc0b000-7f223cc16000 r--s 00116000 08:01 16386276                   /usr/lib/jvm/java-8-oracle/jre/lib/ext/localedata.jar
7f223cc16000-7f223cc1e000 r-xp 00000000 08:01 16515139                   /usr/lib/jvm/java-8-oracle/jre/lib/amd64/libmanagement.so
7f223cc1e000-7f223ce1e000 ---p 00008000 08:01 16515139                   /usr/lib/jvm/java-8-oracle/jre/lib/amd64/libmanagement.so
7f223ce1e000-7f223ce1f000 rw-p 00008000 08:01 16515139                   /usr/lib/jvm/java-8-oracle/jre/lib/amd64/libmanagement.so
7f223ce1f000-7f223ce61000 r--s 004bc000 00:19 11538222                   /home/kenny/.ivy2/cache/org.eclipse.jetty/jetty-runner/jars/jetty-runner-9.2.1.v20140609.jar
7f223ce61000-7f223ce62000 ---p 00000000 00:00 0 
7f223ce62000-7f223cf62000 rw-p 00000000 00:00 0                          [stack:21121]
7f223cf62000-7f223cf65000 ---p 00000000 00:00 0 
7f223cf65000-7f223d063000 rw-p 00000000 00:00 0                          [stack:21120]
7f223d063000-7f223d066000 ---p 00000000 00:00 0 
7f223d066000-7f223d164000 rw-p 00000000 00:00 0                          [stack:21119]
7f223d164000-7f223d167000 ---p 00000000 00:00 0 
7f223d167000-7f223d265000 rw-p 00000000 00:00 0                          [stack:21118]
7f223d265000-7f223d268000 ---p 00000000 00:00 0 
7f223d268000-7f223d366000 rw-p 00000000 00:00 0                          [stack:21117]
7f223d366000-7f223d369000 ---p 00000000 00:00 0 
7f223d369000-7f223d467000 rw-p 00000000 00:00 0                          [stack:21116]
7f223d467000-7f223d46a000 ---p 00000000 00:00 0 
7f223d46a000-7f223d568000 rw-p 00000000 00:00 0                          [stack:21115]
7f223d568000-7f223d9a0000 r--p 00000000 08:01 12327061                   /usr/lib/locale/locale-archive
7f223d9a0000-7f223d9a3000 ---p 00000000 00:00 0 
7f223d9a3000-7f223daa1000 rw-p 00000000 00:00 0                          [stack:21114]
7f223daa1000-7f223daa4000 ---p 00000000 00:00 0 
7f223daa4000-7f223dba2000 rw-p 00000000 00:00 0                          [stack:21113]
7f223dba2000-7f223dba3000 ---p 00000000 00:00 0 
7f223dba3000-7f223ff80000 rw-p 00000000 00:00 0                          [stack:21112]
7f223ff80000-7f2240000000 ---p 00000000 00:00 0 
7f2240000000-7f2240021000 rw-p 00000000 00:00 0 
7f2240021000-7f2244000000 ---p 00000000 00:00 0 
7f2244005000-7f22440b7000 rw-p 00000000 00:00 0 
7f22440b7000-7f2244290000 r--s 03d09000 08:01 16386470                   /usr/lib/jvm/java-8-oracle/jre/lib/rt.jar
7f2244290000-7f2248000000 rw-p 00000000 00:00 0 
7f2248000000-7f2248021000 rw-p 00000000 00:00 0 
7f2248021000-7f224c000000 ---p 00000000 00:00 0 
7f224c000000-7f224c021000 rw-p 00000000 00:00 0 
7f224c021000-7f2250000000 ---p 00000000 00:00 0 
7f2250000000-7f2250021000 rw-p 00000000 00:00 0 
7f2250021000-7f2254000000 ---p 00000000 00:00 0 
7f2254000000-7f2254021000 rw-p 00000000 00:00 0 
7f2254021000-7f2258000000 ---p 00000000 00:00 0 
7f2258000000-7f2258021000 rw-p 00000000 00:00 0 
7f2258021000-7f225c000000 ---p 00000000 00:00 0 
7f225c000000-7f225c021000 rw-p 00000000 00:00 0 
7f225c021000-7f2260000000 ---p 00000000 00:00 0 
7f2260000000-7f2260021000 rw-p 00000000 00:00 0 
7f2260021000-7f2264000000 ---p 00000000 00:00 0 
7f2264002000-7f2264007000 r--s 00025000 00:19 16258842                   /home/kenny/dev/jprelude/experimental/jprelude-webui/target/webapp/WEB-INF/lib/jprelude-webui_2.11-0.1.jar
7f2264007000-7f2264420000 rw-p 00000000 00:00 0 
7f2264420000-7f2264421000 ---p 00000000 00:00 0 
7f2264421000-7f2264521000 rw-p 00000000 00:00 0                          [stack:21106]
7f2264521000-7f2264522000 ---p 00000000 00:00 0 
7f2264522000-7f2264622000 rw-p 00000000 00:00 0                          [stack:21105]
7f2264622000-7f2264623000 ---p 00000000 00:00 0 
7f2264623000-7f2264723000 rw-p 00000000 00:00 0                          [stack:21104]
7f2264723000-7f2264724000 ---p 00000000 00:00 0 
7f2264724000-7f2264824000 rw-p 00000000 00:00 0                          [stack:21103]
7f2264824000-7f2264825000 ---p 00000000 00:00 0 
7f2264825000-7f2264925000 rw-p 00000000 00:00 0                          [stack:21102]
7f2264925000-7f2264926000 ---p 00000000 00:00 0 
7f2264926000-7f2264a26000 rw-p 00000000 00:00 0                          [stack:21101]
7f2264a26000-7f2264a27000 ---p 00000000 00:00 0 
7f2264a27000-7f2264b27000 rw-p 00000000 00:00 0                          [stack:21100]
7f2264b27000-7f2264b28000 ---p 00000000 00:00 0 
7f2264b28000-7f2264c52000 rw-p 00000000 00:00 0                          [stack:21099]
7f2264c52000-7f2264eb7000 ---p 00000000 00:00 0 
7f2264eb7000-7f2264efb000 rw-p 00000000 00:00 0 
7f2264efb000-7f2264fff000 ---p 00000000 00:00 0 
7f2264fff000-7f2265000000 rw-p 00000000 00:00 0 
7f2265000000-7f2265440000 rwxp 00000000 00:00 0 
7f2265440000-7f2274000000 ---p 00000000 00:00 0 
7f2274000000-7f22743cf000 rw-p 00000000 00:00 0 
7f22743cf000-7f2278000000 ---p 00000000 00:00 0 
7f2278001000-7f2278003000 rw-p 00000000 00:00 0 
7f2278003000-7f2278005000 r--s 00012000 00:19 16258847                   /home/kenny/dev/jprelude/experimental/jprelude-webui/target/webapp/WEB-INF/lib/flute-1.3.0.gg2.jar
7f2278005000-7f2278007000 r--s 00079000 00:19 16258852                   /home/kenny/dev/jprelude/experimental/jprelude-webui/target/webapp/WEB-INF/lib/vaadin-client-compiled-7.4.5.jar
7f2278007000-7f2278009000 r--s 00008000 00:19 16258849                   /home/kenny/dev/jprelude/experimental/jprelude-webui/target/webapp/WEB-INF/lib/streamhtmlparser-jsilver-0.0.10.vaadin1.jar
7f2278009000-7f22780ca000 rw-p 00000000 00:00 0 
7f22780ca000-7f2278330000 ---p 00000000 00:00 0 
7f2278330000-7f2278341000 rw-p 00000000 00:00 0 
7f2278341000-7f22786f0000 ---p 00000000 00:00 0 
7f22786f0000-7f227870a000 r-xp 00000000 08:01 16515133                   /usr/lib/jvm/java-8-oracle/jre/lib/amd64/libzip.so
7f227870a000-7f227890a000 ---p 0001a000 08:01 16515133                   /usr/lib/jvm/java-8-oracle/jre/lib/amd64/libzip.so
7f227890a000-7f227890b000 rw-p 0001a000 08:01 16515133                   /usr/lib/jvm/java-8-oracle/jre/lib/amd64/libzip.so
7f227890b000-7f2278916000 r-xp 00000000 08:01 17695710                   /lib/x86_64-linux-gnu/libnss_files-2.19.so
7f2278916000-7f2278b15000 ---p 0000b000 08:01 17695710                   /lib/x86_64-linux-gnu/libnss_files-2.19.so
7f2278b15000-7f2278b16000 r--p 0000a000 08:01 17695710                   /lib/x86_64-linux-gnu/libnss_files-2.19.so
7f2278b16000-7f2278b17000 rw-p 0000b000 08:01 17695710                   /lib/x86_64-linux-gnu/libnss_files-2.19.so
7f2278b17000-7f2278b22000 r-xp 00000000 08:01 17695774                   /lib/x86_64-linux-gnu/libnss_nis-2.19.so
7f2278b22000-7f2278d21000 ---p 0000b000 08:01 17695774                   /lib/x86_64-linux-gnu/libnss_nis-2.19.so
7f2278d21000-7f2278d22000 r--p 0000a000 08:01 17695774                   /lib/x86_64-linux-gnu/libnss_nis-2.19.so
7f2278d22000-7f2278d23000 rw-p 0000b000 08:01 17695774                   /lib/x86_64-linux-gnu/libnss_nis-2.19.so
7f2278d23000-7f2278d3a000 r-xp 00000000 08:01 17695732                   /lib/x86_64-linux-gnu/libnsl-2.19.so
7f2278d3a000-7f2278f39000 ---p 00017000 08:01 17695732                   /lib/x86_64-linux-gnu/libnsl-2.19.so
7f2278f39000-7f2278f3a000 r--p 00016000 08:01 17695732                   /lib/x86_64-linux-gnu/libnsl-2.19.so
7f2278f3a000-7f2278f3b000 rw-p 00017000 08:01 17695732                   /lib/x86_64-linux-gnu/libnsl-2.19.so
7f2278f3b000-7f2278f3d000 rw-p 00000000 00:00 0 
7f2278f3d000-7f2278f46000 r-xp 00000000 08:01 17695731                   /lib/x86_64-linux-gnu/libnss_compat-2.19.so
7f2278f46000-7f2279145000 ---p 00009000 08:01 17695731                   /lib/x86_64-linux-gnu/libnss_compat-2.19.so
7f2279145000-7f2279146000 r--p 00008000 08:01 17695731                   /lib/x86_64-linux-gnu/libnss_compat-2.19.so
7f2279146000-7f2279147000 rw-p 00009000 08:01 17695731                   /lib/x86_64-linux-gnu/libnss_compat-2.19.so
7f2279147000-7f2279171000 r-xp 00000000 08:01 16515175                   /usr/lib/jvm/java-8-oracle/jre/lib/amd64/libjava.so
7f2279171000-7f2279371000 ---p 0002a000 08:01 16515175                   /usr/lib/jvm/java-8-oracle/jre/lib/amd64/libjava.so
7f2279371000-7f2279373000 rw-p 0002a000 08:01 16515175                   /usr/lib/jvm/java-8-oracle/jre/lib/amd64/libjava.so
7f2279373000-7f2279380000 r-xp 00000000 08:01 16515201                   /usr/lib/jvm/java-8-oracle/jre/lib/amd64/libverify.so
7f2279380000-7f2279580000 ---p 0000d000 08:01 16515201                   /usr/lib/jvm/java-8-oracle/jre/lib/amd64/libverify.so
7f2279580000-7f2279582000 rw-p 0000d000 08:01 16515201                   /usr/lib/jvm/java-8-oracle/jre/lib/amd64/libverify.so
7f2279582000-7f2279589000 r-xp 00000000 08:01 17695771                   /lib/x86_64-linux-gnu/librt-2.19.so
7f2279589000-7f2279788000 ---p 00007000 08:01 17695771                   /lib/x86_64-linux-gnu/librt-2.19.so
7f2279788000-7f2279789000 r--p 00006000 08:01 17695771                   /lib/x86_64-linux-gnu/librt-2.19.so
7f2279789000-7f227978a000 rw-p 00007000 08:01 17695771                   /lib/x86_64-linux-gnu/librt-2.19.so
7f227978a000-7f227988f000 r-xp 00000000 08:01 17695709                   /lib/x86_64-linux-gnu/libm-2.19.so
7f227988f000-7f2279a8e000 ---p 00105000 08:01 17695709                   /lib/x86_64-linux-gnu/libm-2.19.so
7f2279a8e000-7f2279a8f000 r--p 00104000 08:01 17695709                   /lib/x86_64-linux-gnu/libm-2.19.so
7f2279a8f000-7f2279a90000 rw-p 00105000 08:01 17695709                   /lib/x86_64-linux-gnu/libm-2.19.so
7f2279a90000-7f227a73e000 r-xp 00000000 08:01 16515183                   /usr/lib/jvm/java-8-oracle/jre/lib/amd64/server/libjvm.so
7f227a73e000-7f227a93d000 ---p 00cae000 08:01 16515183                   /usr/lib/jvm/java-8-oracle/jre/lib/amd64/server/libjvm.so
7f227a93d000-7f227aa14000 rw-p 00cad000 08:01 16515183                   /usr/lib/jvm/java-8-oracle/jre/lib/amd64/server/libjvm.so
7f227aa14000-7f227aa58000 rw-p 00000000 00:00 0 
7f227aa58000-7f227ac13000 r-xp 00000000 08:01 17695760                   /lib/x86_64-linux-gnu/libc-2.19.so
7f227ac13000-7f227ae12000 ---p 001bb000 08:01 17695760                   /lib/x86_64-linux-gnu/libc-2.19.so
7f227ae12000-7f227ae16000 r--p 001ba000 08:01 17695760                   /lib/x86_64-linux-gnu/libc-2.19.so
7f227ae16000-7f227ae18000 rw-p 001be000 08:01 17695760                   /lib/x86_64-linux-gnu/libc-2.19.so
7f227ae18000-7f227ae1d000 rw-p 00000000 00:00 0 
7f227ae1d000-7f227ae20000 r-xp 00000000 08:01 17695713                   /lib/x86_64-linux-gnu/libdl-2.19.so
7f227ae20000-7f227b01f000 ---p 00003000 08:01 17695713                   /lib/x86_64-linux-gnu/libdl-2.19.so
7f227b01f000-7f227b020000 r--p 00002000 08:01 17695713                   /lib/x86_64-linux-gnu/libdl-2.19.so
7f227b020000-7f227b021000 rw-p 00003000 08:01 17695713                   /lib/x86_64-linux-gnu/libdl-2.19.so
7f227b021000-7f227b036000 r-xp 00000000 08:01 16515172                   /usr/lib/jvm/java-8-oracle/jre/lib/amd64/jli/libjli.so
7f227b036000-7f227b236000 ---p 00015000 08:01 16515172                   /usr/lib/jvm/java-8-oracle/jre/lib/amd64/jli/libjli.so
7f227b236000-7f227b237000 rw-p 00015000 08:01 16515172                   /usr/lib/jvm/java-8-oracle/jre/lib/amd64/jli/libjli.so
7f227b237000-7f227b250000 r-xp 00000000 08:01 17695761                   /lib/x86_64-linux-gnu/libpthread-2.19.so
7f227b250000-7f227b44f000 ---p 00019000 08:01 17695761                   /lib/x86_64-linux-gnu/libpthread-2.19.so
7f227b44f000-7f227b450000 r--p 00018000 08:01 17695761                   /lib/x86_64-linux-gnu/libpthread-2.19.so
7f227b450000-7f227b451000 rw-p 00019000 08:01 17695761                   /lib/x86_64-linux-gnu/libpthread-2.19.so
7f227b451000-7f227b455000 rw-p 00000000 00:00 0 
7f227b455000-7f227b478000 r-xp 00000000 08:01 17695736                   /lib/x86_64-linux-gnu/ld-2.19.so
7f227b478000-7f227b479000 rw-p 00000000 00:00 0 
7f227b479000-7f227b47e000 r--s 00094000 08:01 16386459                   /usr/lib/jvm/java-8-oracle/jre/lib/jsse.jar
7f227b47e000-7f227b549000 rw-p 00000000 00:00 0 
7f227b549000-7f227b54c000 ---p 00000000 00:00 0 
7f227b54c000-7f227b64e000 rw-p 00000000 00:00 0                          [stack:21098]
7f227b64e000-7f227b64f000 r--s 00003000 00:19 16258846                   /home/kenny/dev/jprelude/experimental/jprelude-webui/target/webapp/WEB-INF/lib/sac-1.3.jar
7f227b64f000-7f227b66b000 r--s 00393000 08:01 16386274                   /usr/lib/jvm/java-8-oracle/jre/lib/ext/cldrdata.jar
7f227b66b000-7f227b673000 rw-s 00000000 08:01 20578333                   /tmp/hsperfdata_kenny/21094
7f227b673000-7f227b674000 rw-p 00000000 00:00 0 
7f227b674000-7f227b675000 r--p 00000000 00:00 0 
7f227b675000-7f227b677000 rw-p 00000000 00:00 0 
7f227b677000-7f227b678000 r--p 00022000 08:01 17695736                   /lib/x86_64-linux-gnu/ld-2.19.so
7f227b678000-7f227b679000 rw-p 00023000 08:01 17695736                   /lib/x86_64-linux-gnu/ld-2.19.so
7f227b679000-7f227b67a000 rw-p 00000000 00:00 0 
7ffff936a000-7ffff938b000 rw-p 00000000 00:00 0                          [stack]
7ffff93fe000-7ffff9400000 r-xp 00000000 00:00 0                          [vdso]
ffffffffff600000-ffffffffff601000 r-xp 00000000 00:00 0                  [vsyscall]
7f227b673000-7f227b674000 rw-p 00000000 00:00 0 
7f227b674000-7f227b675000 r--p 00000000 00:00 0 
7f227b675000-7f227b677000 rw-p 00000000 00:00 0 
7f227b677000-7f227b678000 r--p 00022000 08:01 17695736                   /lib/x86_64-linux-gnu/ld-2.19.so
7f227b678000-7f227b679000 rw-p 00023000 08:01 17695736                   /lib/x86_64-linux-gnu/ld-2.19.so
7f227b679000-7f227b67a000 rw-p 00000000 00:00 0 
7ffff936a000-7ffff938b000 rw-p 00000000 00:00 0                          [stack]
7ffff93fe000-7ffff9400000 r-xp 00000000 00:00 0                          [vdso]
ffffffffff600000-ffffffffff601000 r-xp 00000000 00:00 0                  [vsyscall]

VM Arguments:
java_command: org.eclipse.jetty.runner.Runner --port 8081 /home/kenny/dev/jprelude/experimental/jprelude-webui/target/webapp
java_class_path (initial): /home/kenny/.ivy2/cache/org.eclipse.jetty/jetty-runner/jars/jetty-runner-9.2.1.v20140609.jar
Launcher Type: SUN_STANDARD

Environment Variables:
PATH=/home/kenny/bin:/home/kenny/bin:/usr/local/sbin:/usr/local/bin:/usr/sbin:/usr/bin:/sbin:/bin:/usr/games:/usr/local/games
USERNAME=kenny
LD_LIBRARY_PATH=/home/kenny/bin/idea-IC-141.713.2/bin:
SHELL=/bin/bash
DISPLAY=:0.0

Signal Handlers:
SIGSEGV: [libjvm.so+0xaad1e0], sa_mask[0]=11111111011111111101111111111110, sa_flags=SA_RESTART|SA_SIGINFO
SIGBUS: [libjvm.so+0xaad1e0], sa_mask[0]=11111111011111111101111111111110, sa_flags=SA_RESTART|SA_SIGINFO
SIGFPE: [libjvm.so+0x90b450], sa_mask[0]=11111111011111111101111111111110, sa_flags=SA_RESTART|SA_SIGINFO
SIGPIPE: [libjvm.so+0x90b450], sa_mask[0]=11111111011111111101111111111110, sa_flags=SA_RESTART|SA_SIGINFO
SIGXFSZ: [libjvm.so+0x90b450], sa_mask[0]=11111111011111111101111111111110, sa_flags=SA_RESTART|SA_SIGINFO
SIGILL: [libjvm.so+0x90b450], sa_mask[0]=11111111011111111101111111111110, sa_flags=SA_RESTART|SA_SIGINFO
SIGUSR1: SIG_DFL, sa_mask[0]=00000000000000000000000000000000, sa_flags=none
SIGUSR2: [libjvm.so+0x90ca90], sa_mask[0]=00100000000000000000000000000000, sa_flags=SA_RESTART|SA_SIGINFO
SIGHUP: [libjvm.so+0x90dde0], sa_mask[0]=11111111011111111101111111111110, sa_flags=SA_RESTART|SA_SIGINFO
SIGINT: [libjvm.so+0x90dde0], sa_mask[0]=11111111011111111101111111111110, sa_flags=SA_RESTART|SA_SIGINFO
SIGTERM: [libjvm.so+0x90dde0], sa_mask[0]=11111111011111111101111111111110, sa_flags=SA_RESTART|SA_SIGINFO
SIGQUIT: [libjvm.so+0x90dde0], sa_mask[0]=11111111011111111101111111111110, sa_flags=SA_RESTART|SA_SIGINFO


---------------  S Y S T E M  ---------------

OS:DISTRIB_ID=LinuxMint
DISTRIB_RELEASE=17.1
DISTRIB_CODENAME=rebecca
DISTRIB_DESCRIPTION="Linux Mint 17.1 Rebecca"

uname:Linux 3.13.0-37-generic #64-Ubuntu SMP Mon Sep 22 21:28:38 UTC 2014 x86_64
libc:glibc 2.19 NPTL 2.19 
rlimit: STACK 8192k, CORE 0k, NPROC 62640, NOFILE 4096, AS infinity
load average:1,58 0,80 0,66

/proc/meminfo:
MemTotal:        8049056 kB
MemFree:         2710056 kB
Buffers:          196468 kB
Cached:          1250432 kB
SwapCached:            0 kB
Active:          4256228 kB
Inactive:         524764 kB
Active(anon):    3350524 kB
Inactive(anon):   297316 kB
Active(file):     905704 kB
Inactive(file):   227448 kB
Unevictable:           0 kB
Mlocked:               0 kB
SwapTotal:             0 kB
SwapFree:              0 kB
Dirty:             26336 kB
Writeback:             0 kB
AnonPages:       3334300 kB
Mapped:           352324 kB
Shmem:            313652 kB
Slab:             406020 kB
SReclaimable:     353156 kB
SUnreclaim:        52864 kB
KernelStack:        4976 kB
PageTables:        44744 kB
NFS_Unstable:          0 kB
Bounce:                0 kB
WritebackTmp:          0 kB
CommitLimit:     4024528 kB
Committed_AS:    6660756 kB
VmallocTotal:   34359738367 kB
VmallocUsed:      567216 kB
VmallocChunk:   34359156824 kB
HardwareCorrupted:     0 kB
AnonHugePages:   1724416 kB
HugePages_Total:       0
HugePages_Free:        0
HugePages_Rsvd:        0
HugePages_Surp:        0
Hugepagesize:       2048 kB
DirectMap4k:       91900 kB
DirectMap2M:     8169472 kB


CPU:total 8 (4 cores per cpu, 2 threads per core) family 6 model 58 stepping 9, cmov, cx8, fxsr, mmx, sse, sse2, sse3, ssse3, sse4.1, sse4.2, popcnt, avx, aes, clmul, erms, ht, tsc, tscinvbit, tscinv

/proc/cpuinfo:
processor	: 0
vendor_id	: GenuineIntel
cpu family	: 6
model		: 58
model name	: Intel(R) Core(TM) i7-3612QM CPU @ 2.10GHz
stepping	: 9
microcode	: 0x15
cpu MHz		: 2101.000
cache size	: 6144 KB
physical id	: 0
siblings	: 8
core id		: 0
cpu cores	: 4
apicid		: 0
initial apicid	: 0
fpu		: yes
fpu_exception	: yes
cpuid level	: 13
wp		: yes
flags		: fpu vme de pse tsc msr pae mce cx8 apic sep mtrr pge mca cmov pat pse36 clflush dts acpi mmx fxsr sse sse2 ss ht tm pbe syscall nx rdtscp lm constant_tsc arch_perfmon pebs bts rep_good nopl xtopology nonstop_tsc aperfmperf eagerfpu pni pclmulqdq dtes64 monitor ds_cpl vmx est tm2 ssse3 cx16 xtpr pdcm pcid sse4_1 sse4_2 x2apic popcnt tsc_deadline_timer aes xsave avx f16c rdrand lahf_lm ida arat epb xsaveopt pln pts dtherm tpr_shadow vnmi flexpriority ept vpid fsgsbase smep erms
bogomips	: 4190.11
clflush size	: 64
cache_alignment	: 64
address sizes	: 36 bits physical, 48 bits virtual
power management:

processor	: 1
vendor_id	: GenuineIntel
cpu family	: 6
model		: 58
model name	: Intel(R) Core(TM) i7-3612QM CPU @ 2.10GHz
stepping	: 9
microcode	: 0x15
cpu MHz		: 1200.000
cache size	: 6144 KB
physical id	: 0
siblings	: 8
core id		: 0
cpu cores	: 4
apicid		: 1
initial apicid	: 1
fpu		: yes
fpu_exception	: yes
cpuid level	: 13
wp		: yes
flags		: fpu vme de pse tsc msr pae mce cx8 apic sep mtrr pge mca cmov pat pse36 clflush dts acpi mmx fxsr sse sse2 ss ht tm pbe syscall nx rdtscp lm constant_tsc arch_perfmon pebs bts rep_good nopl xtopology nonstop_tsc aperfmperf eagerfpu pni pclmulqdq dtes64 monitor ds_cpl vmx est tm2 ssse3 cx16 xtpr pdcm pcid sse4_1 sse4_2 x2apic popcnt tsc_deadline_timer aes xsave avx f16c rdrand lahf_lm ida arat epb xsaveopt pln pts dtherm tpr_shadow vnmi flexpriority ept vpid fsgsbase smep erms
bogomips	: 4190.11
clflush size	: 64
cache_alignment	: 64
address sizes	: 36 bits physical, 48 bits virtual
power management:

processor	: 2
vendor_id	: GenuineIntel
cpu family	: 6
model		: 58
model name	: Intel(R) Core(TM) i7-3612QM CPU @ 2.10GHz
stepping	: 9
microcode	: 0x15
cpu MHz		: 2101.000
cache size	: 6144 KB
physical id	: 0
siblings	: 8
core id		: 1
cpu cores	: 4
apicid		: 2
initial apicid	: 2
fpu		: yes
fpu_exception	: yes
cpuid level	: 13
wp		: yes
flags		: fpu vme de pse tsc msr pae mce cx8 apic sep mtrr pge mca cmov pat pse36 clflush dts acpi mmx fxsr sse sse2 ss ht tm pbe syscall nx rdtscp lm constant_tsc arch_perfmon pebs bts rep_good nopl xtopology nonstop_tsc aperfmperf eagerfpu pni pclmulqdq dtes64 monitor ds_cpl vmx est tm2 ssse3 cx16 xtpr pdcm pcid sse4_1 sse4_2 x2apic popcnt tsc_deadline_timer aes xsave avx f16c rdrand lahf_lm ida arat epb xsaveopt pln pts dtherm tpr_shadow vnmi flexpriority ept vpid fsgsbase smep erms
bogomips	: 4190.11
clflush size	: 64
cache_alignment	: 64
address sizes	: 36 bits physical, 48 bits virtual
power management:

processor	: 3
vendor_id	: GenuineIntel
cpu family	: 6
model		: 58
model name	: Intel(R) Core(TM) i7-3612QM CPU @ 2.10GHz
stepping	: 9
microcode	: 0x15
cpu MHz		: 1200.000
cache size	: 6144 KB
physical id	: 0
siblings	: 8
core id		: 1
cpu cores	: 4
apicid		: 3
initial apicid	: 3
fpu		: yes
fpu_exception	: yes
cpuid level	: 13
wp		: yes
flags		: fpu vme de pse tsc msr pae mce cx8 apic sep mtrr pge mca cmov pat pse36 clflush dts acpi mmx fxsr sse sse2 ss ht tm pbe syscall nx rdtscp lm constant_tsc arch_perfmon pebs bts rep_good nopl xtopology nonstop_tsc aperfmperf eagerfpu pni pclmulqdq dtes64 monitor ds_cpl vmx est tm2 ssse3 cx16 xtpr pdcm pcid sse4_1 sse4_2 x2apic popcnt tsc_deadline_timer aes xsave avx f16c rdrand lahf_lm ida arat epb xsaveopt pln pts dtherm tpr_shadow vnmi flexpriority ept vpid fsgsbase smep erms
bogomips	: 4190.11
clflush size	: 64
cache_alignment	: 64
address sizes	: 36 bits physical, 48 bits virtual
power management:

processor	: 4
vendor_id	: GenuineIntel
cpu family	: 6
model		: 58
model name	: Intel(R) Core(TM) i7-3612QM CPU @ 2.10GHz
stepping	: 9
microcode	: 0x15
cpu MHz		: 2101.000
cache size	: 6144 KB
physical id	: 0
siblings	: 8
core id		: 2
cpu cores	: 4
apicid		: 4
initial apicid	: 4
fpu		: yes
fpu_exception	: yes
cpuid level	: 13
wp		: yes
flags		: fpu vme de pse tsc msr pae mce cx8 apic sep mtrr pge mca cmov pat pse36 clflush dts acpi mmx fxsr sse sse2 ss ht tm pbe syscall nx rdtscp lm constant_tsc arch_perfmon pebs bts rep_good nopl xtopology nonstop_tsc aperfmperf eagerfpu pni pclmulqdq dtes64 monitor ds_cpl vmx est tm2 ssse3 cx16 xtpr pdcm pcid sse4_1 sse4_2 x2apic popcnt tsc_deadline_timer aes xsave avx f16c rdrand lahf_lm ida arat epb xsaveopt pln pts dtherm tpr_shadow vnmi flexpriority ept vpid fsgsbase smep erms
bogomips	: 4190.11
clflush size	: 64
cache_alignment	: 64
address sizes	: 36 bits physical, 48 bits virtual
power management:

processor	: 5
vendor_id	: GenuineIntel
cpu family	: 6
model		: 58
model name	: Intel(R) Core(TM) i7-3612QM CPU @ 2.10GHz
stepping	: 9
microcode	: 0x15
cpu MHz		: 2101.000
cache size	: 6144 KB
physical id	: 0
siblings	: 8
core id		: 2
cpu cores	: 4
apicid		: 5
initial apicid	: 5
fpu		: yes
fpu_exception	: yes
cpuid level	: 13
wp		: yes
flags		: fpu vme de pse tsc msr pae mce cx8 apic sep mtrr pge mca cmov pat pse36 clflush dts acpi mmx fxsr sse sse2 ss ht tm pbe syscall nx rdtscp lm constant_tsc arch_perfmon pebs bts rep_good nopl xtopology nonstop_tsc aperfmperf eagerfpu pni pclmulqdq dtes64 monitor ds_cpl vmx est tm2 ssse3 cx16 xtpr pdcm pcid sse4_1 sse4_2 x2apic popcnt tsc_deadline_timer aes xsave avx f16c rdrand lahf_lm ida arat epb xsaveopt pln pts dtherm tpr_shadow vnmi flexpriority ept vpid fsgsbase smep erms
bogomips	: 4190.11
clflush size	: 64
cache_alignment	: 64
address sizes	: 36 bits physical, 48 bits virtual
power management:

processor	: 6
vendor_id	: GenuineIntel
cpu family	: 6
model		: 58
model name	: Intel(R) Core(TM) i7-3612QM CPU @ 2.10GHz
stepping	: 9
microcode	: 0x15
cpu MHz		: 2101.000
cache size	: 6144 KB
physical id	: 0
siblings	: 8
core id		: 3
cpu cores	: 4
apicid		: 6
initial apicid	: 6
fpu		: yes
fpu_exception	: yes
cpuid level	: 13
wp		: yes
flags		: fpu vme de pse tsc msr pae mce cx8 apic sep mtrr pge mca cmov pat pse36 clflush dts acpi mmx fxsr sse sse2 ss ht tm pbe syscall nx rdtscp lm constant_tsc arch_perfmon pebs bts rep_good nopl xtopology nonstop_tsc aperfmperf eagerfpu pni pclmulqdq dtes64 monitor ds_cpl vmx est tm2 ssse3 cx16 xtpr pdcm pcid sse4_1 sse4_2 x2apic popcnt tsc_deadline_timer aes xsave avx f16c rdrand lahf_lm ida arat epb xsaveopt pln pts dtherm tpr_shadow vnmi flexpriority ept vpid fsgsbase smep erms
bogomips	: 4190.11
clflush size	: 64
cache_alignment	: 64
address sizes	: 36 bits physical, 48 bits virtual
power management:

processor	: 7
vendor_id	: GenuineIntel
cpu family	: 6
model		: 58
model name	: Intel(R) Core(TM) i7-3612QM CPU @ 2.10GHz
stepping	: 9
microcode	: 0x15
cpu MHz		: 2101.000
cache size	: 6144 KB
physical id	: 0
siblings	: 8
core id		: 3
cpu cores	: 4
apicid		: 7
initial apicid	: 7
fpu		: yes
fpu_exception	: yes
cpuid level	: 13
wp		: yes
flags		: fpu vme de pse tsc msr pae mce cx8 apic sep mtrr pge mca cmov pat pse36 clflush dts acpi mmx fxsr sse sse2 ss ht tm pbe syscall nx rdtscp lm constant_tsc arch_perfmon pebs bts rep_good nopl xtopology nonstop_tsc aperfmperf eagerfpu pni pclmulqdq dtes64 monitor ds_cpl vmx est tm2 ssse3 cx16 xtpr pdcm pcid sse4_1 sse4_2 x2apic popcnt tsc_deadline_timer aes xsave avx f16c rdrand lahf_lm ida arat epb xsaveopt pln pts dtherm tpr_shadow vnmi flexpriority ept vpid fsgsbase smep erms
bogomips	: 4190.11
clflush size	: 64
cache_alignment	: 64
address sizes	: 36 bits physical, 48 bits virtual
power management:



Memory: 4k page, physical 8049056k(2709296k free), swap 0k(0k free)

vm_info: Java HotSpot(TM) 64-Bit Server VM (25.45-b02) for linux-amd64 JRE (1.8.0_45-b14), built on Apr 10 2015 10:07:45 by "java_re" with gcc 4.3.0 20080428 (Red Hat 4.3.0-8)

time: Wed May  6 06:14:04 2015
elapsed time: 1 seconds (0d 0h 0m 1s)

