#
# A fatal error has been detected by the Java Runtime Environment:
#
#  SIGBUS (0x7) at pc=0x00007f5409be47d2, pid=21411, tid=139997911586560
#
# JRE version: Java(TM) SE Runtime Environment (8.0_45-b14) (build 1.8.0_45-b14)
# Java VM: Java HotSpot(TM) 64-Bit Server VM (25.45-b02 mixed mode linux-amd64 compressed oops)
# Problematic frame:
# C  [libzip.so+0x117d2]  newEntry+0x62
#
# Failed to write core dump. Core dumps have been disabled. To enable core dumping, try "ulimit -c unlimited" before starting Java again
#
# If you would like to submit a bug report, please visit:
#   http://bugreport.java.com/bugreport/crash.jsp
# The crash happened outside the Java Virtual Machine in native code.
# See problematic frame for where to report the bug.
#

---------------  T H R E A D  ---------------

Current thread (0x00007f540420f800):  JavaThread "qtp1078694789-16" [_thread_in_native, id=21444, stack(0x00007f53cdba1000,0x00007f53cdca2000)]

siginfo: si_signo: 7 (SIGBUS), si_code: 2 (BUS_ADRERR), si_addr: 0x00007f53cd7eaa5a

Registers:
RAX=0x00007f53940468b0, RBX=0x00007f540428d410, RCX=0x00007f5394000020, RDX=0x00007f53940468b0
RSP=0x00007f53cdc9f930, RBP=0x00007f53cdc9f980, RSI=0x00007f5394000038, RDI=0x00007f5394000020
R8 =0x0000000000000003, R9 =0x0000000000000005, R10=0x00007f53f517e218, R11=0x00007f540c0c2a30
R12=0x00007f53cd7eaa3d, R13=0x00007f53940468b0, R14=0x00000000e0a775ce, R15=0x00007f540428a190
RIP=0x00007f5409be47d2, EFLAGS=0x0000000000010202, CSGSFS=0x09f5000000000033, ERR=0x0000000000000004
  TRAPNO=0x000000000000000e

Top of Stack: (sp=0x00007f53cdc9f930)
0x00007f53cdc9f930:   00007f53cdc9f960 00007f5400000000
0x00007f53cdc9f940:   00000001000007a8 00007f540b83d42e
0x00007f53cdc9f950:   00007f53940468b0 00007f540428d410
0x00007f53cdc9f960:   00007f53940322f0 00007f540428a190
0x00007f53cdc9f970:   00000000e0a775ce 000000000000004b
0x00007f53cdc9f980:   00007f53cdc9f9e0 00007f5409be4f2f
0x00007f53cdc9f990:   00007f540420f800 0100000000000000
0x00007f53cdc9f9a0:   00007f53cdc9fa00 00007f53cdc9fa4c
0x00007f53cdc9f9b0:   00007f53cdc9fa4a 00007f53cdc9fa00
0x00007f53cdc9f9c0:   000000000000004b 00007f540420f9f8
0x00007f53cdc9f9d0:   00007f53cdc9fe58 0000000000000001
0x00007f53cdc9f9e0:   00007f53cdc9fe40 00007f5409bd6d30
0x00007f53cdc9f9f0:   0000000000000000 00007f540428a190
0x00007f53cdc9fa00:   646161762f6d6f63 2f617461642f6e69
0x00007f53cdc9fa10:   6f7267646c656966 646c6569462f7075
0x00007f53cdc9fa20:   69462470756f7247 70756f7247646c65
0x00007f53cdc9fa30:   5664696c61766e49 6563784565756c61
0x00007f53cdc9fa40:   6c632e6e6f697470 0000000000737361
0x00007f53cdc9fa50:   00000000df208160 00000000855693c8
0x00007f53cdc9fa60:   00007f5300001fa0 00007f540420ffe8
0x00007f53cdc9fa70:   00007f540420f800 00007f540420ffe8
0x00007f53cdc9fa80:   00007f53cdc9fae0 00007f540b86cb0b
0x00007f53cdc9fa90:   01007f540bf0c740 00007f538c003180
0x00007f53cdc9faa0:   00007f538c003160 00007f540420ffe8
0x00007f53cdc9fab0:   0000000000000066 00007f53cdc9fd20
0x00007f53cdc9fac0:   00007f53cdc9faf0 00007f53cdc9fd20
0x00007f53cdc9fad0:   00007f53cdc9faf0 00000000d73203a8
0x00007f53cdc9fae0:   00007f53cdc9fb10 00007f540b347c23
0x00007f53cdc9faf0:   00007f540420f800 00007f540420f800
0x00007f53cdc9fb00:   00000000df2015a0 0000000000000000
0x00007f53cdc9fb10:   00007f53cdc9fcf0 00007f53f50f01de
0x00007f53cdc9fb20:   00007f53cdca04c0 00007f53cdc9fad8 

Instructions: (pc=0x00007f5409be47d2)
0x00007f5409be47b2:   00 48 c7 40 28 00 00 00 00 41 80 7f 30 00 0f 84
0x00007f5409be47c2:   8a 02 00 00 4c 8b 63 08 4d 2b 67 28 4d 03 67 18
0x00007f5409be47d2:   41 0f b6 5c 24 1d 41 0f b6 44 24 1c c1 e3 08 09
0x00007f5409be47e2:   c3 41 0f b6 44 24 1e 88 45 bd 41 0f b6 54 24 20 

Register to memory mapping:

RAX=0x00007f53940468b0 is an unknown value
RBX=0x00007f540428d410 is an unknown value
RCX=0x00007f5394000020 is an unknown value
RDX=0x00007f53940468b0 is an unknown value
RSP=0x00007f53cdc9f930 is pointing into the stack for thread: 0x00007f540420f800
RBP=0x00007f53cdc9f980 is pointing into the stack for thread: 0x00007f540420f800
RSI=0x00007f5394000038 is an unknown value
RDI=0x00007f5394000020 is an unknown value
R8 =0x0000000000000003 is an unknown value
R9 =0x0000000000000005 is an unknown value
R10=0x00007f53f517e218 is at entry_point+88 in (nmethod*)0x00007f53f517e050
R11=0x00007f540c0c2a30: <offset 0x187a30> in /lib/x86_64-linux-gnu/libc.so.6 at 0x00007f540bf3b000
R12=0x00007f53cd7eaa3d is an unknown value
R13=0x00007f53940468b0 is an unknown value
R14=0x00000000e0a775ce is an unallocated location in the heap
R15=0x00007f540428a190 is an unknown value


Stack: [0x00007f53cdba1000,0x00007f53cdca2000],  sp=0x00007f53cdc9f930,  free space=1018k
Native frames: (J=compiled Java code, j=interpreted, Vv=VM code, C=native code)
C  [libzip.so+0x117d2]  newEntry+0x62
C  [libzip.so+0x11f2f]  ZIP_GetEntry2+0xff
C  [libzip.so+0x3d30]  Java_java_util_zip_ZipFile_getEntry+0xf0
J 216  java.util.zip.ZipFile.getEntry(J[BZ)J (0 bytes) @ 0x00007f53f517e28e [0x00007f53f517e1c0+0xce]
J 579 C1 java.util.zip.ZipFile.getEntry(Ljava/lang/String;)Ljava/util/zip/ZipEntry; (86 bytes) @ 0x00007f53f52a9fcc [0x00007f53f52a9d60+0x26c]
J 798 C1 sun.net.www.protocol.jar.URLJarFile.getEntry(Ljava/lang/String;)Ljava/util/zip/ZipEntry; (69 bytes) @ 0x00007f53f5383274 [0x00007f53f53831a0+0xd4]
J 744 C1 sun.net.www.protocol.jar.JarURLConnection.connect()V (147 bytes) @ 0x00007f53f5342b5c [0x00007f53f5342680+0x4dc]
J 816 C1 sun.net.www.protocol.jar.JarURLConnection.getJarFile()Ljava/util/jar/JarFile; (9 bytes) @ 0x00007f53f538b484 [0x00007f53f538b400+0x84]
J 803 C1 org.eclipse.jetty.util.resource.JarFileResource.newConnection()V (108 bytes) @ 0x00007f53f5388da4 [0x00007f53f5388580+0x824]
J 718 C1 org.eclipse.jetty.util.resource.JarResource.checkConnection()Z (51 bytes) @ 0x00007f53f5345a9c [0x00007f53f5345860+0x23c]
J 738 C1 org.eclipse.jetty.util.resource.JarFileResource.checkConnection()Z (78 bytes) @ 0x00007f53f534abcc [0x00007f53f534aa80+0x14c]
J 858 C1 org.eclipse.jetty.util.resource.JarResource.getInputStream()Ljava/io/InputStream; (62 bytes) @ 0x00007f53f53b3114 [0x00007f53f53b3000+0x114]
J 680 C1 org.eclipse.jetty.annotations.AnnotationParser.parseJarEntry(Ljava/util/Set;Lorg/eclipse/jetty/util/resource/Resource;Ljava/util/jar/JarEntry;Lorg/eclipse/jetty/annotations/ClassNameResolver;)V (181 bytes) @ 0x00007f53f5320fbc [0x00007f53f531f7e0+0x17dc]
j  org.eclipse.jetty.annotations.AnnotationParser.parseJar(Ljava/util/Set;Lorg/eclipse/jetty/util/resource/Resource;Lorg/eclipse/jetty/annotations/ClassNameResolver;)V+96
j  org.eclipse.jetty.annotations.AnnotationParser.parse(Ljava/util/Set;Lorg/eclipse/jetty/util/resource/Resource;Lorg/eclipse/jetty/annotations/ClassNameResolver;)V+47
j  org.eclipse.jetty.annotations.AnnotationConfiguration$ParserTask.call()Ljava/lang/Void;+37
j  org.eclipse.jetty.annotations.AnnotationConfiguration$1.run()V+4
j  org.eclipse.jetty.util.thread.QueuedThreadPool.runJob(Ljava/lang/Runnable;)V+1
j  org.eclipse.jetty.util.thread.QueuedThreadPool$3.run()V+73
j  java.lang.Thread.run()V+11
v  ~StubRoutines::call_stub
V  [libjvm.so+0x681a26]  JavaCalls::call_helper(JavaValue*, methodHandle*, JavaCallArguments*, Thread*)+0x1056
V  [libjvm.so+0x681f31]  JavaCalls::call_virtual(JavaValue*, KlassHandle, Symbol*, Symbol*, JavaCallArguments*, Thread*)+0x321
V  [libjvm.so+0x6823d7]  JavaCalls::call_virtual(JavaValue*, Handle, KlassHandle, Symbol*, Symbol*, Thread*)+0x47
V  [libjvm.so+0x718280]  thread_entry(JavaThread*, Thread*)+0xa0
V  [libjvm.so+0xa5c86f]  JavaThread::thread_main_inner()+0xdf
V  [libjvm.so+0xa5c99c]  JavaThread::run()+0x11c
V  [libjvm.so+0x910de8]  java_start(Thread*)+0x108
C  [libpthread.so.0+0x8182]  start_thread+0xc2

Java frames: (J=compiled Java code, j=interpreted, Vv=VM code)
J 216  java.util.zip.ZipFile.getEntry(J[BZ)J (0 bytes) @ 0x00007f53f517e218 [0x00007f53f517e1c0+0x58]
J 579 C1 java.util.zip.ZipFile.getEntry(Ljava/lang/String;)Ljava/util/zip/ZipEntry; (86 bytes) @ 0x00007f53f52a9fcc [0x00007f53f52a9d60+0x26c]
J 798 C1 sun.net.www.protocol.jar.URLJarFile.getEntry(Ljava/lang/String;)Ljava/util/zip/ZipEntry; (69 bytes) @ 0x00007f53f5383274 [0x00007f53f53831a0+0xd4]
J 744 C1 sun.net.www.protocol.jar.JarURLConnection.connect()V (147 bytes) @ 0x00007f53f5342b5c [0x00007f53f5342680+0x4dc]
J 816 C1 sun.net.www.protocol.jar.JarURLConnection.getJarFile()Ljava/util/jar/JarFile; (9 bytes) @ 0x00007f53f538b484 [0x00007f53f538b400+0x84]
J 803 C1 org.eclipse.jetty.util.resource.JarFileResource.newConnection()V (108 bytes) @ 0x00007f53f5388da4 [0x00007f53f5388580+0x824]
J 718 C1 org.eclipse.jetty.util.resource.JarResource.checkConnection()Z (51 bytes) @ 0x00007f53f5345a9c [0x00007f53f5345860+0x23c]
J 738 C1 org.eclipse.jetty.util.resource.JarFileResource.checkConnection()Z (78 bytes) @ 0x00007f53f534abcc [0x00007f53f534aa80+0x14c]
J 858 C1 org.eclipse.jetty.util.resource.JarResource.getInputStream()Ljava/io/InputStream; (62 bytes) @ 0x00007f53f53b3114 [0x00007f53f53b3000+0x114]
J 680 C1 org.eclipse.jetty.annotations.AnnotationParser.parseJarEntry(Ljava/util/Set;Lorg/eclipse/jetty/util/resource/Resource;Ljava/util/jar/JarEntry;Lorg/eclipse/jetty/annotations/ClassNameResolver;)V (181 bytes) @ 0x00007f53f5320fbc [0x00007f53f531f7e0+0x17dc]
j  org.eclipse.jetty.annotations.AnnotationParser.parseJar(Ljava/util/Set;Lorg/eclipse/jetty/util/resource/Resource;Lorg/eclipse/jetty/annotations/ClassNameResolver;)V+96
j  org.eclipse.jetty.annotations.AnnotationParser.parse(Ljava/util/Set;Lorg/eclipse/jetty/util/resource/Resource;Lorg/eclipse/jetty/annotations/ClassNameResolver;)V+47
j  org.eclipse.jetty.annotations.AnnotationConfiguration$ParserTask.call()Ljava/lang/Void;+37
j  org.eclipse.jetty.annotations.AnnotationConfiguration$1.run()V+4
j  org.eclipse.jetty.util.thread.QueuedThreadPool.runJob(Ljava/lang/Runnable;)V+1
j  org.eclipse.jetty.util.thread.QueuedThreadPool$3.run()V+73
j  java.lang.Thread.run()V+11
v  ~StubRoutines::call_stub

---------------  P R O C E S S  ---------------

Java Threads: ( => current thread )
  0x00007f5384001000 JavaThread "qtp1078694789-22" [_thread_in_Java, id=21462, stack(0x00007f53cd5a8000,0x00007f53cd6a9000)]
  0x00007f5404214800 JavaThread "qtp1078694789-19" [_thread_in_native, id=21447, stack(0x00007f53cd89e000,0x00007f53cd99f000)]
  0x00007f5404213000 JavaThread "qtp1078694789-18" [_thread_in_native, id=21446, stack(0x00007f53cd99f000,0x00007f53cdaa0000)]
  0x00007f5404211000 JavaThread "qtp1078694789-17" [_thread_blocked, id=21445, stack(0x00007f53cdaa0000,0x00007f53cdba1000)]
=>0x00007f540420f800 JavaThread "qtp1078694789-16" [_thread_in_native, id=21444, stack(0x00007f53cdba1000,0x00007f53cdca2000)]
  0x00007f540420e000 JavaThread "qtp1078694789-15" [_thread_blocked, id=21443, stack(0x00007f53cdca2000,0x00007f53cdda3000)]
  0x00007f540420c000 JavaThread "qtp1078694789-14" [_thread_blocked, id=21442, stack(0x00007f53cdda3000,0x00007f53cdea4000)]
  0x00007f540420a800 JavaThread "qtp1078694789-13" [_thread_blocked, id=21441, stack(0x00007f53cdea4000,0x00007f53cdfa5000)]
  0x00007f5404209000 JavaThread "qtp1078694789-12" [_thread_blocked, id=21440, stack(0x00007f53cdfa5000,0x00007f53ce0a6000)]
  0x00007f54040d5800 JavaThread "Service Thread" daemon [_thread_blocked, id=21438, stack(0x00007f53ce3b0000,0x00007f53ce4b1000)]
  0x00007f54040c8000 JavaThread "C1 CompilerThread3" daemon [_thread_blocked, id=21437, stack(0x00007f53ce4b1000,0x00007f53ce5b2000)]
  0x00007f54040c6000 JavaThread "C2 CompilerThread2" daemon [_thread_in_native, id=21436, stack(0x00007f53ce5b2000,0x00007f53ce6b3000)]
  0x00007f54040c4000 JavaThread "C2 CompilerThread1" daemon [_thread_in_native, id=21435, stack(0x00007f53ce6b3000,0x00007f53ce7b4000)]
  0x00007f54040c1800 JavaThread "C2 CompilerThread0" daemon [_thread_in_native, id=21434, stack(0x00007f53ce7b4000,0x00007f53ce8b5000)]
  0x00007f54040c0000 JavaThread "Signal Dispatcher" daemon [_thread_blocked, id=21433, stack(0x00007f53ce8b5000,0x00007f53ce9b6000)]
  0x00007f5404087000 JavaThread "Finalizer" daemon [_thread_blocked, id=21432, stack(0x00007f53cedee000,0x00007f53ceeef000)]
  0x00007f5404085000 JavaThread "Reference Handler" daemon [_thread_blocked, id=21431, stack(0x00007f53ceeef000,0x00007f53ceff0000)]
  0x00007f5404009800 JavaThread "main" [_thread_blocked, id=21415, stack(0x00007f540ca2c000,0x00007f540cb2d000)]

Other Threads:
  0x00007f540407f800 VMThread [stack: 0x00007f53ceff0000,0x00007f53cf0f1000] [id=21424]
  0x00007f54040d8000 WatcherThread [stack: 0x00007f53ce2af000,0x00007f53ce3b0000] [id=21439]

VM state:not at safepoint (normal execution)

VM Mutex/Monitor currently owned by a thread: None

Heap:
 PSYoungGen      total 132096K, used 21429K [0x00000000d7100000, 0x00000000df700000, 0x0000000100000000)
  eden space 126976K, 12% used [0x00000000d7100000,0x00000000d80f04a0,0x00000000ded00000)
  from space 5120K, 99% used [0x00000000df200000,0x00000000df6fd0e0,0x00000000df700000)
  to   space 5120K, 0% used [0x00000000ded00000,0x00000000ded00000,0x00000000df200000)
 ParOldGen       total 84992K, used 13083K [0x0000000085200000, 0x000000008a500000, 0x00000000d7100000)
  object space 84992K, 15% used [0x0000000085200000,0x0000000085ec6d88,0x000000008a500000)
 Metaspace       used 8276K, capacity 8388K, committed 8704K, reserved 1056768K
  class space    used 898K, capacity 944K, committed 1024K, reserved 1048576K

Card table byte_map: [0x00007f540943b000,0x00007f5409813000] byte_map_base: 0x00007f5409012000

Marking Bits: (ParMarkBitMap*) 0x00007f540bf10760
 Begin Bits: [0x00007f53e0290000, 0x00007f53e2148000)
 End Bits:   [0x00007f53e2148000, 0x00007f53e4000000)

Polling page: 0x00007f540cb57000

CodeCache: size=245760Kb used=4000Kb max_used=4000Kb free=241759Kb
 bounds [0x00007f53f5000000, 0x00007f53f53f0000, 0x00007f5404000000]
 total_blobs=1224 nmethods=914 adapters=223
 compilation: enabled

Compilation events (10 events):
Event: 1,447 Thread 0x00007f54040c8000  915       3       org.eclipse.jetty.annotations.WebFilterAnnotationHandler::handle (40 bytes)
Event: 1,447 Thread 0x00007f54040c8000 nmethod 915 0x00007f53f53da410 code [0x00007f53f53da5c0, 0x00007f53f53daae8]
Event: 1,454 Thread 0x00007f54040c8000  916       3       java.util.concurrent.ConcurrentHashMap::sumCount (48 bytes)
Event: 1,455 Thread 0x00007f54040c8000 nmethod 916 0x00007f53f53ccbd0 code [0x00007f53f53ccd40, 0x00007f53f53ccff0]
Event: 1,491 Thread 0x00007f54040c8000  918       3       org.objectweb.asm.Type::getArgumentTypes (131 bytes)
Event: 1,493 Thread 0x00007f54040c8000 nmethod 918 0x00007f53f53e5d50 code [0x00007f53f53e5f20, 0x00007f53f53e67f8]
Event: 1,581 Thread 0x00007f54040c8000  920       3       java.util.jar.JarInputStream::read (48 bytes)
Event: 1,582 Thread 0x00007f54040c8000 nmethod 920 0x00007f53f53e6b90 code [0x00007f53f53e6d20, 0x00007f53f53e6fd8]
Event: 1,582 Thread 0x00007f54040c8000  921       3       java.util.zip.ZipInputStream::read (304 bytes)
Event: 1,585 Thread 0x00007f54040c8000 nmethod 921 0x00007f53f53e70d0 code [0x00007f53f53e7420, 0x00007f53f53e8c18]

GC Heap History (8 events):
Event: 0,417 GC heap before
{Heap before GC invocations=1 (full 0):
 PSYoungGen      total 36864K, used 31744K [0x00000000d7100000, 0x00000000d9a00000, 0x0000000100000000)
  eden space 31744K, 100% used [0x00000000d7100000,0x00000000d9000000,0x00000000d9000000)
  from space 5120K, 0% used [0x00000000d9500000,0x00000000d9500000,0x00000000d9a00000)
  to   space 5120K, 0% used [0x00000000d9000000,0x00000000d9000000,0x00000000d9500000)
 ParOldGen       total 84992K, used 0K [0x0000000085200000, 0x000000008a500000, 0x00000000d7100000)
  object space 84992K, 0% used [0x0000000085200000,0x0000000085200000,0x000000008a500000)
 Metaspace       used 7119K, capacity 7236K, committed 7552K, reserved 1056768K
  class space    used 798K, capacity 816K, committed 896K, reserved 1048576K
Event: 0,422 GC heap after
Heap after GC invocations=1 (full 0):
 PSYoungGen      total 36864K, used 2884K [0x00000000d7100000, 0x00000000db900000, 0x0000000100000000)
  eden space 31744K, 0% used [0x00000000d7100000,0x00000000d7100000,0x00000000d9000000)
  from space 5120K, 56% used [0x00000000d9000000,0x00000000d92d1300,0x00000000d9500000)
  to   space 5120K, 0% used [0x00000000db400000,0x00000000db400000,0x00000000db900000)
 ParOldGen       total 84992K, used 72K [0x0000000085200000, 0x000000008a500000, 0x00000000d7100000)
  object space 84992K, 0% used [0x0000000085200000,0x0000000085212010,0x000000008a500000)
 Metaspace       used 7119K, capacity 7236K, committed 7552K, reserved 1056768K
  class space    used 798K, capacity 816K, committed 896K, reserved 1048576K
}
Event: 0,492 GC heap before
{Heap before GC invocations=2 (full 0):
 PSYoungGen      total 36864K, used 34628K [0x00000000d7100000, 0x00000000db900000, 0x0000000100000000)
  eden space 31744K, 100% used [0x00000000d7100000,0x00000000d9000000,0x00000000d9000000)
  from space 5120K, 56% used [0x00000000d9000000,0x00000000d92d1300,0x00000000d9500000)
  to   space 5120K, 0% used [0x00000000db400000,0x00000000db400000,0x00000000db900000)
 ParOldGen       total 84992K, used 72K [0x0000000085200000, 0x000000008a500000, 0x00000000d7100000)
  object space 84992K, 0% used [0x0000000085200000,0x0000000085212010,0x000000008a500000)
 Metaspace       used 7149K, capacity 7236K, committed 7552K, reserved 1056768K
  class space    used 798K, capacity 816K, committed 896K, reserved 1048576K
Event: 0,495 GC heap after
Heap after GC invocations=2 (full 0):
 PSYoungGen      total 68608K, used 1552K [0x00000000d7100000, 0x00000000db900000, 0x0000000100000000)
  eden space 63488K, 0% used [0x00000000d7100000,0x00000000d7100000,0x00000000daf00000)
  from space 5120K, 30% used [0x00000000db400000,0x00000000db584020,0x00000000db900000)
  to   space 5120K, 0% used [0x00000000daf00000,0x00000000daf00000,0x00000000db400000)
 ParOldGen       total 84992K, used 80K [0x0000000085200000, 0x000000008a500000, 0x00000000d7100000)
  object space 84992K, 0% used [0x0000000085200000,0x0000000085214010,0x000000008a500000)
 Metaspace       used 7149K, capacity 7236K, committed 7552K, reserved 1056768K
  class space    used 798K, capacity 816K, committed 896K, reserved 1048576K
}
Event: 0,737 GC heap before
{Heap before GC invocations=3 (full 0):
 PSYoungGen      total 68608K, used 65040K [0x00000000d7100000, 0x00000000db900000, 0x0000000100000000)
  eden space 63488K, 100% used [0x00000000d7100000,0x00000000daf00000,0x00000000daf00000)
  from space 5120K, 30% used [0x00000000db400000,0x00000000db584020,0x00000000db900000)
  to   space 5120K, 0% used [0x00000000daf00000,0x00000000daf00000,0x00000000db400000)
 ParOldGen       total 84992K, used 160K [0x0000000085200000, 0x000000008a500000, 0x00000000d7100000)
  object space 84992K, 0% used [0x0000000085200000,0x00000000852281c8,0x000000008a500000)
 Metaspace       used 7980K, capacity 8036K, committed 8192K, reserved 1056768K
  class space    used 887K, capacity 912K, committed 1024K, reserved 1048576K
Event: 0,742 GC heap after
Heap after GC invocations=3 (full 0):
 PSYoungGen      total 68608K, used 2591K [0x00000000d7100000, 0x00000000df700000, 0x0000000100000000)
  eden space 63488K, 0% used [0x00000000d7100000,0x00000000d7100000,0x00000000daf00000)
  from space 5120K, 50% used [0x00000000daf00000,0x00000000db187f88,0x00000000db400000)
  to   space 5120K, 0% used [0x00000000df200000,0x00000000df200000,0x00000000df700000)
 ParOldGen       total 84992K, used 168K [0x0000000085200000, 0x000000008a500000, 0x00000000d7100000)
  object space 84992K, 0% used [0x0000000085200000,0x000000008522a1c8,0x000000008a500000)
 Metaspace       used 7980K, capacity 8036K, committed 8192K, reserved 1056768K
  class space    used 887K, capacity 912K, committed 1024K, reserved 1048576K
}
Event: 1,521 GC heap before
{Heap before GC invocations=4 (full 0):
 PSYoungGen      total 68608K, used 66079K [0x00000000d7100000, 0x00000000df700000, 0x0000000100000000)
  eden space 63488K, 100% used [0x00000000d7100000,0x00000000daf00000,0x00000000daf00000)
  from space 5120K, 50% used [0x00000000daf00000,0x00000000db187f88,0x00000000db400000)
  to   space 5120K, 0% used [0x00000000df200000,0x00000000df200000,0x00000000df700000)
 ParOldGen       total 84992K, used 181K [0x0000000085200000, 0x000000008a500000, 0x00000000d7100000)
  object space 84992K, 0% used [0x0000000085200000,0x000000008522d4f8,0x000000008a500000)
 Metaspace       used 8274K, capacity 8388K, committed 8704K, reserved 1056768K
  class space    used 897K, capacity 944K, committed 1024K, reserved 1048576K
Event: 1,538 GC heap after
Heap after GC invocations=4 (full 0):
 PSYoungGen      total 132096K, used 5108K [0x00000000d7100000, 0x00000000df700000, 0x0000000100000000)
  eden space 126976K, 0% used [0x00000000d7100000,0x00000000d7100000,0x00000000ded00000)
  from space 5120K, 99% used [0x00000000df200000,0x00000000df6fd0e0,0x00000000df700000)
  to   space 5120K, 0% used [0x00000000ded00000,0x00000000ded00000,0x00000000df200000)
 ParOldGen       total 84992K, used 13083K [0x0000000085200000, 0x000000008a500000, 0x00000000d7100000)
  object space 84992K, 15% used [0x0000000085200000,0x0000000085ec6d88,0x000000008a500000)
 Metaspace       used 8274K, capacity 8388K, committed 8704K, reserved 1056768K
  class space    used 897K, capacity 944K, committed 1024K, reserved 1048576K
}

Deoptimization events (10 events):
Event: 0,615 Thread 0x00007f5404009800 Uncommon trap: reason=unstable_if action=reinterpret pc=0x00007f53f52254bc method=sun.util.calendar.AbstractCalendar.getCalendarDate(JLsun/util/calendar/CalendarDate;)Lsun/util/calendar/CalendarDate; @ 138
Event: 0,616 Thread 0x00007f5404009800 Uncommon trap: reason=unstable_if action=reinterpret pc=0x00007f53f521b428 method=sun.util.calendar.AbstractCalendar.getCalendarDate(JLsun/util/calendar/CalendarDate;)Lsun/util/calendar/CalendarDate; @ 138
Event: 0,616 Thread 0x00007f5404009800 Uncommon trap: reason=unstable_if action=reinterpret pc=0x00007f53f523bc30 method=sun.util.calendar.AbstractCalendar.getCalendarDate(JLsun/util/calendar/CalendarDate;)Lsun/util/calendar/CalendarDate; @ 138
Event: 0,616 Thread 0x00007f5404009800 Uncommon trap: reason=unstable_if action=reinterpret pc=0x00007f53f524d8a4 method=sun.util.calendar.AbstractCalendar.getCalendarDate(JLsun/util/calendar/CalendarDate;)Lsun/util/calendar/CalendarDate; @ 138
Event: 0,616 Thread 0x00007f5404009800 Uncommon trap: reason=unstable_if action=reinterpret pc=0x00007f53f5241200 method=sun.util.calendar.AbstractCalendar.getCalendarDate(JLsun/util/calendar/CalendarDate;)Lsun/util/calendar/CalendarDate; @ 138
Event: 0,616 Thread 0x00007f5404009800 Uncommon trap: reason=unstable_if action=reinterpret pc=0x00007f53f523f9f0 method=sun.util.calendar.AbstractCalendar.getCalendarDate(JLsun/util/calendar/CalendarDate;)Lsun/util/calendar/CalendarDate; @ 138
Event: 1,186 Thread 0x00007f540420a800 Uncommon trap: reason=unstable_if action=reinterpret pc=0x00007f53f5349da0 method=org.objectweb.asm.ClassReader.a(II[C)Ljava/lang/String; @ 77
Event: 1,218 Thread 0x00007f540420a800 Uncommon trap: reason=unstable_if action=reinterpret pc=0x00007f53f5341ca8 method=org.objectweb.asm.ClassReader.a(II[C)Ljava/lang/String; @ 77
Event: 1,581 Thread 0x00007f540420c000 Uncommon trap: reason=unstable_if action=reinterpret pc=0x00007f53f533b704 method=java.io.PushbackInputStream.read([BII)I @ 122
Event: 1,581 Thread 0x00007f540420c000 Uncommon trap: reason=unstable_if action=reinterpret pc=0x00007f53f53359e8 method=java.io.PushbackInputStream.read([BII)I @ 122

Internal exceptions (8 events):
Event: 0,029 Thread 0x00007f5404009800 Exception <a 'java/lang/NoSuchMethodError': Method sun.misc.Unsafe.defineClass(Ljava/lang/String;[BII)Ljava/lang/Class; name or signature does not match> (0x00000000d7112a38) thrown at [/RE-WORK/workspace/8-2-build-linux-amd64/jdk8u45/3457/hotspot/src/sha
Event: 0,029 Thread 0x00007f5404009800 Exception <a 'java/lang/NoSuchMethodError': Method sun.misc.Unsafe.prefetchRead(Ljava/lang/Object;J)V name or signature does not match> (0x00000000d7112cc8) thrown at [/RE-WORK/workspace/8-2-build-linux-amd64/jdk8u45/3457/hotspot/src/share/vm/prims/jni.cp
Event: 0,090 Thread 0x00007f5404009800 Exception <a 'java/security/PrivilegedActionException'> (0x00000000d737e6d0) thrown at [/RE-WORK/workspace/8-2-build-linux-amd64/jdk8u45/3457/hotspot/src/share/vm/prims/jvm.cpp, line 1382]
Event: 0,090 Thread 0x00007f5404009800 Exception <a 'java/security/PrivilegedActionException'> (0x00000000d737e888) thrown at [/RE-WORK/workspace/8-2-build-linux-amd64/jdk8u45/3457/hotspot/src/share/vm/prims/jvm.cpp, line 1382]
Event: 0,090 Thread 0x00007f5404009800 Exception <a 'java/security/PrivilegedActionException'> (0x00000000d7380cd0) thrown at [/RE-WORK/workspace/8-2-build-linux-amd64/jdk8u45/3457/hotspot/src/share/vm/prims/jvm.cpp, line 1382]
Event: 0,090 Thread 0x00007f5404009800 Exception <a 'java/security/PrivilegedActionException'> (0x00000000d7380e88) thrown at [/RE-WORK/workspace/8-2-build-linux-amd64/jdk8u45/3457/hotspot/src/share/vm/prims/jvm.cpp, line 1382]
Event: 0,099 Thread 0x00007f5404009800 Exception <a 'java/lang/NoClassDefFoundError': org/slf4j/Logger> (0x00000000d738d918) thrown at [/RE-WORK/workspace/8-2-build-linux-amd64/jdk8u45/3457/hotspot/src/share/vm/classfile/systemDictionary.cpp, line 199]
Event: 0,675 Thread 0x00007f5404009800 Exception <a 'java/io/FileNotFoundException'> (0x00000000da965288) thrown at [/RE-WORK/workspace/8-2-build-linux-amd64/jdk8u45/3457/hotspot/src/share/vm/prims/jni.cpp, line 709]

Events (10 events):
Event: 1,521 Executing VM operation: ParallelGCSystemGC
Event: 1,538 Executing VM operation: ParallelGCSystemGC done
Event: 1,581 Thread 0x00007f540420c000 Uncommon trap: trap_request=0xffffff65 fr.pc=0x00007f53f533b704
Event: 1,581 Thread 0x00007f540420c000 DEOPT PACKING pc=0x00007f53f533b704 sp=0x00007f53cdea2170
Event: 1,581 Thread 0x00007f540420c000 DEOPT UNPACKING pc=0x00007f53f5005229 sp=0x00007f53cdea1fd0 mode 2
Event: 1,581 Thread 0x00007f540420c000 Uncommon trap: trap_request=0xffffff65 fr.pc=0x00007f53f53359e8
Event: 1,581 Thread 0x00007f540420c000 DEOPT PACKING pc=0x00007f53f53359e8 sp=0x00007f53cdea20f0
Event: 1,581 Thread 0x00007f540420c000 DEOPT UNPACKING pc=0x00007f53f5005229 sp=0x00007f53cdea1fb8 mode 2
Event: 1,581 loading class java/util/zip/DataFormatException
Event: 1,581 loading class java/util/zip/DataFormatException done


Dynamic libraries:
00400000-00401000 r-xp 00000000 08:01 16386253                           /usr/lib/jvm/java-8-oracle/jre/bin/java
00600000-00601000 rw-p 00000000 08:01 16386253                           /usr/lib/jvm/java-8-oracle/jre/bin/java
01f7d000-01f9e000 rw-p 00000000 00:00 0                                  [heap]
85200000-8a500000 rw-p 00000000 00:00 0 
8a500000-d7100000 ---p 00000000 00:00 0 
d7100000-df700000 rw-p 00000000 00:00 0 
df700000-100000000 ---p 00000000 00:00 0 
100000000-100100000 rw-p 00000000 00:00 0 
100100000-140000000 ---p 00000000 00:00 0 
7f5378000000-7f53796e1000 rw-p 00000000 00:00 0 
7f53796e9000-7f537c000000 ---p 00000000 00:00 0 
7f5380000000-7f5380eea000 rw-p 00000000 00:00 0 
7f5380eea000-7f5384000000 ---p 00000000 00:00 0 
7f5384000000-7f5384021000 rw-p 00000000 00:00 0 
7f5384021000-7f5388000000 ---p 00000000 00:00 0 
7f5388000000-7f538865a000 rw-p 00000000 00:00 0 
7f538865a000-7f538c000000 ---p 00000000 00:00 0 
7f538c000000-7f538d0c2000 rw-p 00000000 00:00 0 
7f538d0c2000-7f5390000000 ---p 00000000 00:00 0 
7f5390000000-7f5390ab3000 rw-p 00000000 00:00 0 
7f5390ab3000-7f5394000000 ---p 00000000 00:00 0 
7f5394000000-7f5394db7000 rw-p 00000000 00:00 0 
7f5394db7000-7f5398000000 ---p 00000000 00:00 0 
7f5398000000-7f539902f000 rw-p 00000000 00:00 0 
7f539902f000-7f539c000000 ---p 00000000 00:00 0 
7f539c000000-7f539d18b000 rw-p 00000000 00:00 0 
7f539d18b000-7f53a0000000 ---p 00000000 00:00 0 
7f53a0000000-7f53a0021000 rw-p 00000000 00:00 0 
7f53a0021000-7f53a4000000 ---p 00000000 00:00 0 
7f53a4000000-7f53a48c0000 rw-p 00000000 00:00 0 
7f53a48c0000-7f53a8000000 ---p 00000000 00:00 0 
7f53a8000000-7f53a8490000 rw-p 00000000 00:00 0 
7f53a8490000-7f53ac000000 ---p 00000000 00:00 0 
7f53ac000000-7f53ac021000 rw-p 00000000 00:00 0 
7f53ac021000-7f53b0000000 ---p 00000000 00:00 0 
7f53b0000000-7f53b0a77000 rw-p 00000000 00:00 0 
7f53b0a77000-7f53b4000000 ---p 00000000 00:00 0 
7f53b4000000-7f53b4a16000 rw-p 00000000 00:00 0 
7f53b4a16000-7f53b8000000 ---p 00000000 00:00 0 
7f53b8000000-7f53b8021000 rw-p 00000000 00:00 0 
7f53b8021000-7f53bc000000 ---p 00000000 00:00 0 
7f53bc000000-7f53bc7f7000 rw-p 00000000 00:00 0 
7f53bc7f7000-7f53c0000000 ---p 00000000 00:00 0 
7f53c0000000-7f53c0021000 rw-p 00000000 00:00 0 
7f53c0021000-7f53c4000000 ---p 00000000 00:00 0 
7f53c4000000-7f53c4021000 rw-p 00000000 00:00 0 
7f53c4021000-7f53c8000000 ---p 00000000 00:00 0 
7f53c8000000-7f53c8021000 rw-p 00000000 00:00 0 
7f53c8021000-7f53cc000000 ---p 00000000 00:00 0 
7f53cd5a8000-7f53cd5ab000 ---p 00000000 00:00 0 
7f53cd5ab000-7f53cd6a9000 rw-p 00000000 00:00 0                          [stack:21462]
7f53cd6a9000-7f53cd6ac000 ---p 00000000 00:00 0 
7f53cd6ac000-7f53cd7aa000 rw-p 00000000 00:00 0 
7f53cd7aa000-7f53cd7de000 r--s 00200000 00:19 16387164                   /home/kenny/dev/jprelude/experimental/jprelude-webui/target/webapp/WEB-INF/lib/guava-16.0.1.vaadin1.jar
7f53cd7de000-7f53cd80c000 r--s 002f6000 00:19 16386477                   /home/kenny/dev/jprelude/experimental/jprelude-webui/target/webapp/WEB-INF/lib/vaadin-server-7.4.5.jar
7f53cd80c000-7f53cd845000 r--s 00206000 00:19 16387162                   /home/kenny/dev/jprelude/experimental/jprelude-webui/target/webapp/WEB-INF/lib/vaadin-shared-7.4.5.jar
7f53cd845000-7f53cd89e000 r--s 004f6000 00:19 16386476                   /home/kenny/dev/jprelude/experimental/jprelude-webui/target/webapp/WEB-INF/lib/scala-library-2.11.6.jar
7f53cd89e000-7f53cd8a1000 ---p 00000000 00:00 0 
7f53cd8a1000-7f53cd99f000 rw-p 00000000 00:00 0                          [stack:21447]
7f53cd99f000-7f53cd9a2000 ---p 00000000 00:00 0 
7f53cd9a2000-7f53cdaa0000 rw-p 00000000 00:00 0                          [stack:21446]
7f53cdaa0000-7f53cdaa3000 ---p 00000000 00:00 0 
7f53cdaa3000-7f53cdba1000 rw-p 00000000 00:00 0                          [stack:21445]
7f53cdba1000-7f53cdba4000 ---p 00000000 00:00 0 
7f53cdba4000-7f53cdca2000 rw-p 00000000 00:00 0                          [stack:21444]
7f53cdca2000-7f53cdca5000 ---p 00000000 00:00 0 
7f53cdca5000-7f53cdda3000 rw-p 00000000 00:00 0                          [stack:21443]
7f53cdda3000-7f53cdda6000 ---p 00000000 00:00 0 
7f53cdda6000-7f53cdea4000 rw-p 00000000 00:00 0                          [stack:21442]
7f53cdea4000-7f53cdea7000 ---p 00000000 00:00 0 
7f53cdea7000-7f53cdfa5000 rw-p 00000000 00:00 0                          [stack:21441]
7f53cdfa5000-7f53cdfa8000 ---p 00000000 00:00 0 
7f53cdfa8000-7f53ce0a6000 rw-p 00000000 00:00 0                          [stack:21440]
7f53ce0a6000-7f53ce0ae000 r-xp 00000000 08:01 16515139                   /usr/lib/jvm/java-8-oracle/jre/lib/amd64/libmanagement.so
7f53ce0ae000-7f53ce2ae000 ---p 00008000 08:01 16515139                   /usr/lib/jvm/java-8-oracle/jre/lib/amd64/libmanagement.so
7f53ce2ae000-7f53ce2af000 rw-p 00008000 08:01 16515139                   /usr/lib/jvm/java-8-oracle/jre/lib/amd64/libmanagement.so
7f53ce2af000-7f53ce2b0000 ---p 00000000 00:00 0 
7f53ce2b0000-7f53ce3b0000 rw-p 00000000 00:00 0                          [stack:21439]
7f53ce3b0000-7f53ce3b3000 ---p 00000000 00:00 0 
7f53ce3b3000-7f53ce4b1000 rw-p 00000000 00:00 0                          [stack:21438]
7f53ce4b1000-7f53ce4b4000 ---p 00000000 00:00 0 
7f53ce4b4000-7f53ce5b2000 rw-p 00000000 00:00 0                          [stack:21437]
7f53ce5b2000-7f53ce5b5000 ---p 00000000 00:00 0 
7f53ce5b5000-7f53ce6b3000 rw-p 00000000 00:00 0                          [stack:21436]
7f53ce6b3000-7f53ce6b6000 ---p 00000000 00:00 0 
7f53ce6b6000-7f53ce7b4000 rw-p 00000000 00:00 0                          [stack:21435]
7f53ce7b4000-7f53ce7b7000 ---p 00000000 00:00 0 
7f53ce7b7000-7f53ce8b5000 rw-p 00000000 00:00 0                          [stack:21434]
7f53ce8b5000-7f53ce8b8000 ---p 00000000 00:00 0 
7f53ce8b8000-7f53ce9b6000 rw-p 00000000 00:00 0                          [stack:21433]
7f53ce9b6000-7f53cedee000 r--p 00000000 08:01 12327061                   /usr/lib/locale/locale-archive
7f53cedee000-7f53cedf1000 ---p 00000000 00:00 0 
7f53cedf1000-7f53ceeef000 rw-p 00000000 00:00 0                          [stack:21432]
7f53ceeef000-7f53ceef2000 ---p 00000000 00:00 0 
7f53ceef2000-7f53ceff0000 rw-p 00000000 00:00 0                          [stack:21431]
7f53ceff0000-7f53ceff1000 ---p 00000000 00:00 0 
7f53ceff1000-7f53d0000000 rw-p 00000000 00:00 0                          [stack:21424]
7f53d0000000-7f53d0021000 rw-p 00000000 00:00 0 
7f53d0021000-7f53d4000000 ---p 00000000 00:00 0 
7f53d4000000-7f53d4021000 rw-p 00000000 00:00 0 
7f53d4021000-7f53d8000000 ---p 00000000 00:00 0 
7f53d8000000-7f53d8021000 rw-p 00000000 00:00 0 
7f53d8021000-7f53dc000000 ---p 00000000 00:00 0 
7f53dc000000-7f53dc021000 rw-p 00000000 00:00 0 
7f53dc021000-7f53e0000000 ---p 00000000 00:00 0 
7f53e0004000-7f53e000a000 r--s 00044000 00:19 16387165                   /home/kenny/dev/jprelude/experimental/jprelude-webui/target/webapp/WEB-INF/lib/jsoup-1.8.1.jar
7f53e000a000-7f53e001c000 r--s 000a3000 00:19 16387169                   /home/kenny/dev/jprelude/experimental/jprelude-webui/target/webapp/WEB-INF/lib/rxjava-1.0.8.jar
7f53e001c000-7f53e0024000 r--s 00053000 00:19 16387168                   /home/kenny/dev/jprelude/experimental/jprelude-webui/target/webapp/WEB-INF/lib/rxscala_2.11-0.24.1.jar
7f53e0024000-7f53e002d000 r--s 00079000 00:19 16386478                   /home/kenny/dev/jprelude/experimental/jprelude-webui/target/webapp/WEB-INF/lib/vaadin-sass-compiler-0.9.12.jar
7f53e002d000-7f53e004c000 r--s 006f3000 00:19 16387167                   /home/kenny/dev/jprelude/experimental/jprelude-webui/target/webapp/WEB-INF/lib/vaadin-themes-7.4.5.jar
7f53e004c000-7f53e008e000 r--s 004bc000 00:19 11538222                   /home/kenny/.ivy2/cache/org.eclipse.jetty/jetty-runner/jars/jetty-runner-9.2.1.v20140609.jar
7f53e008e000-7f53e4000000 rw-p 00000000 00:00 0 
7f53e4000000-7f53e4021000 rw-p 00000000 00:00 0 
7f53e4021000-7f53e8000000 ---p 00000000 00:00 0 
7f53e8000000-7f53e8021000 rw-p 00000000 00:00 0 
7f53e8021000-7f53ec000000 ---p 00000000 00:00 0 
7f53ec000000-7f53ec021000 rw-p 00000000 00:00 0 
7f53ec021000-7f53f0000000 ---p 00000000 00:00 0 
7f53f0000000-7f53f0021000 rw-p 00000000 00:00 0 
7f53f0021000-7f53f4000000 ---p 00000000 00:00 0 
7f53f4002000-7f53f4007000 r--s 0002c000 00:19 16386401                   /home/kenny/dev/jprelude/experimental/jprelude-webui/target/webapp/WEB-INF/lib/jprelude-webui_2.11-0.1.jar
7f53f4007000-7f53f4012000 r--s 00116000 08:01 16386276                   /usr/lib/jvm/java-8-oracle/jre/lib/ext/localedata.jar
7f53f4012000-7f53f4f80000 rw-p 00000000 00:00 0 
7f53f4f80000-7f53f5000000 ---p 00000000 00:00 0 
7f53f5000000-7f53f5400000 rwxp 00000000 00:00 0 
7f53f5400000-7f5404000000 ---p 00000000 00:00 0 
7f5404000000-7f54043d7000 rw-p 00000000 00:00 0 
7f54043d7000-7f5408000000 ---p 00000000 00:00 0 
7f5408002000-7f5408004000 rw-p 00000000 00:00 0 
7f5408004000-7f5408006000 r--s 00012000 00:19 16387161                   /home/kenny/dev/jprelude/experimental/jprelude-webui/target/webapp/WEB-INF/lib/flute-1.3.0.gg2.jar
7f5408006000-7f5408008000 r--s 00079000 00:19 16387166                   /home/kenny/dev/jprelude/experimental/jprelude-webui/target/webapp/WEB-INF/lib/vaadin-client-compiled-7.4.5.jar
7f5408008000-7f540800a000 r--s 00008000 00:19 16387163                   /home/kenny/dev/jprelude/experimental/jprelude-webui/target/webapp/WEB-INF/lib/streamhtmlparser-jsilver-0.0.10.vaadin1.jar
7f540800a000-7f540837d000 rw-p 00000000 00:00 0 
7f540837d000-7f5408556000 r--s 03d09000 08:01 16386470                   /usr/lib/jvm/java-8-oracle/jre/lib/rt.jar
7f5408556000-7f54089a3000 rw-p 00000000 00:00 0 
7f54089a3000-7f54089a4000 ---p 00000000 00:00 0 
7f54089a4000-7f5408aa4000 rw-p 00000000 00:00 0                          [stack:21423]
7f5408aa4000-7f5408aa5000 ---p 00000000 00:00 0 
7f5408aa5000-7f5408ba5000 rw-p 00000000 00:00 0                          [stack:21422]
7f5408ba5000-7f5408ba6000 ---p 00000000 00:00 0 
7f5408ba6000-7f5408ca6000 rw-p 00000000 00:00 0                          [stack:21421]
7f5408ca6000-7f5408ca7000 ---p 00000000 00:00 0 
7f5408ca7000-7f5408da7000 rw-p 00000000 00:00 0                          [stack:21420]
7f5408da7000-7f5408da8000 ---p 00000000 00:00 0 
7f5408da8000-7f5408ea8000 rw-p 00000000 00:00 0                          [stack:21419]
7f5408ea8000-7f5408ea9000 ---p 00000000 00:00 0 
7f5408ea9000-7f5408fa9000 rw-p 00000000 00:00 0                          [stack:21418]
7f5408fa9000-7f5408faa000 ---p 00000000 00:00 0 
7f5408faa000-7f54090aa000 rw-p 00000000 00:00 0                          [stack:21417]
7f54090aa000-7f54090ab000 ---p 00000000 00:00 0 
7f54090ab000-7f54091d5000 rw-p 00000000 00:00 0                          [stack:21416]
7f54091d5000-7f540943b000 ---p 00000000 00:00 0 
7f540943b000-7f5409465000 rw-p 00000000 00:00 0 
7f5409465000-7f54096ca000 ---p 00000000 00:00 0 
7f54096ca000-7f540970e000 rw-p 00000000 00:00 0 
7f540970e000-7f5409812000 ---p 00000000 00:00 0 
7f5409812000-7f5409823000 rw-p 00000000 00:00 0 
7f5409823000-7f5409bd3000 ---p 00000000 00:00 0 
7f5409bd3000-7f5409bed000 r-xp 00000000 08:01 16515133                   /usr/lib/jvm/java-8-oracle/jre/lib/amd64/libzip.so
7f5409bed000-7f5409ded000 ---p 0001a000 08:01 16515133                   /usr/lib/jvm/java-8-oracle/jre/lib/amd64/libzip.so
7f5409ded000-7f5409dee000 rw-p 0001a000 08:01 16515133                   /usr/lib/jvm/java-8-oracle/jre/lib/amd64/libzip.so
7f5409dee000-7f5409df9000 r-xp 00000000 08:01 17695710                   /lib/x86_64-linux-gnu/libnss_files-2.19.so
7f5409df9000-7f5409ff8000 ---p 0000b000 08:01 17695710                   /lib/x86_64-linux-gnu/libnss_files-2.19.so
7f5409ff8000-7f5409ff9000 r--p 0000a000 08:01 17695710                   /lib/x86_64-linux-gnu/libnss_files-2.19.so
7f5409ff9000-7f5409ffa000 rw-p 0000b000 08:01 17695710                   /lib/x86_64-linux-gnu/libnss_files-2.19.so
7f5409ffa000-7f540a005000 r-xp 00000000 08:01 17695774                   /lib/x86_64-linux-gnu/libnss_nis-2.19.so
7f540a005000-7f540a204000 ---p 0000b000 08:01 17695774                   /lib/x86_64-linux-gnu/libnss_nis-2.19.so
7f540a204000-7f540a205000 r--p 0000a000 08:01 17695774                   /lib/x86_64-linux-gnu/libnss_nis-2.19.so
7f540a205000-7f540a206000 rw-p 0000b000 08:01 17695774                   /lib/x86_64-linux-gnu/libnss_nis-2.19.so
7f540a206000-7f540a21d000 r-xp 00000000 08:01 17695732                   /lib/x86_64-linux-gnu/libnsl-2.19.so
7f540a21d000-7f540a41c000 ---p 00017000 08:01 17695732                   /lib/x86_64-linux-gnu/libnsl-2.19.so
7f540a41c000-7f540a41d000 r--p 00016000 08:01 17695732                   /lib/x86_64-linux-gnu/libnsl-2.19.so
7f540a41d000-7f540a41e000 rw-p 00017000 08:01 17695732                   /lib/x86_64-linux-gnu/libnsl-2.19.so
7f540a41e000-7f540a420000 rw-p 00000000 00:00 0 
7f540a420000-7f540a429000 r-xp 00000000 08:01 17695731                   /lib/x86_64-linux-gnu/libnss_compat-2.19.so
7f540a429000-7f540a628000 ---p 00009000 08:01 17695731                   /lib/x86_64-linux-gnu/libnss_compat-2.19.so
7f540a628000-7f540a629000 r--p 00008000 08:01 17695731                   /lib/x86_64-linux-gnu/libnss_compat-2.19.so
7f540a629000-7f540a62a000 rw-p 00009000 08:01 17695731                   /lib/x86_64-linux-gnu/libnss_compat-2.19.so
7f540a62a000-7f540a654000 r-xp 00000000 08:01 16515175                   /usr/lib/jvm/java-8-oracle/jre/lib/amd64/libjava.so
7f540a654000-7f540a854000 ---p 0002a000 08:01 16515175                   /usr/lib/jvm/java-8-oracle/jre/lib/amd64/libjava.so
7f540a854000-7f540a856000 rw-p 0002a000 08:01 16515175                   /usr/lib/jvm/java-8-oracle/jre/lib/amd64/libjava.so
7f540a856000-7f540a863000 r-xp 00000000 08:01 16515201                   /usr/lib/jvm/java-8-oracle/jre/lib/amd64/libverify.so
7f540a863000-7f540aa63000 ---p 0000d000 08:01 16515201                   /usr/lib/jvm/java-8-oracle/jre/lib/amd64/libverify.so
7f540aa63000-7f540aa65000 rw-p 0000d000 08:01 16515201                   /usr/lib/jvm/java-8-oracle/jre/lib/amd64/libverify.so
7f540aa65000-7f540aa6c000 r-xp 00000000 08:01 17695771                   /lib/x86_64-linux-gnu/librt-2.19.so
7f540aa6c000-7f540ac6b000 ---p 00007000 08:01 17695771                   /lib/x86_64-linux-gnu/librt-2.19.so
7f540ac6b000-7f540ac6c000 r--p 00006000 08:01 17695771                   /lib/x86_64-linux-gnu/librt-2.19.so
7f540ac6c000-7f540ac6d000 rw-p 00007000 08:01 17695771                   /lib/x86_64-linux-gnu/librt-2.19.so
7f540ac6d000-7f540ad72000 r-xp 00000000 08:01 17695709                   /lib/x86_64-linux-gnu/libm-2.19.so
7f540ad72000-7f540af71000 ---p 00105000 08:01 17695709                   /lib/x86_64-linux-gnu/libm-2.19.so
7f540af71000-7f540af72000 r--p 00104000 08:01 17695709                   /lib/x86_64-linux-gnu/libm-2.19.so
7f540af72000-7f540af73000 rw-p 00105000 08:01 17695709                   /lib/x86_64-linux-gnu/libm-2.19.so
7f540af73000-7f540bc21000 r-xp 00000000 08:01 16515183                   /usr/lib/jvm/java-8-oracle/jre/lib/amd64/server/libjvm.so
7f540bc21000-7f540be20000 ---p 00cae000 08:01 16515183                   /usr/lib/jvm/java-8-oracle/jre/lib/amd64/server/libjvm.so
7f540be20000-7f540bef7000 rw-p 00cad000 08:01 16515183                   /usr/lib/jvm/java-8-oracle/jre/lib/amd64/server/libjvm.so
7f540bef7000-7f540bf3b000 rw-p 00000000 00:00 0 
7f540bf3b000-7f540c0f6000 r-xp 00000000 08:01 17695760                   /lib/x86_64-linux-gnu/libc-2.19.so
7f540c0f6000-7f540c2f5000 ---p 001bb000 08:01 17695760                   /lib/x86_64-linux-gnu/libc-2.19.so
7f540c2f5000-7f540c2f9000 r--p 001ba000 08:01 17695760                   /lib/x86_64-linux-gnu/libc-2.19.so
7f540c2f9000-7f540c2fb000 rw-p 001be000 08:01 17695760                   /lib/x86_64-linux-gnu/libc-2.19.so
7f540c2fb000-7f540c300000 rw-p 00000000 00:00 0 
7f540c300000-7f540c303000 r-xp 00000000 08:01 17695713                   /lib/x86_64-linux-gnu/libdl-2.19.so
7f540c303000-7f540c502000 ---p 00003000 08:01 17695713                   /lib/x86_64-linux-gnu/libdl-2.19.so
7f540c502000-7f540c503000 r--p 00002000 08:01 17695713                   /lib/x86_64-linux-gnu/libdl-2.19.so
7f540c503000-7f540c504000 rw-p 00003000 08:01 17695713                   /lib/x86_64-linux-gnu/libdl-2.19.so
7f540c504000-7f540c519000 r-xp 00000000 08:01 16515172                   /usr/lib/jvm/java-8-oracle/jre/lib/amd64/jli/libjli.so
7f540c519000-7f540c719000 ---p 00015000 08:01 16515172                   /usr/lib/jvm/java-8-oracle/jre/lib/amd64/jli/libjli.so
7f540c719000-7f540c71a000 rw-p 00015000 08:01 16515172                   /usr/lib/jvm/java-8-oracle/jre/lib/amd64/jli/libjli.so
7f540c71a000-7f540c733000 r-xp 00000000 08:01 17695761                   /lib/x86_64-linux-gnu/libpthread-2.19.so
7f540c733000-7f540c932000 ---p 00019000 08:01 17695761                   /lib/x86_64-linux-gnu/libpthread-2.19.so
7f540c932000-7f540c933000 r--p 00018000 08:01 17695761                   /lib/x86_64-linux-gnu/libpthread-2.19.so
7f540c933000-7f540c934000 rw-p 00019000 08:01 17695761                   /lib/x86_64-linux-gnu/libpthread-2.19.so
7f540c934000-7f540c938000 rw-p 00000000 00:00 0 
7f540c938000-7f540c95b000 r-xp 00000000 08:01 17695736                   /lib/x86_64-linux-gnu/ld-2.19.so
7f540c95b000-7f540c95c000 rw-p 00000000 00:00 0 
7f540c95c000-7f540c961000 r--s 00094000 08:01 16386459                   /usr/lib/jvm/java-8-oracle/jre/lib/jsse.jar
7f540c961000-7f540ca2c000 rw-p 00000000 00:00 0 
7f540ca2c000-7f540ca2f000 ---p 00000000 00:00 0 
7f540ca2f000-7f540cb31000 rw-p 00000000 00:00 0                          [stack:21415]
7f540cb31000-7f540cb32000 r--s 00003000 00:19 16386479                   /home/kenny/dev/jprelude/experimental/jprelude-webui/target/webapp/WEB-INF/lib/sac-1.3.jar
7f540cb32000-7f540cb4e000 r--s 00393000 08:01 16386274                   /usr/lib/jvm/java-8-oracle/jre/lib/ext/cldrdata.jar
7f540cb4e000-7f540cb56000 rw-s 00000000 08:01 20578345                   /tmp/hsperfdata_kenny/21411
7f540cb56000-7f540cb57000 rw-p 00000000 00:00 0 
7f540cb57000-7f540cb58000 r--p 00000000 00:00 0 
7f540cb58000-7f540cb5a000 rw-p 00000000 00:00 0 
7f540cb5a000-7f540cb5b000 r--p 00022000 08:01 17695736                   /lib/x86_64-linux-gnu/ld-2.19.so
7f540cb5b000-7f540cb5c000 rw-p 00023000 08:01 17695736                   /lib/x86_64-linux-gnu/ld-2.19.so
7f540cb5c000-7f540cb5d000 rw-p 00000000 00:00 0 
7ffff35a3000-7ffff35c4000 rw-p 00000000 00:00 0                          [stack]
7ffff35fe000-7ffff3600000 r-xp 00000000 00:00 0                          [vdso]
ffffffffff600000-ffffffffff601000 r-xp 00000000 00:00 0                  [vsyscall]

VM Arguments:
java_command: org.eclipse.jetty.runner.Runner --port 8081 /home/kenny/dev/jprelude/experimental/jprelude-webui/target/webapp
java_class_path (initial): /home/kenny/.ivy2/cache/org.eclipse.jetty/jetty-runner/jars/jetty-runner-9.2.1.v20140609.jar
Launcher Type: SUN_STANDARD

Environment Variables:
PATH=/home/kenny/bin:/home/kenny/bin:/usr/local/sbin:/usr/local/bin:/usr/sbin:/usr/bin:/sbin:/bin:/usr/games:/usr/local/games
USERNAME=kenny
LD_LIBRARY_PATH=/home/kenny/bin/idea-IC-141.713.2/bin:
SHELL=/bin/bash
DISPLAY=:0.0

Signal Handlers:
SIGSEGV: [libjvm.so+0xaad1e0], sa_mask[0]=11111111011111111101111111111110, sa_flags=SA_RESTART|SA_SIGINFO
SIGBUS: [libjvm.so+0xaad1e0], sa_mask[0]=11111111011111111101111111111110, sa_flags=SA_RESTART|SA_SIGINFO
SIGFPE: [libjvm.so+0x90b450], sa_mask[0]=11111111011111111101111111111110, sa_flags=SA_RESTART|SA_SIGINFO
SIGPIPE: [libjvm.so+0x90b450], sa_mask[0]=11111111011111111101111111111110, sa_flags=SA_RESTART|SA_SIGINFO
SIGXFSZ: [libjvm.so+0x90b450], sa_mask[0]=11111111011111111101111111111110, sa_flags=SA_RESTART|SA_SIGINFO
SIGILL: [libjvm.so+0x90b450], sa_mask[0]=11111111011111111101111111111110, sa_flags=SA_RESTART|SA_SIGINFO
SIGUSR1: SIG_DFL, sa_mask[0]=00000000000000000000000000000000, sa_flags=none
SIGUSR2: [libjvm.so+0x90ca90], sa_mask[0]=00100000000000000000000000000000, sa_flags=SA_RESTART|SA_SIGINFO
SIGHUP: [libjvm.so+0x90dde0], sa_mask[0]=11111111011111111101111111111110, sa_flags=SA_RESTART|SA_SIGINFO
SIGINT: [libjvm.so+0x90dde0], sa_mask[0]=11111111011111111101111111111110, sa_flags=SA_RESTART|SA_SIGINFO
SIGTERM: [libjvm.so+0x90dde0], sa_mask[0]=11111111011111111101111111111110, sa_flags=SA_RESTART|SA_SIGINFO
SIGQUIT: [libjvm.so+0x90dde0], sa_mask[0]=11111111011111111101111111111110, sa_flags=SA_RESTART|SA_SIGINFO


---------------  S Y S T E M  ---------------

OS:DISTRIB_ID=LinuxMint
DISTRIB_RELEASE=17.1
DISTRIB_CODENAME=rebecca
DISTRIB_DESCRIPTION="Linux Mint 17.1 Rebecca"

uname:Linux 3.13.0-37-generic #64-Ubuntu SMP Mon Sep 22 21:28:38 UTC 2014 x86_64
libc:glibc 2.19 NPTL 2.19 
rlimit: STACK 8192k, CORE 0k, NPROC 62640, NOFILE 4096, AS infinity
load average:1,04 1,08 1,09

/proc/meminfo:
MemTotal:        8049056 kB
MemFree:          479820 kB
Buffers:           55308 kB
Cached:          1947112 kB
SwapCached:            0 kB
Active:          6023508 kB
Inactive:        1234168 kB
Active(anon):    5281540 kB
Inactive(anon):   461824 kB
Active(file):     741968 kB
Inactive(file):   772344 kB
Unevictable:           0 kB
Mlocked:               0 kB
SwapTotal:             0 kB
SwapFree:              0 kB
Dirty:             27780 kB
Writeback:             0 kB
AnonPages:       5255492 kB
Mapped:           473560 kB
Shmem:            488064 kB
Slab:             130604 kB
SReclaimable:      67256 kB
SUnreclaim:        63348 kB
KernelStack:        6440 kB
PageTables:        63236 kB
NFS_Unstable:          0 kB
Bounce:                0 kB
WritebackTmp:          0 kB
CommitLimit:     4024528 kB
Committed_AS:   11204088 kB
VmallocTotal:   34359738367 kB
VmallocUsed:      567280 kB
VmallocChunk:   34359156824 kB
HardwareCorrupted:     0 kB
AnonHugePages:   1624064 kB
HugePages_Total:       0
HugePages_Free:        0
HugePages_Rsvd:        0
HugePages_Surp:        0
Hugepagesize:       2048 kB
DirectMap4k:       98044 kB
DirectMap2M:     8163328 kB


CPU:total 8 (4 cores per cpu, 2 threads per core) family 6 model 58 stepping 9, cmov, cx8, fxsr, mmx, sse, sse2, sse3, ssse3, sse4.1, sse4.2, popcnt, avx, aes, clmul, erms, ht, tsc, tscinvbit, tscinv

/proc/cpuinfo:
processor	: 0
vendor_id	: GenuineIntel
cpu family	: 6
model		: 58
model name	: Intel(R) Core(TM) i7-3612QM CPU @ 2.10GHz
stepping	: 9
microcode	: 0x15
cpu MHz		: 2101.000
cache size	: 6144 KB
physical id	: 0
siblings	: 8
core id		: 0
cpu cores	: 4
apicid		: 0
initial apicid	: 0
fpu		: yes
fpu_exception	: yes
cpuid level	: 13
wp		: yes
flags		: fpu vme de pse tsc msr pae mce cx8 apic sep mtrr pge mca cmov pat pse36 clflush dts acpi mmx fxsr sse sse2 ss ht tm pbe syscall nx rdtscp lm constant_tsc arch_perfmon pebs bts rep_good nopl xtopology nonstop_tsc aperfmperf eagerfpu pni pclmulqdq dtes64 monitor ds_cpl vmx est tm2 ssse3 cx16 xtpr pdcm pcid sse4_1 sse4_2 x2apic popcnt tsc_deadline_timer aes xsave avx f16c rdrand lahf_lm ida arat epb xsaveopt pln pts dtherm tpr_shadow vnmi flexpriority ept vpid fsgsbase smep erms
bogomips	: 4190.28
clflush size	: 64
cache_alignment	: 64
address sizes	: 36 bits physical, 48 bits virtual
power management:

processor	: 1
vendor_id	: GenuineIntel
cpu family	: 6
model		: 58
model name	: Intel(R) Core(TM) i7-3612QM CPU @ 2.10GHz
stepping	: 9
microcode	: 0x15
cpu MHz		: 2101.000
cache size	: 6144 KB
physical id	: 0
siblings	: 8
core id		: 0
cpu cores	: 4
apicid		: 1
initial apicid	: 1
fpu		: yes
fpu_exception	: yes
cpuid level	: 13
wp		: yes
flags		: fpu vme de pse tsc msr pae mce cx8 apic sep mtrr pge mca cmov pat pse36 clflush dts acpi mmx fxsr sse sse2 ss ht tm pbe syscall nx rdtscp lm constant_tsc arch_perfmon pebs bts rep_good nopl xtopology nonstop_tsc aperfmperf eagerfpu pni pclmulqdq dtes64 monitor ds_cpl vmx est tm2 ssse3 cx16 xtpr pdcm pcid sse4_1 sse4_2 x2apic popcnt tsc_deadline_timer aes xsave avx f16c rdrand lahf_lm ida arat epb xsaveopt pln pts dtherm tpr_shadow vnmi flexpriority ept vpid fsgsbase smep erms
bogomips	: 4190.28
clflush size	: 64
cache_alignment	: 64
address sizes	: 36 bits physical, 48 bits virtual
power management:

processor	: 2
vendor_id	: GenuineIntel
cpu family	: 6
model		: 58
model name	: Intel(R) Core(TM) i7-3612QM CPU @ 2.10GHz
stepping	: 9
microcode	: 0x15
cpu MHz		: 2101.000
cache size	: 6144 KB
physical id	: 0
siblings	: 8
core id		: 1
cpu cores	: 4
apicid		: 2
initial apicid	: 2
fpu		: yes
fpu_exception	: yes
cpuid level	: 13
wp		: yes
flags		: fpu vme de pse tsc msr pae mce cx8 apic sep mtrr pge mca cmov pat pse36 clflush dts acpi mmx fxsr sse sse2 ss ht tm pbe syscall nx rdtscp lm constant_tsc arch_perfmon pebs bts rep_good nopl xtopology nonstop_tsc aperfmperf eagerfpu pni pclmulqdq dtes64 monitor ds_cpl vmx est tm2 ssse3 cx16 xtpr pdcm pcid sse4_1 sse4_2 x2apic popcnt tsc_deadline_timer aes xsave avx f16c rdrand lahf_lm ida arat epb xsaveopt pln pts dtherm tpr_shadow vnmi flexpriority ept vpid fsgsbase smep erms
bogomips	: 4190.28
clflush size	: 64
cache_alignment	: 64
address sizes	: 36 bits physical, 48 bits virtual
power management:

processor	: 3
vendor_id	: GenuineIntel
cpu family	: 6
model		: 58
model name	: Intel(R) Core(TM) i7-3612QM CPU @ 2.10GHz
stepping	: 9
microcode	: 0x15
cpu MHz		: 2101.000
cache size	: 6144 KB
physical id	: 0
siblings	: 8
core id		: 1
cpu cores	: 4
apicid		: 3
initial apicid	: 3
fpu		: yes
fpu_exception	: yes
cpuid level	: 13
wp		: yes
flags		: fpu vme de pse tsc msr pae mce cx8 apic sep mtrr pge mca cmov pat pse36 clflush dts acpi mmx fxsr sse sse2 ss ht tm pbe syscall nx rdtscp lm constant_tsc arch_perfmon pebs bts rep_good nopl xtopology nonstop_tsc aperfmperf eagerfpu pni pclmulqdq dtes64 monitor ds_cpl vmx est tm2 ssse3 cx16 xtpr pdcm pcid sse4_1 sse4_2 x2apic popcnt tsc_deadline_timer aes xsave avx f16c rdrand lahf_lm ida arat epb xsaveopt pln pts dtherm tpr_shadow vnmi flexpriority ept vpid fsgsbase smep erms
bogomips	: 4190.28
clflush size	: 64
cache_alignment	: 64
address sizes	: 36 bits physical, 48 bits virtual
power management:

processor	: 4
vendor_id	: GenuineIntel
cpu family	: 6
model		: 58
model name	: Intel(R) Core(TM) i7-3612QM CPU @ 2.10GHz
stepping	: 9
microcode	: 0x15
cpu MHz		: 1200.000
cache size	: 6144 KB
physical id	: 0
siblings	: 8
core id		: 2
cpu cores	: 4
apicid		: 4
initial apicid	: 4
fpu		: yes
fpu_exception	: yes
cpuid level	: 13
wp		: yes
flags		: fpu vme de pse tsc msr pae mce cx8 apic sep mtrr pge mca cmov pat pse36 clflush dts acpi mmx fxsr sse sse2 ss ht tm pbe syscall nx rdtscp lm constant_tsc arch_perfmon pebs bts rep_good nopl xtopology nonstop_tsc aperfmperf eagerfpu pni pclmulqdq dtes64 monitor ds_cpl vmx est tm2 ssse3 cx16 xtpr pdcm pcid sse4_1 sse4_2 x2apic popcnt tsc_deadline_timer aes xsave avx f16c rdrand lahf_lm ida arat epb xsaveopt pln pts dtherm tpr_shadow vnmi flexpriority ept vpid fsgsbase smep erms
bogomips	: 4190.28
clflush size	: 64
cache_alignment	: 64
address sizes	: 36 bits physical, 48 bits virtual
power management:

processor	: 5
vendor_id	: GenuineIntel
cpu family	: 6
model		: 58
model name	: Intel(R) Core(TM) i7-3612QM CPU @ 2.10GHz
stepping	: 9
microcode	: 0x15
cpu MHz		: 2101.000
cache size	: 6144 KB
physical id	: 0
siblings	: 8
core id		: 2
cpu cores	: 4
apicid		: 5
initial apicid	: 5
fpu		: yes
fpu_exception	: yes
cpuid level	: 13
wp		: yes
flags		: fpu vme de pse tsc msr pae mce cx8 apic sep mtrr pge mca cmov pat pse36 clflush dts acpi mmx fxsr sse sse2 ss ht tm pbe syscall nx rdtscp lm constant_tsc arch_perfmon pebs bts rep_good nopl xtopology nonstop_tsc aperfmperf eagerfpu pni pclmulqdq dtes64 monitor ds_cpl vmx est tm2 ssse3 cx16 xtpr pdcm pcid sse4_1 sse4_2 x2apic popcnt tsc_deadline_timer aes xsave avx f16c rdrand lahf_lm ida arat epb xsaveopt pln pts dtherm tpr_shadow vnmi flexpriority ept vpid fsgsbase smep erms
bogomips	: 4190.28
clflush size	: 64
cache_alignment	: 64
address sizes	: 36 bits physical, 48 bits virtual
power management:

processor	: 6
vendor_id	: GenuineIntel
cpu family	: 6
model		: 58
model name	: Intel(R) Core(TM) i7-3612QM CPU @ 2.10GHz
stepping	: 9
microcode	: 0x15
cpu MHz		: 2101.000
cache size	: 6144 KB
physical id	: 0
siblings	: 8
core id		: 3
cpu cores	: 4
apicid		: 6
initial apicid	: 6
fpu		: yes
fpu_exception	: yes
cpuid level	: 13
wp		: yes
flags		: fpu vme de pse tsc msr pae mce cx8 apic sep mtrr pge mca cmov pat pse36 clflush dts acpi mmx fxsr sse sse2 ss ht tm pbe syscall nx rdtscp lm constant_tsc arch_perfmon pebs bts rep_good nopl xtopology nonstop_tsc aperfmperf eagerfpu pni pclmulqdq dtes64 monitor ds_cpl vmx est tm2 ssse3 cx16 xtpr pdcm pcid sse4_1 sse4_2 x2apic popcnt tsc_deadline_timer aes xsave avx f16c rdrand lahf_lm ida arat epb xsaveopt pln pts dtherm tpr_shadow vnmi flexpriority ept vpid fsgsbase smep erms
bogomips	: 4190.28
clflush size	: 64
cache_alignment	: 64
address sizes	: 36 bits physical, 48 bits virtual
power management:

processor	: 7
vendor_id	: GenuineIntel
cpu family	: 6
model		: 58
model name	: Intel(R) Core(TM) i7-3612QM CPU @ 2.10GHz
stepping	: 9
microcode	: 0x15
cpu MHz		: 2101.000
cache size	: 6144 KB
physical id	: 0
siblings	: 8
core id		: 3
cpu cores	: 4
apicid		: 7
initial apicid	: 7
fpu		: yes
fpu_exception	: yes
cpuid level	: 13
wp		: yes
flags		: fpu vme de pse tsc msr pae mce cx8 apic sep mtrr pge mca cmov pat pse36 clflush dts acpi mmx fxsr sse sse2 ss ht tm pbe syscall nx rdtscp lm constant_tsc arch_perfmon pebs bts rep_good nopl xtopology nonstop_tsc aperfmperf eagerfpu pni pclmulqdq dtes64 monitor ds_cpl vmx est tm2 ssse3 cx16 xtpr pdcm pcid sse4_1 sse4_2 x2apic popcnt tsc_deadline_timer aes xsave avx f16c rdrand lahf_lm ida arat epb xsaveopt pln pts dtherm tpr_shadow vnmi flexpriority ept vpid fsgsbase smep erms
bogomips	: 4190.28
clflush size	: 64
cache_alignment	: 64
address sizes	: 36 bits physical, 48 bits virtual
power management:



Memory: 4k page, physical 8049056k(477248k free), swap 0k(0k free)

vm_info: Java HotSpot(TM) 64-Bit Server VM (25.45-b02) for linux-amd64 JRE (1.8.0_45-b14), built on Apr 10 2015 10:07:45 by "java_re" with gcc 4.3.0 20080428 (Red Hat 4.3.0-8)

time: Sun May 17 10:56:35 2015
elapsed time: 1 seconds (0d 0h 0m 1s)

