#
# A fatal error has been detected by the Java Runtime Environment:
#
#  SIGBUS (0x7) at pc=0x00007ffee06ab7d2, pid=14645, tid=140731721836288
#
# JRE version: Java(TM) SE Runtime Environment (8.0_45-b14) (build 1.8.0_45-b14)
# Java VM: Java HotSpot(TM) 64-Bit Server VM (25.45-b02 mixed mode linux-amd64 compressed oops)
# Problematic frame:
# C  [libzip.so+0x117d2]  newEntry+0x62
#
# Failed to write core dump. Core dumps have been disabled. To enable core dumping, try "ulimit -c unlimited" before starting Java again
#
# If you would like to submit a bug report, please visit:
#   http://bugreport.java.com/bugreport/crash.jsp
# The crash happened outside the Java Virtual Machine in native code.
# See problematic frame for where to report the bug.
#

---------------  T H R E A D  ---------------

Current thread (0x00007ffedc212800):  JavaThread "qtp1078694789-19" [_thread_in_native, id=14682, stack(0x00007ffea839e000,0x00007ffea849f000)]

siginfo: si_signo: 7 (SIGBUS), si_code: 2 (BUS_ADRERR), si_addr: 0x00007ffea833faa9

Registers:
RAX=0x00007ffe49314e60, RBX=0x00007ffedc2528c0, RCX=0x00007ffe58000020, RDX=0x00007ffe49314e60
RSP=0x00007ffea849b5f0, RBP=0x00007ffea849b640, RSI=0x00007ffe58000038, RDI=0x00007ffe49314ea0
R8 =0x0000000000000003, R9 =0x00007ffea849b6c0, R10=0x00007ffecd17f058, R11=0x00007ffee2b89a30
R12=0x00007ffea833fa8c, R13=0x00007ffe49314e60, R14=0x0000000006a7e42e, R15=0x00007ffedc1a8b60
RIP=0x00007ffee06ab7d2, EFLAGS=0x0000000000010202, CSGSFS=0x0000000000000033, ERR=0x0000000000000004
  TRAPNO=0x000000000000000e

Top of Stack: (sp=0x00007ffea849b5f0)
0x00007ffea849b5f0:   00007ffeabd3a7d8 00007ffe00000000
0x00007ffea849b600:   00000001000007a8 00007ffee230442e
0x00007ffea849b610:   00007ffe49314e60 00007ffedc2528c0
0x00007ffea849b620:   00007ffe2c004d20 00007ffedc1a8b60
0x00007ffea849b630:   0000000006a7e42e 000000000000003e
0x00007ffea849b640:   00007ffea849b6a0 00007ffee06abf2f
0x00007ffea849b650:   00007ffedc212800 01007ffe576db670
0x00007ffea849b660:   00007ffea849b6c0 00007ffea849b6ff
0x00007ffea849b670:   00007ffea849b6fd 00007ffea849b6c0
0x00007ffea849b680:   000000000000003e 00007ffedc2129f8
0x00007ffea849b690:   00007ffea849bb18 0000000000000001
0x00007ffea849b6a0:   00007ffea849bb00 00007ffee069dd30
0x00007ffea849b6b0:   00000000abbb5788 00007ffedc1a8b60
0x00007ffea849b6c0:   742f4e4944414156 61762f73656d6568
0x00007ffea849b6d0:   73746e6f662f6f6c 61732d6e65706f2f
0x00007ffea849b6e0:   536e65704f2f736e 6867694c2d736e61
0x00007ffea849b6f0:   6e6f666265772d74 000066666f772e74
0x00007ffea849b700:   00000000ab928b60 00007ffe8000b888
0x00007ffea849b710:   00000000000003d8 00000000abcabeb8
0x00007ffea849b720:   00007ffeabcabe98 00000001abbf0aa0
0x00007ffea849b730:   00000001abf07b50 00000001000105f8
0x00007ffea849b740:   00000000ab96aef8 00000001000368f0
0x00007ffea849b750:   00007ffea849b7a0 00007ffee23bd00b
0x00007ffea849b760:   00007ffea849cee0 00007ffedc213190
0x00007ffea849b770:   0000000000000001 00007ffeab928b40
0x00007ffea849b780:   00007ffeabd4aa10 00007ffeabd4aa70
0x00007ffea849b790:   00000001abd4aa90 00007ffedc212800
0x00007ffea849b7a0:   00007ffeabbb5648 00007ffeabd4a408
0x00007ffea849b7b0:   0000000000000000 00007ffee344d1e0
0x00007ffea849b7c0:   00007ffeab9bf0d8 00007ffedc212800
0x00007ffea849b7d0:   00007ffedc213190 00007ffea849b8f0
0x00007ffea849b7e0:   00007ffeab9bd358 00007ffeab928b20 

Instructions: (pc=0x00007ffee06ab7d2)
0x00007ffee06ab7b2:   00 48 c7 40 28 00 00 00 00 41 80 7f 30 00 0f 84
0x00007ffee06ab7c2:   8a 02 00 00 4c 8b 63 08 4d 2b 67 28 4d 03 67 18
0x00007ffee06ab7d2:   41 0f b6 5c 24 1d 41 0f b6 44 24 1c c1 e3 08 09
0x00007ffee06ab7e2:   c3 41 0f b6 44 24 1e 88 45 bd 41 0f b6 54 24 20 

Register to memory mapping:

RAX=0x00007ffe49314e60 is an unknown value
RBX=0x00007ffedc2528c0 is an unknown value
RCX=0x00007ffe58000020 is an unknown value
RDX=0x00007ffe49314e60 is an unknown value
RSP=0x00007ffea849b5f0 is pointing into the stack for thread: 0x00007ffedc212800
RBP=0x00007ffea849b640 is pointing into the stack for thread: 0x00007ffedc212800
RSI=0x00007ffe58000038 is an unknown value
RDI=0x00007ffe49314ea0 is an unknown value
R8 =0x0000000000000003 is an unknown value
R9 =0x00007ffea849b6c0 is pointing into the stack for thread: 0x00007ffedc212800
R10=0x00007ffecd17f058 is at entry_point+88 in (nmethod*)0x00007ffecd17ee90
R11=0x00007ffee2b89a30: <offset 0x187a30> in /lib/x86_64-linux-gnu/libc.so.6 at 0x00007ffee2a02000
R12=0x00007ffea833fa8c is an unknown value
R13=0x00007ffe49314e60 is an unknown value
R14=0x0000000006a7e42e is an unknown value
R15=0x00007ffedc1a8b60 is an unknown value


Stack: [0x00007ffea839e000,0x00007ffea849f000],  sp=0x00007ffea849b5f0,  free space=1013k
Native frames: (J=compiled Java code, j=interpreted, Vv=VM code, C=native code)
C  [libzip.so+0x117d2]  newEntry+0x62
C  [libzip.so+0x11f2f]  ZIP_GetEntry2+0xff
C  [libzip.so+0x3d30]  Java_java_util_zip_ZipFile_getEntry+0xf0
J 220  java.util.zip.ZipFile.getEntry(J[BZ)J (0 bytes) @ 0x00007ffecd17f0ce [0x00007ffecd17f000+0xce]
J 1439 C2 java.util.jar.JarFile.getEntry(Ljava/lang/String;)Ljava/util/zip/ZipEntry; (22 bytes) @ 0x00007ffecd6211bc [0x00007ffecd620e80+0x33c]

Java frames: (J=compiled Java code, j=interpreted, Vv=VM code)
J 220  java.util.zip.ZipFile.getEntry(J[BZ)J (0 bytes) @ 0x00007ffecd17f058 [0x00007ffecd17f000+0x58]
J 1439 C2 java.util.jar.JarFile.getEntry(Ljava/lang/String;)Ljava/util/zip/ZipEntry; (22 bytes) @ 0x00007ffecd6211bc [0x00007ffecd620e80+0x33c]
J 1432 C2 sun.misc.URLClassPath$JarLoader.getResource(Ljava/lang/String;Z)Lsun/misc/Resource; (85 bytes) @ 0x00007ffecd61fcac [0x00007ffecd61fb80+0x12c]
J 1244 C1 sun.misc.URLClassPath$JarLoader.findResource(Ljava/lang/String;Z)Ljava/net/URL; (18 bytes) @ 0x00007ffecd57511c [0x00007ffecd5750a0+0x7c]
j  sun.misc.URLClassPath.findResource(Ljava/lang/String;Z)Ljava/net/URL;+26
j  java.net.URLClassLoader$2.run()Ljava/net/URL;+12
j  java.net.URLClassLoader$2.run()Ljava/lang/Object;+1
v  ~StubRoutines::call_stub
j  java.security.AccessController.doPrivileged(Ljava/security/PrivilegedAction;Ljava/security/AccessControlContext;)Ljava/lang/Object;+0
j  java.net.URLClassLoader.findResource(Ljava/lang/String;)Ljava/net/URL;+13
j  org.eclipse.jetty.webapp.WebAppClassLoader.getResource(Ljava/lang/String;)Ljava/net/URL;+129
j  com.vaadin.server.VaadinServlet.findResourceURL(Ljava/lang/String;Ljavax/servlet/ServletContext;)Ljava/net/URL;+35
j  com.vaadin.server.VaadinServlet.serveStaticResourcesInVAADIN(Ljava/lang/String;Ljavax/servlet/http/HttpServletRequest;Ljavax/servlet/http/HttpServletResponse;)V+10
j  com.vaadin.server.VaadinServlet.serveStaticResources(Ljavax/servlet/http/HttpServletRequest;Ljavax/servlet/http/HttpServletResponse;)Z+45
j  com.vaadin.server.VaadinServlet.service(Ljavax/servlet/http/HttpServletRequest;Ljavax/servlet/http/HttpServletResponse;)V+58
j  javax.servlet.http.HttpServlet.service(Ljavax/servlet/ServletRequest;Ljavax/servlet/ServletResponse;)V+39
j  org.eclipse.jetty.servlet.ServletHolder.handle(Lorg/eclipse/jetty/server/Request;Ljavax/servlet/ServletRequest;Ljavax/servlet/ServletResponse;)V+222
j  org.eclipse.jetty.servlet.ServletHandler.doHandle(Ljava/lang/String;Lorg/eclipse/jetty/server/Request;Ljavax/servlet/http/HttpServletRequest;Ljavax/servlet/http/HttpServletResponse;)V+197
j  org.eclipse.jetty.server.handler.ScopedHandler.handle(Ljava/lang/String;Lorg/eclipse/jetty/server/Request;Ljavax/servlet/http/HttpServletRequest;Ljavax/servlet/http/HttpServletResponse;)V+32
j  org.eclipse.jetty.security.SecurityHandler.handle(Ljava/lang/String;Lorg/eclipse/jetty/server/Request;Ljavax/servlet/http/HttpServletRequest;Ljavax/servlet/http/HttpServletResponse;)V+553
j  org.eclipse.jetty.server.session.SessionHandler.doHandle(Ljava/lang/String;Lorg/eclipse/jetty/server/Request;Ljavax/servlet/http/HttpServletRequest;Ljavax/servlet/http/HttpServletResponse;)V+68
j  org.eclipse.jetty.server.handler.ContextHandler.doHandle(Ljava/lang/String;Lorg/eclipse/jetty/server/Request;Ljavax/servlet/http/HttpServletRequest;Ljavax/servlet/http/HttpServletResponse;)V+369
j  org.eclipse.jetty.servlet.ServletHandler.doScope(Ljava/lang/String;Lorg/eclipse/jetty/server/Request;Ljavax/servlet/http/HttpServletRequest;Ljavax/servlet/http/HttpServletResponse;)V+274
j  org.eclipse.jetty.server.session.SessionHandler.doScope(Ljava/lang/String;Lorg/eclipse/jetty/server/Request;Ljavax/servlet/http/HttpServletRequest;Ljavax/servlet/http/HttpServletResponse;)V+233
j  org.eclipse.jetty.server.handler.ContextHandler.doScope(Ljava/lang/String;Lorg/eclipse/jetty/server/Request;Ljavax/servlet/http/HttpServletRequest;Ljavax/servlet/http/HttpServletResponse;)V+437
j  org.eclipse.jetty.server.handler.ScopedHandler.handle(Ljava/lang/String;Lorg/eclipse/jetty/server/Request;Ljavax/servlet/http/HttpServletRequest;Ljavax/servlet/http/HttpServletResponse;)V+20
j  org.eclipse.jetty.server.handler.ContextHandlerCollection.handle(Ljava/lang/String;Lorg/eclipse/jetty/server/Request;Ljavax/servlet/http/HttpServletRequest;Ljavax/servlet/http/HttpServletResponse;)V+174
j  org.eclipse.jetty.server.handler.HandlerCollection.handle(Ljava/lang/String;Lorg/eclipse/jetty/server/Request;Ljavax/servlet/http/HttpServletRequest;Ljavax/servlet/http/HttpServletResponse;)V+42
j  org.eclipse.jetty.server.handler.HandlerWrapper.handle(Ljava/lang/String;Lorg/eclipse/jetty/server/Request;Ljavax/servlet/http/HttpServletRequest;Ljavax/servlet/http/HttpServletResponse;)V+23
j  org.eclipse.jetty.server.Server.handle(Lorg/eclipse/jetty/server/HttpChannel;)V+118
j  org.eclipse.jetty.server.HttpChannel.handle()Z+263
j  org.eclipse.jetty.server.HttpConnection.onFillable()V+178
j  org.eclipse.jetty.io.AbstractConnection$2.run()V+4
j  org.eclipse.jetty.util.thread.QueuedThreadPool.runJob(Ljava/lang/Runnable;)V+1
j  org.eclipse.jetty.util.thread.QueuedThreadPool$3.run()V+73
j  java.lang.Thread.run()V+11
v  ~StubRoutines::call_stub

---------------  P R O C E S S  ---------------

Java Threads: ( => current thread )
  0x00007ffe38001000 JavaThread "qtp1078694789-28" [_thread_blocked, id=14965, stack(0x00007ffe570d3000,0x00007ffe571d4000)]
  0x00007ffe3401a800 JavaThread "qtp1078694789-27" [_thread_blocked, id=14964, stack(0x00007ffe573d4000,0x00007ffe574d5000)]
  0x00007ffe58001000 JavaThread "qtp1078694789-26" [_thread_blocked, id=14962, stack(0x00007ffe574d5000,0x00007ffe575d6000)]
  0x00007ffe5c008800 JavaThread "Scheduler-193064360" [_thread_blocked, id=14961, stack(0x00007ffe577d6000,0x00007ffe578d7000)]
  0x00007ffedc336800 JavaThread "org.eclipse.jetty.server.session.HashSessionManager@61a485d2Timer" daemon [_thread_blocked, id=14710, stack(0x00007ffe57cff000,0x00007ffe57e00000)]
  0x00007ffe60006800 JavaThread "qtp1078694789-23-selector-ServerConnectorManager@aa711f4/0" [_thread_in_native, id=14692, stack(0x00007ffea8172000,0x00007ffea8273000)]
  0x00007ffe5c001000 JavaThread "qtp1078694789-22-selector-ServerConnectorManager@aa711f4/2" [_thread_in_native, id=14691, stack(0x00007ffea8071000,0x00007ffea8172000)]
=>0x00007ffedc212800 JavaThread "qtp1078694789-19" [_thread_in_native, id=14682, stack(0x00007ffea839e000,0x00007ffea849f000)]
  0x00007ffedc211000 JavaThread "qtp1078694789-18-selector-ServerConnectorManager@aa711f4/4" [_thread_in_native, id=14681, stack(0x00007ffea849f000,0x00007ffea85a0000)]
  0x00007ffedc20f000 JavaThread "qtp1078694789-17-selector-ServerConnectorManager@aa711f4/7" [_thread_in_native, id=14680, stack(0x00007ffea85a0000,0x00007ffea86a1000)]
  0x00007ffedc20d800 JavaThread "qtp1078694789-16-selector-ServerConnectorManager@aa711f4/3" [_thread_in_native, id=14679, stack(0x00007ffea86a1000,0x00007ffea87a2000)]
  0x00007ffedc20b800 JavaThread "qtp1078694789-15-selector-ServerConnectorManager@aa711f4/6" [_thread_in_native, id=14678, stack(0x00007ffea87a2000,0x00007ffea88a3000)]
  0x00007ffedc20a000 JavaThread "qtp1078694789-14-acceptor-0-ServerConnector@6d4b1c02{HTTP/1.1}{0.0.0.0:8081}" [_thread_in_native, id=14677, stack(0x00007ffea88a3000,0x00007ffea89a4000)]
  0x00007ffedc208800 JavaThread "qtp1078694789-13-selector-ServerConnectorManager@aa711f4/1" [_thread_in_native, id=14676, stack(0x00007ffea89a4000,0x00007ffea8aa5000)]
  0x00007ffedc207000 JavaThread "qtp1078694789-12-selector-ServerConnectorManager@aa711f4/5" [_thread_in_native, id=14675, stack(0x00007ffea8aa5000,0x00007ffea8ba6000)]
  0x00007ffedc0e3000 JavaThread "Service Thread" daemon [_thread_blocked, id=14673, stack(0x00007ffea8ef2000,0x00007ffea8ff3000)]
  0x00007ffedc0c6000 JavaThread "C1 CompilerThread3" daemon [_thread_blocked, id=14672, stack(0x00007ffea8ff3000,0x00007ffea90f4000)]
  0x00007ffedc0c4000 JavaThread "C2 CompilerThread2" daemon [_thread_blocked, id=14671, stack(0x00007ffea90f4000,0x00007ffea91f5000)]
  0x00007ffedc0c2000 JavaThread "C2 CompilerThread1" daemon [_thread_blocked, id=14670, stack(0x00007ffea91f5000,0x00007ffea92f6000)]
  0x00007ffedc0bf000 JavaThread "C2 CompilerThread0" daemon [_thread_blocked, id=14669, stack(0x00007ffea92f6000,0x00007ffea93f7000)]
  0x00007ffedc0bd800 JavaThread "Signal Dispatcher" daemon [_thread_blocked, id=14668, stack(0x00007ffea93f7000,0x00007ffea94f8000)]
  0x00007ffedc087000 JavaThread "Finalizer" daemon [_thread_blocked, id=14667, stack(0x00007ffea9930000,0x00007ffea9a31000)]
  0x00007ffedc085000 JavaThread "Reference Handler" daemon [_thread_blocked, id=14666, stack(0x00007ffea9a31000,0x00007ffea9b32000)]
  0x00007ffedc009800 JavaThread "main" [_thread_blocked, id=14649, stack(0x00007ffee34f3000,0x00007ffee35f4000)]

Other Threads:
  0x00007ffedc07f800 VMThread [stack: 0x00007ffea9b32000,0x00007ffea9c33000] [id=14658]
  0x00007ffedc0e5800 WatcherThread [stack: 0x00007ffea8df1000,0x00007ffea8ef2000] [id=14674]

VM state:not at safepoint (normal execution)

VM Mutex/Monitor currently owned by a thread: None

Heap:
 PSYoungGen      total 284160K, used 64433K [0x00000000d7100000, 0x00000000ebc00000, 0x0000000100000000)
  eden space 247808K, 13% used [0x00000000d7100000,0x00000000d9248470,0x00000000e6300000)
  from space 36352K, 83% used [0x00000000e8c80000,0x00000000eaa240e0,0x00000000eb000000)
  to   space 42496K, 0% used [0x00000000e6300000,0x00000000e6300000,0x00000000e8c80000)
 ParOldGen       total 84992K, used 46960K [0x0000000085200000, 0x000000008a500000, 0x00000000d7100000)
  object space 84992K, 55% used [0x0000000085200000,0x0000000087fdc388,0x000000008a500000)
 Metaspace       used 18097K, capacity 18324K, committed 18560K, reserved 1064960K
  class space    used 2333K, capacity 2403K, committed 2432K, reserved 1048576K

Card table byte_map: [0x00007ffeccc28000,0x00007ffecd000000] byte_map_base: 0x00007ffecc7ff000

Marking Bits: (ParMarkBitMap*) 0x00007ffee29d7760
 Begin Bits: [0x00007ffebc290000, 0x00007ffebe148000)
 End Bits:   [0x00007ffebe148000, 0x00007ffec0000000)

Polling page: 0x00007ffee361e000

CodeCache: size=245760Kb used=5977Kb max_used=7228Kb free=239782Kb
 bounds [0x00007ffecd000000, 0x00007ffecd720000, 0x00007ffedc000000]
 total_blobs=1953 nmethods=1586 adapters=280
 compilation: enabled

Compilation events (10 events):
Event: 26,724 Thread 0x00007ffedc0bf000 nmethod 1876 0x00007ffecd39d410 code [0x00007ffecd39d580, 0x00007ffecd39dc18]
Event: 26,725 Thread 0x00007ffedc0c6000 1881       3       org.eclipse.jetty.http.HttpParser::setState (38 bytes)
Event: 26,726 Thread 0x00007ffedc0c6000 nmethod 1881 0x00007ffecd11ee50 code [0x00007ffecd11efe0, 0x00007ffecd11f4e8]
Event: 26,726 Thread 0x00007ffedc0c6000 1883       3       java.util.regex.Pattern$Ctype::isSatisfiedBy (24 bytes)
Event: 26,726 Thread 0x00007ffedc0c6000 nmethod 1883 0x00007ffecd17a690 code [0x00007ffecd17a820, 0x00007ffecd17abb0]
Event: 26,726 Thread 0x00007ffedc0c6000 1884       3       org.eclipse.jetty.util.log.StdErrLog::debug (49 bytes)
Event: 26,727 Thread 0x00007ffedc0c4000 nmethod 1875% 0x00007ffecd1f2bd0 code [0x00007ffecd1f2ea0, 0x00007ffecd1f39b8]
Event: 26,727 Thread 0x00007ffedc0c6000 nmethod 1884 0x00007ffecd300a50 code [0x00007ffecd300c40, 0x00007ffecd301538]
Event: 26,727 Thread 0x00007ffedc0c6000 1882       3       org.eclipse.jetty.util.ArrayTernaryTrie::hilo (10 bytes)
Event: 26,728 Thread 0x00007ffedc0c6000 nmethod 1882 0x00007ffecd12bb90 code [0x00007ffecd12bce0, 0x00007ffecd12be50]

GC Heap History (10 events):
Event: 0,419 GC heap before
{Heap before GC invocations=2 (full 0):
 PSYoungGen      total 36864K, used 34812K [0x00000000d7100000, 0x00000000db900000, 0x0000000100000000)
  eden space 31744K, 100% used [0x00000000d7100000,0x00000000d9000000,0x00000000d9000000)
  from space 5120K, 59% used [0x00000000d9000000,0x00000000d92ff280,0x00000000d9500000)
  to   space 5120K, 0% used [0x00000000db400000,0x00000000db400000,0x00000000db900000)
 ParOldGen       total 84992K, used 8K [0x0000000085200000, 0x000000008a500000, 0x00000000d7100000)
  object space 84992K, 0% used [0x0000000085200000,0x0000000085202000,0x000000008a500000)
 Metaspace       used 7144K, capacity 7236K, committed 7552K, reserved 1056768K
  class space    used 798K, capacity 816K, committed 896K, reserved 1048576K
Event: 0,424 GC heap after
Heap after GC invocations=2 (full 0):
 PSYoungGen      total 68608K, used 1584K [0x00000000d7100000, 0x00000000db900000, 0x0000000100000000)
  eden space 63488K, 0% used [0x00000000d7100000,0x00000000d7100000,0x00000000daf00000)
  from space 5120K, 30% used [0x00000000db400000,0x00000000db58c020,0x00000000db900000)
  to   space 5120K, 0% used [0x00000000daf00000,0x00000000daf00000,0x00000000db400000)
 ParOldGen       total 84992K, used 80K [0x0000000085200000, 0x000000008a500000, 0x00000000d7100000)
  object space 84992K, 0% used [0x0000000085200000,0x0000000085214010,0x000000008a500000)
 Metaspace       used 7144K, capacity 7236K, committed 7552K, reserved 1056768K
  class space    used 798K, capacity 816K, committed 896K, reserved 1048576K
}
Event: 0,598 GC heap before
{Heap before GC invocations=3 (full 0):
 PSYoungGen      total 68608K, used 65072K [0x00000000d7100000, 0x00000000db900000, 0x0000000100000000)
  eden space 63488K, 100% used [0x00000000d7100000,0x00000000daf00000,0x00000000daf00000)
  from space 5120K, 30% used [0x00000000db400000,0x00000000db58c020,0x00000000db900000)
  to   space 5120K, 0% used [0x00000000daf00000,0x00000000daf00000,0x00000000db400000)
 ParOldGen       total 84992K, used 80K [0x0000000085200000, 0x000000008a500000, 0x00000000d7100000)
  object space 84992K, 0% used [0x0000000085200000,0x0000000085214010,0x000000008a500000)
 Metaspace       used 7970K, capacity 8036K, committed 8192K, reserved 1056768K
  class space    used 887K, capacity 912K, committed 1024K, reserved 1048576K
Event: 0,603 GC heap after
Heap after GC invocations=3 (full 0):
 PSYoungGen      total 68608K, used 2607K [0x00000000d7100000, 0x00000000df700000, 0x0000000100000000)
  eden space 63488K, 0% used [0x00000000d7100000,0x00000000d7100000,0x00000000daf00000)
  from space 5120K, 50% used [0x00000000daf00000,0x00000000db18bf78,0x00000000db400000)
  to   space 5120K, 0% used [0x00000000df200000,0x00000000df200000,0x00000000df700000)
 ParOldGen       total 84992K, used 88K [0x0000000085200000, 0x000000008a500000, 0x00000000d7100000)
  object space 84992K, 0% used [0x0000000085200000,0x0000000085216010,0x000000008a500000)
 Metaspace       used 7970K, capacity 8036K, committed 8192K, reserved 1056768K
  class space    used 887K, capacity 912K, committed 1024K, reserved 1048576K
}
Event: 1,054 GC heap before
{Heap before GC invocations=4 (full 0):
 PSYoungGen      total 68608K, used 66095K [0x00000000d7100000, 0x00000000df700000, 0x0000000100000000)
  eden space 63488K, 100% used [0x00000000d7100000,0x00000000daf00000,0x00000000daf00000)
  from space 5120K, 50% used [0x00000000daf00000,0x00000000db18bf78,0x00000000db400000)
  to   space 5120K, 0% used [0x00000000df200000,0x00000000df200000,0x00000000df700000)
 ParOldGen       total 84992K, used 91K [0x0000000085200000, 0x000000008a500000, 0x00000000d7100000)
  object space 84992K, 0% used [0x0000000085200000,0x0000000085216df8,0x000000008a500000)
 Metaspace       used 8270K, capacity 8388K, committed 8704K, reserved 1056768K
  class space    used 897K, capacity 944K, committed 1024K, reserved 1048576K
Event: 1,074 GC heap after
Heap after GC invocations=4 (full 0):
 PSYoungGen      total 132096K, used 5096K [0x00000000d7100000, 0x00000000df700000, 0x0000000100000000)
  eden space 126976K, 0% used [0x00000000d7100000,0x00000000d7100000,0x00000000ded00000)
  from space 5120K, 99% used [0x00000000df200000,0x00000000df6fa270,0x00000000df700000)
  to   space 5120K, 0% used [0x00000000ded00000,0x00000000ded00000,0x00000000df200000)
 ParOldGen       total 84992K, used 12356K [0x0000000085200000, 0x000000008a500000, 0x00000000d7100000)
  object space 84992K, 14% used [0x0000000085200000,0x0000000085e11250,0x000000008a500000)
 Metaspace       used 8270K, capacity 8388K, committed 8704K, reserved 1056768K
  class space    used 897K, capacity 944K, committed 1024K, reserved 1048576K
}
Event: 1,501 GC heap before
{Heap before GC invocations=5 (full 0):
 PSYoungGen      total 132096K, used 132072K [0x00000000d7100000, 0x00000000df700000, 0x0000000100000000)
  eden space 126976K, 100% used [0x00000000d7100000,0x00000000ded00000,0x00000000ded00000)
  from space 5120K, 99% used [0x00000000df200000,0x00000000df6fa270,0x00000000df700000)
  to   space 5120K, 0% used [0x00000000ded00000,0x00000000ded00000,0x00000000df200000)
 ParOldGen       total 84992K, used 12458K [0x0000000085200000, 0x000000008a500000, 0x00000000d7100000)
  object space 84992K, 14% used [0x0000000085200000,0x0000000085e2a940,0x000000008a500000)
 Metaspace       used 8284K, capacity 8388K, committed 8704K, reserved 1056768K
  class space    used 898K, capacity 944K, committed 1024K, reserved 1048576K
Event: 1,528 GC heap after
Heap after GC invocations=5 (full 0):
 PSYoungGen      total 132096K, used 5109K [0x00000000d7100000, 0x00000000eb000000, 0x0000000100000000)
  eden space 126976K, 0% used [0x00000000d7100000,0x00000000d7100000,0x00000000ded00000)
  from space 5120K, 99% used [0x00000000ded00000,0x00000000df1fd740,0x00000000df200000)
  to   space 36352K, 0% used [0x00000000e8c80000,0x00000000e8c80000,0x00000000eb000000)
 ParOldGen       total 84992K, used 46947K [0x0000000085200000, 0x000000008a500000, 0x00000000d7100000)
  object space 84992K, 55% used [0x0000000085200000,0x0000000087fd8d28,0x000000008a500000)
 Metaspace       used 8284K, capacity 8388K, committed 8704K, reserved 1056768K
  class space    used 898K, capacity 944K, committed 1024K, reserved 1048576K
}
Event: 26,144 GC heap before
{Heap before GC invocations=6 (full 0):
 PSYoungGen      total 132096K, used 132085K [0x00000000d7100000, 0x00000000eb000000, 0x0000000100000000)
  eden space 126976K, 100% used [0x00000000d7100000,0x00000000ded00000,0x00000000ded00000)
  from space 5120K, 99% used [0x00000000ded00000,0x00000000df1fd740,0x00000000df200000)
  to   space 36352K, 0% used [0x00000000e8c80000,0x00000000e8c80000,0x00000000eb000000)
 ParOldGen       total 84992K, used 46952K [0x0000000085200000, 0x000000008a500000, 0x00000000d7100000)
  object space 84992K, 55% used [0x0000000085200000,0x0000000087fda388,0x000000008a500000)
 Metaspace       used 14862K, capacity 15022K, committed 15360K, reserved 1062912K
  class space    used 1842K, capacity 1922K, committed 2048K, reserved 1048576K
Event: 26,181 GC heap after
Heap after GC invocations=6 (full 0):
 PSYoungGen      total 284160K, used 30352K [0x00000000d7100000, 0x00000000ebc00000, 0x0000000100000000)
  eden space 247808K, 0% used [0x00000000d7100000,0x00000000d7100000,0x00000000e6300000)
  from space 36352K, 83% used [0x00000000e8c80000,0x00000000eaa240e0,0x00000000eb000000)
  to   space 42496K, 0% used [0x00000000e6300000,0x00000000e6300000,0x00000000e8c80000)
 ParOldGen       total 84992K, used 46960K [0x0000000085200000, 0x000000008a500000, 0x00000000d7100000)
  object space 84992K, 55% used [0x0000000085200000,0x0000000087fdc388,0x000000008a500000)
 Metaspace       used 14862K, capacity 15022K, committed 15360K, reserved 1062912K
  class space    used 1842K, capacity 1922K, committed 2048K, reserved 1048576K
}

Deoptimization events (10 events):
Event: 26,080 Thread 0x00007ffe58001000 Uncommon trap: reason=class_check action=maybe_recompile pc=0x00007ffecd63ef08 method=java.util.concurrent.ConcurrentHashMap.get(Ljava/lang/Object;)Ljava/lang/Object; @ 149
Event: 26,080 Thread 0x00007ffe58001000 Uncommon trap: reason=unstable_if action=reinterpret pc=0x00007ffecd340e00 method=java.net.URI.match(CJJ)Z @ 45
Event: 26,080 Thread 0x00007ffe58001000 Uncommon trap: reason=unstable_if action=reinterpret pc=0x00007ffecd1a7cac method=java.net.URI.match(CJJ)Z @ 19
Event: 26,198 Thread 0x00007ffedc085000 Uncommon trap: reason=unstable_if action=reinterpret pc=0x00007ffecd28c120 method=sun.misc.VM.addFinalRefCount(I)V @ 14
Event: 26,321 Thread 0x00007ffe58001000 Uncommon trap: reason=unstable_if action=reinterpret pc=0x00007ffecd67b028 method=java.util.HashMap.getNode(ILjava/lang/Object;)Ljava/util/HashMap$Node; @ 129
Event: 26,321 Thread 0x00007ffe58001000 Uncommon trap: reason=bimorphic action=maybe_recompile pc=0x00007ffecd67394c method=java.util.HashMap.putVal(ILjava/lang/Object;Ljava/lang/Object;ZZ)Ljava/lang/Object; @ 203
Event: 26,353 Thread 0x00007ffe58001000 Uncommon trap: reason=class_check action=maybe_recompile pc=0x00007ffecd49e2c4 method=java.util.Hashtable.get(Ljava/lang/Object;)Ljava/lang/Object; @ 45
Event: 26,353 Thread 0x00007ffe58001000 Uncommon trap: reason=class_check action=maybe_recompile pc=0x00007ffecd49e2c4 method=java.util.Hashtable.get(Ljava/lang/Object;)Ljava/lang/Object; @ 45
Event: 26,674 Thread 0x00007ffe58001000 Uncommon trap: reason=unstable_if action=reinterpret pc=0x00007ffecd61e59c method=java.util.concurrent.ConcurrentHashMap.putVal(Ljava/lang/Object;Ljava/lang/Object;Z)Ljava/lang/Object; @ 206
Event: 26,678 Thread 0x00007ffe58001000 Uncommon trap: reason=unstable_if action=reinterpret pc=0x00007ffecd6fe744 method=java.lang.Character.isISOControl(I)Z @ 16

Internal exceptions (10 events):
Event: 26,545 Thread 0x00007ffe58001000 Exception <a 'java/lang/StackOverflowError'> (0x00000000d85a0748) thrown at [/RE-WORK/workspace/8-2-build-linux-amd64/jdk8u45/3457/hotspot/src/share/vm/runtime/javaCalls.cpp, line 386]
Event: 26,545 Thread 0x00007ffe58001000 Exception <a 'java/lang/StackOverflowError'> (0x00000000d85a0748) thrown at [/RE-WORK/workspace/8-2-build-linux-amd64/jdk8u45/3457/hotspot/src/share/vm/prims/jvm.cpp, line 1386]
Event: 26,545 Thread 0x00007ffe58001000 Exception <a 'java/lang/StackOverflowError'> (0x00000000d85a3ac8) thrown at [/RE-WORK/workspace/8-2-build-linux-amd64/jdk8u45/3457/hotspot/src/share/vm/runtime/javaCalls.cpp, line 386]
Event: 26,545 Thread 0x00007ffe58001000 Exception <a 'java/lang/StackOverflowError'> (0x00000000d85a3ac8) thrown at [/RE-WORK/workspace/8-2-build-linux-amd64/jdk8u45/3457/hotspot/src/share/vm/prims/jvm.cpp, line 1386]
Event: 26,546 Thread 0x00007ffe58001000 Exception <a 'java/lang/StackOverflowError'> (0x00000000d85a8270) thrown at [/RE-WORK/workspace/8-2-build-linux-amd64/jdk8u45/3457/hotspot/src/share/vm/runtime/javaCalls.cpp, line 386]
Event: 26,546 Thread 0x00007ffe58001000 Exception <a 'java/lang/StackOverflowError'> (0x00000000d85a8270) thrown at [/RE-WORK/workspace/8-2-build-linux-amd64/jdk8u45/3457/hotspot/src/share/vm/prims/jvm.cpp, line 1386]
Event: 26,546 Thread 0x00007ffe58001000 Exception <a 'java/lang/StackOverflowError'> (0x00000000d85ae960) thrown at [/RE-WORK/workspace/8-2-build-linux-amd64/jdk8u45/3457/hotspot/src/share/vm/runtime/javaCalls.cpp, line 386]
Event: 26,546 Thread 0x00007ffe58001000 Exception <a 'java/lang/StackOverflowError'> (0x00000000d85ae960) thrown at [/RE-WORK/workspace/8-2-build-linux-amd64/jdk8u45/3457/hotspot/src/share/vm/prims/jvm.cpp, line 1386]
Event: 26,546 Thread 0x00007ffe58001000 Exception <a 'java/lang/StackOverflowError'> (0x00000000d85b5050) thrown at [/RE-WORK/workspace/8-2-build-linux-amd64/jdk8u45/3457/hotspot/src/share/vm/runtime/javaCalls.cpp, line 386]
Event: 26,547 Thread 0x00007ffe58001000 Exception <a 'java/lang/StackOverflowError'> (0x00000000d85b5050) thrown at [/RE-WORK/workspace/8-2-build-linux-amd64/jdk8u45/3457/hotspot/src/share/vm/prims/jvm.cpp, line 1386]

Events (10 events):
Event: 26,710 Thread 0x00007ffedc0c2000 flushing nmethod 0x00007ffecd4d4950
Event: 26,710 Thread 0x00007ffedc0c2000 flushing nmethod 0x00007ffecd4d54d0
Event: 26,710 Thread 0x00007ffedc0c2000 flushing nmethod 0x00007ffecd4d5b10
Event: 26,710 Thread 0x00007ffedc0c2000 flushing nmethod 0x00007ffecd4e1110
Event: 26,710 Thread 0x00007ffedc0c2000 flushing nmethod 0x00007ffecd4fd990
Event: 26,710 Thread 0x00007ffedc0c2000 flushing nmethod 0x00007ffecd513d10
Event: 26,710 Thread 0x00007ffedc0c2000 flushing nmethod 0x00007ffecd515f50
Event: 26,714 Thread 0x00007ffedc0c6000 flushing nmethod 0x00007ffecd519f50
Event: 26,716 Executing VM operation: BulkRevokeBias
Event: 26,716 Executing VM operation: BulkRevokeBias done


Dynamic libraries:
00400000-00401000 r-xp 00000000 08:01 16386253                           /usr/lib/jvm/java-8-oracle/jre/bin/java
00600000-00601000 rw-p 00000000 08:01 16386253                           /usr/lib/jvm/java-8-oracle/jre/bin/java
0142f000-01450000 rw-p 00000000 00:00 0                                  [heap]
85200000-8a500000 rw-p 00000000 00:00 0 
8a500000-d7100000 ---p 00000000 00:00 0 
d7100000-ebc00000 rw-p 00000000 00:00 0 
ebc00000-100000000 ---p 00000000 00:00 0 
100000000-100260000 rw-p 00000000 00:00 0 
100260000-140000000 ---p 00000000 00:00 0 
7ffe2c000000-7ffe2c021000 rw-p 00000000 00:00 0 
7ffe2c021000-7ffe30000000 ---p 00000000 00:00 0 
7ffe34000000-7ffe3428f000 rw-p 00000000 00:00 0 
7ffe3428f000-7ffe38000000 ---p 00000000 00:00 0 
7ffe38000000-7ffe38021000 rw-p 00000000 00:00 0 
7ffe38021000-7ffe3c000000 ---p 00000000 00:00 0 
7ffe3c000000-7ffe3c021000 rw-p 00000000 00:00 0 
7ffe3c021000-7ffe40000000 ---p 00000000 00:00 0 
7ffe40000000-7ffe40021000 rw-p 00000000 00:00 0 
7ffe40021000-7ffe44000000 ---p 00000000 00:00 0 
7ffe44000000-7ffe44055000 rw-p 00000000 00:00 0 
7ffe44055000-7ffe48000000 ---p 00000000 00:00 0 
7ffe48000000-7ffe49324000 rw-p 00000000 00:00 0 
7ffe49324000-7ffe4c000000 ---p 00000000 00:00 0 
7ffe4c000000-7ffe4fffa000 rw-p 00000000 00:00 0 
7ffe4fffa000-7ffe50000000 ---p 00000000 00:00 0 
7ffe50000000-7ffe50aab000 rw-p 00000000 00:00 0 
7ffe50aab000-7ffe54000000 ---p 00000000 00:00 0 
7ffe56ed3000-7ffe57093000 rw-p 00000000 00:00 0 
7ffe57093000-7ffe570d3000 ---p 00000000 00:00 0 
7ffe570d3000-7ffe570d6000 ---p 00000000 00:00 0 
7ffe570d6000-7ffe573d4000 rw-p 00000000 00:00 0                          [stack:14965]
7ffe573d4000-7ffe573d7000 ---p 00000000 00:00 0 
7ffe573d7000-7ffe574d5000 rw-p 00000000 00:00 0                          [stack:14964]
7ffe574d5000-7ffe574d8000 ---p 00000000 00:00 0 
7ffe574d8000-7ffe577d6000 rw-p 00000000 00:00 0                          [stack:14962]
7ffe577d6000-7ffe577d9000 ---p 00000000 00:00 0 
7ffe577d9000-7ffe578d7000 rw-p 00000000 00:00 0                          [stack:14961]
7ffe578d7000-7ffe578e8000 r-xp 00000000 08:01 16515177                   /usr/lib/jvm/java-8-oracle/jre/lib/amd64/libnio.so
7ffe578e8000-7ffe57ae7000 ---p 00011000 08:01 16515177                   /usr/lib/jvm/java-8-oracle/jre/lib/amd64/libnio.so
7ffe57ae7000-7ffe57ae8000 rw-p 00010000 08:01 16515177                   /usr/lib/jvm/java-8-oracle/jre/lib/amd64/libnio.so
7ffe57ae8000-7ffe57afe000 r-xp 00000000 08:01 16515143                   /usr/lib/jvm/java-8-oracle/jre/lib/amd64/libnet.so
7ffe57afe000-7ffe57cfe000 ---p 00016000 08:01 16515143                   /usr/lib/jvm/java-8-oracle/jre/lib/amd64/libnet.so
7ffe57cfe000-7ffe57cff000 rw-p 00016000 08:01 16515143                   /usr/lib/jvm/java-8-oracle/jre/lib/amd64/libnet.so
7ffe57cff000-7ffe57d02000 ---p 00000000 00:00 0 
7ffe57d02000-7ffe58000000 rw-p 00000000 00:00 0                          [stack:14710]
7ffe58000000-7ffe5bffd000 rw-p 00000000 00:00 0 
7ffe5bffd000-7ffe5c000000 ---p 00000000 00:00 0 
7ffe5c000000-7ffe5c059000 rw-p 00000000 00:00 0 
7ffe5c059000-7ffe60000000 ---p 00000000 00:00 0 
7ffe60000000-7ffe62e84000 rw-p 00000000 00:00 0 
7ffe62e84000-7ffe64000000 ---p 00000000 00:00 0 
7ffe64000000-7ffe65ae1000 rw-p 00000000 00:00 0 
7ffe65ae1000-7ffe68000000 ---p 00000000 00:00 0 
7ffe68000000-7ffe6aaad000 rw-p 00000000 00:00 0 
7ffe6aaad000-7ffe6c000000 ---p 00000000 00:00 0 
7ffe6c000000-7ffe6cc27000 rw-p 00000000 00:00 0 
7ffe6cc27000-7ffe70000000 ---p 00000000 00:00 0 
7ffe70000000-7ffe7065b000 rw-p 00000000 00:00 0 
7ffe7065b000-7ffe74000000 ---p 00000000 00:00 0 
7ffe74000000-7ffe78000000 rw-p 00000000 00:00 0 
7ffe78000000-7ffe78021000 rw-p 00000000 00:00 0 
7ffe78021000-7ffe7c000000 ---p 00000000 00:00 0 
7ffe7c000000-7ffe7e858000 rw-p 00000000 00:00 0 
7ffe7e858000-7ffe80000000 ---p 00000000 00:00 0 
7ffe80000000-7ffe80472000 rw-p 00000000 00:00 0 
7ffe80472000-7ffe84000000 ---p 00000000 00:00 0 
7ffe84000000-7ffe84021000 rw-p 00000000 00:00 0 
7ffe84021000-7ffe88000000 ---p 00000000 00:00 0 
7ffe88000000-7ffe89634000 rw-p 00000000 00:00 0 
7ffe89634000-7ffe8c000000 ---p 00000000 00:00 0 
7ffe8c000000-7ffe8d170000 rw-p 00000000 00:00 0 
7ffe8d170000-7ffe90000000 ---p 00000000 00:00 0 
7ffe90000000-7ffe90021000 rw-p 00000000 00:00 0 
7ffe90021000-7ffe94000000 ---p 00000000 00:00 0 
7ffe94000000-7ffe95a61000 rw-p 00000000 00:00 0 
7ffe95a61000-7ffe98000000 ---p 00000000 00:00 0 
7ffe98000000-7ffe98021000 rw-p 00000000 00:00 0 
7ffe98021000-7ffe9c000000 ---p 00000000 00:00 0 
7ffe9c000000-7ffe9c021000 rw-p 00000000 00:00 0 
7ffe9c021000-7ffea0000000 ---p 00000000 00:00 0 
7ffea0000000-7ffea0021000 rw-p 00000000 00:00 0 
7ffea0021000-7ffea4000000 ---p 00000000 00:00 0 
7ffea4000000-7ffea4021000 rw-p 00000000 00:00 0 
7ffea4021000-7ffea8000000 ---p 00000000 00:00 0 
7ffea8071000-7ffea8074000 ---p 00000000 00:00 0 
7ffea8074000-7ffea8172000 rw-p 00000000 00:00 0                          [stack:14691]
7ffea8172000-7ffea8175000 ---p 00000000 00:00 0 
7ffea8175000-7ffea8273000 rw-p 00000000 00:00 0                          [stack:14692]
7ffea8273000-7ffea82a7000 r--s 00200000 00:19 16258850                   /home/kenny/dev/jprelude/experimental/jprelude-webui/target/webapp/WEB-INF/lib/guava-16.0.1.vaadin1.jar
7ffea82a7000-7ffea82ad000 r--s 00044000 00:19 16258851                   /home/kenny/dev/jprelude/experimental/jprelude-webui/target/webapp/WEB-INF/lib/jsoup-1.8.1.jar
7ffea82ad000-7ffea82db000 r--s 002f6000 00:19 16258844                   /home/kenny/dev/jprelude/experimental/jprelude-webui/target/webapp/WEB-INF/lib/vaadin-server-7.4.5.jar
7ffea82db000-7ffea82ed000 r--s 000a3000 00:19 16258855                   /home/kenny/dev/jprelude/experimental/jprelude-webui/target/webapp/WEB-INF/lib/rxjava-1.0.8.jar
7ffea82ed000-7ffea8326000 r--s 00206000 00:19 16258848                   /home/kenny/dev/jprelude/experimental/jprelude-webui/target/webapp/WEB-INF/lib/vaadin-shared-7.4.5.jar
7ffea8326000-7ffea8345000 r--s 006f3000 00:19 16258853                   /home/kenny/dev/jprelude/experimental/jprelude-webui/target/webapp/WEB-INF/lib/vaadin-themes-7.4.5.jar
7ffea8345000-7ffea839e000 r--s 004f6000 00:19 16258843                   /home/kenny/dev/jprelude/experimental/jprelude-webui/target/webapp/WEB-INF/lib/scala-library-2.11.6.jar
7ffea839e000-7ffea83a1000 ---p 00000000 00:00 0 
7ffea83a1000-7ffea849f000 rw-p 00000000 00:00 0                          [stack:14682]
7ffea849f000-7ffea84a2000 ---p 00000000 00:00 0 
7ffea84a2000-7ffea85a0000 rw-p 00000000 00:00 0                          [stack:14681]
7ffea85a0000-7ffea85a3000 ---p 00000000 00:00 0 
7ffea85a3000-7ffea86a1000 rw-p 00000000 00:00 0                          [stack:14680]
7ffea86a1000-7ffea86a4000 ---p 00000000 00:00 0 
7ffea86a4000-7ffea87a2000 rw-p 00000000 00:00 0                          [stack:14679]
7ffea87a2000-7ffea87a5000 ---p 00000000 00:00 0 
7ffea87a5000-7ffea88a3000 rw-p 00000000 00:00 0                          [stack:14678]
7ffea88a3000-7ffea88a6000 ---p 00000000 00:00 0 
7ffea88a6000-7ffea89a4000 rw-p 00000000 00:00 0                          [stack:14677]
7ffea89a4000-7ffea89a7000 ---p 00000000 00:00 0 
7ffea89a7000-7ffea8aa5000 rw-p 00000000 00:00 0                          [stack:14676]
7ffea8aa5000-7ffea8aa8000 ---p 00000000 00:00 0 
7ffea8aa8000-7ffea8ba6000 rw-p 00000000 00:00 0                          [stack:14675]
7ffea8ba6000-7ffea8bae000 r-xp 00000000 08:01 16515139                   /usr/lib/jvm/java-8-oracle/jre/lib/amd64/libmanagement.so
7ffea8bae000-7ffea8dae000 ---p 00008000 08:01 16515139                   /usr/lib/jvm/java-8-oracle/jre/lib/amd64/libmanagement.so
7ffea8dae000-7ffea8daf000 rw-p 00008000 08:01 16515139                   /usr/lib/jvm/java-8-oracle/jre/lib/amd64/libmanagement.so
7ffea8daf000-7ffea8df1000 r--s 004bc000 00:19 11538222                   /home/kenny/.ivy2/cache/org.eclipse.jetty/jetty-runner/jars/jetty-runner-9.2.1.v20140609.jar
7ffea8df1000-7ffea8df2000 ---p 00000000 00:00 0 
7ffea8df2000-7ffea8ef2000 rw-p 00000000 00:00 0                          [stack:14674]
7ffea8ef2000-7ffea8ef5000 ---p 00000000 00:00 0 
7ffea8ef5000-7ffea8ff3000 rw-p 00000000 00:00 0                          [stack:14673]
7ffea8ff3000-7ffea8ff6000 ---p 00000000 00:00 0 
7ffea8ff6000-7ffea90f4000 rw-p 00000000 00:00 0                          [stack:14672]
7ffea90f4000-7ffea90f7000 ---p 00000000 00:00 0 
7ffea90f7000-7ffea91f5000 rw-p 00000000 00:00 0                          [stack:14671]
7ffea91f5000-7ffea91f8000 ---p 00000000 00:00 0 
7ffea91f8000-7ffea92f6000 rw-p 00000000 00:00 0                          [stack:14670]
7ffea92f6000-7ffea92f9000 ---p 00000000 00:00 0 
7ffea92f9000-7ffea93f7000 rw-p 00000000 00:00 0                          [stack:14669]
7ffea93f7000-7ffea93fa000 ---p 00000000 00:00 0 
7ffea93fa000-7ffea94f8000 rw-p 00000000 00:00 0                          [stack:14668]
7ffea94f8000-7ffea9930000 r--p 00000000 08:01 12327061                   /usr/lib/locale/locale-archive
7ffea9930000-7ffea9933000 ---p 00000000 00:00 0 
7ffea9933000-7ffea9a31000 rw-p 00000000 00:00 0                          [stack:14667]
7ffea9a31000-7ffea9a34000 ---p 00000000 00:00 0 
7ffea9a34000-7ffea9b32000 rw-p 00000000 00:00 0                          [stack:14666]
7ffea9b32000-7ffea9b33000 ---p 00000000 00:00 0 
7ffea9b33000-7ffeac000000 rw-p 00000000 00:00 0                          [stack:14658]
7ffeac000000-7ffeac021000 rw-p 00000000 00:00 0 
7ffeac021000-7ffeb0000000 ---p 00000000 00:00 0 
7ffeb0000000-7ffeb0021000 rw-p 00000000 00:00 0 
7ffeb0021000-7ffeb4000000 ---p 00000000 00:00 0 
7ffeb4000000-7ffeb4021000 rw-p 00000000 00:00 0 
7ffeb4021000-7ffeb8000000 ---p 00000000 00:00 0 
7ffeb8000000-7ffeb8021000 rw-p 00000000 00:00 0 
7ffeb8021000-7ffebc000000 ---p 00000000 00:00 0 
7ffebc004000-7ffebc00c000 r--s 00053000 00:19 16258854                   /home/kenny/dev/jprelude/experimental/jprelude-webui/target/webapp/WEB-INF/lib/rxscala_2.11-0.24.1.jar
7ffebc00c000-7ffebc015000 r--s 00079000 00:19 16258845                   /home/kenny/dev/jprelude/experimental/jprelude-webui/target/webapp/WEB-INF/lib/vaadin-sass-compiler-0.9.12.jar
7ffebc015000-7ffebc020000 r--s 00116000 08:01 16386276                   /usr/lib/jvm/java-8-oracle/jre/lib/ext/localedata.jar
7ffebc020000-7ffebc041000 rw-p 00000000 00:00 0 
7ffebc041000-7ffebc21a000 r--s 03d09000 08:01 16386470                   /usr/lib/jvm/java-8-oracle/jre/lib/rt.jar
7ffebc21a000-7ffec0000000 rw-p 00000000 00:00 0 
7ffec0000000-7ffec0021000 rw-p 00000000 00:00 0 
7ffec0021000-7ffec4000000 ---p 00000000 00:00 0 
7ffec4000000-7ffec4021000 rw-p 00000000 00:00 0 
7ffec4021000-7ffec8000000 ---p 00000000 00:00 0 
7ffec8000000-7ffec8021000 rw-p 00000000 00:00 0 
7ffec8021000-7ffecc000000 ---p 00000000 00:00 0 
7ffecc004000-7ffecc007000 r--s 00014000 00:19 16258842                   /home/kenny/dev/jprelude/experimental/jprelude-webui/target/webapp/WEB-INF/lib/jprelude-webui_2.11-0.1.jar
7ffecc007000-7ffecc420000 rw-p 00000000 00:00 0 
7ffecc420000-7ffecc421000 ---p 00000000 00:00 0 
7ffecc421000-7ffecc521000 rw-p 00000000 00:00 0                          [stack:14657]
7ffecc521000-7ffecc522000 ---p 00000000 00:00 0 
7ffecc522000-7ffecc622000 rw-p 00000000 00:00 0                          [stack:14656]
7ffecc622000-7ffecc623000 ---p 00000000 00:00 0 
7ffecc623000-7ffecc723000 rw-p 00000000 00:00 0                          [stack:14655]
7ffecc723000-7ffecc724000 ---p 00000000 00:00 0 
7ffecc724000-7ffecc824000 rw-p 00000000 00:00 0                          [stack:14654]
7ffecc824000-7ffecc825000 ---p 00000000 00:00 0 
7ffecc825000-7ffecc925000 rw-p 00000000 00:00 0                          [stack:14653]
7ffecc925000-7ffecc926000 ---p 00000000 00:00 0 
7ffecc926000-7ffecca26000 rw-p 00000000 00:00 0                          [stack:14652]
7ffecca26000-7ffecca27000 ---p 00000000 00:00 0 
7ffecca27000-7ffeccb27000 rw-p 00000000 00:00 0                          [stack:14651]
7ffeccb27000-7ffeccb28000 ---p 00000000 00:00 0 
7ffeccb28000-7ffeccc52000 rw-p 00000000 00:00 0                          [stack:14650]
7ffeccc52000-7ffecceb7000 ---p 00000000 00:00 0 
7ffecceb7000-7ffeccf5d000 rw-p 00000000 00:00 0 
7ffeccf5d000-7ffeccfff000 ---p 00000000 00:00 0 
7ffeccfff000-7ffecd000000 rw-p 00000000 00:00 0 
7ffecd000000-7ffecd720000 rwxp 00000000 00:00 0 
7ffecd720000-7ffedc000000 ---p 00000000 00:00 0 
7ffedc000000-7ffedc430000 rw-p 00000000 00:00 0 
7ffedc430000-7ffee0000000 ---p 00000000 00:00 0 
7ffee0002000-7ffee0004000 r--s 00012000 00:19 16258847                   /home/kenny/dev/jprelude/experimental/jprelude-webui/target/webapp/WEB-INF/lib/flute-1.3.0.gg2.jar
7ffee0004000-7ffee0006000 r--s 00079000 00:19 16258852                   /home/kenny/dev/jprelude/experimental/jprelude-webui/target/webapp/WEB-INF/lib/vaadin-client-compiled-7.4.5.jar
7ffee0006000-7ffee0008000 r--s 00008000 00:19 16258849                   /home/kenny/dev/jprelude/experimental/jprelude-webui/target/webapp/WEB-INF/lib/streamhtmlparser-jsilver-0.0.10.vaadin1.jar
7ffee0008000-7ffee0074000 rw-p 00000000 00:00 0 
7ffee0074000-7ffee02da000 ---p 00000000 00:00 0 
7ffee02da000-7ffee02f7000 rw-p 00000000 00:00 0 
7ffee02f7000-7ffee069a000 ---p 00000000 00:00 0 
7ffee069a000-7ffee06b4000 r-xp 00000000 08:01 16515133                   /usr/lib/jvm/java-8-oracle/jre/lib/amd64/libzip.so
7ffee06b4000-7ffee08b4000 ---p 0001a000 08:01 16515133                   /usr/lib/jvm/java-8-oracle/jre/lib/amd64/libzip.so
7ffee08b4000-7ffee08b5000 rw-p 0001a000 08:01 16515133                   /usr/lib/jvm/java-8-oracle/jre/lib/amd64/libzip.so
7ffee08b5000-7ffee08c0000 r-xp 00000000 08:01 17695710                   /lib/x86_64-linux-gnu/libnss_files-2.19.so
7ffee08c0000-7ffee0abf000 ---p 0000b000 08:01 17695710                   /lib/x86_64-linux-gnu/libnss_files-2.19.so
7ffee0abf000-7ffee0ac0000 r--p 0000a000 08:01 17695710                   /lib/x86_64-linux-gnu/libnss_files-2.19.so
7ffee0ac0000-7ffee0ac1000 rw-p 0000b000 08:01 17695710                   /lib/x86_64-linux-gnu/libnss_files-2.19.so
7ffee0ac1000-7ffee0acc000 r-xp 00000000 08:01 17695774                   /lib/x86_64-linux-gnu/libnss_nis-2.19.so
7ffee0acc000-7ffee0ccb000 ---p 0000b000 08:01 17695774                   /lib/x86_64-linux-gnu/libnss_nis-2.19.so
7ffee0ccb000-7ffee0ccc000 r--p 0000a000 08:01 17695774                   /lib/x86_64-linux-gnu/libnss_nis-2.19.so
7ffee0ccc000-7ffee0ccd000 rw-p 0000b000 08:01 17695774                   /lib/x86_64-linux-gnu/libnss_nis-2.19.so
7ffee0ccd000-7ffee0ce4000 r-xp 00000000 08:01 17695732                   /lib/x86_64-linux-gnu/libnsl-2.19.so
7ffee0ce4000-7ffee0ee3000 ---p 00017000 08:01 17695732                   /lib/x86_64-linux-gnu/libnsl-2.19.so
7ffee0ee3000-7ffee0ee4000 r--p 00016000 08:01 17695732                   /lib/x86_64-linux-gnu/libnsl-2.19.so
7ffee0ee4000-7ffee0ee5000 rw-p 00017000 08:01 17695732                   /lib/x86_64-linux-gnu/libnsl-2.19.so
7ffee0ee5000-7ffee0ee7000 rw-p 00000000 00:00 0 
7ffee0ee7000-7ffee0ef0000 r-xp 00000000 08:01 17695731                   /lib/x86_64-linux-gnu/libnss_compat-2.19.so
7ffee0ef0000-7ffee10ef000 ---p 00009000 08:01 17695731                   /lib/x86_64-linux-gnu/libnss_compat-2.19.so
7ffee10ef000-7ffee10f0000 r--p 00008000 08:01 17695731                   /lib/x86_64-linux-gnu/libnss_compat-2.19.so
7ffee10f0000-7ffee10f1000 rw-p 00009000 08:01 17695731                   /lib/x86_64-linux-gnu/libnss_compat-2.19.so
7ffee10f1000-7ffee111b000 r-xp 00000000 08:01 16515175                   /usr/lib/jvm/java-8-oracle/jre/lib/amd64/libjava.so
7ffee111b000-7ffee131b000 ---p 0002a000 08:01 16515175                   /usr/lib/jvm/java-8-oracle/jre/lib/amd64/libjava.so
7ffee131b000-7ffee131d000 rw-p 0002a000 08:01 16515175                   /usr/lib/jvm/java-8-oracle/jre/lib/amd64/libjava.so
7ffee131d000-7ffee132a000 r-xp 00000000 08:01 16515201                   /usr/lib/jvm/java-8-oracle/jre/lib/amd64/libverify.so
7ffee132a000-7ffee152a000 ---p 0000d000 08:01 16515201                   /usr/lib/jvm/java-8-oracle/jre/lib/amd64/libverify.so
7ffee152a000-7ffee152c000 rw-p 0000d000 08:01 16515201                   /usr/lib/jvm/java-8-oracle/jre/lib/amd64/libverify.so
7ffee152c000-7ffee1533000 r-xp 00000000 08:01 17695771                   /lib/x86_64-linux-gnu/librt-2.19.so
7ffee1533000-7ffee1732000 ---p 00007000 08:01 17695771                   /lib/x86_64-linux-gnu/librt-2.19.so
7ffee1732000-7ffee1733000 r--p 00006000 08:01 17695771                   /lib/x86_64-linux-gnu/librt-2.19.so
7ffee1733000-7ffee1734000 rw-p 00007000 08:01 17695771                   /lib/x86_64-linux-gnu/librt-2.19.so
7ffee1734000-7ffee1839000 r-xp 00000000 08:01 17695709                   /lib/x86_64-linux-gnu/libm-2.19.so
7ffee1839000-7ffee1a38000 ---p 00105000 08:01 17695709                   /lib/x86_64-linux-gnu/libm-2.19.so
7ffee1a38000-7ffee1a39000 r--p 00104000 08:01 17695709                   /lib/x86_64-linux-gnu/libm-2.19.so
7ffee1a39000-7ffee1a3a000 rw-p 00105000 08:01 17695709                   /lib/x86_64-linux-gnu/libm-2.19.so
7ffee1a3a000-7ffee26e8000 r-xp 00000000 08:01 16515183                   /usr/lib/jvm/java-8-oracle/jre/lib/amd64/server/libjvm.so
7ffee26e8000-7ffee28e7000 ---p 00cae000 08:01 16515183                   /usr/lib/jvm/java-8-oracle/jre/lib/amd64/server/libjvm.so
7ffee28e7000-7ffee29be000 rw-p 00cad000 08:01 16515183                   /usr/lib/jvm/java-8-oracle/jre/lib/amd64/server/libjvm.so
7ffee29be000-7ffee2a02000 rw-p 00000000 00:00 0 
7ffee2a02000-7ffee2bbd000 r-xp 00000000 08:01 17695760                   /lib/x86_64-linux-gnu/libc-2.19.so
7ffee2bbd000-7ffee2dbc000 ---p 001bb000 08:01 17695760                   /lib/x86_64-linux-gnu/libc-2.19.so
7ffee2dbc000-7ffee2dc0000 r--p 001ba000 08:01 17695760                   /lib/x86_64-linux-gnu/libc-2.19.so
7ffee2dc0000-7ffee2dc2000 rw-p 001be000 08:01 17695760                   /lib/x86_64-linux-gnu/libc-2.19.so
7ffee2dc2000-7ffee2dc7000 rw-p 00000000 00:00 0 
7ffee2dc7000-7ffee2dca000 r-xp 00000000 08:01 17695713                   /lib/x86_64-linux-gnu/libdl-2.19.so
7ffee2dca000-7ffee2fc9000 ---p 00003000 08:01 17695713                   /lib/x86_64-linux-gnu/libdl-2.19.so
7ffee2fc9000-7ffee2fca000 r--p 00002000 08:01 17695713                   /lib/x86_64-linux-gnu/libdl-2.19.so
7ffee2fca000-7ffee2fcb000 rw-p 00003000 08:01 17695713                   /lib/x86_64-linux-gnu/libdl-2.19.so
7ffee2fcb000-7ffee2fe0000 r-xp 00000000 08:01 16515172                   /usr/lib/jvm/java-8-oracle/jre/lib/amd64/jli/libjli.so
7ffee2fe0000-7ffee31e0000 ---p 00015000 08:01 16515172                   /usr/lib/jvm/java-8-oracle/jre/lib/amd64/jli/libjli.so
7ffee31e0000-7ffee31e1000 rw-p 00015000 08:01 16515172                   /usr/lib/jvm/java-8-oracle/jre/lib/amd64/jli/libjli.so
7ffee31e1000-7ffee31fa000 r-xp 00000000 08:01 17695761                   /lib/x86_64-linux-gnu/libpthread-2.19.so
7ffee31fa000-7ffee33f9000 ---p 00019000 08:01 17695761                   /lib/x86_64-linux-gnu/libpthread-2.19.so
7ffee33f9000-7ffee33fa000 r--p 00018000 08:01 17695761                   /lib/x86_64-linux-gnu/libpthread-2.19.so
7ffee33fa000-7ffee33fb000 rw-p 00019000 08:01 17695761                   /lib/x86_64-linux-gnu/libpthread-2.19.so
7ffee33fb000-7ffee33ff000 rw-p 00000000 00:00 0 
7ffee33ff000-7ffee3422000 r-xp 00000000 08:01 17695736                   /lib/x86_64-linux-gnu/ld-2.19.so
7ffee3422000-7ffee3423000 rw-p 00000000 00:00 0 
7ffee3423000-7ffee3428000 r--s 00094000 08:01 16386459                   /usr/lib/jvm/java-8-oracle/jre/lib/jsse.jar
7ffee3428000-7ffee34f3000 rw-p 00000000 00:00 0 
7ffee34f3000-7ffee34f6000 ---p 00000000 00:00 0 
7ffee34f6000-7ffee35f8000 rw-p 00000000 00:00 0                          [stack:14649]
7ffee35f8000-7ffee35f9000 r--s 00003000 00:19 16258846                   /home/kenny/dev/jprelude/experimental/jprelude-webui/target/webapp/WEB-INF/lib/sac-1.3.jar
7ffee35f9000-7ffee3615000 r--s 00393000 08:01 16386274                   /usr/lib/jvm/java-8-oracle/jre/lib/ext/cldrdata.jar
7ffee3615000-7ffee361d000 rw-s 00000000 08:01 20578336                   /tmp/hsperfdata_kenny/14645
7ffee361d000-7ffee361e000 rw-p 00000000 00:00 0 
7ffee361e000-7ffee361f000 r--p 00000000 00:00 0 
7ffee361f000-7ffee3621000 rw-p 00000000 00:00 0 
7ffee3621000-7ffee3622000 r--p 00022000 08:01 17695736                   /lib/x86_64-linux-gnu/ld-2.19.so
7ffee3622000-7ffee3623000 rw-p 00023000 08:01 17695736                   /lib/x86_64-linux-gnu/ld-2.19.so
7ffee3623000-7ffee3624000 rw-p 00000000 00:00 0 
7fff3cad5000-7fff3caf6000 rw-p 00000000 00:00 0                          [stack]
7fff3cb7d000-7fff3cb7f000 r-xp 00000000 00:00 0                          [vdso]
ffffffffff600000-ffffffffff601000 r-xp 00000000 00:00 0                  [vsyscall]

VM Arguments:
java_command: org.eclipse.jetty.runner.Runner --port 8081 /home/kenny/dev/jprelude/experimental/jprelude-webui/target/webapp
java_class_path (initial): /home/kenny/.ivy2/cache/org.eclipse.jetty/jetty-runner/jars/jetty-runner-9.2.1.v20140609.jar
Launcher Type: SUN_STANDARD

Environment Variables:
PATH=/home/kenny/bin:/usr/local/sbin:/usr/local/bin:/usr/sbin:/usr/bin:/sbin:/bin:/usr/games:/usr/local/games
USERNAME=kenny
SHELL=/bin/bash
DISPLAY=:0.0

Signal Handlers:
SIGSEGV: [libjvm.so+0xaad1e0], sa_mask[0]=11111111011111111101111111111110, sa_flags=SA_RESTART|SA_SIGINFO
SIGBUS: [libjvm.so+0xaad1e0], sa_mask[0]=11111111011111111101111111111110, sa_flags=SA_RESTART|SA_SIGINFO
SIGFPE: [libjvm.so+0x90b450], sa_mask[0]=11111111011111111101111111111110, sa_flags=SA_RESTART|SA_SIGINFO
SIGPIPE: [libjvm.so+0x90b450], sa_mask[0]=11111111011111111101111111111110, sa_flags=SA_RESTART|SA_SIGINFO
SIGXFSZ: [libjvm.so+0x90b450], sa_mask[0]=11111111011111111101111111111110, sa_flags=SA_RESTART|SA_SIGINFO
SIGILL: [libjvm.so+0x90b450], sa_mask[0]=11111111011111111101111111111110, sa_flags=SA_RESTART|SA_SIGINFO
SIGUSR1: SIG_DFL, sa_mask[0]=00000000000000000000000000000000, sa_flags=none
SIGUSR2: [libjvm.so+0x90ca90], sa_mask[0]=00100000000000000000000000000000, sa_flags=SA_RESTART|SA_SIGINFO
SIGHUP: [libjvm.so+0x90dde0], sa_mask[0]=11111111011111111101111111111110, sa_flags=SA_RESTART|SA_SIGINFO
SIGINT: [libjvm.so+0x90dde0], sa_mask[0]=11111111011111111101111111111110, sa_flags=SA_RESTART|SA_SIGINFO
SIGTERM: [libjvm.so+0x90dde0], sa_mask[0]=11111111011111111101111111111110, sa_flags=SA_RESTART|SA_SIGINFO
SIGQUIT: [libjvm.so+0x90dde0], sa_mask[0]=11111111011111111101111111111110, sa_flags=SA_RESTART|SA_SIGINFO


---------------  S Y S T E M  ---------------

OS:DISTRIB_ID=LinuxMint
DISTRIB_RELEASE=17.1
DISTRIB_CODENAME=rebecca
DISTRIB_DESCRIPTION="Linux Mint 17.1 Rebecca"

uname:Linux 3.13.0-37-generic #64-Ubuntu SMP Mon Sep 22 21:28:38 UTC 2014 x86_64
libc:glibc 2.19 NPTL 2.19 
rlimit: STACK 8192k, CORE 0k, NPROC 62640, NOFILE 4096, AS infinity
load average:1,07 1,00 0,79

/proc/meminfo:
MemTotal:        8049056 kB
MemFree:         1218784 kB
Buffers:           58396 kB
Cached:          2445080 kB
SwapCached:            0 kB
Active:          4889944 kB
Inactive:        1646780 kB
Active(anon):    4046504 kB
Inactive(anon):   389768 kB
Active(file):     843440 kB
Inactive(file):  1257012 kB
Unevictable:           0 kB
Mlocked:               0 kB
SwapTotal:             0 kB
SwapFree:              0 kB
Dirty:             26188 kB
Writeback:             0 kB
AnonPages:       4033468 kB
Mapped:           401212 kB
Shmem:            402700 kB
Slab:             129960 kB
SReclaimable:      73736 kB
SUnreclaim:        56224 kB
KernelStack:        5576 kB
PageTables:        52492 kB
NFS_Unstable:          0 kB
Bounce:                0 kB
WritebackTmp:          0 kB
CommitLimit:     4024528 kB
Committed_AS:    9193520 kB
VmallocTotal:   34359738367 kB
VmallocUsed:      567248 kB
VmallocChunk:   34359156824 kB
HardwareCorrupted:     0 kB
AnonHugePages:   2074624 kB
HugePages_Total:       0
HugePages_Free:        0
HugePages_Rsvd:        0
HugePages_Surp:        0
Hugepagesize:       2048 kB
DirectMap4k:       77564 kB
DirectMap2M:     8183808 kB


CPU:total 8 (4 cores per cpu, 2 threads per core) family 6 model 58 stepping 9, cmov, cx8, fxsr, mmx, sse, sse2, sse3, ssse3, sse4.1, sse4.2, popcnt, avx, aes, clmul, erms, ht, tsc, tscinvbit, tscinv

/proc/cpuinfo:
processor	: 0
vendor_id	: GenuineIntel
cpu family	: 6
model		: 58
model name	: Intel(R) Core(TM) i7-3612QM CPU @ 2.10GHz
stepping	: 9
microcode	: 0x15
cpu MHz		: 1200.000
cache size	: 6144 KB
physical id	: 0
siblings	: 8
core id		: 0
cpu cores	: 4
apicid		: 0
initial apicid	: 0
fpu		: yes
fpu_exception	: yes
cpuid level	: 13
wp		: yes
flags		: fpu vme de pse tsc msr pae mce cx8 apic sep mtrr pge mca cmov pat pse36 clflush dts acpi mmx fxsr sse sse2 ss ht tm pbe syscall nx rdtscp lm constant_tsc arch_perfmon pebs bts rep_good nopl xtopology nonstop_tsc aperfmperf eagerfpu pni pclmulqdq dtes64 monitor ds_cpl vmx est tm2 ssse3 cx16 xtpr pdcm pcid sse4_1 sse4_2 x2apic popcnt tsc_deadline_timer aes xsave avx f16c rdrand lahf_lm ida arat epb xsaveopt pln pts dtherm tpr_shadow vnmi flexpriority ept vpid fsgsbase smep erms
bogomips	: 4190.22
clflush size	: 64
cache_alignment	: 64
address sizes	: 36 bits physical, 48 bits virtual
power management:

processor	: 1
vendor_id	: GenuineIntel
cpu family	: 6
model		: 58
model name	: Intel(R) Core(TM) i7-3612QM CPU @ 2.10GHz
stepping	: 9
microcode	: 0x15
cpu MHz		: 1200.000
cache size	: 6144 KB
physical id	: 0
siblings	: 8
core id		: 0
cpu cores	: 4
apicid		: 1
initial apicid	: 1
fpu		: yes
fpu_exception	: yes
cpuid level	: 13
wp		: yes
flags		: fpu vme de pse tsc msr pae mce cx8 apic sep mtrr pge mca cmov pat pse36 clflush dts acpi mmx fxsr sse sse2 ss ht tm pbe syscall nx rdtscp lm constant_tsc arch_perfmon pebs bts rep_good nopl xtopology nonstop_tsc aperfmperf eagerfpu pni pclmulqdq dtes64 monitor ds_cpl vmx est tm2 ssse3 cx16 xtpr pdcm pcid sse4_1 sse4_2 x2apic popcnt tsc_deadline_timer aes xsave avx f16c rdrand lahf_lm ida arat epb xsaveopt pln pts dtherm tpr_shadow vnmi flexpriority ept vpid fsgsbase smep erms
bogomips	: 4190.22
clflush size	: 64
cache_alignment	: 64
address sizes	: 36 bits physical, 48 bits virtual
power management:

processor	: 2
vendor_id	: GenuineIntel
cpu family	: 6
model		: 58
model name	: Intel(R) Core(TM) i7-3612QM CPU @ 2.10GHz
stepping	: 9
microcode	: 0x15
cpu MHz		: 2101.000
cache size	: 6144 KB
physical id	: 0
siblings	: 8
core id		: 1
cpu cores	: 4
apicid		: 2
initial apicid	: 2
fpu		: yes
fpu_exception	: yes
cpuid level	: 13
wp		: yes
flags		: fpu vme de pse tsc msr pae mce cx8 apic sep mtrr pge mca cmov pat pse36 clflush dts acpi mmx fxsr sse sse2 ss ht tm pbe syscall nx rdtscp lm constant_tsc arch_perfmon pebs bts rep_good nopl xtopology nonstop_tsc aperfmperf eagerfpu pni pclmulqdq dtes64 monitor ds_cpl vmx est tm2 ssse3 cx16 xtpr pdcm pcid sse4_1 sse4_2 x2apic popcnt tsc_deadline_timer aes xsave avx f16c rdrand lahf_lm ida arat epb xsaveopt pln pts dtherm tpr_shadow vnmi flexpriority ept vpid fsgsbase smep erms
bogomips	: 4190.22
clflush size	: 64
cache_alignment	: 64
address sizes	: 36 bits physical, 48 bits virtual
power management:

processor	: 3
vendor_id	: GenuineIntel
cpu family	: 6
model		: 58
model name	: Intel(R) Core(TM) i7-3612QM CPU @ 2.10GHz
stepping	: 9
microcode	: 0x15
cpu MHz		: 2101.000
cache size	: 6144 KB
physical id	: 0
siblings	: 8
core id		: 1
cpu cores	: 4
apicid		: 3
initial apicid	: 3
fpu		: yes
fpu_exception	: yes
cpuid level	: 13
wp		: yes
flags		: fpu vme de pse tsc msr pae mce cx8 apic sep mtrr pge mca cmov pat pse36 clflush dts acpi mmx fxsr sse sse2 ss ht tm pbe syscall nx rdtscp lm constant_tsc arch_perfmon pebs bts rep_good nopl xtopology nonstop_tsc aperfmperf eagerfpu pni pclmulqdq dtes64 monitor ds_cpl vmx est tm2 ssse3 cx16 xtpr pdcm pcid sse4_1 sse4_2 x2apic popcnt tsc_deadline_timer aes xsave avx f16c rdrand lahf_lm ida arat epb xsaveopt pln pts dtherm tpr_shadow vnmi flexpriority ept vpid fsgsbase smep erms
bogomips	: 4190.22
clflush size	: 64
cache_alignment	: 64
address sizes	: 36 bits physical, 48 bits virtual
power management:

processor	: 4
vendor_id	: GenuineIntel
cpu family	: 6
model		: 58
model name	: Intel(R) Core(TM) i7-3612QM CPU @ 2.10GHz
stepping	: 9
microcode	: 0x15
cpu MHz		: 1200.000
cache size	: 6144 KB
physical id	: 0
siblings	: 8
core id		: 2
cpu cores	: 4
apicid		: 4
initial apicid	: 4
fpu		: yes
fpu_exception	: yes
cpuid level	: 13
wp		: yes
flags		: fpu vme de pse tsc msr pae mce cx8 apic sep mtrr pge mca cmov pat pse36 clflush dts acpi mmx fxsr sse sse2 ss ht tm pbe syscall nx rdtscp lm constant_tsc arch_perfmon pebs bts rep_good nopl xtopology nonstop_tsc aperfmperf eagerfpu pni pclmulqdq dtes64 monitor ds_cpl vmx est tm2 ssse3 cx16 xtpr pdcm pcid sse4_1 sse4_2 x2apic popcnt tsc_deadline_timer aes xsave avx f16c rdrand lahf_lm ida arat epb xsaveopt pln pts dtherm tpr_shadow vnmi flexpriority ept vpid fsgsbase smep erms
bogomips	: 4190.22
clflush size	: 64
cache_alignment	: 64
address sizes	: 36 bits physical, 48 bits virtual
power management:

processor	: 5
vendor_id	: GenuineIntel
cpu family	: 6
model		: 58
model name	: Intel(R) Core(TM) i7-3612QM CPU @ 2.10GHz
stepping	: 9
microcode	: 0x15
cpu MHz		: 1200.000
cache size	: 6144 KB
physical id	: 0
siblings	: 8
core id		: 2
cpu cores	: 4
apicid		: 5
initial apicid	: 5
fpu		: yes
fpu_exception	: yes
cpuid level	: 13
wp		: yes
flags		: fpu vme de pse tsc msr pae mce cx8 apic sep mtrr pge mca cmov pat pse36 clflush dts acpi mmx fxsr sse sse2 ss ht tm pbe syscall nx rdtscp lm constant_tsc arch_perfmon pebs bts rep_good nopl xtopology nonstop_tsc aperfmperf eagerfpu pni pclmulqdq dtes64 monitor ds_cpl vmx est tm2 ssse3 cx16 xtpr pdcm pcid sse4_1 sse4_2 x2apic popcnt tsc_deadline_timer aes xsave avx f16c rdrand lahf_lm ida arat epb xsaveopt pln pts dtherm tpr_shadow vnmi flexpriority ept vpid fsgsbase smep erms
bogomips	: 4190.22
clflush size	: 64
cache_alignment	: 64
address sizes	: 36 bits physical, 48 bits virtual
power management:

processor	: 6
vendor_id	: GenuineIntel
cpu family	: 6
model		: 58
model name	: Intel(R) Core(TM) i7-3612QM CPU @ 2.10GHz
stepping	: 9
microcode	: 0x15
cpu MHz		: 2101.000
cache size	: 6144 KB
physical id	: 0
siblings	: 8
core id		: 3
cpu cores	: 4
apicid		: 6
initial apicid	: 6
fpu		: yes
fpu_exception	: yes
cpuid level	: 13
wp		: yes
flags		: fpu vme de pse tsc msr pae mce cx8 apic sep mtrr pge mca cmov pat pse36 clflush dts acpi mmx fxsr sse sse2 ss ht tm pbe syscall nx rdtscp lm constant_tsc arch_perfmon pebs bts rep_good nopl xtopology nonstop_tsc aperfmperf eagerfpu pni pclmulqdq dtes64 monitor ds_cpl vmx est tm2 ssse3 cx16 xtpr pdcm pcid sse4_1 sse4_2 x2apic popcnt tsc_deadline_timer aes xsave avx f16c rdrand lahf_lm ida arat epb xsaveopt pln pts dtherm tpr_shadow vnmi flexpriority ept vpid fsgsbase smep erms
bogomips	: 4190.22
clflush size	: 64
cache_alignment	: 64
address sizes	: 36 bits physical, 48 bits virtual
power management:

processor	: 7
vendor_id	: GenuineIntel
cpu family	: 6
model		: 58
model name	: Intel(R) Core(TM) i7-3612QM CPU @ 2.10GHz
stepping	: 9
microcode	: 0x15
cpu MHz		: 2101.000
cache size	: 6144 KB
physical id	: 0
siblings	: 8
core id		: 3
cpu cores	: 4
apicid		: 7
initial apicid	: 7
fpu		: yes
fpu_exception	: yes
cpuid level	: 13
wp		: yes
flags		: fpu vme de pse tsc msr pae mce cx8 apic sep mtrr pge mca cmov pat pse36 clflush dts acpi mmx fxsr sse sse2 ss ht tm pbe syscall nx rdtscp lm constant_tsc arch_perfmon pebs bts rep_good nopl xtopology nonstop_tsc aperfmperf eagerfpu pni pclmulqdq dtes64 monitor ds_cpl vmx est tm2 ssse3 cx16 xtpr pdcm pcid sse4_1 sse4_2 x2apic popcnt tsc_deadline_timer aes xsave avx f16c rdrand lahf_lm ida arat epb xsaveopt pln pts dtherm tpr_shadow vnmi flexpriority ept vpid fsgsbase smep erms
bogomips	: 4190.22
clflush size	: 64
cache_alignment	: 64
address sizes	: 36 bits physical, 48 bits virtual
power management:



Memory: 4k page, physical 8049056k(1218520k free), swap 0k(0k free)

vm_info: Java HotSpot(TM) 64-Bit Server VM (25.45-b02) for linux-amd64 JRE (1.8.0_45-b14), built on Apr 10 2015 10:07:45 by "java_re" with gcc 4.3.0 20080428 (Red Hat 4.3.0-8)

time: Mon May  4 19:12:44 2015
elapsed time: 26 seconds (0d 0h 0m 26s)

