#
# A fatal error has been detected by the Java Runtime Environment:
#
#  SIGBUS (0x7) at pc=0x00007f906940f7d2, pid=5201, tid=140257345492736
#
# JRE version: Java(TM) SE Runtime Environment (8.0_45-b14) (build 1.8.0_45-b14)
# Java VM: Java HotSpot(TM) 64-Bit Server VM (25.45-b02 mixed mode linux-amd64 compressed oops)
# Problematic frame:
# C  [libzip.so+0x117d2]  newEntry+0x62
#
# Failed to write core dump. Core dumps have been disabled. To enable core dumping, try "ulimit -c unlimited" before starting Java again
#
# If you would like to submit a bug report, please visit:
#   http://bugreport.java.com/bugreport/crash.jsp
# The crash happened outside the Java Virtual Machine in native code.
# See problematic frame for where to report the bug.
#

---------------  T H R E A D  ---------------

Current thread (0x00007f8fbc005000):  JavaThread "qtp1078694789-41" [_thread_in_native, id=16217, stack(0x00007f9035315000,0x00007f9035416000)]

siginfo: si_signo: 7 (SIGBUS), si_code: 2 (BUS_ADRERR), si_addr: 0x00007f903501881f

Registers:
RAX=0x00007f8fc951b2e0, RBX=0x00007f90642a43c0, RCX=0x00007f8fec000020, RDX=0x00007f8fc951b2e0
RSP=0x00007f9035412470, RBP=0x00007f90354124c0, RSI=0x00007f8fec000038, RDI=0x0000000000000000
R8 =0x0000000000000003, R9 =0x00007f9035412540, R10=0x00007f905517d6d8, R11=0x00007f906b8eda30
R12=0x00007f9035018802, R13=0x00007f8fc951b2e0, R14=0x00000000d229cff8, R15=0x00007f906427d680
RIP=0x00007f906940f7d2, EFLAGS=0x0000000000010202, CSGSFS=0x0000000000000033, ERR=0x0000000000000004
  TRAPNO=0x000000000000000e

Top of Stack: (sp=0x00007f9035412470)
0x00007f9035412470:   00007f90354124e0 00007f9000000000
0x00007f9035412480:   00000001000007a8 00007f906b06842e
0x00007f9035412490:   00007f8fc951b2e0 00007f90642a43c0
0x00007f90354124a0:   00007f8fb801a500 00007f906427d680
0x00007f90354124b0:   00000000d229cff8 0000000000000019
0x00007f90354124c0:   00007f9035412520 00007f906940ff2f
0x00007f90354124d0:   00007f8fbc005000 01007f8fbc005000
0x00007f90354124e0:   00007f9035412540 00007f903541255a
0x00007f90354124f0:   00007f9035412558 00007f9035412540
0x00007f9035412500:   0000000000000019 00007f8fbc0051f8
0x00007f9035412510:   00007f9035412998 0000000000000001
0x00007f9035412520:   00007f9035412980 00007f9069401d30
0x00007f9035412530:   00007f90354129e0 00007f906427d680
0x00007f9035412540:   762f4e4944414156 6f6f426e69646161
0x00007f9035412550:   6a2e706172747374 00007f9035000073
0x00007f9035412560:   00007f90354126e0 0000000000000000
0x00007f9035412570:   0000000000000000 00000001000016d0
0x00007f9035412580:   00007f905530c000 0000000000000000
0x00007f9035412590:   00007f9000000100 00007f90548d4eb8
0x00007f90354125a0:   00007f90548d4e98 00007f8f54819828
0x00007f90354125b0:   00007f9054573dc8 00000000867a6e38
0x00007f90354125c0:   00000000ded21298 00000000ded212c8
0x00007f90354125d0:   0000000000000000 0000000000000000
0x00007f90354125e0:   0000000000000000 0000000000000000
0x00007f90354125f0:   0000001700000000 00000000dee20470
0x00007f9035412600:   00000000ffffffff 00000001000007a8
0x00007f9035412610:   0000000000000003 00007f8fbc005000
0x00007f9035412620:   00007f90354126c0 00007f8fbc005000
0x00007f9035412630:   00000001000007a8 0000000000000007
0x00007f9035412640:   0000000000000003 00000000dd11b378
0x00007f9035412650:   00007f90354126a0 00007f906b211259
0x00007f9035412660:   0000000054536588 00007f8f54551b20 

Instructions: (pc=0x00007f906940f7d2)
0x00007f906940f7b2:   00 48 c7 40 28 00 00 00 00 41 80 7f 30 00 0f 84
0x00007f906940f7c2:   8a 02 00 00 4c 8b 63 08 4d 2b 67 28 4d 03 67 18
0x00007f906940f7d2:   41 0f b6 5c 24 1d 41 0f b6 44 24 1c c1 e3 08 09
0x00007f906940f7e2:   c3 41 0f b6 44 24 1e 88 45 bd 41 0f b6 54 24 20 

Register to memory mapping:

RAX=0x00007f8fc951b2e0 is an unknown value
RBX=0x00007f90642a43c0 is an unknown value
RCX=0x00007f8fec000020 is an unknown value
RDX=0x00007f8fc951b2e0 is an unknown value
RSP=0x00007f9035412470 is pointing into the stack for thread: 0x00007f8fbc005000
RBP=0x00007f90354124c0 is pointing into the stack for thread: 0x00007f8fbc005000
RSI=0x00007f8fec000038 is an unknown value
RDI=0x0000000000000000 is an unknown value
R8 =0x0000000000000003 is an unknown value
R9 =0x00007f9035412540 is pointing into the stack for thread: 0x00007f8fbc005000
R10=0x00007f905517d6d8 is at entry_point+88 in (nmethod*)0x00007f905517d510
R11=0x00007f906b8eda30: <offset 0x187a30> in /lib/x86_64-linux-gnu/libc.so.6 at 0x00007f906b766000
R12=0x00007f9035018802 is an unknown value
R13=0x00007f8fc951b2e0 is an unknown value
R14=0x00000000d229cff8 is an unallocated location in the heap
R15=0x00007f906427d680 is an unknown value


Stack: [0x00007f9035315000,0x00007f9035416000],  sp=0x00007f9035412470,  free space=1013k
Native frames: (J=compiled Java code, j=interpreted, Vv=VM code, C=native code)
C  [libzip.so+0x117d2]  newEntry+0x62
C  [libzip.so+0x11f2f]  ZIP_GetEntry2+0xff
C  [libzip.so+0x3d30]  Java_java_util_zip_ZipFile_getEntry+0xf0
J 216  java.util.zip.ZipFile.getEntry(J[BZ)J (0 bytes) @ 0x00007f905517d74e [0x00007f905517d680+0xce]
J 1383 C2 java.util.jar.JarFile.getEntry(Ljava/lang/String;)Ljava/util/zip/ZipEntry; (22 bytes) @ 0x00007f90555d71bc [0x00007f90555d6e80+0x33c]

Java frames: (J=compiled Java code, j=interpreted, Vv=VM code)
J 216  java.util.zip.ZipFile.getEntry(J[BZ)J (0 bytes) @ 0x00007f905517d6d8 [0x00007f905517d680+0x58]
J 1383 C2 java.util.jar.JarFile.getEntry(Ljava/lang/String;)Ljava/util/zip/ZipEntry; (22 bytes) @ 0x00007f90555d71bc [0x00007f90555d6e80+0x33c]
J 1390 C2 sun.misc.URLClassPath$JarLoader.getResource(Ljava/lang/String;Z)Lsun/misc/Resource; (85 bytes) @ 0x00007f90555e132c [0x00007f90555e1200+0x12c]
J 1214 C1 sun.misc.URLClassPath$JarLoader.findResource(Ljava/lang/String;Z)Ljava/net/URL; (18 bytes) @ 0x00007f9055550c5c [0x00007f9055550be0+0x7c]
j  sun.misc.URLClassPath.findResource(Ljava/lang/String;Z)Ljava/net/URL;+26
j  java.net.URLClassLoader$2.run()Ljava/net/URL;+12
j  java.net.URLClassLoader$2.run()Ljava/lang/Object;+1
v  ~StubRoutines::call_stub
j  java.security.AccessController.doPrivileged(Ljava/security/PrivilegedAction;Ljava/security/AccessControlContext;)Ljava/lang/Object;+0
j  java.net.URLClassLoader.findResource(Ljava/lang/String;)Ljava/net/URL;+13
j  org.eclipse.jetty.webapp.WebAppClassLoader.getResource(Ljava/lang/String;)Ljava/net/URL;+129
j  com.vaadin.server.VaadinServlet.findResourceURL(Ljava/lang/String;Ljavax/servlet/ServletContext;)Ljava/net/URL;+35
j  com.vaadin.server.VaadinServlet.serveStaticResourcesInVAADIN(Ljava/lang/String;Ljavax/servlet/http/HttpServletRequest;Ljavax/servlet/http/HttpServletResponse;)V+10
j  com.vaadin.server.VaadinServlet.serveStaticResources(Ljavax/servlet/http/HttpServletRequest;Ljavax/servlet/http/HttpServletResponse;)Z+45
j  com.vaadin.server.VaadinServlet.service(Ljavax/servlet/http/HttpServletRequest;Ljavax/servlet/http/HttpServletResponse;)V+58
j  javax.servlet.http.HttpServlet.service(Ljavax/servlet/ServletRequest;Ljavax/servlet/ServletResponse;)V+39
j  org.eclipse.jetty.servlet.ServletHolder.handle(Lorg/eclipse/jetty/server/Request;Ljavax/servlet/ServletRequest;Ljavax/servlet/ServletResponse;)V+222
j  org.eclipse.jetty.servlet.ServletHandler.doHandle(Ljava/lang/String;Lorg/eclipse/jetty/server/Request;Ljavax/servlet/http/HttpServletRequest;Ljavax/servlet/http/HttpServletResponse;)V+197
j  org.eclipse.jetty.server.handler.ScopedHandler.handle(Ljava/lang/String;Lorg/eclipse/jetty/server/Request;Ljavax/servlet/http/HttpServletRequest;Ljavax/servlet/http/HttpServletResponse;)V+32
j  org.eclipse.jetty.security.SecurityHandler.handle(Ljava/lang/String;Lorg/eclipse/jetty/server/Request;Ljavax/servlet/http/HttpServletRequest;Ljavax/servlet/http/HttpServletResponse;)V+553
j  org.eclipse.jetty.server.session.SessionHandler.doHandle(Ljava/lang/String;Lorg/eclipse/jetty/server/Request;Ljavax/servlet/http/HttpServletRequest;Ljavax/servlet/http/HttpServletResponse;)V+68
j  org.eclipse.jetty.server.handler.ContextHandler.doHandle(Ljava/lang/String;Lorg/eclipse/jetty/server/Request;Ljavax/servlet/http/HttpServletRequest;Ljavax/servlet/http/HttpServletResponse;)V+369
j  org.eclipse.jetty.servlet.ServletHandler.doScope(Ljava/lang/String;Lorg/eclipse/jetty/server/Request;Ljavax/servlet/http/HttpServletRequest;Ljavax/servlet/http/HttpServletResponse;)V+274
j  org.eclipse.jetty.server.session.SessionHandler.doScope(Ljava/lang/String;Lorg/eclipse/jetty/server/Request;Ljavax/servlet/http/HttpServletRequest;Ljavax/servlet/http/HttpServletResponse;)V+233
j  org.eclipse.jetty.server.handler.ContextHandler.doScope(Ljava/lang/String;Lorg/eclipse/jetty/server/Request;Ljavax/servlet/http/HttpServletRequest;Ljavax/servlet/http/HttpServletResponse;)V+437
j  org.eclipse.jetty.server.handler.ScopedHandler.handle(Ljava/lang/String;Lorg/eclipse/jetty/server/Request;Ljavax/servlet/http/HttpServletRequest;Ljavax/servlet/http/HttpServletResponse;)V+20
j  org.eclipse.jetty.server.handler.ContextHandlerCollection.handle(Ljava/lang/String;Lorg/eclipse/jetty/server/Request;Ljavax/servlet/http/HttpServletRequest;Ljavax/servlet/http/HttpServletResponse;)V+174
j  org.eclipse.jetty.server.handler.HandlerCollection.handle(Ljava/lang/String;Lorg/eclipse/jetty/server/Request;Ljavax/servlet/http/HttpServletRequest;Ljavax/servlet/http/HttpServletResponse;)V+42
j  org.eclipse.jetty.server.handler.HandlerWrapper.handle(Ljava/lang/String;Lorg/eclipse/jetty/server/Request;Ljavax/servlet/http/HttpServletRequest;Ljavax/servlet/http/HttpServletResponse;)V+23
j  org.eclipse.jetty.server.Server.handle(Lorg/eclipse/jetty/server/HttpChannel;)V+118
j  org.eclipse.jetty.server.HttpChannel.handle()Z+263
j  org.eclipse.jetty.server.HttpConnection.onFillable()V+178
j  org.eclipse.jetty.io.AbstractConnection$2.run()V+4
j  org.eclipse.jetty.util.thread.QueuedThreadPool.runJob(Ljava/lang/Runnable;)V+1
j  org.eclipse.jetty.util.thread.QueuedThreadPool$3.run()V+73
j  java.lang.Thread.run()V+11
v  ~StubRoutines::call_stub

---------------  P R O C E S S  ---------------

Java Threads: ( => current thread )
=>0x00007f8fbc005000 JavaThread "qtp1078694789-41" [_thread_in_native, id=16217, stack(0x00007f9035315000,0x00007f9035416000)]
  0x00007f8fec001000 JavaThread "qtp1078694789-38" [_thread_blocked, id=14630, stack(0x00007f902f9fe000,0x00007f902faff000)]
  0x00007f8fd8008800 JavaThread "Scheduler-193064360" [_thread_blocked, id=5438, stack(0x00007f90345b1000,0x00007f90346b2000)]
  0x00007f9064362800 JavaThread "org.eclipse.jetty.server.session.HashSessionManager@61a485d2Timer" daemon [_thread_blocked, id=5278, stack(0x00007f9034ada000,0x00007f9034bdb000)]
  0x00007f8fe8006800 JavaThread "qtp1078694789-23-selector-ServerConnectorManager@7d776a2b/0" [_thread_in_native, id=5257, stack(0x00007f9034edc000,0x00007f9034fdd000)]
  0x00007f8fd8001000 JavaThread "qtp1078694789-22-selector-ServerConnectorManager@7d776a2b/2" [_thread_in_native, id=5256, stack(0x00007f9034ddb000,0x00007f9034edc000)]
  0x00007f9064214800 JavaThread "qtp1078694789-19-selector-ServerConnectorManager@7d776a2b/7" [_thread_in_native, id=5238, stack(0x00007f9035113000,0x00007f9035214000)]
  0x00007f9064212800 JavaThread "qtp1078694789-18-selector-ServerConnectorManager@7d776a2b/5" [_thread_in_native, id=5237, stack(0x00007f9035214000,0x00007f9035315000)]
  0x00007f906420f800 JavaThread "qtp1078694789-16-selector-ServerConnectorManager@7d776a2b/3" [_thread_in_native, id=5235, stack(0x00007f9035416000,0x00007f9035517000)]
  0x00007f906420d800 JavaThread "qtp1078694789-15-selector-ServerConnectorManager@7d776a2b/1" [_thread_in_native, id=5234, stack(0x00007f9035517000,0x00007f9035618000)]
  0x00007f906420c000 JavaThread "qtp1078694789-14-selector-ServerConnectorManager@7d776a2b/6" [_thread_in_native, id=5233, stack(0x00007f9035618000,0x00007f9035719000)]
  0x00007f906420a000 JavaThread "qtp1078694789-13-selector-ServerConnectorManager@7d776a2b/4" [_thread_in_native, id=5232, stack(0x00007f9035719000,0x00007f903581a000)]
  0x00007f9064208800 JavaThread "qtp1078694789-12-acceptor-0-ServerConnector@6d4b1c02{HTTP/1.1}{0.0.0.0:8081}" [_thread_in_native, id=5231, stack(0x00007f903581a000,0x00007f903591b000)]
  0x00007f90640ed800 JavaThread "Service Thread" daemon [_thread_blocked, id=5229, stack(0x00007f9035c67000,0x00007f9035d68000)]
  0x00007f90640c8000 JavaThread "C1 CompilerThread3" daemon [_thread_blocked, id=5228, stack(0x00007f9035d68000,0x00007f9035e69000)]
  0x00007f90640c6000 JavaThread "C2 CompilerThread2" daemon [_thread_blocked, id=5227, stack(0x00007f9035e69000,0x00007f9035f6a000)]
  0x00007f90640c4000 JavaThread "C2 CompilerThread1" daemon [_thread_blocked, id=5226, stack(0x00007f9035f6a000,0x00007f903606b000)]
  0x00007f90640c1800 JavaThread "C2 CompilerThread0" daemon [_thread_blocked, id=5225, stack(0x00007f903606b000,0x00007f903616c000)]
  0x00007f90640c0000 JavaThread "Signal Dispatcher" daemon [_thread_blocked, id=5224, stack(0x00007f903616c000,0x00007f903626d000)]
  0x00007f9064087000 JavaThread "Finalizer" daemon [_thread_blocked, id=5216, stack(0x00007f90366a5000,0x00007f90367a6000)]
  0x00007f9064085000 JavaThread "Reference Handler" daemon [_thread_blocked, id=5215, stack(0x00007f90367a6000,0x00007f90368a7000)]
  0x00007f9064009800 JavaThread "main" [_thread_blocked, id=5204, stack(0x00007f906c257000,0x00007f906c358000)]

Other Threads:
  0x00007f906407f800 VMThread [stack: 0x00007f90368a7000,0x00007f90369a8000] [id=5214]
  0x00007f90640f0000 WatcherThread [stack: 0x00007f9035b66000,0x00007f9035c67000] [id=5230]

VM state:not at safepoint (normal execution)

VM Mutex/Monitor currently owned by a thread: None

Heap:
 PSYoungGen      total 140800K, used 121252K [0x00000000d7100000, 0x00000000ea600000, 0x0000000100000000)
  eden space 118272K, 83% used [0x00000000d7100000,0x00000000dd169f60,0x00000000de480000)
  from space 22528K, 99% used [0x00000000de480000,0x00000000dfa7f218,0x00000000dfa80000)
  to   space 39936K, 0% used [0x00000000e7f00000,0x00000000e7f00000,0x00000000ea600000)
 ParOldGen       total 84992K, used 46484K [0x0000000085200000, 0x000000008a500000, 0x00000000d7100000)
  object space 84992K, 54% used [0x0000000085200000,0x0000000087f650c8,0x000000008a500000)
 Metaspace       used 19523K, capacity 19718K, committed 20096K, reserved 1067008K
  class space    used 2543K, capacity 2630K, committed 2688K, reserved 1048576K

Card table byte_map: [0x00007f9068c66000,0x00007f906903e000] byte_map_base: 0x00007f906883d000

Marking Bits: (ParMarkBitMap*) 0x00007f906b73b760
 Begin Bits: [0x00007f903c290000, 0x00007f903e148000)
 End Bits:   [0x00007f903e148000, 0x00007f9040000000)

Polling page: 0x00007f906c382000

CodeCache: size=245760Kb used=5690Kb max_used=7085Kb free=240069Kb
 bounds [0x00007f9055000000, 0x00007f9055710000, 0x00007f9064000000]
 total_blobs=2057 nmethods=1681 adapters=289
 compilation: enabled

Compilation events (10 events):
Event: 1093,343 Thread 0x00007f90640c6000 nmethod 2080 0x00007f9055206510 code [0x00007f9055206660, 0x00007f90552066d8]
Event: 1093,344 Thread 0x00007f90640c4000 2083       4       java.lang.Character::charCount (12 bytes)
Event: 1093,344 Thread 0x00007f90640c4000 nmethod 2083 0x00007f905530f610 code [0x00007f905530f760, 0x00007f905530f7b8]
Event: 1093,353 Thread 0x00007f90640c8000 nmethod 2079 0x00007f9055269f10 code [0x00007f905526a500, 0x00007f905526eeb8]
Event: 1093,353 Thread 0x00007f90640c8000 2082       1       org.jsoup.parser.Tag::getName (5 bytes)
Event: 1093,353 Thread 0x00007f90640c8000 nmethod 2082 0x00007f90551ed150 code [0x00007f90551ed2a0, 0x00007f90551ed3b0]
Event: 1093,353 Thread 0x00007f90640c8000 2081       3       java.lang.Class::annotationData (44 bytes)
Event: 1093,353 Thread 0x00007f90640c8000 nmethod 2081 0x00007f9055312750 code [0x00007f90553128e0, 0x00007f9055312c48]
Event: 1093,353 Thread 0x00007f90640c8000 2084       1       org.eclipse.jetty.io.AbstractEndPoint::getConnection (5 bytes)
Event: 1093,353 Thread 0x00007f90640c8000 nmethod 2084 0x00007f9055269c50 code [0x00007f9055269da0, 0x00007f9055269eb0]

GC Heap History (10 events):
Event: 0,511 GC heap before
{Heap before GC invocations=3 (full 0):
 PSYoungGen      total 36864K, used 33328K [0x00000000d7100000, 0x00000000db900000, 0x0000000100000000)
  eden space 31744K, 100% used [0x00000000d7100000,0x00000000d9000000,0x00000000d9000000)
  from space 5120K, 30% used [0x00000000d9500000,0x00000000d968c040,0x00000000d9a00000)
  to   space 5120K, 0% used [0x00000000d9000000,0x00000000d9000000,0x00000000d9500000)
 ParOldGen       total 84992K, used 80K [0x0000000085200000, 0x000000008a500000, 0x00000000d7100000)
  object space 84992K, 0% used [0x0000000085200000,0x0000000085214010,0x000000008a500000)
 Metaspace       used 7185K, capacity 7300K, committed 7552K, reserved 1056768K
  class space    used 798K, capacity 816K, committed 896K, reserved 1048576K
Event: 0,515 GC heap after
Heap after GC invocations=3 (full 0):
 PSYoungGen      total 36864K, used 1696K [0x00000000d7100000, 0x00000000db900000, 0x0000000100000000)
  eden space 31744K, 0% used [0x00000000d7100000,0x00000000d7100000,0x00000000d9000000)
  from space 5120K, 33% used [0x00000000d9000000,0x00000000d91a8030,0x00000000d9500000)
  to   space 5120K, 0% used [0x00000000db400000,0x00000000db400000,0x00000000db900000)
 ParOldGen       total 84992K, used 88K [0x0000000085200000, 0x000000008a500000, 0x00000000d7100000)
  object space 84992K, 0% used [0x0000000085200000,0x0000000085216010,0x000000008a500000)
 Metaspace       used 7185K, capacity 7300K, committed 7552K, reserved 1056768K
  class space    used 798K, capacity 816K, committed 896K, reserved 1048576K
}
Event: 0,683 GC heap before
{Heap before GC invocations=4 (full 0):
 PSYoungGen      total 36864K, used 33440K [0x00000000d7100000, 0x00000000db900000, 0x0000000100000000)
  eden space 31744K, 100% used [0x00000000d7100000,0x00000000d9000000,0x00000000d9000000)
  from space 5120K, 33% used [0x00000000d9000000,0x00000000d91a8030,0x00000000d9500000)
  to   space 5120K, 0% used [0x00000000db400000,0x00000000db400000,0x00000000db900000)
 ParOldGen       total 84992K, used 88K [0x0000000085200000, 0x000000008a500000, 0x00000000d7100000)
  object space 84992K, 0% used [0x0000000085200000,0x0000000085216010,0x000000008a500000)
 Metaspace       used 8006K, capacity 8100K, committed 8448K, reserved 1056768K
  class space    used 887K, capacity 912K, committed 1024K, reserved 1048576K
Event: 0,687 GC heap after
Heap after GC invocations=4 (full 0):
 PSYoungGen      total 68608K, used 2431K [0x00000000d7100000, 0x00000000db900000, 0x0000000100000000)
  eden space 63488K, 0% used [0x00000000d7100000,0x00000000d7100000,0x00000000daf00000)
  from space 5120K, 47% used [0x00000000db400000,0x00000000db65ffa8,0x00000000db900000)
  to   space 5120K, 0% used [0x00000000daf00000,0x00000000daf00000,0x00000000db400000)
 ParOldGen       total 84992K, used 96K [0x0000000085200000, 0x000000008a500000, 0x00000000d7100000)
  object space 84992K, 0% used [0x0000000085200000,0x0000000085218010,0x000000008a500000)
 Metaspace       used 8006K, capacity 8100K, committed 8448K, reserved 1056768K
  class space    used 887K, capacity 912K, committed 1024K, reserved 1048576K
}
Event: 1,228 GC heap before
{Heap before GC invocations=5 (full 0):
 PSYoungGen      total 68608K, used 65919K [0x00000000d7100000, 0x00000000db900000, 0x0000000100000000)
  eden space 63488K, 100% used [0x00000000d7100000,0x00000000daf00000,0x00000000daf00000)
  from space 5120K, 47% used [0x00000000db400000,0x00000000db65ffa8,0x00000000db900000)
  to   space 5120K, 0% used [0x00000000daf00000,0x00000000daf00000,0x00000000db400000)
 ParOldGen       total 84992K, used 96K [0x0000000085200000, 0x000000008a500000, 0x00000000d7100000)
  object space 84992K, 0% used [0x0000000085200000,0x00000000852181b8,0x000000008a500000)
 Metaspace       used 8297K, capacity 8388K, committed 8704K, reserved 1056768K
  class space    used 897K, capacity 944K, committed 1024K, reserved 1048576K
Event: 1,243 GC heap after
Heap after GC invocations=5 (full 0):
 PSYoungGen      total 68608K, used 5113K [0x00000000d7100000, 0x00000000e0800000, 0x0000000100000000)
  eden space 63488K, 0% used [0x00000000d7100000,0x00000000d7100000,0x00000000daf00000)
  from space 5120K, 99% used [0x00000000daf00000,0x00000000db3fe408,0x00000000db400000)
  to   space 13824K, 0% used [0x00000000dfa80000,0x00000000dfa80000,0x00000000e0800000)
 ParOldGen       total 84992K, used 12760K [0x0000000085200000, 0x000000008a500000, 0x00000000d7100000)
  object space 84992K, 15% used [0x0000000085200000,0x0000000085e76140,0x000000008a500000)
 Metaspace       used 8297K, capacity 8388K, committed 8704K, reserved 1056768K
  class space    used 897K, capacity 944K, committed 1024K, reserved 1048576K
}
Event: 1,531 GC heap before
{Heap before GC invocations=6 (full 0):
 PSYoungGen      total 68608K, used 68601K [0x00000000d7100000, 0x00000000e0800000, 0x0000000100000000)
  eden space 63488K, 100% used [0x00000000d7100000,0x00000000daf00000,0x00000000daf00000)
  from space 5120K, 99% used [0x00000000daf00000,0x00000000db3fe408,0x00000000db400000)
  to   space 13824K, 0% used [0x00000000dfa80000,0x00000000dfa80000,0x00000000e0800000)
 ParOldGen       total 84992K, used 12835K [0x0000000085200000, 0x000000008a500000, 0x00000000d7100000)
  object space 84992K, 15% used [0x0000000085200000,0x0000000085e88e18,0x000000008a500000)
 Metaspace       used 8308K, capacity 8388K, committed 8704K, reserved 1056768K
  class space    used 898K, capacity 944K, committed 1024K, reserved 1048576K
Event: 1,551 GC heap after
Heap after GC invocations=6 (full 0):
 PSYoungGen      total 132096K, used 13809K [0x00000000d7100000, 0x00000000e1900000, 0x0000000100000000)
  eden space 118272K, 0% used [0x00000000d7100000,0x00000000d7100000,0x00000000de480000)
  from space 13824K, 99% used [0x00000000dfa80000,0x00000000e07fc568,0x00000000e0800000)
  to   space 22528K, 0% used [0x00000000de480000,0x00000000de480000,0x00000000dfa80000)
 ParOldGen       total 84992K, used 22027K [0x0000000085200000, 0x000000008a500000, 0x00000000d7100000)
  object space 84992K, 25% used [0x0000000085200000,0x0000000086782d10,0x000000008a500000)
 Metaspace       used 8308K, capacity 8388K, committed 8704K, reserved 1056768K
  class space    used 898K, capacity 944K, committed 1024K, reserved 1048576K
}
Event: 2,060 GC heap before
{Heap before GC invocations=7 (full 0):
 PSYoungGen      total 132096K, used 132081K [0x00000000d7100000, 0x00000000e1900000, 0x0000000100000000)
  eden space 118272K, 100% used [0x00000000d7100000,0x00000000de480000,0x00000000de480000)
  from space 13824K, 99% used [0x00000000dfa80000,0x00000000e07fc568,0x00000000e0800000)
  to   space 22528K, 0% used [0x00000000de480000,0x00000000de480000,0x00000000dfa80000)
 ParOldGen       total 84992K, used 22074K [0x0000000085200000, 0x000000008a500000, 0x00000000d7100000)
  object space 84992K, 25% used [0x0000000085200000,0x000000008678ea28,0x000000008a500000)
 Metaspace       used 8311K, capacity 8388K, committed 8704K, reserved 1056768K
  class space    used 898K, capacity 944K, committed 1024K, reserved 1048576K
Event: 2,099 GC heap after
Heap after GC invocations=7 (full 0):
 PSYoungGen      total 140800K, used 22524K [0x00000000d7100000, 0x00000000ea600000, 0x0000000100000000)
  eden space 118272K, 0% used [0x00000000d7100000,0x00000000d7100000,0x00000000de480000)
  from space 22528K, 99% used [0x00000000de480000,0x00000000dfa7f218,0x00000000dfa80000)
  to   space 39936K, 0% used [0x00000000e7f00000,0x00000000e7f00000,0x00000000ea600000)
 ParOldGen       total 84992K, used 46484K [0x0000000085200000, 0x000000008a500000, 0x00000000d7100000)
  object space 84992K, 54% used [0x0000000085200000,0x0000000087f650c8,0x000000008a500000)
 Metaspace       used 8311K, capacity 8388K, committed 8704K, reserved 1056768K
  class space    used 898K, capacity 944K, committed 1024K, reserved 1048576K
}

Deoptimization events (10 events):
Event: 16,924 Thread 0x00007f9064211000 Uncommon trap: reason=unstable_if action=reinterpret pc=0x00007f905519e66c method=java.net.URI.match(CJJ)Z @ 19
Event: 17,025 Thread 0x00007f8fec001000 Uncommon trap: reason=unstable_if action=reinterpret pc=0x00007f90552ef198 method=sun.util.calendar.AbstractCalendar.getCalendarDate(JLsun/util/calendar/CalendarDate;)Lsun/util/calendar/CalendarDate; @ 20
Event: 17,099 Thread 0x00007f9064211000 Uncommon trap: reason=unstable_if action=reinterpret pc=0x00007f905563e328 method=java.util.HashMap.getNode(ILjava/lang/Object;)Ljava/util/HashMap$Node; @ 129
Event: 17,099 Thread 0x00007f9064211000 Uncommon trap: reason=bimorphic action=maybe_recompile pc=0x00007f905563fe5c method=java.util.HashMap.putVal(ILjava/lang/Object;Ljava/lang/Object;ZZ)Ljava/lang/Object; @ 203
Event: 17,172 Thread 0x00007f9064211000 Uncommon trap: reason=class_check action=maybe_recompile pc=0x00007f9055686904 method=java.util.Hashtable.get(Ljava/lang/Object;)Ljava/lang/Object; @ 45
Event: 17,173 Thread 0x00007f9064211000 Uncommon trap: reason=class_check action=maybe_recompile pc=0x00007f9055686904 method=java.util.Hashtable.get(Ljava/lang/Object;)Ljava/lang/Object; @ 45
Event: 17,288 Thread 0x00007f9064211000 Uncommon trap: reason=unstable_if action=reinterpret pc=0x00007f90552e1f64 method=sun.nio.cs.UTF_8$Encoder.encode([CII[B)I @ 33
Event: 365,190 Thread 0x00007f8fb8018800 Uncommon trap: reason=unstable_if action=reinterpret pc=0x00007f90554ac420 method=java.io.ExpiringCache.entryFor(Ljava/lang/String;)Ljava/io/ExpiringCache$Entry; @ 39
Event: 365,259 Thread 0x00007f8fc951c800 Uncommon trap: reason=class_check action=maybe_recompile pc=0x00007f90555fc8dc method=java.util.concurrent.ConcurrentHashMap.get(Ljava/lang/Object;)Ljava/lang/Object; @ 149
Event: 365,270 Thread 0x00007f8fc951c800 Uncommon trap: reason=bimorphic action=maybe_recompile pc=0x00007f905563fe5c method=java.util.HashMap.putVal(ILjava/lang/Object;Ljava/lang/Object;ZZ)Ljava/lang/Object; @ 203

Internal exceptions (10 events):
Event: 17,263 Thread 0x00007f9064211000 Exception <a 'java/lang/ClassNotFoundException': com/vaadin/shared/ui/grid/GridStaticSectionState$CellStateBeanInfo> (0x00000000dc46aa90) thrown at [/RE-WORK/workspace/8-2-build-linux-amd64/jdk8u45/3457/hotspot/src/share/vm/classfile/systemDictionary.cpp,
Event: 17,263 Thread 0x00007f9064211000 Exception <a 'java/lang/ClassNotFoundException': com/vaadin/shared/ui/grid/GridStaticSectionState$CellStateCustomizer> (0x00000000dc48b1c0) thrown at [/RE-WORK/workspace/8-2-build-linux-amd64/jdk8u45/3457/hotspot/src/share/vm/classfile/systemDictionary.cp
Event: 17,264 Thread 0x00007f9064211000 Exception <a 'java/lang/ClassNotFoundException': com/vaadin/shared/ui/menubar/MenuBarStateBeanInfo> (0x00000000dc4b5e28) thrown at [/RE-WORK/workspace/8-2-build-linux-amd64/jdk8u45/3457/hotspot/src/share/vm/classfile/systemDictionary.cpp, line 210]
Event: 17,265 Thread 0x00007f9064211000 Exception <a 'java/lang/ClassNotFoundException': com/vaadin/shared/ui/menubar/MenuBarStateCustomizer> (0x00000000dc4d7358) thrown at [/RE-WORK/workspace/8-2-build-linux-amd64/jdk8u45/3457/hotspot/src/share/vm/classfile/systemDictionary.cpp, line 210]
Event: 17,267 Thread 0x00007f9064211000 Exception <a 'java/lang/ClassNotFoundException': com/vaadin/shared/ui/datefield/TextualDateFieldStateBeanInfo> (0x00000000dc50c1d8) thrown at [/RE-WORK/workspace/8-2-build-linux-amd64/jdk8u45/3457/hotspot/src/share/vm/classfile/systemDictionary.cpp, line 
Event: 17,267 Thread 0x00007f9064211000 Exception <a 'java/lang/ClassNotFoundException': com/vaadin/shared/ui/datefield/TextualDateFieldStateCustomizer> (0x00000000dc52a620) thrown at [/RE-WORK/workspace/8-2-build-linux-amd64/jdk8u45/3457/hotspot/src/share/vm/classfile/systemDictionary.cpp, lin
Event: 365,061 Thread 0x00007f8fec001000 Exception <a 'java/lang/NoClassDefFoundError': org/atmosphere/util/Version> (0x00000000dc96a5c8) thrown at [/RE-WORK/workspace/8-2-build-linux-amd64/jdk8u45/3457/hotspot/src/share/vm/oops/constantPool.cpp, line 235]
Event: 375,122 Thread 0x00007f8fec001000 Exception <a 'java/lang/ClassNotFoundException': com/vaadin/shared/MouseEventDetailsBeanInfo> (0x00000000dcde7490) thrown at [/RE-WORK/workspace/8-2-build-linux-amd64/jdk8u45/3457/hotspot/src/share/vm/classfile/systemDictionary.cpp, line 210]
Event: 375,122 Thread 0x00007f8fec001000 Exception <a 'java/lang/ClassNotFoundException': com/vaadin/shared/MouseEventDetailsCustomizer> (0x00000000dcdfef98) thrown at [/RE-WORK/workspace/8-2-build-linux-amd64/jdk8u45/3457/hotspot/src/share/vm/classfile/systemDictionary.cpp, line 210]
Event: 1093,343 Thread 0x00007f8fec001000 Exception <a 'java/lang/NoClassDefFoundError': org/atmosphere/util/Version> (0x00000000dd07c378) thrown at [/RE-WORK/workspace/8-2-build-linux-amd64/jdk8u45/3457/hotspot/src/share/vm/oops/constantPool.cpp, line 235]

Events (10 events):
Event: 1093,341 Executing VM operation: RevokeBias done
Event: 1093,341 Executing VM operation: RevokeBias
Event: 1093,341 Executing VM operation: RevokeBias done
Event: 1093,342 Thread 0x00007f8fbc005000 Thread added: 0x00007f8fbc005000
Event: 1093,342 Executing VM operation: RevokeBias
Event: 1093,342 Executing VM operation: RevokeBias done
Event: 1093,506 Executing VM operation: RevokeBias
Event: 1093,506 Executing VM operation: RevokeBias done
Event: 1093,507 Executing VM operation: RevokeBias
Event: 1093,507 Executing VM operation: RevokeBias done


Dynamic libraries:
00400000-00401000 r-xp 00000000 08:01 16386253                           /usr/lib/jvm/java-8-oracle/jre/bin/java
00600000-00601000 rw-p 00000000 08:01 16386253                           /usr/lib/jvm/java-8-oracle/jre/bin/java
01d05000-01d26000 rw-p 00000000 00:00 0                                  [heap]
85200000-8a500000 rw-p 00000000 00:00 0 
8a500000-d7100000 ---p 00000000 00:00 0 
d7100000-ea600000 rw-p 00000000 00:00 0 
ea600000-100000000 ---p 00000000 00:00 0 
100000000-1002a0000 rw-p 00000000 00:00 0 
1002a0000-140000000 ---p 00000000 00:00 0 
7f8fb8000000-7f8fb8051000 rw-p 00000000 00:00 0 
7f8fb8051000-7f8fbc000000 ---p 00000000 00:00 0 
7f8fbc000000-7f8fbc021000 rw-p 00000000 00:00 0 
7f8fbc021000-7f8fc0000000 ---p 00000000 00:00 0 
7f8fc0000000-7f8fc0021000 rw-p 00000000 00:00 0 
7f8fc0021000-7f8fc4000000 ---p 00000000 00:00 0 
7f8fc4000000-7f8fc428f000 rw-p 00000000 00:00 0 
7f8fc428f000-7f8fc8000000 ---p 00000000 00:00 0 
7f8fc8000000-7f8fc9523000 rw-p 00000000 00:00 0 
7f8fc9523000-7f8fcc000000 ---p 00000000 00:00 0 
7f8fcc000000-7f8fcc021000 rw-p 00000000 00:00 0 
7f8fcc021000-7f8fd0000000 ---p 00000000 00:00 0 
7f8fd0000000-7f8fd3ffa000 rw-p 00000000 00:00 0 
7f8fd3ffa000-7f8fd4000000 ---p 00000000 00:00 0 
7f8fd4000000-7f8fd4557000 rw-p 00000000 00:00 0 
7f8fd4557000-7f8fd8000000 ---p 00000000 00:00 0 
7f8fd8000000-7f8fd80a9000 rw-p 00000000 00:00 0 
7f8fd80a9000-7f8fdc000000 ---p 00000000 00:00 0 
7f8fdc000000-7f8fdcaa9000 rw-p 00000000 00:00 0 
7f8fdcaa9000-7f8fe0000000 ---p 00000000 00:00 0 
7f8fe0000000-7f8fe2ab1000 rw-p 00000000 00:00 0 
7f8fe2ab1000-7f8fe4000000 ---p 00000000 00:00 0 
7f8fe4000000-7f8fe6e7e000 rw-p 00000000 00:00 0 
7f8fe6e7e000-7f8fe8000000 ---p 00000000 00:00 0 
7f8fe8000000-7f8fe88bf000 rw-p 00000000 00:00 0 
7f8fe88bf000-7f8fec000000 ---p 00000000 00:00 0 
7f8fec000000-7f8ff0000000 rw-p 00000000 00:00 0 
7f8ff0000000-7f8ff2858000 rw-p 00000000 00:00 0 
7f8ff2858000-7f8ff4000000 ---p 00000000 00:00 0 
7f8ff4000000-7f8ff4660000 rw-p 00000000 00:00 0 
7f8ff4660000-7f8ff8000000 ---p 00000000 00:00 0 
7f8ff8000000-7f8ffc000000 rw-p 00000000 00:00 0 
7f8ffc000000-7f8ffdadb000 rw-p 00000000 00:00 0 
7f8ffdadb000-7f9000000000 ---p 00000000 00:00 0 
7f9000000000-7f9000021000 rw-p 00000000 00:00 0 
7f9000021000-7f9004000000 ---p 00000000 00:00 0 
7f9004000000-7f9004021000 rw-p 00000000 00:00 0 
7f9004021000-7f9008000000 ---p 00000000 00:00 0 
7f9008000000-7f90092a5000 rw-p 00000000 00:00 0 
7f90092a5000-7f900c000000 ---p 00000000 00:00 0 
7f900c000000-7f900c48f000 rw-p 00000000 00:00 0 
7f900c48f000-7f9010000000 ---p 00000000 00:00 0 
7f9010000000-7f90110c6000 rw-p 00000000 00:00 0 
7f90110c6000-7f9014000000 ---p 00000000 00:00 0 
7f9014000000-7f90158e6000 rw-p 00000000 00:00 0 
7f90158e6000-7f9018000000 ---p 00000000 00:00 0 
7f9018000000-7f9018021000 rw-p 00000000 00:00 0 
7f9018021000-7f901c000000 ---p 00000000 00:00 0 
7f901c000000-7f901c021000 rw-p 00000000 00:00 0 
7f901c021000-7f9020000000 ---p 00000000 00:00 0 
7f9020000000-7f9020021000 rw-p 00000000 00:00 0 
7f9020021000-7f9024000000 ---p 00000000 00:00 0 
7f9024000000-7f9024021000 rw-p 00000000 00:00 0 
7f9024021000-7f9028000000 ---p 00000000 00:00 0 
7f9028000000-7f9028021000 rw-p 00000000 00:00 0 
7f9028021000-7f902c000000 ---p 00000000 00:00 0 
7f902f9fe000-7f902fa01000 ---p 00000000 00:00 0 
7f902fa01000-7f902fbff000 rw-p 00000000 00:00 0                          [stack:14630]
7f902fbff000-7f902fcff000 ---p 00000000 00:00 0 
7f902fcff000-7f902feff000 rw-p 00000000 00:00 0 
7f902feff000-7f902ff02000 ---p 00000000 00:00 0 
7f902ff02000-7f9030000000 rw-p 00000000 00:00 0 
7f9030000000-7f9030021000 rw-p 00000000 00:00 0 
7f9030021000-7f9034000000 ---p 00000000 00:00 0 
7f90340b0000-7f90342b0000 rw-p 00000000 00:00 0 
7f90342b0000-7f90342b3000 ---p 00000000 00:00 0 
7f90342b3000-7f90345b1000 rw-p 00000000 00:00 0 
7f90345b1000-7f90345b4000 ---p 00000000 00:00 0 
7f90345b4000-7f90346b2000 rw-p 00000000 00:00 0                          [stack:5438]
7f90346b2000-7f90346c3000 r-xp 00000000 08:01 16515177                   /usr/lib/jvm/java-8-oracle/jre/lib/amd64/libnio.so
7f90346c3000-7f90348c2000 ---p 00011000 08:01 16515177                   /usr/lib/jvm/java-8-oracle/jre/lib/amd64/libnio.so
7f90348c2000-7f90348c3000 rw-p 00010000 08:01 16515177                   /usr/lib/jvm/java-8-oracle/jre/lib/amd64/libnio.so
7f90348c3000-7f90348d9000 r-xp 00000000 08:01 16515143                   /usr/lib/jvm/java-8-oracle/jre/lib/amd64/libnet.so
7f90348d9000-7f9034ad9000 ---p 00016000 08:01 16515143                   /usr/lib/jvm/java-8-oracle/jre/lib/amd64/libnet.so
7f9034ad9000-7f9034ada000 rw-p 00016000 08:01 16515143                   /usr/lib/jvm/java-8-oracle/jre/lib/amd64/libnet.so
7f9034ada000-7f9034add000 ---p 00000000 00:00 0 
7f9034add000-7f9034ddb000 rw-p 00000000 00:00 0                          [stack:5278]
7f9034ddb000-7f9034dde000 ---p 00000000 00:00 0 
7f9034dde000-7f9034edc000 rw-p 00000000 00:00 0                          [stack:5256]
7f9034edc000-7f9034edf000 ---p 00000000 00:00 0 
7f9034edf000-7f9034fdd000 rw-p 00000000 00:00 0                          [stack:5257]
7f9034fdd000-7f9035011000 r--s 00200000 00:19 16258850                   /home/kenny/dev/jprelude/experimental/jprelude-webui/target/webapp/WEB-INF/lib/guava-16.0.1.vaadin1.jar
7f9035011000-7f9035017000 r--s 00044000 00:19 16258851                   /home/kenny/dev/jprelude/experimental/jprelude-webui/target/webapp/WEB-INF/lib/jsoup-1.8.1.jar
7f9035017000-7f9035045000 r--s 002f6000 00:19 16258844                   /home/kenny/dev/jprelude/experimental/jprelude-webui/target/webapp/WEB-INF/lib/vaadin-server-7.4.5.jar
7f9035045000-7f9035048000 r--s 00024000 00:19 16258842                   /home/kenny/dev/jprelude/experimental/jprelude-webui/target/webapp/WEB-INF/lib/jprelude-webui_2.11-0.1.jar
7f9035048000-7f903505a000 r--s 000a3000 00:19 16258855                   /home/kenny/dev/jprelude/experimental/jprelude-webui/target/webapp/WEB-INF/lib/rxjava-1.0.8.jar
7f903505a000-7f9035062000 r--s 00053000 00:19 16258854                   /home/kenny/dev/jprelude/experimental/jprelude-webui/target/webapp/WEB-INF/lib/rxscala_2.11-0.24.1.jar
7f9035062000-7f903509b000 r--s 00206000 00:19 16258848                   /home/kenny/dev/jprelude/experimental/jprelude-webui/target/webapp/WEB-INF/lib/vaadin-shared-7.4.5.jar
7f903509b000-7f90350ba000 r--s 006f3000 00:19 16258853                   /home/kenny/dev/jprelude/experimental/jprelude-webui/target/webapp/WEB-INF/lib/vaadin-themes-7.4.5.jar
7f90350ba000-7f9035113000 r--s 004f6000 00:19 16258843                   /home/kenny/dev/jprelude/experimental/jprelude-webui/target/webapp/WEB-INF/lib/scala-library-2.11.6.jar
7f9035113000-7f9035116000 ---p 00000000 00:00 0 
7f9035116000-7f9035214000 rw-p 00000000 00:00 0                          [stack:5238]
7f9035214000-7f9035217000 ---p 00000000 00:00 0 
7f9035217000-7f9035315000 rw-p 00000000 00:00 0                          [stack:5237]
7f9035315000-7f9035318000 ---p 00000000 00:00 0 
7f9035318000-7f9035416000 rw-p 00000000 00:00 0                          [stack:16217]
7f9035416000-7f9035419000 ---p 00000000 00:00 0 
7f9035419000-7f9035517000 rw-p 00000000 00:00 0                          [stack:5235]
7f9035517000-7f903551a000 ---p 00000000 00:00 0 
7f903551a000-7f9035618000 rw-p 00000000 00:00 0                          [stack:5234]
7f9035618000-7f903561b000 ---p 00000000 00:00 0 
7f903561b000-7f9035719000 rw-p 00000000 00:00 0                          [stack:5233]
7f9035719000-7f903571c000 ---p 00000000 00:00 0 
7f903571c000-7f903581a000 rw-p 00000000 00:00 0                          [stack:5232]
7f903581a000-7f903581d000 ---p 00000000 00:00 0 
7f903581d000-7f903591b000 rw-p 00000000 00:00 0                          [stack:5231]
7f903591b000-7f9035923000 r-xp 00000000 08:01 16515139                   /usr/lib/jvm/java-8-oracle/jre/lib/amd64/libmanagement.so
7f9035923000-7f9035b23000 ---p 00008000 08:01 16515139                   /usr/lib/jvm/java-8-oracle/jre/lib/amd64/libmanagement.so
7f9035b23000-7f9035b24000 rw-p 00008000 08:01 16515139                   /usr/lib/jvm/java-8-oracle/jre/lib/amd64/libmanagement.so
7f9035b24000-7f9035b66000 r--s 004bc000 00:19 11538222                   /home/kenny/.ivy2/cache/org.eclipse.jetty/jetty-runner/jars/jetty-runner-9.2.1.v20140609.jar
7f9035b66000-7f9035b67000 ---p 00000000 00:00 0 
7f9035b67000-7f9035c67000 rw-p 00000000 00:00 0                          [stack:5230]
7f9035c67000-7f9035c6a000 ---p 00000000 00:00 0 
7f9035c6a000-7f9035d68000 rw-p 00000000 00:00 0                          [stack:5229]
7f9035d68000-7f9035d6b000 ---p 00000000 00:00 0 
7f9035d6b000-7f9035e69000 rw-p 00000000 00:00 0                          [stack:5228]
7f9035e69000-7f9035e6c000 ---p 00000000 00:00 0 
7f9035e6c000-7f9035f6a000 rw-p 00000000 00:00 0                          [stack:5227]
7f9035f6a000-7f9035f6d000 ---p 00000000 00:00 0 
7f9035f6d000-7f903606b000 rw-p 00000000 00:00 0                          [stack:5226]
7f903606b000-7f903606e000 ---p 00000000 00:00 0 
7f903606e000-7f903616c000 rw-p 00000000 00:00 0                          [stack:5225]
7f903616c000-7f903616f000 ---p 00000000 00:00 0 
7f903616f000-7f903626d000 rw-p 00000000 00:00 0                          [stack:5224]
7f903626d000-7f90366a5000 r--p 00000000 08:01 12327061                   /usr/lib/locale/locale-archive
7f90366a5000-7f90366a8000 ---p 00000000 00:00 0 
7f90366a8000-7f90367a6000 rw-p 00000000 00:00 0                          [stack:5216]
7f90367a6000-7f90367a9000 ---p 00000000 00:00 0 
7f90367a9000-7f90368a7000 rw-p 00000000 00:00 0                          [stack:5215]
7f90368a7000-7f90368a8000 ---p 00000000 00:00 0 
7f90368a8000-7f9038000000 rw-p 00000000 00:00 0                          [stack:5214]
7f9038000000-7f9038021000 rw-p 00000000 00:00 0 
7f9038021000-7f903c000000 ---p 00000000 00:00 0 
7f903c001000-7f903c00a000 r--s 00079000 00:19 16258845                   /home/kenny/dev/jprelude/experimental/jprelude-webui/target/webapp/WEB-INF/lib/vaadin-sass-compiler-0.9.12.jar
7f903c00a000-7f9040000000 rw-p 00000000 00:00 0 
7f9040000000-7f9040021000 rw-p 00000000 00:00 0 
7f9040021000-7f9044000000 ---p 00000000 00:00 0 
7f9044000000-7f9044021000 rw-p 00000000 00:00 0 
7f9044021000-7f9048000000 ---p 00000000 00:00 0 
7f9048000000-7f9048021000 rw-p 00000000 00:00 0 
7f9048021000-7f904c000000 ---p 00000000 00:00 0 
7f904c000000-7f904c021000 rw-p 00000000 00:00 0 
7f904c021000-7f9050000000 ---p 00000000 00:00 0 
7f9050000000-7f9050021000 rw-p 00000000 00:00 0 
7f9050021000-7f9054000000 ---p 00000000 00:00 0 
7f9054001000-7f905400c000 r--s 00116000 08:01 16386276                   /usr/lib/jvm/java-8-oracle/jre/lib/ext/localedata.jar
7f905400c000-7f9054250000 rw-p 00000000 00:00 0 
7f9054250000-7f9054429000 r--s 03d09000 08:01 16386470                   /usr/lib/jvm/java-8-oracle/jre/lib/rt.jar
7f9054429000-7f9055000000 rw-p 00000000 00:00 0 
7f9055000000-7f9055710000 rwxp 00000000 00:00 0 
7f9055710000-7f9064000000 ---p 00000000 00:00 0 
7f9064000000-7f9064463000 rw-p 00000000 00:00 0 
7f9064463000-7f9068000000 ---p 00000000 00:00 0 
7f9068002000-7f9068004000 r--s 00012000 00:19 16258847                   /home/kenny/dev/jprelude/experimental/jprelude-webui/target/webapp/WEB-INF/lib/flute-1.3.0.gg2.jar
7f9068004000-7f9068006000 r--s 00079000 00:19 16258852                   /home/kenny/dev/jprelude/experimental/jprelude-webui/target/webapp/WEB-INF/lib/vaadin-client-compiled-7.4.5.jar
7f9068006000-7f9068008000 r--s 00008000 00:19 16258849                   /home/kenny/dev/jprelude/experimental/jprelude-webui/target/webapp/WEB-INF/lib/streamhtmlparser-jsilver-0.0.10.vaadin1.jar
7f9068008000-7f90681ce000 rw-p 00000000 00:00 0 
7f90681ce000-7f90681cf000 ---p 00000000 00:00 0 
7f90681cf000-7f90682cf000 rw-p 00000000 00:00 0                          [stack:5213]
7f90682cf000-7f90682d0000 ---p 00000000 00:00 0 
7f90682d0000-7f90683d0000 rw-p 00000000 00:00 0                          [stack:5212]
7f90683d0000-7f90683d1000 ---p 00000000 00:00 0 
7f90683d1000-7f90684d1000 rw-p 00000000 00:00 0                          [stack:5211]
7f90684d1000-7f90684d2000 ---p 00000000 00:00 0 
7f90684d2000-7f90685d2000 rw-p 00000000 00:00 0                          [stack:5210]
7f90685d2000-7f90685d3000 ---p 00000000 00:00 0 
7f90685d3000-7f90686d3000 rw-p 00000000 00:00 0                          [stack:5209]
7f90686d3000-7f90686d4000 ---p 00000000 00:00 0 
7f90686d4000-7f90687d4000 rw-p 00000000 00:00 0                          [stack:5208]
7f90687d4000-7f90687d5000 ---p 00000000 00:00 0 
7f90687d5000-7f90688d5000 rw-p 00000000 00:00 0                          [stack:5207]
7f90688d5000-7f90688d6000 ---p 00000000 00:00 0 
7f90688d6000-7f9068a00000 rw-p 00000000 00:00 0                          [stack:5206]
7f9068a00000-7f9068c66000 ---p 00000000 00:00 0 
7f9068c66000-7f9068c90000 rw-p 00000000 00:00 0 
7f9068c90000-7f9068ef5000 ---p 00000000 00:00 0 
7f9068ef5000-7f9068f90000 rw-p 00000000 00:00 0 
7f9068f90000-7f906903d000 ---p 00000000 00:00 0 
7f906903d000-7f906905b000 rw-p 00000000 00:00 0 
7f906905b000-7f90693fe000 ---p 00000000 00:00 0 
7f90693fe000-7f9069418000 r-xp 00000000 08:01 16515133                   /usr/lib/jvm/java-8-oracle/jre/lib/amd64/libzip.so
7f9069418000-7f9069618000 ---p 0001a000 08:01 16515133                   /usr/lib/jvm/java-8-oracle/jre/lib/amd64/libzip.so
7f9069618000-7f9069619000 rw-p 0001a000 08:01 16515133                   /usr/lib/jvm/java-8-oracle/jre/lib/amd64/libzip.so
7f9069619000-7f9069624000 r-xp 00000000 08:01 17695710                   /lib/x86_64-linux-gnu/libnss_files-2.19.so
7f9069624000-7f9069823000 ---p 0000b000 08:01 17695710                   /lib/x86_64-linux-gnu/libnss_files-2.19.so
7f9069823000-7f9069824000 r--p 0000a000 08:01 17695710                   /lib/x86_64-linux-gnu/libnss_files-2.19.so
7f9069824000-7f9069825000 rw-p 0000b000 08:01 17695710                   /lib/x86_64-linux-gnu/libnss_files-2.19.so
7f9069825000-7f9069830000 r-xp 00000000 08:01 17695774                   /lib/x86_64-linux-gnu/libnss_nis-2.19.so
7f9069830000-7f9069a2f000 ---p 0000b000 08:01 17695774                   /lib/x86_64-linux-gnu/libnss_nis-2.19.so
7f9069a2f000-7f9069a30000 r--p 0000a000 08:01 17695774                   /lib/x86_64-linux-gnu/libnss_nis-2.19.so
7f9069a30000-7f9069a31000 rw-p 0000b000 08:01 17695774                   /lib/x86_64-linux-gnu/libnss_nis-2.19.so
7f9069a31000-7f9069a48000 r-xp 00000000 08:01 17695732                   /lib/x86_64-linux-gnu/libnsl-2.19.so
7f9069a48000-7f9069c47000 ---p 00017000 08:01 17695732                   /lib/x86_64-linux-gnu/libnsl-2.19.so
7f9069c47000-7f9069c48000 r--p 00016000 08:01 17695732                   /lib/x86_64-linux-gnu/libnsl-2.19.so
7f9069c48000-7f9069c49000 rw-p 00017000 08:01 17695732                   /lib/x86_64-linux-gnu/libnsl-2.19.so
7f9069c49000-7f9069c4b000 rw-p 00000000 00:00 0 
7f9069c4b000-7f9069c54000 r-xp 00000000 08:01 17695731                   /lib/x86_64-linux-gnu/libnss_compat-2.19.so
7f9069c54000-7f9069e53000 ---p 00009000 08:01 17695731                   /lib/x86_64-linux-gnu/libnss_compat-2.19.so
7f9069e53000-7f9069e54000 r--p 00008000 08:01 17695731                   /lib/x86_64-linux-gnu/libnss_compat-2.19.so
7f9069e54000-7f9069e55000 rw-p 00009000 08:01 17695731                   /lib/x86_64-linux-gnu/libnss_compat-2.19.so
7f9069e55000-7f9069e7f000 r-xp 00000000 08:01 16515175                   /usr/lib/jvm/java-8-oracle/jre/lib/amd64/libjava.so
7f9069e7f000-7f906a07f000 ---p 0002a000 08:01 16515175                   /usr/lib/jvm/java-8-oracle/jre/lib/amd64/libjava.so
7f906a07f000-7f906a081000 rw-p 0002a000 08:01 16515175                   /usr/lib/jvm/java-8-oracle/jre/lib/amd64/libjava.so
7f906a081000-7f906a08e000 r-xp 00000000 08:01 16515201                   /usr/lib/jvm/java-8-oracle/jre/lib/amd64/libverify.so
7f906a08e000-7f906a28e000 ---p 0000d000 08:01 16515201                   /usr/lib/jvm/java-8-oracle/jre/lib/amd64/libverify.so
7f906a28e000-7f906a290000 rw-p 0000d000 08:01 16515201                   /usr/lib/jvm/java-8-oracle/jre/lib/amd64/libverify.so
7f906a290000-7f906a297000 r-xp 00000000 08:01 17695771                   /lib/x86_64-linux-gnu/librt-2.19.so
7f906a297000-7f906a496000 ---p 00007000 08:01 17695771                   /lib/x86_64-linux-gnu/librt-2.19.so
7f906a496000-7f906a497000 r--p 00006000 08:01 17695771                   /lib/x86_64-linux-gnu/librt-2.19.so
7f906a497000-7f906a498000 rw-p 00007000 08:01 17695771                   /lib/x86_64-linux-gnu/librt-2.19.so
7f906a498000-7f906a59d000 r-xp 00000000 08:01 17695709                   /lib/x86_64-linux-gnu/libm-2.19.so
7f906a59d000-7f906a79c000 ---p 00105000 08:01 17695709                   /lib/x86_64-linux-gnu/libm-2.19.so
7f906a79c000-7f906a79d000 r--p 00104000 08:01 17695709                   /lib/x86_64-linux-gnu/libm-2.19.so
7f906a79d000-7f906a79e000 rw-p 00105000 08:01 17695709                   /lib/x86_64-linux-gnu/libm-2.19.so
7f906a79e000-7f906b44c000 r-xp 00000000 08:01 16515183                   /usr/lib/jvm/java-8-oracle/jre/lib/amd64/server/libjvm.so
7f906b44c000-7f906b64b000 ---p 00cae000 08:01 16515183                   /usr/lib/jvm/java-8-oracle/jre/lib/amd64/server/libjvm.so
7f906b64b000-7f906b722000 rw-p 00cad000 08:01 16515183                   /usr/lib/jvm/java-8-oracle/jre/lib/amd64/server/libjvm.so
7f906b722000-7f906b766000 rw-p 00000000 00:00 0 
7f906b766000-7f906b921000 r-xp 00000000 08:01 17695760                   /lib/x86_64-linux-gnu/libc-2.19.so
7f906b921000-7f906bb20000 ---p 001bb000 08:01 17695760                   /lib/x86_64-linux-gnu/libc-2.19.so
7f906bb20000-7f906bb24000 r--p 001ba000 08:01 17695760                   /lib/x86_64-linux-gnu/libc-2.19.so
7f906bb24000-7f906bb26000 rw-p 001be000 08:01 17695760                   /lib/x86_64-linux-gnu/libc-2.19.so
7f906bb26000-7f906bb2b000 rw-p 00000000 00:00 0 
7f906bb2b000-7f906bb2e000 r-xp 00000000 08:01 17695713                   /lib/x86_64-linux-gnu/libdl-2.19.so
7f906bb2e000-7f906bd2d000 ---p 00003000 08:01 17695713                   /lib/x86_64-linux-gnu/libdl-2.19.so
7f906bd2d000-7f906bd2e000 r--p 00002000 08:01 17695713                   /lib/x86_64-linux-gnu/libdl-2.19.so
7f906bd2e000-7f906bd2f000 rw-p 00003000 08:01 17695713                   /lib/x86_64-linux-gnu/libdl-2.19.so
7f906bd2f000-7f906bd44000 r-xp 00000000 08:01 16515172                   /usr/lib/jvm/java-8-oracle/jre/lib/amd64/jli/libjli.so
7f906bd44000-7f906bf44000 ---p 00015000 08:01 16515172                   /usr/lib/jvm/java-8-oracle/jre/lib/amd64/jli/libjli.so
7f906bf44000-7f906bf45000 rw-p 00015000 08:01 16515172                   /usr/lib/jvm/java-8-oracle/jre/lib/amd64/jli/libjli.so
7f906bf45000-7f906bf5e000 r-xp 00000000 08:01 17695761                   /lib/x86_64-linux-gnu/libpthread-2.19.so
7f906bf5e000-7f906c15d000 ---p 00019000 08:01 17695761                   /lib/x86_64-linux-gnu/libpthread-2.19.so
7f906c15d000-7f906c15e000 r--p 00018000 08:01 17695761                   /lib/x86_64-linux-gnu/libpthread-2.19.so
7f906c15e000-7f906c15f000 rw-p 00019000 08:01 17695761                   /lib/x86_64-linux-gnu/libpthread-2.19.so
7f906c15f000-7f906c163000 rw-p 00000000 00:00 0 
7f906c163000-7f906c186000 r-xp 00000000 08:01 17695736                   /lib/x86_64-linux-gnu/ld-2.19.so
7f906c186000-7f906c187000 rw-p 00000000 00:00 0 
7f906c187000-7f906c18c000 r--s 00094000 08:01 16386459                   /usr/lib/jvm/java-8-oracle/jre/lib/jsse.jar
7f906c18c000-7f906c257000 rw-p 00000000 00:00 0 
7f906c257000-7f906c25a000 ---p 00000000 00:00 0 
7f906c25a000-7f906c35c000 rw-p 00000000 00:00 0                          [stack:5204]
7f906c35c000-7f906c35d000 r--s 00003000 00:19 16258846                   /home/kenny/dev/jprelude/experimental/jprelude-webui/target/webapp/WEB-INF/lib/sac-1.3.jar
7f906c35d000-7f906c379000 r--s 00393000 08:01 16386274                   /usr/lib/jvm/java-8-oracle/jre/lib/ext/cldrdata.jar
7f906c379000-7f906c381000 rw-s 00000000 08:01 20578349                   /tmp/hsperfdata_kenny/5201
7f906c381000-7f906c382000 rw-p 00000000 00:00 0 
7f906c382000-7f906c383000 r--p 00000000 00:00 0 
7f906c383000-7f906c385000 rw-p 00000000 00:00 0 
7f906c385000-7f906c386000 r--p 00022000 08:01 17695736                   /lib/x86_64-linux-gnu/ld-2.19.so
7f906c386000-7f906c387000 rw-p 00023000 08:01 17695736                   /lib/x86_64-linux-gnu/ld-2.19.so
7f906c387000-7f906c388000 rw-p 00000000 00:00 0 
7fff9b8b6000-7fff9b8d7000 rw-p 00000000 00:00 0                          [stack]
7fff9b969000-7fff9b96b000 r-xp 00000000 00:00 0                          [vdso]
ffffffffff600000-ffffffffff601000 r-xp 00000000 00:00 0                  [vsyscall]

VM Arguments:
java_command: org.eclipse.jetty.runner.Runner --port 8081 /home/kenny/dev/jprelude/experimental/jprelude-webui/target/webapp
java_class_path (initial): /home/kenny/.ivy2/cache/org.eclipse.jetty/jetty-runner/jars/jetty-runner-9.2.1.v20140609.jar
Launcher Type: SUN_STANDARD

Environment Variables:
PATH=/home/kenny/bin:/home/kenny/bin:/usr/local/sbin:/usr/local/bin:/usr/sbin:/usr/bin:/sbin:/bin:/usr/games:/usr/local/games
USERNAME=kenny
LD_LIBRARY_PATH=/home/kenny/bin/idea-IC-141.713.2/bin:
SHELL=/bin/bash
DISPLAY=:0.0

Signal Handlers:
SIGSEGV: [libjvm.so+0xaad1e0], sa_mask[0]=11111111011111111101111111111110, sa_flags=SA_RESTART|SA_SIGINFO
SIGBUS: [libjvm.so+0xaad1e0], sa_mask[0]=11111111011111111101111111111110, sa_flags=SA_RESTART|SA_SIGINFO
SIGFPE: [libjvm.so+0x90b450], sa_mask[0]=11111111011111111101111111111110, sa_flags=SA_RESTART|SA_SIGINFO
SIGPIPE: [libjvm.so+0x90b450], sa_mask[0]=11111111011111111101111111111110, sa_flags=SA_RESTART|SA_SIGINFO
SIGXFSZ: [libjvm.so+0x90b450], sa_mask[0]=11111111011111111101111111111110, sa_flags=SA_RESTART|SA_SIGINFO
SIGILL: [libjvm.so+0x90b450], sa_mask[0]=11111111011111111101111111111110, sa_flags=SA_RESTART|SA_SIGINFO
SIGUSR1: SIG_DFL, sa_mask[0]=00000000000000000000000000000000, sa_flags=none
SIGUSR2: [libjvm.so+0x90ca90], sa_mask[0]=00100000000000000000000000000000, sa_flags=SA_RESTART|SA_SIGINFO
SIGHUP: [libjvm.so+0x90dde0], sa_mask[0]=11111111011111111101111111111110, sa_flags=SA_RESTART|SA_SIGINFO
SIGINT: [libjvm.so+0x90dde0], sa_mask[0]=11111111011111111101111111111110, sa_flags=SA_RESTART|SA_SIGINFO
SIGTERM: [libjvm.so+0x90dde0], sa_mask[0]=11111111011111111101111111111110, sa_flags=SA_RESTART|SA_SIGINFO
SIGQUIT: [libjvm.so+0x90dde0], sa_mask[0]=11111111011111111101111111111110, sa_flags=SA_RESTART|SA_SIGINFO


---------------  S Y S T E M  ---------------

OS:DISTRIB_ID=LinuxMint
DISTRIB_RELEASE=17.1
DISTRIB_CODENAME=rebecca
DISTRIB_DESCRIPTION="Linux Mint 17.1 Rebecca"

uname:Linux 3.13.0-37-generic #64-Ubuntu SMP Mon Sep 22 21:28:38 UTC 2014 x86_64
libc:glibc 2.19 NPTL 2.19 
rlimit: STACK 8192k, CORE 0k, NPROC 62640, NOFILE 4096, AS infinity
load average:0,62 0,43 0,63

/proc/meminfo:
MemTotal:        8049056 kB
MemFree:          696804 kB
Buffers:           38740 kB
Cached:          2294004 kB
SwapCached:            0 kB
Active:          5564408 kB
Inactive:        1390608 kB
Active(anon):    4634996 kB
Inactive(anon):   400884 kB
Active(file):     929412 kB
Inactive(file):   989724 kB
Unevictable:           0 kB
Mlocked:               0 kB
SwapTotal:             0 kB
SwapFree:              0 kB
Dirty:             23020 kB
Writeback:             0 kB
AnonPages:       4622104 kB
Mapped:           354220 kB
Shmem:            413656 kB
Slab:             146808 kB
SReclaimable:      77808 kB
SUnreclaim:        69000 kB
KernelStack:        6384 kB
PageTables:        62756 kB
NFS_Unstable:          0 kB
Bounce:                0 kB
WritebackTmp:          0 kB
CommitLimit:     4024528 kB
Committed_AS:   10448164 kB
VmallocTotal:   34359738367 kB
VmallocUsed:      567280 kB
VmallocChunk:   34359156824 kB
HardwareCorrupted:     0 kB
AnonHugePages:   1839104 kB
HugePages_Total:       0
HugePages_Free:        0
HugePages_Rsvd:        0
HugePages_Surp:        0
Hugepagesize:       2048 kB
DirectMap4k:       89852 kB
DirectMap2M:     8171520 kB


CPU:total 8 (4 cores per cpu, 2 threads per core) family 6 model 58 stepping 9, cmov, cx8, fxsr, mmx, sse, sse2, sse3, ssse3, sse4.1, sse4.2, popcnt, avx, aes, clmul, erms, ht, tsc, tscinvbit, tscinv

/proc/cpuinfo:
processor	: 0
vendor_id	: GenuineIntel
cpu family	: 6
model		: 58
model name	: Intel(R) Core(TM) i7-3612QM CPU @ 2.10GHz
stepping	: 9
microcode	: 0x15
cpu MHz		: 2101.000
cache size	: 6144 KB
physical id	: 0
siblings	: 8
core id		: 0
cpu cores	: 4
apicid		: 0
initial apicid	: 0
fpu		: yes
fpu_exception	: yes
cpuid level	: 13
wp		: yes
flags		: fpu vme de pse tsc msr pae mce cx8 apic sep mtrr pge mca cmov pat pse36 clflush dts acpi mmx fxsr sse sse2 ss ht tm pbe syscall nx rdtscp lm constant_tsc arch_perfmon pebs bts rep_good nopl xtopology nonstop_tsc aperfmperf eagerfpu pni pclmulqdq dtes64 monitor ds_cpl vmx est tm2 ssse3 cx16 xtpr pdcm pcid sse4_1 sse4_2 x2apic popcnt tsc_deadline_timer aes xsave avx f16c rdrand lahf_lm ida arat epb xsaveopt pln pts dtherm tpr_shadow vnmi flexpriority ept vpid fsgsbase smep erms
bogomips	: 4190.22
clflush size	: 64
cache_alignment	: 64
address sizes	: 36 bits physical, 48 bits virtual
power management:

processor	: 1
vendor_id	: GenuineIntel
cpu family	: 6
model		: 58
model name	: Intel(R) Core(TM) i7-3612QM CPU @ 2.10GHz
stepping	: 9
microcode	: 0x15
cpu MHz		: 1700.000
cache size	: 6144 KB
physical id	: 0
siblings	: 8
core id		: 0
cpu cores	: 4
apicid		: 1
initial apicid	: 1
fpu		: yes
fpu_exception	: yes
cpuid level	: 13
wp		: yes
flags		: fpu vme de pse tsc msr pae mce cx8 apic sep mtrr pge mca cmov pat pse36 clflush dts acpi mmx fxsr sse sse2 ss ht tm pbe syscall nx rdtscp lm constant_tsc arch_perfmon pebs bts rep_good nopl xtopology nonstop_tsc aperfmperf eagerfpu pni pclmulqdq dtes64 monitor ds_cpl vmx est tm2 ssse3 cx16 xtpr pdcm pcid sse4_1 sse4_2 x2apic popcnt tsc_deadline_timer aes xsave avx f16c rdrand lahf_lm ida arat epb xsaveopt pln pts dtherm tpr_shadow vnmi flexpriority ept vpid fsgsbase smep erms
bogomips	: 4190.22
clflush size	: 64
cache_alignment	: 64
address sizes	: 36 bits physical, 48 bits virtual
power management:

processor	: 2
vendor_id	: GenuineIntel
cpu family	: 6
model		: 58
model name	: Intel(R) Core(TM) i7-3612QM CPU @ 2.10GHz
stepping	: 9
microcode	: 0x15
cpu MHz		: 1200.000
cache size	: 6144 KB
physical id	: 0
siblings	: 8
core id		: 1
cpu cores	: 4
apicid		: 2
initial apicid	: 2
fpu		: yes
fpu_exception	: yes
cpuid level	: 13
wp		: yes
flags		: fpu vme de pse tsc msr pae mce cx8 apic sep mtrr pge mca cmov pat pse36 clflush dts acpi mmx fxsr sse sse2 ss ht tm pbe syscall nx rdtscp lm constant_tsc arch_perfmon pebs bts rep_good nopl xtopology nonstop_tsc aperfmperf eagerfpu pni pclmulqdq dtes64 monitor ds_cpl vmx est tm2 ssse3 cx16 xtpr pdcm pcid sse4_1 sse4_2 x2apic popcnt tsc_deadline_timer aes xsave avx f16c rdrand lahf_lm ida arat epb xsaveopt pln pts dtherm tpr_shadow vnmi flexpriority ept vpid fsgsbase smep erms
bogomips	: 4190.22
clflush size	: 64
cache_alignment	: 64
address sizes	: 36 bits physical, 48 bits virtual
power management:

processor	: 3
vendor_id	: GenuineIntel
cpu family	: 6
model		: 58
model name	: Intel(R) Core(TM) i7-3612QM CPU @ 2.10GHz
stepping	: 9
microcode	: 0x15
cpu MHz		: 2101.000
cache size	: 6144 KB
physical id	: 0
siblings	: 8
core id		: 1
cpu cores	: 4
apicid		: 3
initial apicid	: 3
fpu		: yes
fpu_exception	: yes
cpuid level	: 13
wp		: yes
flags		: fpu vme de pse tsc msr pae mce cx8 apic sep mtrr pge mca cmov pat pse36 clflush dts acpi mmx fxsr sse sse2 ss ht tm pbe syscall nx rdtscp lm constant_tsc arch_perfmon pebs bts rep_good nopl xtopology nonstop_tsc aperfmperf eagerfpu pni pclmulqdq dtes64 monitor ds_cpl vmx est tm2 ssse3 cx16 xtpr pdcm pcid sse4_1 sse4_2 x2apic popcnt tsc_deadline_timer aes xsave avx f16c rdrand lahf_lm ida arat epb xsaveopt pln pts dtherm tpr_shadow vnmi flexpriority ept vpid fsgsbase smep erms
bogomips	: 4190.22
clflush size	: 64
cache_alignment	: 64
address sizes	: 36 bits physical, 48 bits virtual
power management:

processor	: 4
vendor_id	: GenuineIntel
cpu family	: 6
model		: 58
model name	: Intel(R) Core(TM) i7-3612QM CPU @ 2.10GHz
stepping	: 9
microcode	: 0x15
cpu MHz		: 2101.000
cache size	: 6144 KB
physical id	: 0
siblings	: 8
core id		: 2
cpu cores	: 4
apicid		: 4
initial apicid	: 4
fpu		: yes
fpu_exception	: yes
cpuid level	: 13
wp		: yes
flags		: fpu vme de pse tsc msr pae mce cx8 apic sep mtrr pge mca cmov pat pse36 clflush dts acpi mmx fxsr sse sse2 ss ht tm pbe syscall nx rdtscp lm constant_tsc arch_perfmon pebs bts rep_good nopl xtopology nonstop_tsc aperfmperf eagerfpu pni pclmulqdq dtes64 monitor ds_cpl vmx est tm2 ssse3 cx16 xtpr pdcm pcid sse4_1 sse4_2 x2apic popcnt tsc_deadline_timer aes xsave avx f16c rdrand lahf_lm ida arat epb xsaveopt pln pts dtherm tpr_shadow vnmi flexpriority ept vpid fsgsbase smep erms
bogomips	: 4190.22
clflush size	: 64
cache_alignment	: 64
address sizes	: 36 bits physical, 48 bits virtual
power management:

processor	: 5
vendor_id	: GenuineIntel
cpu family	: 6
model		: 58
model name	: Intel(R) Core(TM) i7-3612QM CPU @ 2.10GHz
stepping	: 9
microcode	: 0x15
cpu MHz		: 1200.000
cache size	: 6144 KB
physical id	: 0
siblings	: 8
core id		: 2
cpu cores	: 4
apicid		: 5
initial apicid	: 5
fpu		: yes
fpu_exception	: yes
cpuid level	: 13
wp		: yes
flags		: fpu vme de pse tsc msr pae mce cx8 apic sep mtrr pge mca cmov pat pse36 clflush dts acpi mmx fxsr sse sse2 ss ht tm pbe syscall nx rdtscp lm constant_tsc arch_perfmon pebs bts rep_good nopl xtopology nonstop_tsc aperfmperf eagerfpu pni pclmulqdq dtes64 monitor ds_cpl vmx est tm2 ssse3 cx16 xtpr pdcm pcid sse4_1 sse4_2 x2apic popcnt tsc_deadline_timer aes xsave avx f16c rdrand lahf_lm ida arat epb xsaveopt pln pts dtherm tpr_shadow vnmi flexpriority ept vpid fsgsbase smep erms
bogomips	: 4190.22
clflush size	: 64
cache_alignment	: 64
address sizes	: 36 bits physical, 48 bits virtual
power management:

processor	: 6
vendor_id	: GenuineIntel
cpu family	: 6
model		: 58
model name	: Intel(R) Core(TM) i7-3612QM CPU @ 2.10GHz
stepping	: 9
microcode	: 0x15
cpu MHz		: 2101.000
cache size	: 6144 KB
physical id	: 0
siblings	: 8
core id		: 3
cpu cores	: 4
apicid		: 6
initial apicid	: 6
fpu		: yes
fpu_exception	: yes
cpuid level	: 13
wp		: yes
flags		: fpu vme de pse tsc msr pae mce cx8 apic sep mtrr pge mca cmov pat pse36 clflush dts acpi mmx fxsr sse sse2 ss ht tm pbe syscall nx rdtscp lm constant_tsc arch_perfmon pebs bts rep_good nopl xtopology nonstop_tsc aperfmperf eagerfpu pni pclmulqdq dtes64 monitor ds_cpl vmx est tm2 ssse3 cx16 xtpr pdcm pcid sse4_1 sse4_2 x2apic popcnt tsc_deadline_timer aes xsave avx f16c rdrand lahf_lm ida arat epb xsaveopt pln pts dtherm tpr_shadow vnmi flexpriority ept vpid fsgsbase smep erms
bogomips	: 4190.22
clflush size	: 64
cache_alignment	: 64
address sizes	: 36 bits physical, 48 bits virtual
power management:

processor	: 7
vendor_id	: GenuineIntel
cpu family	: 6
model		: 58
model name	: Intel(R) Core(TM) i7-3612QM CPU @ 2.10GHz
stepping	: 9
microcode	: 0x15
cpu MHz		: 2101.000
cache size	: 6144 KB
physical id	: 0
siblings	: 8
core id		: 3
cpu cores	: 4
apicid		: 7
initial apicid	: 7
fpu		: yes
fpu_exception	: yes
cpuid level	: 13
wp		: yes
flags		: fpu vme de pse tsc msr pae mce cx8 apic sep mtrr pge mca cmov pat pse36 clflush dts acpi mmx fxsr sse sse2 ss ht tm pbe syscall nx rdtscp lm constant_tsc arch_perfmon pebs bts rep_good nopl xtopology nonstop_tsc aperfmperf eagerfpu pni pclmulqdq dtes64 monitor ds_cpl vmx est tm2 ssse3 cx16 xtpr pdcm pcid sse4_1 sse4_2 x2apic popcnt tsc_deadline_timer aes xsave avx f16c rdrand lahf_lm ida arat epb xsaveopt pln pts dtherm tpr_shadow vnmi flexpriority ept vpid fsgsbase smep erms
bogomips	: 4190.22
clflush size	: 64
cache_alignment	: 64
address sizes	: 36 bits physical, 48 bits virtual
power management:



Memory: 4k page, physical 8049056k(696636k free), swap 0k(0k free)

vm_info: Java HotSpot(TM) 64-Bit Server VM (25.45-b02) for linux-amd64 JRE (1.8.0_45-b14), built on Apr 10 2015 10:07:45 by "java_re" with gcc 4.3.0 20080428 (Red Hat 4.3.0-8)

time: Tue May  5 23:14:28 2015
elapsed time: 1093 seconds (0d 0h 18m 13s)

