#
# A fatal error has been detected by the Java Runtime Environment:
#
#  SIGBUS (0x7) at pc=0x00007f66b297d7d2, pid=31843, tid=140078051731200
#
# JRE version: Java(TM) SE Runtime Environment (8.0_45-b14) (build 1.8.0_45-b14)
# Java VM: Java HotSpot(TM) 64-Bit Server VM (25.45-b02 mixed mode linux-amd64 compressed oops)
# Problematic frame:
# C  [libzip.so+0x117d2]  newEntry+0x62
#
# Failed to write core dump. Core dumps have been disabled. To enable core dumping, try "ulimit -c unlimited" before starting Java again
#
# If you would like to submit a bug report, please visit:
#   http://bugreport.java.com/bugreport/crash.jsp
# The crash happened outside the Java Virtual Machine in native code.
# See problematic frame for where to report the bug.
#

---------------  T H R E A D  ---------------

Current thread (0x00007f66ac200800):  JavaThread "qtp1078694789-18" [_thread_in_native, id=31877, stack(0x00007f667673a000,0x00007f667683b000)]

siginfo: si_signo: 7 (SIGBUS), si_code: 2 (BUS_ADRERR), si_addr: 0x00007f66765e69be

Registers:
RAX=0x00007f6634b82430, RBX=0x00007f66ac285150, RCX=0x00007f6634000020, RDX=0x00007f6634b82430
RSP=0x00007f6676838a30, RBP=0x00007f6676838a80, RSI=0x0000000000000000, RDI=0x0000000000000000
R8 =0x0000000000000003, R9 =0x0000000000000005, R10=0x00007f669d17d0d8, R11=0x00007f66b4e5ba01
R12=0x00007f66765e69a1, R13=0x00007f6634b82430, R14=0x0000000094747753, R15=0x00007f66ac204d70
RIP=0x00007f66b297d7d2, EFLAGS=0x0000000000010202, CSGSFS=0x0000000000000033, ERR=0x0000000000000004
  TRAPNO=0x000000000000000e

Top of Stack: (sp=0x00007f6676838a30)
0x00007f6676838a30:   00007f66768390b0 0000000000000000
0x00007f6676838a40:   00000001000007a8 00007f66b45d642e
0x00007f6676838a50:   00007f6634b82430 00007f66ac285150
0x00007f6676838a60:   00007f663400a990 00007f66ac204d70
0x00007f6676838a70:   0000000094747753 0000000000000024
0x00007f6676838a80:   00007f6676838ae0 00007f66b297df2f
0x00007f6676838a90:   00007f66ac200800 01007f6676838d00
0x00007f6676838aa0:   00007f6676838b00 00007f6676838b25
0x00007f6676838ab0:   00007f6676838b23 00007f6676838b00
0x00007f6676838ac0:   0000000000000024 00007f66ac2009f8
0x00007f6676838ad0:   00007f6676838f58 0000000000000001
0x00007f6676838ae0:   00007f6676838f40 00007f66b296fd30
0x00007f6676838af0:   00007f6676838cd0 00007f66ac204d70
0x00007f6676838b00:   75462f616c616373 24326e6f6974636e
0x00007f6676838b10:   707324494a56636d 632e7373616c6324
0x00007f6676838b20:   00007f007373616c 00007f669d27505c
0x00007f6676838b30:   0000000000000000 00000000da12d980
0x00007f6676838b40:   0000000000000000 0000000000000000
0x00007f6676838b50:   00000000daf0a000 00000000daf6d7a0
0x00007f6676838b60:   0000007a00001fa0 00007f66ac2013d8
0x00007f6676838b70:   00007f66ac200800 00007f6676838c40
0x00007f6676838b80:   00000000daf6d7a0 00007f6676838c00
0x00007f6676838b90:   00007f6676838c00 00007f6676838f78
0x00007f6676838ba0:   00007f6676838c00 00007f6676838f70
0x00007f6676838bb0:   01007f6676838c40 00007f66ac200800
0x00007f6676838bc0:   00000000da12e228 00007f66ac2013d8
0x00007f6676838bd0:   00007f66ac200800 00000000da12e918
0x00007f6676838be0:   00007f66b4ca5740 00007f66ac200800
0x00007f6676838bf0:   00007f6676838c40 00007f66ac200800
0x00007f6676838c00:   0000000000000066 00007f6676838eb0
0x00007f6676838c10:   00007f6676838c40 00007f66768301b0
0x00007f6676838c20:   00007f6676838c40 00007f6676838bd8 

Instructions: (pc=0x00007f66b297d7d2)
0x00007f66b297d7b2:   00 48 c7 40 28 00 00 00 00 41 80 7f 30 00 0f 84
0x00007f66b297d7c2:   8a 02 00 00 4c 8b 63 08 4d 2b 67 28 4d 03 67 18
0x00007f66b297d7d2:   41 0f b6 5c 24 1d 41 0f b6 44 24 1c c1 e3 08 09
0x00007f66b297d7e2:   c3 41 0f b6 44 24 1e 88 45 bd 41 0f b6 54 24 20 

Register to memory mapping:

RAX=0x00007f6634b82430 is an unknown value
RBX=0x00007f66ac285150 is an unknown value
RCX=0x00007f6634000020 is an unknown value
RDX=0x00007f6634b82430 is an unknown value
RSP=0x00007f6676838a30 is pointing into the stack for thread: 0x00007f66ac200800
RBP=0x00007f6676838a80 is pointing into the stack for thread: 0x00007f66ac200800
RSI=0x0000000000000000 is an unknown value
RDI=0x0000000000000000 is an unknown value
R8 =0x0000000000000003 is an unknown value
R9 =0x0000000000000005 is an unknown value
R10=0x00007f669d17d0d8 is at entry_point+88 in (nmethod*)0x00007f669d17cf10
R11=0x00007f66b4e5ba01: <offset 0x187a01> in /lib/x86_64-linux-gnu/libc.so.6 at 0x00007f66b4cd4000
R12=0x00007f66765e69a1 is an unknown value
R13=0x00007f6634b82430 is an unknown value
R14=0x0000000094747753 is an unallocated location in the heap
R15=0x00007f66ac204d70 is an unknown value


Stack: [0x00007f667673a000,0x00007f667683b000],  sp=0x00007f6676838a30,  free space=1018k
Native frames: (J=compiled Java code, j=interpreted, Vv=VM code, C=native code)
C  [libzip.so+0x117d2]  newEntry+0x62
C  [libzip.so+0x11f2f]  ZIP_GetEntry2+0xff
C  [libzip.so+0x3d30]  Java_java_util_zip_ZipFile_getEntry+0xf0
J 216  java.util.zip.ZipFile.getEntry(J[BZ)J (0 bytes) @ 0x00007f669d17d14e [0x00007f669d17d080+0xce]
J 580 C1 java.util.zip.ZipFile.getEntry(Ljava/lang/String;)Ljava/util/zip/ZipEntry; (86 bytes) @ 0x00007f669d2a734c [0x00007f669d2a70e0+0x26c]
J 875 C1 sun.net.www.protocol.jar.URLJarFile.getEntry(Ljava/lang/String;)Ljava/util/zip/ZipEntry; (69 bytes) @ 0x00007f669d3c67f4 [0x00007f669d3c6720+0xd4]
J 743 C1 sun.net.www.protocol.jar.JarURLConnection.connect()V (147 bytes) @ 0x00007f669d34d29c [0x00007f669d34cdc0+0x4dc]
J 811 C1 sun.net.www.protocol.jar.JarURLConnection.getJarFile()Ljava/util/jar/JarFile; (9 bytes) @ 0x00007f669d390d44 [0x00007f669d390cc0+0x84]
J 846 C1 org.eclipse.jetty.util.resource.JarFileResource.newConnection()V (108 bytes) @ 0x00007f669d3a1324 [0x00007f669d3a0b00+0x824]
J 763 C1 org.eclipse.jetty.util.resource.JarResource.checkConnection()Z (51 bytes) @ 0x00007f669d34b9dc [0x00007f669d34b7a0+0x23c]
J 757 C1 org.eclipse.jetty.util.resource.JarFileResource.checkConnection()Z (78 bytes) @ 0x00007f669d36300c [0x00007f669d362ec0+0x14c]
J 857 C1 org.eclipse.jetty.util.resource.JarResource.getInputStream()Ljava/io/InputStream; (62 bytes) @ 0x00007f669d3b7ed4 [0x00007f669d3b7dc0+0x114]
J 691 C1 org.eclipse.jetty.annotations.AnnotationParser.parseJarEntry(Ljava/util/Set;Lorg/eclipse/jetty/util/resource/Resource;Ljava/util/jar/JarEntry;Lorg/eclipse/jetty/annotations/ClassNameResolver;)V (181 bytes) @ 0x00007f669d3476fc [0x00007f669d345f20+0x17dc]
j  org.eclipse.jetty.annotations.AnnotationParser.parseJar(Ljava/util/Set;Lorg/eclipse/jetty/util/resource/Resource;Lorg/eclipse/jetty/annotations/ClassNameResolver;)V+96
j  org.eclipse.jetty.annotations.AnnotationParser.parse(Ljava/util/Set;Lorg/eclipse/jetty/util/resource/Resource;Lorg/eclipse/jetty/annotations/ClassNameResolver;)V+47
j  org.eclipse.jetty.annotations.AnnotationConfiguration$ParserTask.call()Ljava/lang/Void;+37
j  org.eclipse.jetty.annotations.AnnotationConfiguration$1.run()V+4
j  org.eclipse.jetty.util.thread.QueuedThreadPool.runJob(Ljava/lang/Runnable;)V+1
j  org.eclipse.jetty.util.thread.QueuedThreadPool$3.run()V+73
j  java.lang.Thread.run()V+11
v  ~StubRoutines::call_stub
V  [libjvm.so+0x681a26]  JavaCalls::call_helper(JavaValue*, methodHandle*, JavaCallArguments*, Thread*)+0x1056
V  [libjvm.so+0x681f31]  JavaCalls::call_virtual(JavaValue*, KlassHandle, Symbol*, Symbol*, JavaCallArguments*, Thread*)+0x321
V  [libjvm.so+0x6823d7]  JavaCalls::call_virtual(JavaValue*, Handle, KlassHandle, Symbol*, Symbol*, Thread*)+0x47
V  [libjvm.so+0x718280]  thread_entry(JavaThread*, Thread*)+0xa0
V  [libjvm.so+0xa5c86f]  JavaThread::thread_main_inner()+0xdf
V  [libjvm.so+0xa5c99c]  JavaThread::run()+0x11c
V  [libjvm.so+0x910de8]  java_start(Thread*)+0x108
C  [libpthread.so.0+0x8182]  start_thread+0xc2

Java frames: (J=compiled Java code, j=interpreted, Vv=VM code)
J 216  java.util.zip.ZipFile.getEntry(J[BZ)J (0 bytes) @ 0x00007f669d17d0d8 [0x00007f669d17d080+0x58]
J 580 C1 java.util.zip.ZipFile.getEntry(Ljava/lang/String;)Ljava/util/zip/ZipEntry; (86 bytes) @ 0x00007f669d2a734c [0x00007f669d2a70e0+0x26c]
J 875 C1 sun.net.www.protocol.jar.URLJarFile.getEntry(Ljava/lang/String;)Ljava/util/zip/ZipEntry; (69 bytes) @ 0x00007f669d3c67f4 [0x00007f669d3c6720+0xd4]
J 743 C1 sun.net.www.protocol.jar.JarURLConnection.connect()V (147 bytes) @ 0x00007f669d34d29c [0x00007f669d34cdc0+0x4dc]
J 811 C1 sun.net.www.protocol.jar.JarURLConnection.getJarFile()Ljava/util/jar/JarFile; (9 bytes) @ 0x00007f669d390d44 [0x00007f669d390cc0+0x84]
J 846 C1 org.eclipse.jetty.util.resource.JarFileResource.newConnection()V (108 bytes) @ 0x00007f669d3a1324 [0x00007f669d3a0b00+0x824]
J 763 C1 org.eclipse.jetty.util.resource.JarResource.checkConnection()Z (51 bytes) @ 0x00007f669d34b9dc [0x00007f669d34b7a0+0x23c]
J 757 C1 org.eclipse.jetty.util.resource.JarFileResource.checkConnection()Z (78 bytes) @ 0x00007f669d36300c [0x00007f669d362ec0+0x14c]
J 857 C1 org.eclipse.jetty.util.resource.JarResource.getInputStream()Ljava/io/InputStream; (62 bytes) @ 0x00007f669d3b7ed4 [0x00007f669d3b7dc0+0x114]
J 691 C1 org.eclipse.jetty.annotations.AnnotationParser.parseJarEntry(Ljava/util/Set;Lorg/eclipse/jetty/util/resource/Resource;Ljava/util/jar/JarEntry;Lorg/eclipse/jetty/annotations/ClassNameResolver;)V (181 bytes) @ 0x00007f669d3476fc [0x00007f669d345f20+0x17dc]
j  org.eclipse.jetty.annotations.AnnotationParser.parseJar(Ljava/util/Set;Lorg/eclipse/jetty/util/resource/Resource;Lorg/eclipse/jetty/annotations/ClassNameResolver;)V+96
j  org.eclipse.jetty.annotations.AnnotationParser.parse(Ljava/util/Set;Lorg/eclipse/jetty/util/resource/Resource;Lorg/eclipse/jetty/annotations/ClassNameResolver;)V+47
j  org.eclipse.jetty.annotations.AnnotationConfiguration$ParserTask.call()Ljava/lang/Void;+37
j  org.eclipse.jetty.annotations.AnnotationConfiguration$1.run()V+4
j  org.eclipse.jetty.util.thread.QueuedThreadPool.runJob(Ljava/lang/Runnable;)V+1
j  org.eclipse.jetty.util.thread.QueuedThreadPool$3.run()V+73
j  java.lang.Thread.run()V+11
v  ~StubRoutines::call_stub

---------------  P R O C E S S  ---------------

Java Threads: ( => current thread )
  0x00007f662c001000 JavaThread "qtp1078694789-23" [_thread_in_Java, id=31892, stack(0x00007f6676242000,0x00007f6676343000)]
  0x00007f6630001000 JavaThread "qtp1078694789-22" [_thread_in_native, id=31891, stack(0x00007f6676343000,0x00007f6676444000)]
  0x00007f6644006800 JavaThread "qtp1078694789-21" [_thread_blocked, id=31890, stack(0x00007f6676444000,0x00007f6676545000)]
  0x00007f66ac202800 JavaThread "qtp1078694789-19" [_thread_blocked, id=31878, stack(0x00007f6676639000,0x00007f667673a000)]
=>0x00007f66ac200800 JavaThread "qtp1078694789-18" [_thread_in_native, id=31877, stack(0x00007f667673a000,0x00007f667683b000)]
  0x00007f66ac1fd800 JavaThread "qtp1078694789-16" [_thread_in_native, id=31875, stack(0x00007f667693c000,0x00007f6676a3d000)]
  0x00007f66ac1fb800 JavaThread "qtp1078694789-15" [_thread_blocked, id=31874, stack(0x00007f6676a3d000,0x00007f6676b3e000)]
  0x00007f66ac1fa000 JavaThread "qtp1078694789-14" [_thread_blocked, id=31873, stack(0x00007f6676b3e000,0x00007f6676c3f000)]
  0x00007f66ac1f8000 JavaThread "qtp1078694789-13" [_thread_blocked, id=31872, stack(0x00007f6676c3f000,0x00007f6676d40000)]
  0x00007f66ac1ee000 JavaThread "qtp1078694789-12" [_thread_in_native, id=31871, stack(0x00007f6676d40000,0x00007f6676e41000)]
  0x00007f66ac0d3000 JavaThread "Service Thread" daemon [_thread_blocked, id=31869, stack(0x00007f667714b000,0x00007f667724c000)]
  0x00007f66ac0c6000 JavaThread "C1 CompilerThread3" daemon [_thread_blocked, id=31868, stack(0x00007f667724c000,0x00007f667734d000)]
  0x00007f66ac0c3800 JavaThread "C2 CompilerThread2" daemon [_thread_in_native, id=31867, stack(0x00007f667734d000,0x00007f667744e000)]
  0x00007f66ac0c2000 JavaThread "C2 CompilerThread1" daemon [_thread_in_native, id=31866, stack(0x00007f667744e000,0x00007f667754f000)]
  0x00007f66ac0bf000 JavaThread "C2 CompilerThread0" daemon [_thread_in_native, id=31865, stack(0x00007f667754f000,0x00007f6677650000)]
  0x00007f66ac0bd800 JavaThread "Signal Dispatcher" daemon [_thread_blocked, id=31864, stack(0x00007f6677650000,0x00007f6677751000)]
  0x00007f66ac087000 JavaThread "Finalizer" daemon [_thread_blocked, id=31863, stack(0x00007f6677b89000,0x00007f6677c8a000)]
  0x00007f66ac085000 JavaThread "Reference Handler" daemon [_thread_blocked, id=31862, stack(0x00007f6677c8a000,0x00007f6677d8b000)]
  0x00007f66ac009800 JavaThread "main" [_thread_blocked, id=31847, stack(0x00007f66b57c5000,0x00007f66b58c6000)]

Other Threads:
  0x00007f66ac07f800 VMThread [stack: 0x00007f6677d8b000,0x00007f6677e8c000] [id=31861]
  0x00007f66ac0d5800 WatcherThread [stack: 0x00007f667704a000,0x00007f667714b000] [id=31870]

VM state:not at safepoint (normal execution)

VM Mutex/Monitor currently owned by a thread: None

Heap:
 PSYoungGen      total 68608K, used 60960K [0x00000000d7100000, 0x00000000df700000, 0x0000000100000000)
  eden space 63488K, 91% used [0x00000000d7100000,0x00000000da9f0f00,0x00000000daf00000)
  from space 5120K, 51% used [0x00000000daf00000,0x00000000db1971c0,0x00000000db400000)
  to   space 5120K, 0% used [0x00000000df200000,0x00000000df200000,0x00000000df700000)
 ParOldGen       total 84992K, used 88K [0x0000000085200000, 0x000000008a500000, 0x00000000d7100000)
  object space 84992K, 0% used [0x0000000085200000,0x0000000085216010,0x000000008a500000)
 Metaspace       used 8277K, capacity 8388K, committed 8704K, reserved 1056768K
  class space    used 898K, capacity 944K, committed 1024K, reserved 1048576K

Card table byte_map: [0x00007f66b21d4000,0x00007f66b25ac000] byte_map_base: 0x00007f66b1dab000

Marking Bits: (ParMarkBitMap*) 0x00007f66b4ca9760
 Begin Bits: [0x00007f6678290000, 0x00007f667a148000)
 End Bits:   [0x00007f667a148000, 0x00007f667c000000)

Polling page: 0x00007f66b58f0000

CodeCache: size=245760Kb used=3998Kb max_used=3998Kb free=241761Kb
 bounds [0x00007f669d000000, 0x00007f669d3f0000, 0x00007f66ac000000]
 total_blobs=1215 nmethods=906 adapters=223
 compilation: enabled

Compilation events (10 events):
Event: 1,420 Thread 0x00007f66ac0c6000 nmethod 907 0x00007f669d3da850 code [0x00007f669d3da9a0, 0x00007f669d3daab0]
Event: 1,420 Thread 0x00007f66ac0bf000  908   !   4       java.net.URL::<init> (543 bytes)
Event: 1,421 Thread 0x00007f66ac0c6000  909 %     3       org.objectweb.asm.ClassReader::a @ 20 (194 bytes)
Event: 1,428 Thread 0x00007f66ac0c6000 nmethod 909% 0x00007f669d3de310 code [0x00007f669d3de4c0, 0x00007f669d3de9e8]
Event: 1,433 Thread 0x00007f66ac0c6000  911       3       org.objectweb.asm.ClassReader::a (75 bytes)
Event: 1,437 Thread 0x00007f66ac0c6000 nmethod 911 0x00007f669d3dd850 code [0x00007f669d3dda20, 0x00007f669d3ddfd8]
Event: 1,437 Thread 0x00007f66ac0c6000  912       3       org.objectweb.asm.ClassReader::a (1223 bytes)
Event: 1,504 Thread 0x00007f66ac0c6000 nmethod 912 0x00007f669d3df210 code [0x00007f669d3df900, 0x00007f669d3e3688]
Event: 1,538 Thread 0x00007f66ac0c6000  915       3       java.util.jar.JarInputStream::read (48 bytes)
Event: 1,539 Thread 0x00007f66ac0c6000 nmethod 915 0x00007f669d3dd310 code [0x00007f669d3dd4a0, 0x00007f669d3dd758]

GC Heap History (6 events):
Event: 0,415 GC heap before
{Heap before GC invocations=1 (full 0):
 PSYoungGen      total 36864K, used 31744K [0x00000000d7100000, 0x00000000d9a00000, 0x0000000100000000)
  eden space 31744K, 100% used [0x00000000d7100000,0x00000000d9000000,0x00000000d9000000)
  from space 5120K, 0% used [0x00000000d9500000,0x00000000d9500000,0x00000000d9a00000)
  to   space 5120K, 0% used [0x00000000d9000000,0x00000000d9000000,0x00000000d9500000)
 ParOldGen       total 84992K, used 0K [0x0000000085200000, 0x000000008a500000, 0x00000000d7100000)
  object space 84992K, 0% used [0x0000000085200000,0x0000000085200000,0x000000008a500000)
 Metaspace       used 7124K, capacity 7236K, committed 7552K, reserved 1056768K
  class space    used 798K, capacity 816K, committed 896K, reserved 1048576K
Event: 0,420 GC heap after
Heap after GC invocations=1 (full 0):
 PSYoungGen      total 36864K, used 3013K [0x00000000d7100000, 0x00000000db900000, 0x0000000100000000)
  eden space 31744K, 0% used [0x00000000d7100000,0x00000000d7100000,0x00000000d9000000)
  from space 5120K, 58% used [0x00000000d9000000,0x00000000d92f1778,0x00000000d9500000)
  to   space 5120K, 0% used [0x00000000db400000,0x00000000db400000,0x00000000db900000)
 ParOldGen       total 84992K, used 72K [0x0000000085200000, 0x000000008a500000, 0x00000000d7100000)
  object space 84992K, 0% used [0x0000000085200000,0x0000000085212010,0x000000008a500000)
 Metaspace       used 7124K, capacity 7236K, committed 7552K, reserved 1056768K
  class space    used 798K, capacity 816K, committed 896K, reserved 1048576K
}
Event: 0,503 GC heap before
{Heap before GC invocations=2 (full 0):
 PSYoungGen      total 36864K, used 34757K [0x00000000d7100000, 0x00000000db900000, 0x0000000100000000)
  eden space 31744K, 100% used [0x00000000d7100000,0x00000000d9000000,0x00000000d9000000)
  from space 5120K, 58% used [0x00000000d9000000,0x00000000d92f1778,0x00000000d9500000)
  to   space 5120K, 0% used [0x00000000db400000,0x00000000db400000,0x00000000db900000)
 ParOldGen       total 84992K, used 72K [0x0000000085200000, 0x000000008a500000, 0x00000000d7100000)
  object space 84992K, 0% used [0x0000000085200000,0x0000000085212010,0x000000008a500000)
 Metaspace       used 7156K, capacity 7236K, committed 7552K, reserved 1056768K
  class space    used 798K, capacity 816K, committed 896K, reserved 1048576K
Event: 0,506 GC heap after
Heap after GC invocations=2 (full 0):
 PSYoungGen      total 68608K, used 1536K [0x00000000d7100000, 0x00000000db900000, 0x0000000100000000)
  eden space 63488K, 0% used [0x00000000d7100000,0x00000000d7100000,0x00000000daf00000)
  from space 5120K, 30% used [0x00000000db400000,0x00000000db580030,0x00000000db900000)
  to   space 5120K, 0% used [0x00000000daf00000,0x00000000daf00000,0x00000000db400000)
 ParOldGen       total 84992K, used 80K [0x0000000085200000, 0x000000008a500000, 0x00000000d7100000)
  object space 84992K, 0% used [0x0000000085200000,0x0000000085214010,0x000000008a500000)
 Metaspace       used 7156K, capacity 7236K, committed 7552K, reserved 1056768K
  class space    used 798K, capacity 816K, committed 896K, reserved 1048576K
}
Event: 0,824 GC heap before
{Heap before GC invocations=3 (full 0):
 PSYoungGen      total 68608K, used 65024K [0x00000000d7100000, 0x00000000db900000, 0x0000000100000000)
  eden space 63488K, 100% used [0x00000000d7100000,0x00000000daf00000,0x00000000daf00000)
  from space 5120K, 30% used [0x00000000db400000,0x00000000db580030,0x00000000db900000)
  to   space 5120K, 0% used [0x00000000daf00000,0x00000000daf00000,0x00000000db400000)
 ParOldGen       total 84992K, used 80K [0x0000000085200000, 0x000000008a500000, 0x00000000d7100000)
  object space 84992K, 0% used [0x0000000085200000,0x0000000085214010,0x000000008a500000)
 Metaspace       used 8020K, capacity 8164K, committed 8448K, reserved 1056768K
  class space    used 888K, capacity 912K, committed 1024K, reserved 1048576K
Event: 0,829 GC heap after
Heap after GC invocations=3 (full 0):
 PSYoungGen      total 68608K, used 2652K [0x00000000d7100000, 0x00000000df700000, 0x0000000100000000)
  eden space 63488K, 0% used [0x00000000d7100000,0x00000000d7100000,0x00000000daf00000)
  from space 5120K, 51% used [0x00000000daf00000,0x00000000db1971c0,0x00000000db400000)
  to   space 5120K, 0% used [0x00000000df200000,0x00000000df200000,0x00000000df700000)
 ParOldGen       total 84992K, used 88K [0x0000000085200000, 0x000000008a500000, 0x00000000d7100000)
  object space 84992K, 0% used [0x0000000085200000,0x0000000085216010,0x000000008a500000)
 Metaspace       used 8020K, capacity 8164K, committed 8448K, reserved 1056768K
  class space    used 888K, capacity 912K, committed 1024K, reserved 1048576K
}

Deoptimization events (10 events):
Event: 0,573 Thread 0x00007f66ac009800 Uncommon trap: reason=unstable_if action=reinterpret pc=0x00007f669d23b778 method=java.util.zip.ZipCoder.decoder()Ljava/nio/charset/CharsetDecoder; @ 4
Event: 0,573 Thread 0x00007f66ac009800 Uncommon trap: reason=unstable_if action=reinterpret pc=0x00007f669d2277b8 method=java.util.zip.ZipEntry.setExtra0([BZ)V @ 1
Event: 0,657 Thread 0x00007f66ac009800 Uncommon trap: reason=unstable_if action=reinterpret pc=0x00007f669d221ba8 method=sun.util.calendar.AbstractCalendar.getCalendarDate(JLsun/util/calendar/CalendarDate;)Lsun/util/calendar/CalendarDate; @ 138
Event: 0,657 Thread 0x00007f66ac009800 Uncommon trap: reason=unstable_if action=reinterpret pc=0x00007f669d21a528 method=sun.util.calendar.AbstractCalendar.getCalendarDate(JLsun/util/calendar/CalendarDate;)Lsun/util/calendar/CalendarDate; @ 138
Event: 0,657 Thread 0x00007f66ac009800 Uncommon trap: reason=unstable_if action=reinterpret pc=0x00007f669d24cf30 method=sun.util.calendar.AbstractCalendar.getCalendarDate(JLsun/util/calendar/CalendarDate;)Lsun/util/calendar/CalendarDate; @ 138
Event: 0,658 Thread 0x00007f66ac009800 Uncommon trap: reason=unstable_if action=reinterpret pc=0x00007f669d241098 method=sun.util.calendar.AbstractCalendar.getCalendarDate(JLsun/util/calendar/CalendarDate;)Lsun/util/calendar/CalendarDate; @ 138
Event: 0,658 Thread 0x00007f66ac009800 Uncommon trap: reason=unstable_if action=reinterpret pc=0x00007f669d2504bc method=sun.util.calendar.AbstractCalendar.getCalendarDate(JLsun/util/calendar/CalendarDate;)Lsun/util/calendar/CalendarDate; @ 138
Event: 1,407 Thread 0x00007f66ac1fb800 Uncommon trap: reason=unstable_if action=reinterpret pc=0x00007f669d33d260 method=org.objectweb.asm.ClassReader.a(II[C)Ljava/lang/String; @ 77
Event: 1,421 Thread 0x00007f66ac1fb800 Uncommon trap: reason=unstable_if action=reinterpret pc=0x00007f669d315628 method=org.objectweb.asm.ClassReader.a(II[C)Ljava/lang/String; @ 77
Event: 1,536 Thread 0x00007f66ac200800 Uncommon trap: reason=unstable_if action=reinterpret pc=0x00007f669d331adc method=java.io.PushbackInputStream.read([BII)I @ 122

Internal exceptions (8 events):
Event: 0,033 Thread 0x00007f66ac009800 Exception <a 'java/lang/NoSuchMethodError': Method sun.misc.Unsafe.defineClass(Ljava/lang/String;[BII)Ljava/lang/Class; name or signature does not match> (0x00000000d71126e8) thrown at [/RE-WORK/workspace/8-2-build-linux-amd64/jdk8u45/3457/hotspot/src/sha
Event: 0,033 Thread 0x00007f66ac009800 Exception <a 'java/lang/NoSuchMethodError': Method sun.misc.Unsafe.prefetchRead(Ljava/lang/Object;J)V name or signature does not match> (0x00000000d7112978) thrown at [/RE-WORK/workspace/8-2-build-linux-amd64/jdk8u45/3457/hotspot/src/share/vm/prims/jni.cp
Event: 0,094 Thread 0x00007f66ac009800 Exception <a 'java/security/PrivilegedActionException'> (0x00000000d737cfc8) thrown at [/RE-WORK/workspace/8-2-build-linux-amd64/jdk8u45/3457/hotspot/src/share/vm/prims/jvm.cpp, line 1382]
Event: 0,094 Thread 0x00007f66ac009800 Exception <a 'java/security/PrivilegedActionException'> (0x00000000d737d180) thrown at [/RE-WORK/workspace/8-2-build-linux-amd64/jdk8u45/3457/hotspot/src/share/vm/prims/jvm.cpp, line 1382]
Event: 0,094 Thread 0x00007f66ac009800 Exception <a 'java/security/PrivilegedActionException'> (0x00000000d737f5c8) thrown at [/RE-WORK/workspace/8-2-build-linux-amd64/jdk8u45/3457/hotspot/src/share/vm/prims/jvm.cpp, line 1382]
Event: 0,094 Thread 0x00007f66ac009800 Exception <a 'java/security/PrivilegedActionException'> (0x00000000d737f780) thrown at [/RE-WORK/workspace/8-2-build-linux-amd64/jdk8u45/3457/hotspot/src/share/vm/prims/jvm.cpp, line 1382]
Event: 0,102 Thread 0x00007f66ac009800 Exception <a 'java/lang/NoClassDefFoundError': org/slf4j/Logger> (0x00000000d738c1f0) thrown at [/RE-WORK/workspace/8-2-build-linux-amd64/jdk8u45/3457/hotspot/src/share/vm/classfile/systemDictionary.cpp, line 199]
Event: 0,728 Thread 0x00007f66ac009800 Exception <a 'java/io/FileNotFoundException'> (0x00000000daa145c0) thrown at [/RE-WORK/workspace/8-2-build-linux-amd64/jdk8u45/3457/hotspot/src/share/vm/prims/jni.cpp, line 709]

Events (10 events):
Event: 1,407 Thread 0x00007f66ac1fb800 DEOPT PACKING pc=0x00007f669d33d260 sp=0x00007f6676b3bcf0
Event: 1,407 Thread 0x00007f66ac1fb800 DEOPT UNPACKING pc=0x00007f669d005229 sp=0x00007f6676b3bc18 mode 2
Event: 1,421 Thread 0x00007f66ac1fb800 Uncommon trap: trap_request=0xffffff65 fr.pc=0x00007f669d315628
Event: 1,421 Thread 0x00007f66ac1fb800 DEOPT PACKING pc=0x00007f669d315628 sp=0x00007f6676b3bc80
Event: 1,422 Thread 0x00007f66ac1fb800 DEOPT UNPACKING pc=0x00007f669d005229 sp=0x00007f6676b3bc10 mode 2
Event: 1,482 loading class java/net/Proxy
Event: 1,483 loading class java/net/Proxy done
Event: 1,536 Thread 0x00007f66ac200800 Uncommon trap: trap_request=0xffffff65 fr.pc=0x00007f669d331adc
Event: 1,536 Thread 0x00007f66ac200800 DEOPT PACKING pc=0x00007f669d331adc sp=0x00007f6676839380
Event: 1,538 Thread 0x00007f66ac200800 DEOPT UNPACKING pc=0x00007f669d005229 sp=0x00007f66768391d0 mode 2


Dynamic libraries:
00400000-00401000 r-xp 00000000 08:01 16386253                           /usr/lib/jvm/java-8-oracle/jre/bin/java
00600000-00601000 rw-p 00000000 08:01 16386253                           /usr/lib/jvm/java-8-oracle/jre/bin/java
00e85000-00ea6000 rw-p 00000000 00:00 0                                  [heap]
85200000-8a500000 rw-p 00000000 00:00 0 
8a500000-d7100000 ---p 00000000 00:00 0 
d7100000-df700000 rw-p 00000000 00:00 0 
df700000-100000000 ---p 00000000 00:00 0 
100000000-100100000 rw-p 00000000 00:00 0 
100100000-140000000 ---p 00000000 00:00 0 
7f6620000000-7f6620dcd000 rw-p 00000000 00:00 0 
7f6620dcd000-7f6624000000 ---p 00000000 00:00 0 
7f6628000000-7f6628c0c000 rw-p 00000000 00:00 0 
7f6628c0c000-7f662c000000 ---p 00000000 00:00 0 
7f662c000000-7f662caac000 rw-p 00000000 00:00 0 
7f662caac000-7f6630000000 ---p 00000000 00:00 0 
7f6630000000-7f6630880000 rw-p 00000000 00:00 0 
7f6630880000-7f6634000000 ---p 00000000 00:00 0 
7f6634000000-7f6634e1b000 rw-p 00000000 00:00 0 
7f6634e1b000-7f6638000000 ---p 00000000 00:00 0 
7f6638000000-7f663846a000 rw-p 00000000 00:00 0 
7f663846a000-7f663c000000 ---p 00000000 00:00 0 
7f663c000000-7f663ca66000 rw-p 00000000 00:00 0 
7f663ca66000-7f6640000000 ---p 00000000 00:00 0 
7f663ca68000-7f6640000000 ---p 00000000 00:00 0 
7f663ca70000-7f6640000000 ---p 00000000 00:00 0 
7f6640000000-7f6640483000 rw-p 00000000 00:00 0 
7f6640483000-7f6644000000 ---p 00000000 00:00 0 
7f6644000000-7f6644661000 rw-p 00000000 00:00 0 
7f6644661000-7f6648000000 ---p 00000000 00:00 0 
7f6648000000-7f6648021000 rw-p 00000000 00:00 0 
7f6648021000-7f664c000000 ---p 00000000 00:00 0 
7f664c000000-7f664c930000 rw-p 00000000 00:00 0 
7f664c932000-7f6650000000 ---p 00000000 00:00 0 
7f6650000000-7f66503fe000 rw-p 00000000 00:00 0 
7f66503fe000-7f6654000000 ---p 00000000 00:00 0 
7f6654000000-7f6654021000 rw-p 00000000 00:00 0 
7f6654021000-7f6658000000 ---p 00000000 00:00 0 
7f6658000000-7f66587b6000 rw-p 00000000 00:00 0 
7f66587b6000-7f665c000000 ---p 00000000 00:00 0 
7f66587be000-7f665c000000 ---p 00000000 00:00 0 
7f665c000000-7f665c7e6000 rw-p 00000000 00:00 0 
7f665c7e6000-7f6660000000 ---p 00000000 00:00 0 
7f6660000000-7f6660021000 rw-p 00000000 00:00 0 
7f6660021000-7f6664000000 ---p 00000000 00:00 0 
7f6664000000-7f6664735000 rw-p 00000000 00:00 0 
7f6664735000-7f6668000000 ---p 00000000 00:00 0 
7f666473d000-7f6668000000 ---p 00000000 00:00 0 
7f6668000000-7f6668021000 rw-p 00000000 00:00 0 
7f6668021000-7f666c000000 ---p 00000000 00:00 0 
7f666c000000-7f666c021000 rw-p 00000000 00:00 0 
7f666c021000-7f6670000000 ---p 00000000 00:00 0 
7f6670000000-7f6670021000 rw-p 00000000 00:00 0 
7f6670021000-7f6674000000 ---p 00000000 00:00 0 
7f6676097000-7f6676242000 rw-p 00000000 00:00 0 
7f6676242000-7f6676245000 ---p 00000000 00:00 0 
7f6676245000-7f6676343000 rw-p 00000000 00:00 0                          [stack:31892]
7f6676343000-7f6676346000 ---p 00000000 00:00 0 
7f6676346000-7f6676444000 rw-p 00000000 00:00 0                          [stack:31891]
7f6676444000-7f6676447000 ---p 00000000 00:00 0 
7f6676447000-7f6676545000 rw-p 00000000 00:00 0                          [stack:31890]
7f6676545000-7f6676579000 r--s 00200000 00:19 16258850                   /home/kenny/dev/jprelude/experimental/jprelude-webui/target/webapp/WEB-INF/lib/guava-16.0.1.vaadin1.jar
7f6676579000-7f66765a7000 r--s 002f6000 00:19 16258844                   /home/kenny/dev/jprelude/experimental/jprelude-webui/target/webapp/WEB-INF/lib/vaadin-server-7.4.5.jar
7f66765a7000-7f66765e0000 r--s 00206000 00:19 16258848                   /home/kenny/dev/jprelude/experimental/jprelude-webui/target/webapp/WEB-INF/lib/vaadin-shared-7.4.5.jar
7f66765e0000-7f6676639000 r--s 004f6000 00:19 16258843                   /home/kenny/dev/jprelude/experimental/jprelude-webui/target/webapp/WEB-INF/lib/scala-library-2.11.6.jar
7f6676639000-7f667663c000 ---p 00000000 00:00 0 
7f667663c000-7f667673a000 rw-p 00000000 00:00 0                          [stack:31878]
7f667673a000-7f667673d000 ---p 00000000 00:00 0 
7f667673d000-7f667683b000 rw-p 00000000 00:00 0                          [stack:31877]
7f667683b000-7f667683e000 ---p 00000000 00:00 0 
7f667683e000-7f667693c000 rw-p 00000000 00:00 0 
7f667693c000-7f667693f000 ---p 00000000 00:00 0 
7f667693f000-7f6676a3d000 rw-p 00000000 00:00 0                          [stack:31875]
7f6676a3d000-7f6676a40000 ---p 00000000 00:00 0 
7f6676a40000-7f6676b3e000 rw-p 00000000 00:00 0                          [stack:31874]
7f6676b3e000-7f6676b41000 ---p 00000000 00:00 0 
7f6676b41000-7f6676c3f000 rw-p 00000000 00:00 0                          [stack:31873]
7f6676c3f000-7f6676c42000 ---p 00000000 00:00 0 
7f6676c42000-7f6676d40000 rw-p 00000000 00:00 0                          [stack:31872]
7f6676d40000-7f6676d43000 ---p 00000000 00:00 0 
7f6676d43000-7f6676e41000 rw-p 00000000 00:00 0                          [stack:31871]
7f6676e41000-7f6676e49000 r-xp 00000000 08:01 16515139                   /usr/lib/jvm/java-8-oracle/jre/lib/amd64/libmanagement.so
7f6676e49000-7f6677049000 ---p 00008000 08:01 16515139                   /usr/lib/jvm/java-8-oracle/jre/lib/amd64/libmanagement.so
7f6677049000-7f667704a000 rw-p 00008000 08:01 16515139                   /usr/lib/jvm/java-8-oracle/jre/lib/amd64/libmanagement.so
7f667704a000-7f667704b000 ---p 00000000 00:00 0 
7f667704b000-7f667714b000 rw-p 00000000 00:00 0                          [stack:31870]
7f667714b000-7f667714e000 ---p 00000000 00:00 0 
7f667714e000-7f667724c000 rw-p 00000000 00:00 0                          [stack:31869]
7f667724c000-7f667724f000 ---p 00000000 00:00 0 
7f667724f000-7f667734d000 rw-p 00000000 00:00 0                          [stack:31868]
7f667734d000-7f6677350000 ---p 00000000 00:00 0 
7f6677350000-7f667744e000 rw-p 00000000 00:00 0                          [stack:31867]
7f667744e000-7f6677451000 ---p 00000000 00:00 0 
7f6677451000-7f667754f000 rw-p 00000000 00:00 0                          [stack:31866]
7f667754f000-7f6677552000 ---p 00000000 00:00 0 
7f6677552000-7f6677650000 rw-p 00000000 00:00 0                          [stack:31865]
7f6677650000-7f6677653000 ---p 00000000 00:00 0 
7f6677653000-7f6677751000 rw-p 00000000 00:00 0                          [stack:31864]
7f6677751000-7f6677b89000 r--p 00000000 08:01 12327061                   /usr/lib/locale/locale-archive
7f6677b89000-7f6677b8c000 ---p 00000000 00:00 0 
7f6677b8c000-7f6677c8a000 rw-p 00000000 00:00 0                          [stack:31863]
7f6677c8a000-7f6677c8d000 ---p 00000000 00:00 0 
7f6677c8d000-7f6677d8b000 rw-p 00000000 00:00 0                          [stack:31862]
7f6677d8b000-7f6677d8c000 ---p 00000000 00:00 0 
7f6677d8c000-7f667c000000 rw-p 00000000 00:00 0                          [stack:31861]
7f667c000000-7f667c021000 rw-p 00000000 00:00 0 
7f667c021000-7f6680000000 ---p 00000000 00:00 0 
7f6680000000-7f6680021000 rw-p 00000000 00:00 0 
7f6680021000-7f6684000000 ---p 00000000 00:00 0 
7f6684000000-7f6684021000 rw-p 00000000 00:00 0 
7f6684021000-7f6688000000 ---p 00000000 00:00 0 
7f6688000000-7f6688021000 rw-p 00000000 00:00 0 
7f6688021000-7f668c000000 ---p 00000000 00:00 0 
7f668c000000-7f668c021000 rw-p 00000000 00:00 0 
7f668c021000-7f6690000000 ---p 00000000 00:00 0 
7f6690000000-7f6690021000 rw-p 00000000 00:00 0 
7f6690021000-7f6694000000 ---p 00000000 00:00 0 
7f6694000000-7f6694021000 rw-p 00000000 00:00 0 
7f6694021000-7f6698000000 ---p 00000000 00:00 0 
7f6698000000-7f6698021000 rw-p 00000000 00:00 0 
7f6698021000-7f669c000000 ---p 00000000 00:00 0 
7f669c007000-7f669c009000 rw-p 00000000 00:00 0 
7f669c009000-7f669c00f000 r--s 00044000 00:19 16258851                   /home/kenny/dev/jprelude/experimental/jprelude-webui/target/webapp/WEB-INF/lib/jsoup-1.8.1.jar
7f669c00f000-7f669c013000 r--s 00025000 00:19 16258842                   /home/kenny/dev/jprelude/experimental/jprelude-webui/target/webapp/WEB-INF/lib/jprelude-webui_2.11-0.1.jar
7f669c013000-7f669c025000 r--s 000a3000 00:19 16258855                   /home/kenny/dev/jprelude/experimental/jprelude-webui/target/webapp/WEB-INF/lib/rxjava-1.0.8.jar
7f669c025000-7f669c02d000 r--s 00053000 00:19 16258854                   /home/kenny/dev/jprelude/experimental/jprelude-webui/target/webapp/WEB-INF/lib/rxscala_2.11-0.24.1.jar
7f669c02d000-7f669c04c000 r--s 006f3000 00:19 16258853                   /home/kenny/dev/jprelude/experimental/jprelude-webui/target/webapp/WEB-INF/lib/vaadin-themes-7.4.5.jar
7f669c04c000-7f669c08e000 r--s 004bc000 00:19 11538222                   /home/kenny/.ivy2/cache/org.eclipse.jetty/jetty-runner/jars/jetty-runner-9.2.1.v20140609.jar
7f669c08e000-7f669d000000 rw-p 00000000 00:00 0 
7f669d000000-7f669d3f0000 rwxp 00000000 00:00 0 
7f669d3f0000-7f66ac000000 ---p 00000000 00:00 0 
7f66ac000000-7f66ac3cd000 rw-p 00000000 00:00 0 
7f66ac3cd000-7f66b0000000 ---p 00000000 00:00 0 
7f66b0000000-7f66b0002000 r--s 00012000 00:19 16258847                   /home/kenny/dev/jprelude/experimental/jprelude-webui/target/webapp/WEB-INF/lib/flute-1.3.0.gg2.jar
7f66b0002000-7f66b000b000 r--s 00079000 00:19 16258845                   /home/kenny/dev/jprelude/experimental/jprelude-webui/target/webapp/WEB-INF/lib/vaadin-sass-compiler-0.9.12.jar
7f66b000b000-7f66b000d000 r--s 00079000 00:19 16258852                   /home/kenny/dev/jprelude/experimental/jprelude-webui/target/webapp/WEB-INF/lib/vaadin-client-compiled-7.4.5.jar
7f66b000d000-7f66b000f000 r--s 00008000 00:19 16258849                   /home/kenny/dev/jprelude/experimental/jprelude-webui/target/webapp/WEB-INF/lib/streamhtmlparser-jsilver-0.0.10.vaadin1.jar
7f66b000f000-7f66b001a000 r--s 00116000 08:01 16386276                   /usr/lib/jvm/java-8-oracle/jre/lib/ext/localedata.jar
7f66b001a000-7f66b0916000 rw-p 00000000 00:00 0 
7f66b0916000-7f66b0aef000 r--s 03d09000 08:01 16386470                   /usr/lib/jvm/java-8-oracle/jre/lib/rt.jar
7f66b0aef000-7f66b12e5000 rw-p 00000000 00:00 0 
7f66b12e5000-7f66b1365000 ---p 00000000 00:00 0 
7f66b1365000-7f66b173c000 rw-p 00000000 00:00 0 
7f66b173c000-7f66b173d000 ---p 00000000 00:00 0 
7f66b173d000-7f66b183d000 rw-p 00000000 00:00 0                          [stack:31855]
7f66b183d000-7f66b183e000 ---p 00000000 00:00 0 
7f66b183e000-7f66b193e000 rw-p 00000000 00:00 0                          [stack:31854]
7f66b193e000-7f66b193f000 ---p 00000000 00:00 0 
7f66b193f000-7f66b1a3f000 rw-p 00000000 00:00 0                          [stack:31853]
7f66b1a3f000-7f66b1a40000 ---p 00000000 00:00 0 
7f66b1a40000-7f66b1b40000 rw-p 00000000 00:00 0                          [stack:31852]
7f66b1b40000-7f66b1b41000 ---p 00000000 00:00 0 
7f66b1b41000-7f66b1c41000 rw-p 00000000 00:00 0                          [stack:31851]
7f66b1c41000-7f66b1c42000 ---p 00000000 00:00 0 
7f66b1c42000-7f66b1d42000 rw-p 00000000 00:00 0                          [stack:31850]
7f66b1d42000-7f66b1d43000 ---p 00000000 00:00 0 
7f66b1d43000-7f66b1e43000 rw-p 00000000 00:00 0                          [stack:31849]
7f66b1e43000-7f66b1e44000 ---p 00000000 00:00 0 
7f66b1e44000-7f66b1f6e000 rw-p 00000000 00:00 0                          [stack:31848]
7f66b1f6e000-7f66b21d4000 ---p 00000000 00:00 0 
7f66b21d4000-7f66b21fe000 rw-p 00000000 00:00 0 
7f66b21fe000-7f66b2463000 ---p 00000000 00:00 0 
7f66b2463000-7f66b24a7000 rw-p 00000000 00:00 0 
7f66b24a7000-7f66b25ab000 ---p 00000000 00:00 0 
7f66b25ab000-7f66b25bc000 rw-p 00000000 00:00 0 
7f66b25bc000-7f66b296c000 ---p 00000000 00:00 0 
7f66b296c000-7f66b2986000 r-xp 00000000 08:01 16515133                   /usr/lib/jvm/java-8-oracle/jre/lib/amd64/libzip.so
7f66b2986000-7f66b2b86000 ---p 0001a000 08:01 16515133                   /usr/lib/jvm/java-8-oracle/jre/lib/amd64/libzip.so
7f66b2b86000-7f66b2b87000 rw-p 0001a000 08:01 16515133                   /usr/lib/jvm/java-8-oracle/jre/lib/amd64/libzip.so
7f66b2b87000-7f66b2b92000 r-xp 00000000 08:01 17695710                   /lib/x86_64-linux-gnu/libnss_files-2.19.so
7f66b2b92000-7f66b2d91000 ---p 0000b000 08:01 17695710                   /lib/x86_64-linux-gnu/libnss_files-2.19.so
7f66b2d91000-7f66b2d92000 r--p 0000a000 08:01 17695710                   /lib/x86_64-linux-gnu/libnss_files-2.19.so
7f66b2d92000-7f66b2d93000 rw-p 0000b000 08:01 17695710                   /lib/x86_64-linux-gnu/libnss_files-2.19.so
7f66b2d93000-7f66b2d9e000 r-xp 00000000 08:01 17695774                   /lib/x86_64-linux-gnu/libnss_nis-2.19.so
7f66b2d9e000-7f66b2f9d000 ---p 0000b000 08:01 17695774                   /lib/x86_64-linux-gnu/libnss_nis-2.19.so
7f66b2f9d000-7f66b2f9e000 r--p 0000a000 08:01 17695774                   /lib/x86_64-linux-gnu/libnss_nis-2.19.so
7f66b2f9e000-7f66b2f9f000 rw-p 0000b000 08:01 17695774                   /lib/x86_64-linux-gnu/libnss_nis-2.19.so
7f66b2f9f000-7f66b2fb6000 r-xp 00000000 08:01 17695732                   /lib/x86_64-linux-gnu/libnsl-2.19.so
7f66b2fb6000-7f66b31b5000 ---p 00017000 08:01 17695732                   /lib/x86_64-linux-gnu/libnsl-2.19.so
7f66b31b5000-7f66b31b6000 r--p 00016000 08:01 17695732                   /lib/x86_64-linux-gnu/libnsl-2.19.so
7f66b31b6000-7f66b31b7000 rw-p 00017000 08:01 17695732                   /lib/x86_64-linux-gnu/libnsl-2.19.so
7f66b31b7000-7f66b31b9000 rw-p 00000000 00:00 0 
7f66b31b9000-7f66b31c2000 r-xp 00000000 08:01 17695731                   /lib/x86_64-linux-gnu/libnss_compat-2.19.so
7f66b31c2000-7f66b33c1000 ---p 00009000 08:01 17695731                   /lib/x86_64-linux-gnu/libnss_compat-2.19.so
7f66b33c1000-7f66b33c2000 r--p 00008000 08:01 17695731                   /lib/x86_64-linux-gnu/libnss_compat-2.19.so
7f66b33c2000-7f66b33c3000 rw-p 00009000 08:01 17695731                   /lib/x86_64-linux-gnu/libnss_compat-2.19.so
7f66b33c3000-7f66b33ed000 r-xp 00000000 08:01 16515175                   /usr/lib/jvm/java-8-oracle/jre/lib/amd64/libjava.so
7f66b33ed000-7f66b35ed000 ---p 0002a000 08:01 16515175                   /usr/lib/jvm/java-8-oracle/jre/lib/amd64/libjava.so
7f66b35ed000-7f66b35ef000 rw-p 0002a000 08:01 16515175                   /usr/lib/jvm/java-8-oracle/jre/lib/amd64/libjava.so
7f66b35ef000-7f66b35fc000 r-xp 00000000 08:01 16515201                   /usr/lib/jvm/java-8-oracle/jre/lib/amd64/libverify.so
7f66b35fc000-7f66b37fc000 ---p 0000d000 08:01 16515201                   /usr/lib/jvm/java-8-oracle/jre/lib/amd64/libverify.so
7f66b37fc000-7f66b37fe000 rw-p 0000d000 08:01 16515201                   /usr/lib/jvm/java-8-oracle/jre/lib/amd64/libverify.so
7f66b37fe000-7f66b3805000 r-xp 00000000 08:01 17695771                   /lib/x86_64-linux-gnu/librt-2.19.so
7f66b3805000-7f66b3a04000 ---p 00007000 08:01 17695771                   /lib/x86_64-linux-gnu/librt-2.19.so
7f66b3a04000-7f66b3a05000 r--p 00006000 08:01 17695771                   /lib/x86_64-linux-gnu/librt-2.19.so
7f66b3a05000-7f66b3a06000 rw-p 00007000 08:01 17695771                   /lib/x86_64-linux-gnu/librt-2.19.so
7f66b3a06000-7f66b3b0b000 r-xp 00000000 08:01 17695709                   /lib/x86_64-linux-gnu/libm-2.19.so
7f66b3b0b000-7f66b3d0a000 ---p 00105000 08:01 17695709                   /lib/x86_64-linux-gnu/libm-2.19.so
7f66b3d0a000-7f66b3d0b000 r--p 00104000 08:01 17695709                   /lib/x86_64-linux-gnu/libm-2.19.so
7f66b3d0b000-7f66b3d0c000 rw-p 00105000 08:01 17695709                   /lib/x86_64-linux-gnu/libm-2.19.so
7f66b3d0c000-7f66b49ba000 r-xp 00000000 08:01 16515183                   /usr/lib/jvm/java-8-oracle/jre/lib/amd64/server/libjvm.so
7f66b49ba000-7f66b4bb9000 ---p 00cae000 08:01 16515183                   /usr/lib/jvm/java-8-oracle/jre/lib/amd64/server/libjvm.so
7f66b4bb9000-7f66b4c90000 rw-p 00cad000 08:01 16515183                   /usr/lib/jvm/java-8-oracle/jre/lib/amd64/server/libjvm.so
7f66b4c90000-7f66b4cd4000 rw-p 00000000 00:00 0 
7f66b4cd4000-7f66b4e8f000 r-xp 00000000 08:01 17695760                   /lib/x86_64-linux-gnu/libc-2.19.so
7f66b4e8f000-7f66b508e000 ---p 001bb000 08:01 17695760                   /lib/x86_64-linux-gnu/libc-2.19.so
7f66b508e000-7f66b5092000 r--p 001ba000 08:01 17695760                   /lib/x86_64-linux-gnu/libc-2.19.so
7f66b5092000-7f66b5094000 rw-p 001be000 08:01 17695760                   /lib/x86_64-linux-gnu/libc-2.19.so
7f66b5094000-7f66b5099000 rw-p 00000000 00:00 0 
7f66b5099000-7f66b509c000 r-xp 00000000 08:01 17695713                   /lib/x86_64-linux-gnu/libdl-2.19.so
7f66b509c000-7f66b529b000 ---p 00003000 08:01 17695713                   /lib/x86_64-linux-gnu/libdl-2.19.so
7f66b529b000-7f66b529c000 r--p 00002000 08:01 17695713                   /lib/x86_64-linux-gnu/libdl-2.19.so
7f66b529c000-7f66b529d000 rw-p 00003000 08:01 17695713                   /lib/x86_64-linux-gnu/libdl-2.19.so
7f66b529d000-7f66b52b2000 r-xp 00000000 08:01 16515172                   /usr/lib/jvm/java-8-oracle/jre/lib/amd64/jli/libjli.so
7f66b52b2000-7f66b54b2000 ---p 00015000 08:01 16515172                   /usr/lib/jvm/java-8-oracle/jre/lib/amd64/jli/libjli.so
7f66b54b2000-7f66b54b3000 rw-p 00015000 08:01 16515172                   /usr/lib/jvm/java-8-oracle/jre/lib/amd64/jli/libjli.so
7f66b54b3000-7f66b54cc000 r-xp 00000000 08:01 17695761                   /lib/x86_64-linux-gnu/libpthread-2.19.so
7f66b54cc000-7f66b56cb000 ---p 00019000 08:01 17695761                   /lib/x86_64-linux-gnu/libpthread-2.19.so
7f66b56cb000-7f66b56cc000 r--p 00018000 08:01 17695761                   /lib/x86_64-linux-gnu/libpthread-2.19.so
7f66b56cc000-7f66b56cd000 rw-p 00019000 08:01 17695761                   /lib/x86_64-linux-gnu/libpthread-2.19.so
7f66b56cd000-7f66b56d1000 rw-p 00000000 00:00 0 
7f66b56d1000-7f66b56f4000 r-xp 00000000 08:01 17695736                   /lib/x86_64-linux-gnu/ld-2.19.so
7f66b56f4000-7f66b56f5000 rw-p 00000000 00:00 0 
7f66b56f5000-7f66b56fa000 r--s 00094000 08:01 16386459                   /usr/lib/jvm/java-8-oracle/jre/lib/jsse.jar
7f66b56fa000-7f66b57c5000 rw-p 00000000 00:00 0 
7f66b57c5000-7f66b57c8000 ---p 00000000 00:00 0 
7f66b57c8000-7f66b58ca000 rw-p 00000000 00:00 0                          [stack:31847]
7f66b58ca000-7f66b58cb000 r--s 00003000 00:19 16258846                   /home/kenny/dev/jprelude/experimental/jprelude-webui/target/webapp/WEB-INF/lib/sac-1.3.jar
7f66b58cb000-7f66b58e7000 r--s 00393000 08:01 16386274                   /usr/lib/jvm/java-8-oracle/jre/lib/ext/cldrdata.jar
7f66b58e7000-7f66b58ef000 rw-s 00000000 08:01 20578349                   /tmp/hsperfdata_kenny/31843
7f66b58ef000-7f66b58f0000 rw-p 00000000 00:00 0 
7f66b58f0000-7f66b58f1000 r--p 00000000 00:00 0 
7f66b58f1000-7f66b58f3000 rw-p 00000000 00:00 0 
7f66b58f3000-7f66b58f4000 r--p 00022000 08:01 17695736                   /lib/x86_64-linux-gnu/ld-2.19.so
7f66b58f4000-7f66b58f5000 rw-p 00023000 08:01 17695736                   /lib/x86_64-linux-gnu/ld-2.19.so
7f66b58f5000-7f66b58f6000 rw-p 00000000 00:00 0 
7fff1ff90000-7fff1ffb1000 rw-p 00000000 00:00 0                          [stack]
7fff1fffe000-7fff20000000 r-xp 00000000 00:00 0                          [vdso]
ffffffffff600000-ffffffffff601000 r-xp 00000000 00:00 0                  [vsyscall]

VM Arguments:
java_command: org.eclipse.jetty.runner.Runner --port 8081 /home/kenny/dev/jprelude/experimental/jprelude-webui/target/webapp
java_class_path (initial): /home/kenny/.ivy2/cache/org.eclipse.jetty/jetty-runner/jars/jetty-runner-9.2.1.v20140609.jar
Launcher Type: SUN_STANDARD

Environment Variables:
PATH=/home/kenny/bin:/home/kenny/bin:/usr/local/sbin:/usr/local/bin:/usr/sbin:/usr/bin:/sbin:/bin:/usr/games:/usr/local/games
USERNAME=kenny
LD_LIBRARY_PATH=/home/kenny/bin/idea-IC-141.713.2/bin:
SHELL=/bin/bash
DISPLAY=:0.0

Signal Handlers:
SIGSEGV: [libjvm.so+0xaad1e0], sa_mask[0]=11111111011111111101111111111110, sa_flags=SA_RESTART|SA_SIGINFO
SIGBUS: [libjvm.so+0xaad1e0], sa_mask[0]=11111111011111111101111111111110, sa_flags=SA_RESTART|SA_SIGINFO
SIGFPE: [libjvm.so+0x90b450], sa_mask[0]=11111111011111111101111111111110, sa_flags=SA_RESTART|SA_SIGINFO
SIGPIPE: [libjvm.so+0x90b450], sa_mask[0]=11111111011111111101111111111110, sa_flags=SA_RESTART|SA_SIGINFO
SIGXFSZ: [libjvm.so+0x90b450], sa_mask[0]=11111111011111111101111111111110, sa_flags=SA_RESTART|SA_SIGINFO
SIGILL: [libjvm.so+0x90b450], sa_mask[0]=11111111011111111101111111111110, sa_flags=SA_RESTART|SA_SIGINFO
SIGUSR1: SIG_DFL, sa_mask[0]=00000000000000000000000000000000, sa_flags=none
SIGUSR2: [libjvm.so+0x90ca90], sa_mask[0]=00100000000000000000000000000000, sa_flags=SA_RESTART|SA_SIGINFO
SIGHUP: [libjvm.so+0x90dde0], sa_mask[0]=11111111011111111101111111111110, sa_flags=SA_RESTART|SA_SIGINFO
SIGINT: [libjvm.so+0x90dde0], sa_mask[0]=11111111011111111101111111111110, sa_flags=SA_RESTART|SA_SIGINFO
SIGTERM: [libjvm.so+0x90dde0], sa_mask[0]=11111111011111111101111111111110, sa_flags=SA_RESTART|SA_SIGINFO
SIGQUIT: [libjvm.so+0x90dde0], sa_mask[0]=11111111011111111101111111111110, sa_flags=SA_RESTART|SA_SIGINFO


---------------  S Y S T E M  ---------------

OS:DISTRIB_ID=LinuxMint
DISTRIB_RELEASE=17.1
DISTRIB_CODENAME=rebecca
DISTRIB_DESCRIPTION="Linux Mint 17.1 Rebecca"

uname:Linux 3.13.0-37-generic #64-Ubuntu SMP Mon Sep 22 21:28:38 UTC 2014 x86_64
libc:glibc 2.19 NPTL 2.19 
rlimit: STACK 8192k, CORE 0k, NPROC 62640, NOFILE 4096, AS infinity
load average:1,35 0,93 0,77

/proc/meminfo:
MemTotal:        8049056 kB
MemFree:          515048 kB
Buffers:           13040 kB
Cached:          1187144 kB
SwapCached:            0 kB
Active:          6346020 kB
Inactive:         774720 kB
Active(anon):    5941104 kB
Inactive(anon):   405500 kB
Active(file):     404916 kB
Inactive(file):   369220 kB
Unevictable:           0 kB
Mlocked:               0 kB
SwapTotal:             0 kB
SwapFree:              0 kB
Dirty:             34448 kB
Writeback:             0 kB
AnonPages:       5924560 kB
Mapped:           371440 kB
Shmem:            426168 kB
Slab:             138688 kB
SReclaimable:      68968 kB
SUnreclaim:        69720 kB
KernelStack:        7528 kB
PageTables:        77472 kB
NFS_Unstable:          0 kB
Bounce:                0 kB
WritebackTmp:          0 kB
CommitLimit:     4024528 kB
Committed_AS:   12573688 kB
VmallocTotal:   34359738367 kB
VmallocUsed:      567280 kB
VmallocChunk:   34359156824 kB
HardwareCorrupted:     0 kB
AnonHugePages:   1925120 kB
HugePages_Total:       0
HugePages_Free:        0
HugePages_Rsvd:        0
HugePages_Surp:        0
Hugepagesize:       2048 kB
DirectMap4k:       89852 kB
DirectMap2M:     8171520 kB


CPU:total 8 (4 cores per cpu, 2 threads per core) family 6 model 58 stepping 9, cmov, cx8, fxsr, mmx, sse, sse2, sse3, ssse3, sse4.1, sse4.2, popcnt, avx, aes, clmul, erms, ht, tsc, tscinvbit, tscinv

/proc/cpuinfo:
processor	: 0
vendor_id	: GenuineIntel
cpu family	: 6
model		: 58
model name	: Intel(R) Core(TM) i7-3612QM CPU @ 2.10GHz
stepping	: 9
microcode	: 0x15
cpu MHz		: 2101.000
cache size	: 6144 KB
physical id	: 0
siblings	: 8
core id		: 0
cpu cores	: 4
apicid		: 0
initial apicid	: 0
fpu		: yes
fpu_exception	: yes
cpuid level	: 13
wp		: yes
flags		: fpu vme de pse tsc msr pae mce cx8 apic sep mtrr pge mca cmov pat pse36 clflush dts acpi mmx fxsr sse sse2 ss ht tm pbe syscall nx rdtscp lm constant_tsc arch_perfmon pebs bts rep_good nopl xtopology nonstop_tsc aperfmperf eagerfpu pni pclmulqdq dtes64 monitor ds_cpl vmx est tm2 ssse3 cx16 xtpr pdcm pcid sse4_1 sse4_2 x2apic popcnt tsc_deadline_timer aes xsave avx f16c rdrand lahf_lm ida arat epb xsaveopt pln pts dtherm tpr_shadow vnmi flexpriority ept vpid fsgsbase smep erms
bogomips	: 4190.22
clflush size	: 64
cache_alignment	: 64
address sizes	: 36 bits physical, 48 bits virtual
power management:

processor	: 1
vendor_id	: GenuineIntel
cpu family	: 6
model		: 58
model name	: Intel(R) Core(TM) i7-3612QM CPU @ 2.10GHz
stepping	: 9
microcode	: 0x15
cpu MHz		: 1200.000
cache size	: 6144 KB
physical id	: 0
siblings	: 8
core id		: 0
cpu cores	: 4
apicid		: 1
initial apicid	: 1
fpu		: yes
fpu_exception	: yes
cpuid level	: 13
wp		: yes
flags		: fpu vme de pse tsc msr pae mce cx8 apic sep mtrr pge mca cmov pat pse36 clflush dts acpi mmx fxsr sse sse2 ss ht tm pbe syscall nx rdtscp lm constant_tsc arch_perfmon pebs bts rep_good nopl xtopology nonstop_tsc aperfmperf eagerfpu pni pclmulqdq dtes64 monitor ds_cpl vmx est tm2 ssse3 cx16 xtpr pdcm pcid sse4_1 sse4_2 x2apic popcnt tsc_deadline_timer aes xsave avx f16c rdrand lahf_lm ida arat epb xsaveopt pln pts dtherm tpr_shadow vnmi flexpriority ept vpid fsgsbase smep erms
bogomips	: 4190.22
clflush size	: 64
cache_alignment	: 64
address sizes	: 36 bits physical, 48 bits virtual
power management:

processor	: 2
vendor_id	: GenuineIntel
cpu family	: 6
model		: 58
model name	: Intel(R) Core(TM) i7-3612QM CPU @ 2.10GHz
stepping	: 9
microcode	: 0x15
cpu MHz		: 2101.000
cache size	: 6144 KB
physical id	: 0
siblings	: 8
core id		: 1
cpu cores	: 4
apicid		: 2
initial apicid	: 2
fpu		: yes
fpu_exception	: yes
cpuid level	: 13
wp		: yes
flags		: fpu vme de pse tsc msr pae mce cx8 apic sep mtrr pge mca cmov pat pse36 clflush dts acpi mmx fxsr sse sse2 ss ht tm pbe syscall nx rdtscp lm constant_tsc arch_perfmon pebs bts rep_good nopl xtopology nonstop_tsc aperfmperf eagerfpu pni pclmulqdq dtes64 monitor ds_cpl vmx est tm2 ssse3 cx16 xtpr pdcm pcid sse4_1 sse4_2 x2apic popcnt tsc_deadline_timer aes xsave avx f16c rdrand lahf_lm ida arat epb xsaveopt pln pts dtherm tpr_shadow vnmi flexpriority ept vpid fsgsbase smep erms
bogomips	: 4190.22
clflush size	: 64
cache_alignment	: 64
address sizes	: 36 bits physical, 48 bits virtual
power management:

processor	: 3
vendor_id	: GenuineIntel
cpu family	: 6
model		: 58
model name	: Intel(R) Core(TM) i7-3612QM CPU @ 2.10GHz
stepping	: 9
microcode	: 0x15
cpu MHz		: 2101.000
cache size	: 6144 KB
physical id	: 0
siblings	: 8
core id		: 1
cpu cores	: 4
apicid		: 3
initial apicid	: 3
fpu		: yes
fpu_exception	: yes
cpuid level	: 13
wp		: yes
flags		: fpu vme de pse tsc msr pae mce cx8 apic sep mtrr pge mca cmov pat pse36 clflush dts acpi mmx fxsr sse sse2 ss ht tm pbe syscall nx rdtscp lm constant_tsc arch_perfmon pebs bts rep_good nopl xtopology nonstop_tsc aperfmperf eagerfpu pni pclmulqdq dtes64 monitor ds_cpl vmx est tm2 ssse3 cx16 xtpr pdcm pcid sse4_1 sse4_2 x2apic popcnt tsc_deadline_timer aes xsave avx f16c rdrand lahf_lm ida arat epb xsaveopt pln pts dtherm tpr_shadow vnmi flexpriority ept vpid fsgsbase smep erms
bogomips	: 4190.22
clflush size	: 64
cache_alignment	: 64
address sizes	: 36 bits physical, 48 bits virtual
power management:

processor	: 4
vendor_id	: GenuineIntel
cpu family	: 6
model		: 58
model name	: Intel(R) Core(TM) i7-3612QM CPU @ 2.10GHz
stepping	: 9
microcode	: 0x15
cpu MHz		: 2101.000
cache size	: 6144 KB
physical id	: 0
siblings	: 8
core id		: 2
cpu cores	: 4
apicid		: 4
initial apicid	: 4
fpu		: yes
fpu_exception	: yes
cpuid level	: 13
wp		: yes
flags		: fpu vme de pse tsc msr pae mce cx8 apic sep mtrr pge mca cmov pat pse36 clflush dts acpi mmx fxsr sse sse2 ss ht tm pbe syscall nx rdtscp lm constant_tsc arch_perfmon pebs bts rep_good nopl xtopology nonstop_tsc aperfmperf eagerfpu pni pclmulqdq dtes64 monitor ds_cpl vmx est tm2 ssse3 cx16 xtpr pdcm pcid sse4_1 sse4_2 x2apic popcnt tsc_deadline_timer aes xsave avx f16c rdrand lahf_lm ida arat epb xsaveopt pln pts dtherm tpr_shadow vnmi flexpriority ept vpid fsgsbase smep erms
bogomips	: 4190.22
clflush size	: 64
cache_alignment	: 64
address sizes	: 36 bits physical, 48 bits virtual
power management:

processor	: 5
vendor_id	: GenuineIntel
cpu family	: 6
model		: 58
model name	: Intel(R) Core(TM) i7-3612QM CPU @ 2.10GHz
stepping	: 9
microcode	: 0x15
cpu MHz		: 2101.000
cache size	: 6144 KB
physical id	: 0
siblings	: 8
core id		: 2
cpu cores	: 4
apicid		: 5
initial apicid	: 5
fpu		: yes
fpu_exception	: yes
cpuid level	: 13
wp		: yes
flags		: fpu vme de pse tsc msr pae mce cx8 apic sep mtrr pge mca cmov pat pse36 clflush dts acpi mmx fxsr sse sse2 ss ht tm pbe syscall nx rdtscp lm constant_tsc arch_perfmon pebs bts rep_good nopl xtopology nonstop_tsc aperfmperf eagerfpu pni pclmulqdq dtes64 monitor ds_cpl vmx est tm2 ssse3 cx16 xtpr pdcm pcid sse4_1 sse4_2 x2apic popcnt tsc_deadline_timer aes xsave avx f16c rdrand lahf_lm ida arat epb xsaveopt pln pts dtherm tpr_shadow vnmi flexpriority ept vpid fsgsbase smep erms
bogomips	: 4190.22
clflush size	: 64
cache_alignment	: 64
address sizes	: 36 bits physical, 48 bits virtual
power management:

processor	: 6
vendor_id	: GenuineIntel
cpu family	: 6
model		: 58
model name	: Intel(R) Core(TM) i7-3612QM CPU @ 2.10GHz
stepping	: 9
microcode	: 0x15
cpu MHz		: 2101.000
cache size	: 6144 KB
physical id	: 0
siblings	: 8
core id		: 3
cpu cores	: 4
apicid		: 6
initial apicid	: 6
fpu		: yes
fpu_exception	: yes
cpuid level	: 13
wp		: yes
flags		: fpu vme de pse tsc msr pae mce cx8 apic sep mtrr pge mca cmov pat pse36 clflush dts acpi mmx fxsr sse sse2 ss ht tm pbe syscall nx rdtscp lm constant_tsc arch_perfmon pebs bts rep_good nopl xtopology nonstop_tsc aperfmperf eagerfpu pni pclmulqdq dtes64 monitor ds_cpl vmx est tm2 ssse3 cx16 xtpr pdcm pcid sse4_1 sse4_2 x2apic popcnt tsc_deadline_timer aes xsave avx f16c rdrand lahf_lm ida arat epb xsaveopt pln pts dtherm tpr_shadow vnmi flexpriority ept vpid fsgsbase smep erms
bogomips	: 4190.22
clflush size	: 64
cache_alignment	: 64
address sizes	: 36 bits physical, 48 bits virtual
power management:

processor	: 7
vendor_id	: GenuineIntel
cpu family	: 6
model		: 58
model name	: Intel(R) Core(TM) i7-3612QM CPU @ 2.10GHz
stepping	: 9
microcode	: 0x15
cpu MHz		: 2101.000
cache size	: 6144 KB
physical id	: 0
siblings	: 8
core id		: 3
cpu cores	: 4
apicid		: 7
initial apicid	: 7
fpu		: yes
fpu_exception	: yes
cpuid level	: 13
wp		: yes
flags		: fpu vme de pse tsc msr pae mce cx8 apic sep mtrr pge mca cmov pat pse36 clflush dts acpi mmx fxsr sse sse2 ss ht tm pbe syscall nx rdtscp lm constant_tsc arch_perfmon pebs bts rep_good nopl xtopology nonstop_tsc aperfmperf eagerfpu pni pclmulqdq dtes64 monitor ds_cpl vmx est tm2 ssse3 cx16 xtpr pdcm pcid sse4_1 sse4_2 x2apic popcnt tsc_deadline_timer aes xsave avx f16c rdrand lahf_lm ida arat epb xsaveopt pln pts dtherm tpr_shadow vnmi flexpriority ept vpid fsgsbase smep erms
bogomips	: 4190.22
clflush size	: 64
cache_alignment	: 64
address sizes	: 36 bits physical, 48 bits virtual
power management:



Memory: 4k page, physical 8049056k(515048k free), swap 0k(0k free)

vm_info: Java HotSpot(TM) 64-Bit Server VM (25.45-b02) for linux-amd64 JRE (1.8.0_45-b14), built on Apr 10 2015 10:07:45 by "java_re" with gcc 4.3.0 20080428 (Red Hat 4.3.0-8)

time: Wed May  6 01:19:21 2015
elapsed time: 1 seconds (0d 0h 0m 1s)

