#
# A fatal error has been detected by the Java Runtime Environment:
#
#  SIGBUS (0x7) at pc=0x00007fcbfd0567d2, pid=26529, tid=140513360680704
#
# JRE version: Java(TM) SE Runtime Environment (8.0_45-b14) (build 1.8.0_45-b14)
# Java VM: Java HotSpot(TM) 64-Bit Server VM (25.45-b02 mixed mode linux-amd64 compressed oops)
# Problematic frame:
# C  [libzip.so+0x117d2]  newEntry+0x62
#
# Failed to write core dump. Core dumps have been disabled. To enable core dumping, try "ulimit -c unlimited" before starting Java again
#
# If you would like to submit a bug report, please visit:
#   http://bugreport.java.com/bugreport/crash.jsp
# The crash happened outside the Java Virtual Machine in native code.
# See problematic frame for where to report the bug.
#

---------------  T H R E A D  ---------------

Current thread (0x00007fcbf8200000):  JavaThread "qtp1078694789-18" [_thread_in_native, id=26563, stack(0x00007fcbd0e31000,0x00007fcbd0f32000)]

siginfo: si_signo: 7 (SIGBUS), si_code: 2 (BUS_ADRERR), si_addr: 0x00007fcbd0cb00e9

Registers:
RAX=0x00007fcb7801e130, RBX=0x00007fcbf82835b0, RCX=0x00007fcb78000020, RDX=0x00007fcb7801e130
RSP=0x00007fcbd0f2fb30, RBP=0x00007fcbd0f2fb80, RSI=0x00007fcb78000038, RDI=0x00007fcb78000020
R8 =0x0000000000000003, R9 =0x0000000000000005, R10=0x00007fcbe9179858, R11=0x00007fcbff534a30
R12=0x00007fcbd0cb00cc, R13=0x00007fcb7801e130, R14=0x000000002bfc1ef2, R15=0x00007fcbf8198e30
RIP=0x00007fcbfd0567d2, EFLAGS=0x0000000000010206, CSGSFS=0x0000000000000033, ERR=0x0000000000000004
  TRAPNO=0x000000000000000e

Top of Stack: (sp=0x00007fcbd0f2fb30)
0x00007fcbd0f2fb30:   0000000000000003 00007fcb00000000
0x00007fcbd0f2fb40:   00000001000007a8 00007fcbfecaf42e
0x00007fcbd0f2fb50:   00007fcb7801e130 00007fcbf82835b0
0x00007fcbd0f2fb60:   00007fcb7801de50 00007fcbf8198e30
0x00007fcbd0f2fb70:   000000002bfc1ef2 0000000000000047
0x00007fcbd0f2fb80:   00007fcbd0f2fbe0 00007fcbfd056f2f
0x00007fcbd0f2fb90:   00007fcbf8200000 0100000000000000
0x00007fcbd0f2fba0:   00007fcbd0f2fc00 00007fcbd0f2fc48
0x00007fcbd0f2fbb0:   00007fcbd0f2fc46 00007fcbd0f2fc00
0x00007fcbd0f2fbc0:   0000000000000047 00007fcbf82001f8
0x00007fcbd0f2fbd0:   00007fcbd0f30058 0000000000000001
0x00007fcbd0f2fbe0:   00007fcbd0f30040 00007fcbfd048d30
0x00007fcbd0f2fbf0:   00007fcbd0f2fc70 00007fcbf8198e30
0x00007fcbd0f2fc00:   676f6f672f6d6f63 692f7477672f656c
0x00007fcbd0f2fc10:   726168732f6e3831 2f6c706d692f6465
0x00007fcbd0f2fc20:   7461442f72646c63 726f46656d695465
0x00007fcbd0f2fc30:   496f666e4974616d 495f6e655f6c706d
0x00007fcbd0f2fc40:   007373616c632e45 0000000000000000
0x00007fcbd0f2fc50:   0000000085214420 0000000000000003
0x00007fcbd0f2fc60:   00007fcbd0f2fc90 00007fcbd0f2fc90
0x00007fcbd0f2fc70:   0000000000000001 00007fcbf8200bb8
0x00007fcbd0f2fc80:   00007fcbd0f2fce0 00007fcbfecdeb0b
0x00007fcbd0f2fc90:   01007fcbff37e740 00007fcb78018770
0x00007fcbd0f2fca0:   00007fcb78018750 00007fcbf8200bb8
0x00007fcbd0f2fcb0:   0000000000000066 00007fcbd0f2ff20
0x00007fcbd0f2fcc0:   00007fcbd0f2fcf0 00007fcbd0f2ff20
0x00007fcbd0f2fcd0:   00007fcbd0f2fcf0 00000000da54f798
0x00007fcbd0f2fce0:   00007fcbd0f2fd10 00007fcbfe7b9c23
0x00007fcbd0f2fcf0:   00007fcbf8200000 00007fcbf8200000
0x00007fcbd0f2fd00:   00000000daf4ebd0 0000000000000000
0x00007fcbd0f2fd10:   00007fcbd0f2fef0 00007fcbe90f01de
0x00007fcbd0f2fd20:   00007fcbd0f306c0 00007fcbd0f2fcd8 

Instructions: (pc=0x00007fcbfd0567d2)
0x00007fcbfd0567b2:   00 48 c7 40 28 00 00 00 00 41 80 7f 30 00 0f 84
0x00007fcbfd0567c2:   8a 02 00 00 4c 8b 63 08 4d 2b 67 28 4d 03 67 18
0x00007fcbfd0567d2:   41 0f b6 5c 24 1d 41 0f b6 44 24 1c c1 e3 08 09
0x00007fcbfd0567e2:   c3 41 0f b6 44 24 1e 88 45 bd 41 0f b6 54 24 20 

Register to memory mapping:

RAX=0x00007fcb7801e130 is an unknown value
RBX=0x00007fcbf82835b0 is an unknown value
RCX=0x00007fcb78000020 is an unknown value
RDX=0x00007fcb7801e130 is an unknown value
RSP=0x00007fcbd0f2fb30 is pointing into the stack for thread: 0x00007fcbf8200000
RBP=0x00007fcbd0f2fb80 is pointing into the stack for thread: 0x00007fcbf8200000
RSI=0x00007fcb78000038 is an unknown value
RDI=0x00007fcb78000020 is an unknown value
R8 =0x0000000000000003 is an unknown value
R9 =0x0000000000000005 is an unknown value
R10=0x00007fcbe9179858 is at entry_point+88 in (nmethod*)0x00007fcbe9179690
R11=0x00007fcbff534a30: <offset 0x187a30> in /lib/x86_64-linux-gnu/libc.so.6 at 0x00007fcbff3ad000
R12=0x00007fcbd0cb00cc is an unknown value
R13=0x00007fcb7801e130 is an unknown value
R14=0x000000002bfc1ef2 is an unknown value
R15=0x00007fcbf8198e30 is an unknown value


Stack: [0x00007fcbd0e31000,0x00007fcbd0f32000],  sp=0x00007fcbd0f2fb30,  free space=1018k
Native frames: (J=compiled Java code, j=interpreted, Vv=VM code, C=native code)
C  [libzip.so+0x117d2]  newEntry+0x62
C  [libzip.so+0x11f2f]  ZIP_GetEntry2+0xff
C  [libzip.so+0x3d30]  Java_java_util_zip_ZipFile_getEntry+0xf0
J 216  java.util.zip.ZipFile.getEntry(J[BZ)J (0 bytes) @ 0x00007fcbe91798ce [0x00007fcbe9179800+0xce]
J 575 C1 java.util.zip.ZipFile.getEntry(Ljava/lang/String;)Ljava/util/zip/ZipEntry; (86 bytes) @ 0x00007fcbe92ad88c [0x00007fcbe92ad620+0x26c]
J 821 C1 sun.net.www.protocol.jar.URLJarFile.getEntry(Ljava/lang/String;)Ljava/util/zip/ZipEntry; (69 bytes) @ 0x00007fcbe938b4f4 [0x00007fcbe938b420+0xd4]
J 743 C1 sun.net.www.protocol.jar.JarURLConnection.connect()V (147 bytes) @ 0x00007fcbe933701c [0x00007fcbe9336b40+0x4dc]
J 773 C1 sun.net.www.protocol.jar.JarURLConnection.getJarFile()Ljava/util/jar/JarFile; (9 bytes) @ 0x00007fcbe93556c4 [0x00007fcbe9355640+0x84]
J 822 C1 org.eclipse.jetty.util.resource.JarFileResource.newConnection()V (108 bytes) @ 0x00007fcbe93957e4 [0x00007fcbe9394fc0+0x824]
J 751 C1 org.eclipse.jetty.util.resource.JarResource.checkConnection()Z (51 bytes) @ 0x00007fcbe933bb1c [0x00007fcbe933b8e0+0x23c]
J 739 C1 org.eclipse.jetty.util.resource.JarFileResource.checkConnection()Z (78 bytes) @ 0x00007fcbe932f74c [0x00007fcbe932f600+0x14c]
J 838 C1 org.eclipse.jetty.util.resource.JarResource.getInputStream()Ljava/io/InputStream; (62 bytes) @ 0x00007fcbe93b8214 [0x00007fcbe93b8100+0x114]
J 680 C1 org.eclipse.jetty.annotations.AnnotationParser.parseJarEntry(Ljava/util/Set;Lorg/eclipse/jetty/util/resource/Resource;Ljava/util/jar/JarEntry;Lorg/eclipse/jetty/annotations/ClassNameResolver;)V (181 bytes) @ 0x00007fcbe930d63c [0x00007fcbe930be60+0x17dc]
j  org.eclipse.jetty.annotations.AnnotationParser.parseJar(Ljava/util/Set;Lorg/eclipse/jetty/util/resource/Resource;Lorg/eclipse/jetty/annotations/ClassNameResolver;)V+96
j  org.eclipse.jetty.annotations.AnnotationParser.parse(Ljava/util/Set;Lorg/eclipse/jetty/util/resource/Resource;Lorg/eclipse/jetty/annotations/ClassNameResolver;)V+47
j  org.eclipse.jetty.annotations.AnnotationConfiguration$ParserTask.call()Ljava/lang/Void;+37
j  org.eclipse.jetty.annotations.AnnotationConfiguration$1.run()V+4
j  org.eclipse.jetty.util.thread.QueuedThreadPool.runJob(Ljava/lang/Runnable;)V+1
j  org.eclipse.jetty.util.thread.QueuedThreadPool$3.run()V+73
j  java.lang.Thread.run()V+11
v  ~StubRoutines::call_stub
V  [libjvm.so+0x681a26]  JavaCalls::call_helper(JavaValue*, methodHandle*, JavaCallArguments*, Thread*)+0x1056
V  [libjvm.so+0x681f31]  JavaCalls::call_virtual(JavaValue*, KlassHandle, Symbol*, Symbol*, JavaCallArguments*, Thread*)+0x321
V  [libjvm.so+0x6823d7]  JavaCalls::call_virtual(JavaValue*, Handle, KlassHandle, Symbol*, Symbol*, Thread*)+0x47
V  [libjvm.so+0x718280]  thread_entry(JavaThread*, Thread*)+0xa0
V  [libjvm.so+0xa5c86f]  JavaThread::thread_main_inner()+0xdf
V  [libjvm.so+0xa5c99c]  JavaThread::run()+0x11c
V  [libjvm.so+0x910de8]  java_start(Thread*)+0x108
C  [libpthread.so.0+0x8182]  start_thread+0xc2

Java frames: (J=compiled Java code, j=interpreted, Vv=VM code)
J 216  java.util.zip.ZipFile.getEntry(J[BZ)J (0 bytes) @ 0x00007fcbe9179858 [0x00007fcbe9179800+0x58]
J 575 C1 java.util.zip.ZipFile.getEntry(Ljava/lang/String;)Ljava/util/zip/ZipEntry; (86 bytes) @ 0x00007fcbe92ad88c [0x00007fcbe92ad620+0x26c]
J 821 C1 sun.net.www.protocol.jar.URLJarFile.getEntry(Ljava/lang/String;)Ljava/util/zip/ZipEntry; (69 bytes) @ 0x00007fcbe938b4f4 [0x00007fcbe938b420+0xd4]
J 743 C1 sun.net.www.protocol.jar.JarURLConnection.connect()V (147 bytes) @ 0x00007fcbe933701c [0x00007fcbe9336b40+0x4dc]
J 773 C1 sun.net.www.protocol.jar.JarURLConnection.getJarFile()Ljava/util/jar/JarFile; (9 bytes) @ 0x00007fcbe93556c4 [0x00007fcbe9355640+0x84]
J 822 C1 org.eclipse.jetty.util.resource.JarFileResource.newConnection()V (108 bytes) @ 0x00007fcbe93957e4 [0x00007fcbe9394fc0+0x824]
J 751 C1 org.eclipse.jetty.util.resource.JarResource.checkConnection()Z (51 bytes) @ 0x00007fcbe933bb1c [0x00007fcbe933b8e0+0x23c]
J 739 C1 org.eclipse.jetty.util.resource.JarFileResource.checkConnection()Z (78 bytes) @ 0x00007fcbe932f74c [0x00007fcbe932f600+0x14c]
J 838 C1 org.eclipse.jetty.util.resource.JarResource.getInputStream()Ljava/io/InputStream; (62 bytes) @ 0x00007fcbe93b8214 [0x00007fcbe93b8100+0x114]
J 680 C1 org.eclipse.jetty.annotations.AnnotationParser.parseJarEntry(Ljava/util/Set;Lorg/eclipse/jetty/util/resource/Resource;Ljava/util/jar/JarEntry;Lorg/eclipse/jetty/annotations/ClassNameResolver;)V (181 bytes) @ 0x00007fcbe930d63c [0x00007fcbe930be60+0x17dc]
j  org.eclipse.jetty.annotations.AnnotationParser.parseJar(Ljava/util/Set;Lorg/eclipse/jetty/util/resource/Resource;Lorg/eclipse/jetty/annotations/ClassNameResolver;)V+96
j  org.eclipse.jetty.annotations.AnnotationParser.parse(Ljava/util/Set;Lorg/eclipse/jetty/util/resource/Resource;Lorg/eclipse/jetty/annotations/ClassNameResolver;)V+47
j  org.eclipse.jetty.annotations.AnnotationConfiguration$ParserTask.call()Ljava/lang/Void;+37
j  org.eclipse.jetty.annotations.AnnotationConfiguration$1.run()V+4
j  org.eclipse.jetty.util.thread.QueuedThreadPool.runJob(Ljava/lang/Runnable;)V+1
j  org.eclipse.jetty.util.thread.QueuedThreadPool$3.run()V+73
j  java.lang.Thread.run()V+11
v  ~StubRoutines::call_stub

---------------  P R O C E S S  ---------------

Java Threads: ( => current thread )
  0x00007fcb84001000 JavaThread "qtp1078694789-23" [_thread_blocked, id=26581, stack(0x00007fcbd0b23000,0x00007fcbd0c24000)]
  0x00007fcb70001000 JavaThread "qtp1078694789-22" [_thread_blocked, id=26580, stack(0x00007fcbd0a22000,0x00007fcbd0b23000)]
  0x00007fcbf8202000 JavaThread "qtp1078694789-19" [_thread_blocked, id=26564, stack(0x00007fcbd0d30000,0x00007fcbd0e31000)]
=>0x00007fcbf8200000 JavaThread "qtp1078694789-18" [_thread_in_native, id=26563, stack(0x00007fcbd0e31000,0x00007fcbd0f32000)]
  0x00007fcbf81fe800 JavaThread "qtp1078694789-17" [_thread_blocked, id=26562, stack(0x00007fcbd0f32000,0x00007fcbd1033000)]
  0x00007fcbf81fd000 JavaThread "qtp1078694789-16" [_thread_blocked, id=26561, stack(0x00007fcbd1033000,0x00007fcbd1134000)]
  0x00007fcbf81fb000 JavaThread "qtp1078694789-15" [_thread_blocked, id=26560, stack(0x00007fcbd1134000,0x00007fcbd1235000)]
  0x00007fcbf81f9800 JavaThread "qtp1078694789-14" [_thread_blocked, id=26559, stack(0x00007fcbd1235000,0x00007fcbd1336000)]
  0x00007fcbf81f7800 JavaThread "qtp1078694789-13" [_thread_in_native, id=26558, stack(0x00007fcbd1336000,0x00007fcbd1437000)]
  0x00007fcbf81f6000 JavaThread "qtp1078694789-12" [_thread_in_native, id=26557, stack(0x00007fcbd1437000,0x00007fcbd1538000)]
  0x00007fcbf80d3000 JavaThread "Service Thread" daemon [_thread_blocked, id=26554, stack(0x00007fcbd1884000,0x00007fcbd1985000)]
  0x00007fcbf80c6000 JavaThread "C1 CompilerThread3" daemon [_thread_blocked, id=26553, stack(0x00007fcbd1985000,0x00007fcbd1a86000)]
  0x00007fcbf80c4000 JavaThread "C2 CompilerThread2" daemon [_thread_in_native, id=26552, stack(0x00007fcbd1a86000,0x00007fcbd1b87000)]
  0x00007fcbf80c2000 JavaThread "C2 CompilerThread1" daemon [_thread_in_native, id=26551, stack(0x00007fcbd1b87000,0x00007fcbd1c88000)]
  0x00007fcbf80bf000 JavaThread "C2 CompilerThread0" daemon [_thread_in_native, id=26550, stack(0x00007fcbd1c88000,0x00007fcbd1d89000)]
  0x00007fcbf80bd800 JavaThread "Signal Dispatcher" daemon [_thread_blocked, id=26549, stack(0x00007fcbd1d89000,0x00007fcbd1e8a000)]
  0x00007fcbf8087000 JavaThread "Finalizer" daemon [_thread_blocked, id=26548, stack(0x00007fcbd22c2000,0x00007fcbd23c3000)]
  0x00007fcbf8085000 JavaThread "Reference Handler" daemon [_thread_blocked, id=26547, stack(0x00007fcbd23c3000,0x00007fcbd24c4000)]
  0x00007fcbf8009800 JavaThread "main" [_thread_blocked, id=26533, stack(0x00007fcbffe9e000,0x00007fcbfff9f000)]

Other Threads:
  0x00007fcbf807f800 VMThread [stack: 0x00007fcbd24c4000,0x00007fcbd25c5000] [id=26545]
  0x00007fcbf80d5800 WatcherThread [stack: 0x00007fcbd1783000,0x00007fcbd1884000] [id=26555]

VM state:not at safepoint (normal execution)

VM Mutex/Monitor currently owned by a thread: None

Heap:
 PSYoungGen      total 68608K, used 61434K [0x00000000d7100000, 0x00000000df700000, 0x0000000100000000)
  eden space 63488K, 92% used [0x00000000d7100000,0x00000000daa601d8,0x00000000daf00000)
  from space 5120K, 52% used [0x00000000daf00000,0x00000000db19e678,0x00000000db400000)
  to   space 5120K, 0% used [0x00000000df200000,0x00000000df200000,0x00000000df700000)
 ParOldGen       total 84992K, used 88K [0x0000000085200000, 0x000000008a500000, 0x00000000d7100000)
  object space 84992K, 0% used [0x0000000085200000,0x0000000085216010,0x000000008a500000)
 Metaspace       used 8276K, capacity 8388K, committed 8704K, reserved 1056768K
  class space    used 898K, capacity 944K, committed 1024K, reserved 1048576K

Card table byte_map: [0x00007fcbfc8ad000,0x00007fcbfcc85000] byte_map_base: 0x00007fcbfc484000

Marking Bits: (ParMarkBitMap*) 0x00007fcbff382760
 Begin Bits: [0x00007fcbe0290000, 0x00007fcbe2148000)
 End Bits:   [0x00007fcbe2148000, 0x00007fcbe4000000)

Polling page: 0x00007fcbfffc9000

CodeCache: size=245760Kb used=3918Kb max_used=3918Kb free=241841Kb
 bounds [0x00007fcbe9000000, 0x00007fcbe93e0000, 0x00007fcbf8000000]
 total_blobs=1201 nmethods=892 adapters=223
 compilation: enabled

Compilation events (10 events):
Event: 1,419 Thread 0x00007fcbf80c6000  898       3       java.util.zip.ZipInputStream::readFully (44 bytes)
Event: 1,421 Thread 0x00007fcbf80c6000 nmethod 898 0x00007fcbe93c93d0 code [0x00007fcbe93c9560, 0x00007fcbe93c9918]
Event: 1,421 Thread 0x00007fcbf80c6000  899       3       org.objectweb.asm.ClassReader::a (1223 bytes)
Event: 1,427 Thread 0x00007fcbf80c6000 nmethod 899 0x00007fcbe93c9a90 code [0x00007fcbe93ca180, 0x00007fcbe93cdf08]
Event: 1,428 Thread 0x00007fcbf80c6000  900       3       java.io.PushbackInputStream::read (145 bytes)
Event: 1,428 Thread 0x00007fcbf80c6000 nmethod 900 0x00007fcbe93d1bd0 code [0x00007fcbe93d1dc0, 0x00007fcbe93d26c8]
Event: 1,437 Thread 0x00007fcbf80c6000  902       3       java.util.zip.ZipInputStream::read (304 bytes)
Event: 1,440 Thread 0x00007fcbf80c6000 nmethod 902 0x00007fcbe93d2a50 code [0x00007fcbe93d2da0, 0x00007fcbe93d4598]
Event: 1,445 Thread 0x00007fcbf80c6000  904   !   3       java.util.zip.InflaterInputStream::read (138 bytes)
Event: 1,448 Thread 0x00007fcbf80c6000 nmethod 904 0x00007fcbe93d5090 code [0x00007fcbe93d5300, 0x00007fcbe93d63a8]

GC Heap History (6 events):
Event: 0,516 GC heap before
{Heap before GC invocations=1 (full 0):
 PSYoungGen      total 36864K, used 31744K [0x00000000d7100000, 0x00000000d9a00000, 0x0000000100000000)
  eden space 31744K, 100% used [0x00000000d7100000,0x00000000d9000000,0x00000000d9000000)
  from space 5120K, 0% used [0x00000000d9500000,0x00000000d9500000,0x00000000d9a00000)
  to   space 5120K, 0% used [0x00000000d9000000,0x00000000d9000000,0x00000000d9500000)
 ParOldGen       total 84992K, used 0K [0x0000000085200000, 0x000000008a500000, 0x00000000d7100000)
  object space 84992K, 0% used [0x0000000085200000,0x0000000085200000,0x000000008a500000)
 Metaspace       used 7128K, capacity 7236K, committed 7552K, reserved 1056768K
  class space    used 798K, capacity 816K, committed 896K, reserved 1048576K
Event: 0,522 GC heap after
Heap after GC invocations=1 (full 0):
 PSYoungGen      total 36864K, used 2892K [0x00000000d7100000, 0x00000000db900000, 0x0000000100000000)
  eden space 31744K, 0% used [0x00000000d7100000,0x00000000d7100000,0x00000000d9000000)
  from space 5120K, 56% used [0x00000000d9000000,0x00000000d92d3260,0x00000000d9500000)
  to   space 5120K, 0% used [0x00000000db400000,0x00000000db400000,0x00000000db900000)
 ParOldGen       total 84992K, used 72K [0x0000000085200000, 0x000000008a500000, 0x00000000d7100000)
  object space 84992K, 0% used [0x0000000085200000,0x0000000085212010,0x000000008a500000)
 Metaspace       used 7128K, capacity 7236K, committed 7552K, reserved 1056768K
  class space    used 798K, capacity 816K, committed 896K, reserved 1048576K
}
Event: 0,601 GC heap before
{Heap before GC invocations=2 (full 0):
 PSYoungGen      total 36864K, used 34636K [0x00000000d7100000, 0x00000000db900000, 0x0000000100000000)
  eden space 31744K, 100% used [0x00000000d7100000,0x00000000d9000000,0x00000000d9000000)
  from space 5120K, 56% used [0x00000000d9000000,0x00000000d92d3260,0x00000000d9500000)
  to   space 5120K, 0% used [0x00000000db400000,0x00000000db400000,0x00000000db900000)
 ParOldGen       total 84992K, used 72K [0x0000000085200000, 0x000000008a500000, 0x00000000d7100000)
  object space 84992K, 0% used [0x0000000085200000,0x0000000085212010,0x000000008a500000)
 Metaspace       used 7154K, capacity 7236K, committed 7552K, reserved 1056768K
  class space    used 798K, capacity 816K, committed 896K, reserved 1048576K
Event: 0,603 GC heap after
Heap after GC invocations=2 (full 0):
 PSYoungGen      total 68608K, used 1552K [0x00000000d7100000, 0x00000000db900000, 0x0000000100000000)
  eden space 63488K, 0% used [0x00000000d7100000,0x00000000d7100000,0x00000000daf00000)
  from space 5120K, 30% used [0x00000000db400000,0x00000000db584020,0x00000000db900000)
  to   space 5120K, 0% used [0x00000000daf00000,0x00000000daf00000,0x00000000db400000)
 ParOldGen       total 84992K, used 80K [0x0000000085200000, 0x000000008a500000, 0x00000000d7100000)
  object space 84992K, 0% used [0x0000000085200000,0x0000000085214010,0x000000008a500000)
 Metaspace       used 7154K, capacity 7236K, committed 7552K, reserved 1056768K
  class space    used 798K, capacity 816K, committed 896K, reserved 1048576K
}
Event: 0,806 GC heap before
{Heap before GC invocations=3 (full 0):
 PSYoungGen      total 68608K, used 65040K [0x00000000d7100000, 0x00000000db900000, 0x0000000100000000)
  eden space 63488K, 100% used [0x00000000d7100000,0x00000000daf00000,0x00000000daf00000)
  from space 5120K, 30% used [0x00000000db400000,0x00000000db584020,0x00000000db900000)
  to   space 5120K, 0% used [0x00000000daf00000,0x00000000daf00000,0x00000000db400000)
 ParOldGen       total 84992K, used 80K [0x0000000085200000, 0x000000008a500000, 0x00000000d7100000)
  object space 84992K, 0% used [0x0000000085200000,0x0000000085214010,0x000000008a500000)
 Metaspace       used 7979K, capacity 8036K, committed 8192K, reserved 1056768K
  class space    used 888K, capacity 912K, committed 1024K, reserved 1048576K
Event: 0,811 GC heap after
Heap after GC invocations=3 (full 0):
 PSYoungGen      total 68608K, used 2681K [0x00000000d7100000, 0x00000000df700000, 0x0000000100000000)
  eden space 63488K, 0% used [0x00000000d7100000,0x00000000d7100000,0x00000000daf00000)
  from space 5120K, 52% used [0x00000000daf00000,0x00000000db19e678,0x00000000db400000)
  to   space 5120K, 0% used [0x00000000df200000,0x00000000df200000,0x00000000df700000)
 ParOldGen       total 84992K, used 88K [0x0000000085200000, 0x000000008a500000, 0x00000000d7100000)
  object space 84992K, 0% used [0x0000000085200000,0x0000000085216010,0x000000008a500000)
 Metaspace       used 7979K, capacity 8036K, committed 8192K, reserved 1056768K
  class space    used 888K, capacity 912K, committed 1024K, reserved 1048576K
}

Deoptimization events (10 events):
Event: 0,693 Thread 0x00007fcbf8009800 Uncommon trap: reason=unstable_if action=reinterpret pc=0x00007fcbe9244bc4 method=sun.util.calendar.AbstractCalendar.getCalendarDate(JLsun/util/calendar/CalendarDate;)Lsun/util/calendar/CalendarDate; @ 138
Event: 0,693 Thread 0x00007fcbf8009800 Uncommon trap: reason=unstable_if action=reinterpret pc=0x00007fcbe923ff08 method=sun.util.calendar.AbstractCalendar.getCalendarDate(JLsun/util/calendar/CalendarDate;)Lsun/util/calendar/CalendarDate; @ 138
Event: 0,693 Thread 0x00007fcbf8009800 Uncommon trap: reason=unstable_if action=reinterpret pc=0x00007fcbe92475c8 method=sun.util.calendar.AbstractCalendar.getCalendarDate(JLsun/util/calendar/CalendarDate;)Lsun/util/calendar/CalendarDate; @ 138
Event: 1,281 Thread 0x00007fcbf81fe800 Uncommon trap: reason=unstable_if action=reinterpret pc=0x00007fcbe934cc20 method=org.objectweb.asm.ClassReader.a(II[C)Ljava/lang/String; @ 77
Event: 1,302 Thread 0x00007fcbf81fe800 Uncommon trap: reason=unstable_if action=reinterpret pc=0x00007fcbe930a1a8 method=org.objectweb.asm.ClassReader.a(II[C)Ljava/lang/String; @ 77
Event: 1,410 Thread 0x00007fcbf81f9800 Uncommon trap: reason=unstable_if action=reinterpret pc=0x00007fcbe934a294 method=java.io.PushbackInputStream.read([BII)I @ 122
Event: 1,410 Thread 0x00007fcbf81f9800 Uncommon trap: reason=unstable_if action=reinterpret pc=0x00007fcbe9392884 method=java.io.PushbackInputStream.read([BII)I @ 122
Event: 1,410 Thread 0x00007fcbf81f9800 Uncommon trap: reason=unstable_if action=reinterpret pc=0x00007fcbe933f43c method=java.io.PushbackInputStream.read([BII)I @ 122
Event: 1,437 Thread 0x00007fcbf81fb000 Uncommon trap: reason=unstable_if action=reinterpret pc=0x00007fcbe932acec method=java.io.PushbackInputStream.read([BII)I @ 122
Event: 1,438 Thread 0x00007fcbf81fb000 Uncommon trap: reason=unstable_if action=reinterpret pc=0x00007fcbe9347198 method=java.io.PushbackInputStream.read([BII)I @ 122

Internal exceptions (8 events):
Event: 0,044 Thread 0x00007fcbf8009800 Exception <a 'java/lang/NoSuchMethodError': Method sun.misc.Unsafe.defineClass(Ljava/lang/String;[BII)Ljava/lang/Class; name or signature does not match> (0x00000000d7112708) thrown at [/RE-WORK/workspace/8-2-build-linux-amd64/jdk8u45/3457/hotspot/src/sha
Event: 0,044 Thread 0x00007fcbf8009800 Exception <a 'java/lang/NoSuchMethodError': Method sun.misc.Unsafe.prefetchRead(Ljava/lang/Object;J)V name or signature does not match> (0x00000000d7112998) thrown at [/RE-WORK/workspace/8-2-build-linux-amd64/jdk8u45/3457/hotspot/src/share/vm/prims/jni.cp
Event: 0,149 Thread 0x00007fcbf8009800 Exception <a 'java/security/PrivilegedActionException'> (0x00000000d737cfc8) thrown at [/RE-WORK/workspace/8-2-build-linux-amd64/jdk8u45/3457/hotspot/src/share/vm/prims/jvm.cpp, line 1382]
Event: 0,149 Thread 0x00007fcbf8009800 Exception <a 'java/security/PrivilegedActionException'> (0x00000000d737d180) thrown at [/RE-WORK/workspace/8-2-build-linux-amd64/jdk8u45/3457/hotspot/src/share/vm/prims/jvm.cpp, line 1382]
Event: 0,151 Thread 0x00007fcbf8009800 Exception <a 'java/security/PrivilegedActionException'> (0x00000000d737f5c8) thrown at [/RE-WORK/workspace/8-2-build-linux-amd64/jdk8u45/3457/hotspot/src/share/vm/prims/jvm.cpp, line 1382]
Event: 0,151 Thread 0x00007fcbf8009800 Exception <a 'java/security/PrivilegedActionException'> (0x00000000d737f780) thrown at [/RE-WORK/workspace/8-2-build-linux-amd64/jdk8u45/3457/hotspot/src/share/vm/prims/jvm.cpp, line 1382]
Event: 0,162 Thread 0x00007fcbf8009800 Exception <a 'java/lang/NoClassDefFoundError': org/slf4j/Logger> (0x00000000d738c1f0) thrown at [/RE-WORK/workspace/8-2-build-linux-amd64/jdk8u45/3457/hotspot/src/share/vm/classfile/systemDictionary.cpp, line 199]
Event: 0,735 Thread 0x00007fcbf8009800 Exception <a 'java/io/FileNotFoundException'> (0x00000000da8a0ca8) thrown at [/RE-WORK/workspace/8-2-build-linux-amd64/jdk8u45/3457/hotspot/src/share/vm/prims/jni.cpp, line 709]

Events (10 events):
Event: 1,438 Thread 0x00007fcbf81fb000 DEOPT PACKING pc=0x00007fcbe9347198 sp=0x00007fcbd12331e0
Event: 1,438 Thread 0x00007fcbf81fb000 DEOPT UNPACKING pc=0x00007fcbe9005229 sp=0x00007fcbd1233108 mode 2
Event: 1,438 loading class java/util/zip/DataFormatException
Event: 1,438 loading class java/util/zip/DataFormatException done
Event: 1,444 Thread 0x00007fcbf81f7800 DEOPT PACKING pc=0x00007fcbe93c76c7 sp=0x00007fcbd1435160
Event: 1,445 Thread 0x00007fcbf81f7800 DEOPT UNPACKING pc=0x00007fcbe9047633 sp=0x00007fcbd1434e70 mode 0
Event: 1,449 Thread 0x00007fcbf81fd000 DEOPT PACKING pc=0x00007fcbe93c76c7 sp=0x00007fcbd1131ee0
Event: 1,449 Thread 0x00007fcbf81fd000 DEOPT UNPACKING pc=0x00007fcbe9047633 sp=0x00007fcbd1131bf0 mode 0
Event: 1,454 Thread 0x00007fcbf81fd000 DEOPT PACKING pc=0x00007fcbe93c76c7 sp=0x00007fcbd1131ee0
Event: 1,454 Thread 0x00007fcbf81fd000 DEOPT UNPACKING pc=0x00007fcbe9047633 sp=0x00007fcbd1131bf0 mode 0


Dynamic libraries:
00400000-00401000 r-xp 00000000 08:01 16386253                           /usr/lib/jvm/java-8-oracle/jre/bin/java
00600000-00601000 rw-p 00000000 08:01 16386253                           /usr/lib/jvm/java-8-oracle/jre/bin/java
0196b000-0198c000 rw-p 00000000 00:00 0                                  [heap]
85200000-8a500000 rw-p 00000000 00:00 0 
8a500000-d7100000 ---p 00000000 00:00 0 
d7100000-df700000 rw-p 00000000 00:00 0 
df700000-100000000 ---p 00000000 00:00 0 
100000000-100100000 rw-p 00000000 00:00 0 
100100000-140000000 ---p 00000000 00:00 0 
7fcb64000000-7fcb64ac3000 rw-p 00000000 00:00 0 
7fcb64ac3000-7fcb68000000 ---p 00000000 00:00 0 
7fcb6c000000-7fcb6c65b000 rw-p 00000000 00:00 0 
7fcb6c65b000-7fcb70000000 ---p 00000000 00:00 0 
7fcb70000000-7fcb7042e000 rw-p 00000000 00:00 0 
7fcb7042e000-7fcb74000000 ---p 00000000 00:00 0 
7fcb74000000-7fcb744e6000 rw-p 00000000 00:00 0 
7fcb744e6000-7fcb78000000 ---p 00000000 00:00 0 
7fcb78000000-7fcb78e81000 rw-p 00000000 00:00 0 
7fcb78e81000-7fcb7c000000 ---p 00000000 00:00 0 
7fcb7c000000-7fcb7c9df000 rw-p 00000000 00:00 0 
7fcb7c9df000-7fcb80000000 ---p 00000000 00:00 0 
7fcb80000000-7fcb808a7000 rw-p 00000000 00:00 0 
7fcb808a7000-7fcb84000000 ---p 00000000 00:00 0 
7fcb84000000-7fcb84d03000 rw-p 00000000 00:00 0 
7fcb84d0b000-7fcb88000000 ---p 00000000 00:00 0 
7fcb88000000-7fcb88b3d000 rw-p 00000000 00:00 0 
7fcb88b3d000-7fcb8c000000 ---p 00000000 00:00 0 
7fcb8c000000-7fcb8c021000 rw-p 00000000 00:00 0 
7fcb8c021000-7fcb90000000 ---p 00000000 00:00 0 
7fcb90000000-7fcb90918000 rw-p 00000000 00:00 0 
7fcb90918000-7fcb94000000 ---p 00000000 00:00 0 
7fcb94000000-7fcb94366000 rw-p 00000000 00:00 0 
7fcb94366000-7fcb98000000 ---p 00000000 00:00 0 
7fcb98000000-7fcb98021000 rw-p 00000000 00:00 0 
7fcb98021000-7fcb9c000000 ---p 00000000 00:00 0 
7fcb9c000000-7fcb9c76b000 rw-p 00000000 00:00 0 
7fcb9c76b000-7fcba0000000 ---p 00000000 00:00 0 
7fcba0000000-7fcba08cb000 rw-p 00000000 00:00 0 
7fcba08cb000-7fcba4000000 ---p 00000000 00:00 0 
7fcba4000000-7fcba4021000 rw-p 00000000 00:00 0 
7fcba4021000-7fcba8000000 ---p 00000000 00:00 0 
7fcba8000000-7fcba8922000 rw-p 00000000 00:00 0 
7fcba8922000-7fcbac000000 ---p 00000000 00:00 0 
7fcbac000000-7fcbac021000 rw-p 00000000 00:00 0 
7fcbac021000-7fcbb0000000 ---p 00000000 00:00 0 
7fcbb0000000-7fcbb0021000 rw-p 00000000 00:00 0 
7fcbb0021000-7fcbb4000000 ---p 00000000 00:00 0 
7fcbb4000000-7fcbb4021000 rw-p 00000000 00:00 0 
7fcbb4021000-7fcbb8000000 ---p 00000000 00:00 0 
7fcbb8000000-7fcbb8021000 rw-p 00000000 00:00 0 
7fcbb8021000-7fcbbc000000 ---p 00000000 00:00 0 
7fcbbc000000-7fcbbc021000 rw-p 00000000 00:00 0 
7fcbbc021000-7fcbc0000000 ---p 00000000 00:00 0 
7fcbc4000000-7fcbc4021000 rw-p 00000000 00:00 0 
7fcbc4021000-7fcbc8000000 ---p 00000000 00:00 0 
7fcbcc000000-7fcbcc021000 rw-p 00000000 00:00 0 
7fcbcc021000-7fcbd0000000 ---p 00000000 00:00 0 
7fcbd0a22000-7fcbd0a25000 ---p 00000000 00:00 0 
7fcbd0a25000-7fcbd0b23000 rw-p 00000000 00:00 0                          [stack:26580]
7fcbd0b23000-7fcbd0b26000 ---p 00000000 00:00 0 
7fcbd0b26000-7fcbd0c24000 rw-p 00000000 00:00 0                          [stack:26581]
7fcbd0c24000-7fcbd0c58000 r--s 00200000 00:19 16258850                   /home/kenny/dev/jprelude/experimental/jprelude-webui/target/webapp/WEB-INF/lib/guava-16.0.1.vaadin1.jar
7fcbd0c58000-7fcbd0c5e000 r--s 00044000 00:19 16258851                   /home/kenny/dev/jprelude/experimental/jprelude-webui/target/webapp/WEB-INF/lib/jsoup-1.8.1.jar
7fcbd0c5e000-7fcbd0c8c000 r--s 002f6000 00:19 16258844                   /home/kenny/dev/jprelude/experimental/jprelude-webui/target/webapp/WEB-INF/lib/vaadin-server-7.4.5.jar
7fcbd0c8c000-7fcbd0c9e000 r--s 000a3000 00:19 16258855                   /home/kenny/dev/jprelude/experimental/jprelude-webui/target/webapp/WEB-INF/lib/rxjava-1.0.8.jar
7fcbd0c9e000-7fcbd0cd7000 r--s 00206000 00:19 16258848                   /home/kenny/dev/jprelude/experimental/jprelude-webui/target/webapp/WEB-INF/lib/vaadin-shared-7.4.5.jar
7fcbd0cd7000-7fcbd0d30000 r--s 004f6000 00:19 16258843                   /home/kenny/dev/jprelude/experimental/jprelude-webui/target/webapp/WEB-INF/lib/scala-library-2.11.6.jar
7fcbd0d30000-7fcbd0d33000 ---p 00000000 00:00 0 
7fcbd0d33000-7fcbd0e31000 rw-p 00000000 00:00 0                          [stack:26564]
7fcbd0e31000-7fcbd0e34000 ---p 00000000 00:00 0 
7fcbd0e34000-7fcbd0f32000 rw-p 00000000 00:00 0                          [stack:26563]
7fcbd0f32000-7fcbd0f35000 ---p 00000000 00:00 0 
7fcbd0f35000-7fcbd1033000 rw-p 00000000 00:00 0                          [stack:26562]
7fcbd1033000-7fcbd1036000 ---p 00000000 00:00 0 
7fcbd1036000-7fcbd1134000 rw-p 00000000 00:00 0                          [stack:26561]
7fcbd1134000-7fcbd1137000 ---p 00000000 00:00 0 
7fcbd1137000-7fcbd1235000 rw-p 00000000 00:00 0                          [stack:26560]
7fcbd1235000-7fcbd1238000 ---p 00000000 00:00 0 
7fcbd1238000-7fcbd1336000 rw-p 00000000 00:00 0                          [stack:26559]
7fcbd1336000-7fcbd1339000 ---p 00000000 00:00 0 
7fcbd1339000-7fcbd1437000 rw-p 00000000 00:00 0                          [stack:26558]
7fcbd1437000-7fcbd143a000 ---p 00000000 00:00 0 
7fcbd143a000-7fcbd1538000 rw-p 00000000 00:00 0                          [stack:26557]
7fcbd1538000-7fcbd1540000 r-xp 00000000 08:01 16515139                   /usr/lib/jvm/java-8-oracle/jre/lib/amd64/libmanagement.so
7fcbd1540000-7fcbd1740000 ---p 00008000 08:01 16515139                   /usr/lib/jvm/java-8-oracle/jre/lib/amd64/libmanagement.so
7fcbd1740000-7fcbd1741000 rw-p 00008000 08:01 16515139                   /usr/lib/jvm/java-8-oracle/jre/lib/amd64/libmanagement.so
7fcbd1741000-7fcbd1783000 r--s 004bc000 00:19 11538222                   /home/kenny/.ivy2/cache/org.eclipse.jetty/jetty-runner/jars/jetty-runner-9.2.1.v20140609.jar
7fcbd1783000-7fcbd1784000 ---p 00000000 00:00 0 
7fcbd1784000-7fcbd1884000 rw-p 00000000 00:00 0                          [stack:26555]
7fcbd1884000-7fcbd1887000 ---p 00000000 00:00 0 
7fcbd1887000-7fcbd1985000 rw-p 00000000 00:00 0                          [stack:26554]
7fcbd1985000-7fcbd1988000 ---p 00000000 00:00 0 
7fcbd1988000-7fcbd1a86000 rw-p 00000000 00:00 0                          [stack:26553]
7fcbd1a86000-7fcbd1a89000 ---p 00000000 00:00 0 
7fcbd1a89000-7fcbd1b87000 rw-p 00000000 00:00 0                          [stack:26552]
7fcbd1b87000-7fcbd1b8a000 ---p 00000000 00:00 0 
7fcbd1b8a000-7fcbd1c88000 rw-p 00000000 00:00 0                          [stack:26551]
7fcbd1c88000-7fcbd1c8b000 ---p 00000000 00:00 0 
7fcbd1c8b000-7fcbd1d89000 rw-p 00000000 00:00 0                          [stack:26550]
7fcbd1d89000-7fcbd1d8c000 ---p 00000000 00:00 0 
7fcbd1d8c000-7fcbd1e8a000 rw-p 00000000 00:00 0                          [stack:26549]
7fcbd1e8a000-7fcbd22c2000 r--p 00000000 08:01 12327061                   /usr/lib/locale/locale-archive
7fcbd22c2000-7fcbd22c5000 ---p 00000000 00:00 0 
7fcbd22c5000-7fcbd23c3000 rw-p 00000000 00:00 0                          [stack:26548]
7fcbd23c3000-7fcbd23c6000 ---p 00000000 00:00 0 
7fcbd23c6000-7fcbd24c4000 rw-p 00000000 00:00 0                          [stack:26547]
7fcbd24c4000-7fcbd24c5000 ---p 00000000 00:00 0 
7fcbd24c5000-7fcbd4000000 rw-p 00000000 00:00 0                          [stack:26545]
7fcbd4000000-7fcbd4021000 rw-p 00000000 00:00 0 
7fcbd4021000-7fcbd8000000 ---p 00000000 00:00 0 
7fcbd8000000-7fcbd8021000 rw-p 00000000 00:00 0 
7fcbd8021000-7fcbdc000000 ---p 00000000 00:00 0 
7fcbdc000000-7fcbdc021000 rw-p 00000000 00:00 0 
7fcbdc021000-7fcbe0000000 ---p 00000000 00:00 0 
7fcbe0001000-7fcbe0003000 rw-p 00000000 00:00 0 
7fcbe0003000-7fcbe0007000 r--s 00022000 00:19 16258842                   /home/kenny/dev/jprelude/experimental/jprelude-webui/target/webapp/WEB-INF/lib/jprelude-webui_2.11-0.1.jar
7fcbe0007000-7fcbe0009000 r--s 00012000 00:19 16258847                   /home/kenny/dev/jprelude/experimental/jprelude-webui/target/webapp/WEB-INF/lib/flute-1.3.0.gg2.jar
7fcbe0009000-7fcbe0012000 r--s 00079000 00:19 16258845                   /home/kenny/dev/jprelude/experimental/jprelude-webui/target/webapp/WEB-INF/lib/vaadin-sass-compiler-0.9.12.jar
7fcbe0012000-7fcbe00b7000 rw-p 00000000 00:00 0 
7fcbe00b7000-7fcbe0290000 r--s 03d09000 08:01 16386470                   /usr/lib/jvm/java-8-oracle/jre/lib/rt.jar
7fcbe0290000-7fcbe4000000 rw-p 00000000 00:00 0 
7fcbe4000000-7fcbe4021000 rw-p 00000000 00:00 0 
7fcbe4021000-7fcbe8000000 ---p 00000000 00:00 0 
7fcbe8000000-7fcbe801f000 r--s 006f3000 00:19 16258853                   /home/kenny/dev/jprelude/experimental/jprelude-webui/target/webapp/WEB-INF/lib/vaadin-themes-7.4.5.jar
7fcbe801f000-7fcbe89a7000 rw-p 00000000 00:00 0 
7fcbe89a7000-7fcbe8a27000 ---p 00000000 00:00 0 
7fcbe8a27000-7fcbe8dfe000 rw-p 00000000 00:00 0 
7fcbe8dfe000-7fcbe8dff000 ---p 00000000 00:00 0 
7fcbe8dff000-7fcbe8eff000 rw-p 00000000 00:00 0                          [stack:26541]
7fcbe8eff000-7fcbe8f00000 ---p 00000000 00:00 0 
7fcbe8f00000-7fcbe9000000 rw-p 00000000 00:00 0                          [stack:26540]
7fcbe9000000-7fcbe93e0000 rwxp 00000000 00:00 0 
7fcbe93e0000-7fcbf8000000 ---p 00000000 00:00 0 
7fcbf8000000-7fcbf83dd000 rw-p 00000000 00:00 0 
7fcbf83dd000-7fcbfc000000 ---p 00000000 00:00 0 
7fcbfc000000-7fcbfc008000 r--s 00053000 00:19 16258854                   /home/kenny/dev/jprelude/experimental/jprelude-webui/target/webapp/WEB-INF/lib/rxscala_2.11-0.24.1.jar
7fcbfc008000-7fcbfc00a000 r--s 00079000 00:19 16258852                   /home/kenny/dev/jprelude/experimental/jprelude-webui/target/webapp/WEB-INF/lib/vaadin-client-compiled-7.4.5.jar
7fcbfc00a000-7fcbfc00c000 r--s 00008000 00:19 16258849                   /home/kenny/dev/jprelude/experimental/jprelude-webui/target/webapp/WEB-INF/lib/streamhtmlparser-jsilver-0.0.10.vaadin1.jar
7fcbfc00c000-7fcbfc017000 r--s 00116000 08:01 16386276                   /usr/lib/jvm/java-8-oracle/jre/lib/ext/localedata.jar
7fcbfc017000-7fcbfc018000 ---p 00000000 00:00 0 
7fcbfc018000-7fcbfc118000 rw-p 00000000 00:00 0                          [stack:26539]
7fcbfc118000-7fcbfc119000 ---p 00000000 00:00 0 
7fcbfc119000-7fcbfc219000 rw-p 00000000 00:00 0                          [stack:26538]
7fcbfc219000-7fcbfc21a000 ---p 00000000 00:00 0 
7fcbfc21a000-7fcbfc31a000 rw-p 00000000 00:00 0                          [stack:26537]
7fcbfc31a000-7fcbfc31b000 ---p 00000000 00:00 0 
7fcbfc31b000-7fcbfc41b000 rw-p 00000000 00:00 0                          [stack:26536]
7fcbfc41b000-7fcbfc41c000 ---p 00000000 00:00 0 
7fcbfc41c000-7fcbfc51c000 rw-p 00000000 00:00 0                          [stack:26535]
7fcbfc51c000-7fcbfc51d000 ---p 00000000 00:00 0 
7fcbfc51d000-7fcbfc647000 rw-p 00000000 00:00 0                          [stack:26534]
7fcbfc647000-7fcbfc8ad000 ---p 00000000 00:00 0 
7fcbfc8ad000-7fcbfc8d7000 rw-p 00000000 00:00 0 
7fcbfc8d7000-7fcbfcb3c000 ---p 00000000 00:00 0 
7fcbfcb3c000-7fcbfcb80000 rw-p 00000000 00:00 0 
7fcbfcb80000-7fcbfcc84000 ---p 00000000 00:00 0 
7fcbfcc84000-7fcbfcc95000 rw-p 00000000 00:00 0 
7fcbfcc95000-7fcbfd045000 ---p 00000000 00:00 0 
7fcbfd045000-7fcbfd05f000 r-xp 00000000 08:01 16515133                   /usr/lib/jvm/java-8-oracle/jre/lib/amd64/libzip.so
7fcbfd05f000-7fcbfd25f000 ---p 0001a000 08:01 16515133                   /usr/lib/jvm/java-8-oracle/jre/lib/amd64/libzip.so
7fcbfd25f000-7fcbfd260000 rw-p 0001a000 08:01 16515133                   /usr/lib/jvm/java-8-oracle/jre/lib/amd64/libzip.so
7fcbfd260000-7fcbfd26b000 r-xp 00000000 08:01 17695710                   /lib/x86_64-linux-gnu/libnss_files-2.19.so
7fcbfd26b000-7fcbfd46a000 ---p 0000b000 08:01 17695710                   /lib/x86_64-linux-gnu/libnss_files-2.19.so
7fcbfd46a000-7fcbfd46b000 r--p 0000a000 08:01 17695710                   /lib/x86_64-linux-gnu/libnss_files-2.19.so
7fcbfd46b000-7fcbfd46c000 rw-p 0000b000 08:01 17695710                   /lib/x86_64-linux-gnu/libnss_files-2.19.so
7fcbfd46c000-7fcbfd477000 r-xp 00000000 08:01 17695774                   /lib/x86_64-linux-gnu/libnss_nis-2.19.so
7fcbfd477000-7fcbfd676000 ---p 0000b000 08:01 17695774                   /lib/x86_64-linux-gnu/libnss_nis-2.19.so
7fcbfd676000-7fcbfd677000 r--p 0000a000 08:01 17695774                   /lib/x86_64-linux-gnu/libnss_nis-2.19.so
7fcbfd677000-7fcbfd678000 rw-p 0000b000 08:01 17695774                   /lib/x86_64-linux-gnu/libnss_nis-2.19.so
7fcbfd678000-7fcbfd68f000 r-xp 00000000 08:01 17695732                   /lib/x86_64-linux-gnu/libnsl-2.19.so
7fcbfd68f000-7fcbfd88e000 ---p 00017000 08:01 17695732                   /lib/x86_64-linux-gnu/libnsl-2.19.so
7fcbfd88e000-7fcbfd88f000 r--p 00016000 08:01 17695732                   /lib/x86_64-linux-gnu/libnsl-2.19.so
7fcbfd88f000-7fcbfd890000 rw-p 00017000 08:01 17695732                   /lib/x86_64-linux-gnu/libnsl-2.19.so
7fcbfd890000-7fcbfd892000 rw-p 00000000 00:00 0 
7fcbfd892000-7fcbfd89b000 r-xp 00000000 08:01 17695731                   /lib/x86_64-linux-gnu/libnss_compat-2.19.so
7fcbfd89b000-7fcbfda9a000 ---p 00009000 08:01 17695731                   /lib/x86_64-linux-gnu/libnss_compat-2.19.so
7fcbfda9a000-7fcbfda9b000 r--p 00008000 08:01 17695731                   /lib/x86_64-linux-gnu/libnss_compat-2.19.so
7fcbfda9b000-7fcbfda9c000 rw-p 00009000 08:01 17695731                   /lib/x86_64-linux-gnu/libnss_compat-2.19.so
7fcbfda9c000-7fcbfdac6000 r-xp 00000000 08:01 16515175                   /usr/lib/jvm/java-8-oracle/jre/lib/amd64/libjava.so
7fcbfdac6000-7fcbfdcc6000 ---p 0002a000 08:01 16515175                   /usr/lib/jvm/java-8-oracle/jre/lib/amd64/libjava.so
7fcbfdcc6000-7fcbfdcc8000 rw-p 0002a000 08:01 16515175                   /usr/lib/jvm/java-8-oracle/jre/lib/amd64/libjava.so
7fcbfdcc8000-7fcbfdcd5000 r-xp 00000000 08:01 16515201                   /usr/lib/jvm/java-8-oracle/jre/lib/amd64/libverify.so
7fcbfdcd5000-7fcbfded5000 ---p 0000d000 08:01 16515201                   /usr/lib/jvm/java-8-oracle/jre/lib/amd64/libverify.so
7fcbfded5000-7fcbfded7000 rw-p 0000d000 08:01 16515201                   /usr/lib/jvm/java-8-oracle/jre/lib/amd64/libverify.so
7fcbfded7000-7fcbfdede000 r-xp 00000000 08:01 17695771                   /lib/x86_64-linux-gnu/librt-2.19.so
7fcbfdede000-7fcbfe0dd000 ---p 00007000 08:01 17695771                   /lib/x86_64-linux-gnu/librt-2.19.so
7fcbfe0dd000-7fcbfe0de000 r--p 00006000 08:01 17695771                   /lib/x86_64-linux-gnu/librt-2.19.so
7fcbfe0de000-7fcbfe0df000 rw-p 00007000 08:01 17695771                   /lib/x86_64-linux-gnu/librt-2.19.so
7fcbfe0df000-7fcbfe1e4000 r-xp 00000000 08:01 17695709                   /lib/x86_64-linux-gnu/libm-2.19.so
7fcbfe1e4000-7fcbfe3e3000 ---p 00105000 08:01 17695709                   /lib/x86_64-linux-gnu/libm-2.19.so
7fcbfe3e3000-7fcbfe3e4000 r--p 00104000 08:01 17695709                   /lib/x86_64-linux-gnu/libm-2.19.so
7fcbfe3e4000-7fcbfe3e5000 rw-p 00105000 08:01 17695709                   /lib/x86_64-linux-gnu/libm-2.19.so
7fcbfe3e5000-7fcbff093000 r-xp 00000000 08:01 16515183                   /usr/lib/jvm/java-8-oracle/jre/lib/amd64/server/libjvm.so
7fcbff093000-7fcbff292000 ---p 00cae000 08:01 16515183                   /usr/lib/jvm/java-8-oracle/jre/lib/amd64/server/libjvm.so
7fcbff292000-7fcbff369000 rw-p 00cad000 08:01 16515183                   /usr/lib/jvm/java-8-oracle/jre/lib/amd64/server/libjvm.so
7fcbff369000-7fcbff3ad000 rw-p 00000000 00:00 0 
7fcbff3ad000-7fcbff568000 r-xp 00000000 08:01 17695760                   /lib/x86_64-linux-gnu/libc-2.19.so
7fcbff568000-7fcbff767000 ---p 001bb000 08:01 17695760                   /lib/x86_64-linux-gnu/libc-2.19.so
7fcbff767000-7fcbff76b000 r--p 001ba000 08:01 17695760                   /lib/x86_64-linux-gnu/libc-2.19.so
7fcbff76b000-7fcbff76d000 rw-p 001be000 08:01 17695760                   /lib/x86_64-linux-gnu/libc-2.19.so
7fcbff76d000-7fcbff772000 rw-p 00000000 00:00 0 
7fcbff772000-7fcbff775000 r-xp 00000000 08:01 17695713                   /lib/x86_64-linux-gnu/libdl-2.19.so
7fcbff775000-7fcbff974000 ---p 00003000 08:01 17695713                   /lib/x86_64-linux-gnu/libdl-2.19.so
7fcbff974000-7fcbff975000 r--p 00002000 08:01 17695713                   /lib/x86_64-linux-gnu/libdl-2.19.so
7fcbff975000-7fcbff976000 rw-p 00003000 08:01 17695713                   /lib/x86_64-linux-gnu/libdl-2.19.so
7fcbff976000-7fcbff98b000 r-xp 00000000 08:01 16515172                   /usr/lib/jvm/java-8-oracle/jre/lib/amd64/jli/libjli.so
7fcbff98b000-7fcbffb8b000 ---p 00015000 08:01 16515172                   /usr/lib/jvm/java-8-oracle/jre/lib/amd64/jli/libjli.so
7fcbffb8b000-7fcbffb8c000 rw-p 00015000 08:01 16515172                   /usr/lib/jvm/java-8-oracle/jre/lib/amd64/jli/libjli.so
7fcbffb8c000-7fcbffba5000 r-xp 00000000 08:01 17695761                   /lib/x86_64-linux-gnu/libpthread-2.19.so
7fcbffba5000-7fcbffda4000 ---p 00019000 08:01 17695761                   /lib/x86_64-linux-gnu/libpthread-2.19.so
7fcbffda4000-7fcbffda5000 r--p 00018000 08:01 17695761                   /lib/x86_64-linux-gnu/libpthread-2.19.so
7fcbffda5000-7fcbffda6000 rw-p 00019000 08:01 17695761                   /lib/x86_64-linux-gnu/libpthread-2.19.so
7fcbffda6000-7fcbffdaa000 rw-p 00000000 00:00 0 
7fcbffdaa000-7fcbffdcd000 r-xp 00000000 08:01 17695736                   /lib/x86_64-linux-gnu/ld-2.19.so
7fcbffdcd000-7fcbffdce000 rw-p 00000000 00:00 0 
7fcbffdce000-7fcbffdd3000 r--s 00094000 08:01 16386459                   /usr/lib/jvm/java-8-oracle/jre/lib/jsse.jar
7fcbffdd3000-7fcbffe9e000 rw-p 00000000 00:00 0 
7fcbffe9e000-7fcbffea1000 ---p 00000000 00:00 0 
7fcbffea1000-7fcbfffa3000 rw-p 00000000 00:00 0                          [stack:26533]
7fcbfffa3000-7fcbfffa4000 r--s 00003000 00:19 16258846                   /home/kenny/dev/jprelude/experimental/jprelude-webui/target/webapp/WEB-INF/lib/sac-1.3.jar
7fcbfffa4000-7fcbfffc0000 r--s 00393000 08:01 16386274                   /usr/lib/jvm/java-8-oracle/jre/lib/ext/cldrdata.jar
7fcbfffc0000-7fcbfffc8000 rw-s 00000000 08:01 20578349                   /tmp/hsperfdata_kenny/26529
7fcbfffc8000-7fcbfffc9000 rw-p 00000000 00:00 0 
7fcbfffc9000-7fcbfffca000 r--p 00000000 00:00 0 
7fcbfffca000-7fcbfffcc000 rw-p 00000000 00:00 0 
7fcbfffcc000-7fcbfffcd000 r--p 00022000 08:01 17695736                   /lib/x86_64-linux-gnu/ld-2.19.so
7fcbfffcd000-7fcbfffce000 rw-p 00023000 08:01 17695736                   /lib/x86_64-linux-gnu/ld-2.19.so
7fcbfffce000-7fcbfffcf000 rw-p 00000000 00:00 0 
7fffaf914000-7fffaf935000 rw-p 00000000 00:00 0                          [stack]
7fffaf9a1000-7fffaf9a3000 r-xp 00000000 00:00 0                          [vdso]
ffffffffff600000-ffffffffff601000 r-xp 00000000 00:00 0                  [vsyscall]

VM Arguments:
java_command: org.eclipse.jetty.runner.Runner --port 8081 /home/kenny/dev/jprelude/experimental/jprelude-webui/target/webapp
java_class_path (initial): /home/kenny/.ivy2/cache/org.eclipse.jetty/jetty-runner/jars/jetty-runner-9.2.1.v20140609.jar
Launcher Type: SUN_STANDARD

Environment Variables:
PATH=/home/kenny/bin:/home/kenny/bin:/usr/local/sbin:/usr/local/bin:/usr/sbin:/usr/bin:/sbin:/bin:/usr/games:/usr/local/games
USERNAME=kenny
LD_LIBRARY_PATH=/home/kenny/bin/idea-IC-141.713.2/bin:
SHELL=/bin/bash
DISPLAY=:0.0

Signal Handlers:
SIGSEGV: [libjvm.so+0xaad1e0], sa_mask[0]=11111111011111111101111111111110, sa_flags=SA_RESTART|SA_SIGINFO
SIGBUS: [libjvm.so+0xaad1e0], sa_mask[0]=11111111011111111101111111111110, sa_flags=SA_RESTART|SA_SIGINFO
SIGFPE: [libjvm.so+0x90b450], sa_mask[0]=11111111011111111101111111111110, sa_flags=SA_RESTART|SA_SIGINFO
SIGPIPE: [libjvm.so+0x90b450], sa_mask[0]=11111111011111111101111111111110, sa_flags=SA_RESTART|SA_SIGINFO
SIGXFSZ: [libjvm.so+0x90b450], sa_mask[0]=11111111011111111101111111111110, sa_flags=SA_RESTART|SA_SIGINFO
SIGILL: [libjvm.so+0x90b450], sa_mask[0]=11111111011111111101111111111110, sa_flags=SA_RESTART|SA_SIGINFO
SIGUSR1: SIG_DFL, sa_mask[0]=00000000000000000000000000000000, sa_flags=none
SIGUSR2: [libjvm.so+0x90ca90], sa_mask[0]=00100000000000000000000000000000, sa_flags=SA_RESTART|SA_SIGINFO
SIGHUP: [libjvm.so+0x90dde0], sa_mask[0]=11111111011111111101111111111110, sa_flags=SA_RESTART|SA_SIGINFO
SIGINT: [libjvm.so+0x90dde0], sa_mask[0]=11111111011111111101111111111110, sa_flags=SA_RESTART|SA_SIGINFO
SIGTERM: [libjvm.so+0x90dde0], sa_mask[0]=11111111011111111101111111111110, sa_flags=SA_RESTART|SA_SIGINFO
SIGQUIT: [libjvm.so+0x90dde0], sa_mask[0]=11111111011111111101111111111110, sa_flags=SA_RESTART|SA_SIGINFO


---------------  S Y S T E M  ---------------

OS:DISTRIB_ID=LinuxMint
DISTRIB_RELEASE=17.1
DISTRIB_CODENAME=rebecca
DISTRIB_DESCRIPTION="Linux Mint 17.1 Rebecca"

uname:Linux 3.13.0-37-generic #64-Ubuntu SMP Mon Sep 22 21:28:38 UTC 2014 x86_64
libc:glibc 2.19 NPTL 2.19 
rlimit: STACK 8192k, CORE 0k, NPROC 62640, NOFILE 4096, AS infinity
load average:1,74 1,18 1,12

/proc/meminfo:
MemTotal:        8049056 kB
MemFree:          567728 kB
Buffers:           39152 kB
Cached:          2119944 kB
SwapCached:            0 kB
Active:          5819000 kB
Inactive:        1262392 kB
Active(anon):    4941696 kB
Inactive(anon):   360924 kB
Active(file):     877304 kB
Inactive(file):   901468 kB
Unevictable:           0 kB
Mlocked:               0 kB
SwapTotal:             0 kB
SwapFree:              0 kB
Dirty:             21580 kB
Writeback:             0 kB
AnonPages:       4922516 kB
Mapped:           340516 kB
Shmem:            380416 kB
Slab:             147572 kB
SReclaimable:      78668 kB
SUnreclaim:        68904 kB
KernelStack:        6528 kB
PageTables:        66080 kB
NFS_Unstable:          0 kB
Bounce:                0 kB
WritebackTmp:          0 kB
CommitLimit:     4024528 kB
Committed_AS:   10864476 kB
VmallocTotal:   34359738367 kB
VmallocUsed:      567280 kB
VmallocChunk:   34359156824 kB
HardwareCorrupted:     0 kB
AnonHugePages:   1789952 kB
HugePages_Total:       0
HugePages_Free:        0
HugePages_Rsvd:        0
HugePages_Surp:        0
Hugepagesize:       2048 kB
DirectMap4k:       89852 kB
DirectMap2M:     8171520 kB


CPU:total 8 (4 cores per cpu, 2 threads per core) family 6 model 58 stepping 9, cmov, cx8, fxsr, mmx, sse, sse2, sse3, ssse3, sse4.1, sse4.2, popcnt, avx, aes, clmul, erms, ht, tsc, tscinvbit, tscinv

/proc/cpuinfo:
processor	: 0
vendor_id	: GenuineIntel
cpu family	: 6
model		: 58
model name	: Intel(R) Core(TM) i7-3612QM CPU @ 2.10GHz
stepping	: 9
microcode	: 0x15
cpu MHz		: 2101.000
cache size	: 6144 KB
physical id	: 0
siblings	: 8
core id		: 0
cpu cores	: 4
apicid		: 0
initial apicid	: 0
fpu		: yes
fpu_exception	: yes
cpuid level	: 13
wp		: yes
flags		: fpu vme de pse tsc msr pae mce cx8 apic sep mtrr pge mca cmov pat pse36 clflush dts acpi mmx fxsr sse sse2 ss ht tm pbe syscall nx rdtscp lm constant_tsc arch_perfmon pebs bts rep_good nopl xtopology nonstop_tsc aperfmperf eagerfpu pni pclmulqdq dtes64 monitor ds_cpl vmx est tm2 ssse3 cx16 xtpr pdcm pcid sse4_1 sse4_2 x2apic popcnt tsc_deadline_timer aes xsave avx f16c rdrand lahf_lm ida arat epb xsaveopt pln pts dtherm tpr_shadow vnmi flexpriority ept vpid fsgsbase smep erms
bogomips	: 4190.22
clflush size	: 64
cache_alignment	: 64
address sizes	: 36 bits physical, 48 bits virtual
power management:

processor	: 1
vendor_id	: GenuineIntel
cpu family	: 6
model		: 58
model name	: Intel(R) Core(TM) i7-3612QM CPU @ 2.10GHz
stepping	: 9
microcode	: 0x15
cpu MHz		: 2101.000
cache size	: 6144 KB
physical id	: 0
siblings	: 8
core id		: 0
cpu cores	: 4
apicid		: 1
initial apicid	: 1
fpu		: yes
fpu_exception	: yes
cpuid level	: 13
wp		: yes
flags		: fpu vme de pse tsc msr pae mce cx8 apic sep mtrr pge mca cmov pat pse36 clflush dts acpi mmx fxsr sse sse2 ss ht tm pbe syscall nx rdtscp lm constant_tsc arch_perfmon pebs bts rep_good nopl xtopology nonstop_tsc aperfmperf eagerfpu pni pclmulqdq dtes64 monitor ds_cpl vmx est tm2 ssse3 cx16 xtpr pdcm pcid sse4_1 sse4_2 x2apic popcnt tsc_deadline_timer aes xsave avx f16c rdrand lahf_lm ida arat epb xsaveopt pln pts dtherm tpr_shadow vnmi flexpriority ept vpid fsgsbase smep erms
bogomips	: 4190.22
clflush size	: 64
cache_alignment	: 64
address sizes	: 36 bits physical, 48 bits virtual
power management:

processor	: 2
vendor_id	: GenuineIntel
cpu family	: 6
model		: 58
model name	: Intel(R) Core(TM) i7-3612QM CPU @ 2.10GHz
stepping	: 9
microcode	: 0x15
cpu MHz		: 2101.000
cache size	: 6144 KB
physical id	: 0
siblings	: 8
core id		: 1
cpu cores	: 4
apicid		: 2
initial apicid	: 2
fpu		: yes
fpu_exception	: yes
cpuid level	: 13
wp		: yes
flags		: fpu vme de pse tsc msr pae mce cx8 apic sep mtrr pge mca cmov pat pse36 clflush dts acpi mmx fxsr sse sse2 ss ht tm pbe syscall nx rdtscp lm constant_tsc arch_perfmon pebs bts rep_good nopl xtopology nonstop_tsc aperfmperf eagerfpu pni pclmulqdq dtes64 monitor ds_cpl vmx est tm2 ssse3 cx16 xtpr pdcm pcid sse4_1 sse4_2 x2apic popcnt tsc_deadline_timer aes xsave avx f16c rdrand lahf_lm ida arat epb xsaveopt pln pts dtherm tpr_shadow vnmi flexpriority ept vpid fsgsbase smep erms
bogomips	: 4190.22
clflush size	: 64
cache_alignment	: 64
address sizes	: 36 bits physical, 48 bits virtual
power management:

processor	: 3
vendor_id	: GenuineIntel
cpu family	: 6
model		: 58
model name	: Intel(R) Core(TM) i7-3612QM CPU @ 2.10GHz
stepping	: 9
microcode	: 0x15
cpu MHz		: 2101.000
cache size	: 6144 KB
physical id	: 0
siblings	: 8
core id		: 1
cpu cores	: 4
apicid		: 3
initial apicid	: 3
fpu		: yes
fpu_exception	: yes
cpuid level	: 13
wp		: yes
flags		: fpu vme de pse tsc msr pae mce cx8 apic sep mtrr pge mca cmov pat pse36 clflush dts acpi mmx fxsr sse sse2 ss ht tm pbe syscall nx rdtscp lm constant_tsc arch_perfmon pebs bts rep_good nopl xtopology nonstop_tsc aperfmperf eagerfpu pni pclmulqdq dtes64 monitor ds_cpl vmx est tm2 ssse3 cx16 xtpr pdcm pcid sse4_1 sse4_2 x2apic popcnt tsc_deadline_timer aes xsave avx f16c rdrand lahf_lm ida arat epb xsaveopt pln pts dtherm tpr_shadow vnmi flexpriority ept vpid fsgsbase smep erms
bogomips	: 4190.22
clflush size	: 64
cache_alignment	: 64
address sizes	: 36 bits physical, 48 bits virtual
power management:

processor	: 4
vendor_id	: GenuineIntel
cpu family	: 6
model		: 58
model name	: Intel(R) Core(TM) i7-3612QM CPU @ 2.10GHz
stepping	: 9
microcode	: 0x15
cpu MHz		: 2101.000
cache size	: 6144 KB
physical id	: 0
siblings	: 8
core id		: 2
cpu cores	: 4
apicid		: 4
initial apicid	: 4
fpu		: yes
fpu_exception	: yes
cpuid level	: 13
wp		: yes
flags		: fpu vme de pse tsc msr pae mce cx8 apic sep mtrr pge mca cmov pat pse36 clflush dts acpi mmx fxsr sse sse2 ss ht tm pbe syscall nx rdtscp lm constant_tsc arch_perfmon pebs bts rep_good nopl xtopology nonstop_tsc aperfmperf eagerfpu pni pclmulqdq dtes64 monitor ds_cpl vmx est tm2 ssse3 cx16 xtpr pdcm pcid sse4_1 sse4_2 x2apic popcnt tsc_deadline_timer aes xsave avx f16c rdrand lahf_lm ida arat epb xsaveopt pln pts dtherm tpr_shadow vnmi flexpriority ept vpid fsgsbase smep erms
bogomips	: 4190.22
clflush size	: 64
cache_alignment	: 64
address sizes	: 36 bits physical, 48 bits virtual
power management:

processor	: 5
vendor_id	: GenuineIntel
cpu family	: 6
model		: 58
model name	: Intel(R) Core(TM) i7-3612QM CPU @ 2.10GHz
stepping	: 9
microcode	: 0x15
cpu MHz		: 2101.000
cache size	: 6144 KB
physical id	: 0
siblings	: 8
core id		: 2
cpu cores	: 4
apicid		: 5
initial apicid	: 5
fpu		: yes
fpu_exception	: yes
cpuid level	: 13
wp		: yes
flags		: fpu vme de pse tsc msr pae mce cx8 apic sep mtrr pge mca cmov pat pse36 clflush dts acpi mmx fxsr sse sse2 ss ht tm pbe syscall nx rdtscp lm constant_tsc arch_perfmon pebs bts rep_good nopl xtopology nonstop_tsc aperfmperf eagerfpu pni pclmulqdq dtes64 monitor ds_cpl vmx est tm2 ssse3 cx16 xtpr pdcm pcid sse4_1 sse4_2 x2apic popcnt tsc_deadline_timer aes xsave avx f16c rdrand lahf_lm ida arat epb xsaveopt pln pts dtherm tpr_shadow vnmi flexpriority ept vpid fsgsbase smep erms
bogomips	: 4190.22
clflush size	: 64
cache_alignment	: 64
address sizes	: 36 bits physical, 48 bits virtual
power management:

processor	: 6
vendor_id	: GenuineIntel
cpu family	: 6
model		: 58
model name	: Intel(R) Core(TM) i7-3612QM CPU @ 2.10GHz
stepping	: 9
microcode	: 0x15
cpu MHz		: 2101.000
cache size	: 6144 KB
physical id	: 0
siblings	: 8
core id		: 3
cpu cores	: 4
apicid		: 6
initial apicid	: 6
fpu		: yes
fpu_exception	: yes
cpuid level	: 13
wp		: yes
flags		: fpu vme de pse tsc msr pae mce cx8 apic sep mtrr pge mca cmov pat pse36 clflush dts acpi mmx fxsr sse sse2 ss ht tm pbe syscall nx rdtscp lm constant_tsc arch_perfmon pebs bts rep_good nopl xtopology nonstop_tsc aperfmperf eagerfpu pni pclmulqdq dtes64 monitor ds_cpl vmx est tm2 ssse3 cx16 xtpr pdcm pcid sse4_1 sse4_2 x2apic popcnt tsc_deadline_timer aes xsave avx f16c rdrand lahf_lm ida arat epb xsaveopt pln pts dtherm tpr_shadow vnmi flexpriority ept vpid fsgsbase smep erms
bogomips	: 4190.22
clflush size	: 64
cache_alignment	: 64
address sizes	: 36 bits physical, 48 bits virtual
power management:

processor	: 7
vendor_id	: GenuineIntel
cpu family	: 6
model		: 58
model name	: Intel(R) Core(TM) i7-3612QM CPU @ 2.10GHz
stepping	: 9
microcode	: 0x15
cpu MHz		: 2101.000
cache size	: 6144 KB
physical id	: 0
siblings	: 8
core id		: 3
cpu cores	: 4
apicid		: 7
initial apicid	: 7
fpu		: yes
fpu_exception	: yes
cpuid level	: 13
wp		: yes
flags		: fpu vme de pse tsc msr pae mce cx8 apic sep mtrr pge mca cmov pat pse36 clflush dts acpi mmx fxsr sse sse2 ss ht tm pbe syscall nx rdtscp lm constant_tsc arch_perfmon pebs bts rep_good nopl xtopology nonstop_tsc aperfmperf eagerfpu pni pclmulqdq dtes64 monitor ds_cpl vmx est tm2 ssse3 cx16 xtpr pdcm pcid sse4_1 sse4_2 x2apic popcnt tsc_deadline_timer aes xsave avx f16c rdrand lahf_lm ida arat epb xsaveopt pln pts dtherm tpr_shadow vnmi flexpriority ept vpid fsgsbase smep erms
bogomips	: 4190.22
clflush size	: 64
cache_alignment	: 64
address sizes	: 36 bits physical, 48 bits virtual
power management:



Memory: 4k page, physical 8049056k(565000k free), swap 0k(0k free)

vm_info: Java HotSpot(TM) 64-Bit Server VM (25.45-b02) for linux-amd64 JRE (1.8.0_45-b14), built on Apr 10 2015 10:07:45 by "java_re" with gcc 4.3.0 20080428 (Red Hat 4.3.0-8)

time: Wed May  6 00:21:01 2015
elapsed time: 1 seconds (0d 0h 0m 1s)

