#
# A fatal error has been detected by the Java Runtime Environment:
#
#  SIGBUS (0x7) at pc=0x00007f0ea97737d2, pid=14514, tid=139700064040704
#
# JRE version: Java(TM) SE Runtime Environment (8.0_45-b14) (build 1.8.0_45-b14)
# Java VM: Java HotSpot(TM) 64-Bit Server VM (25.45-b02 mixed mode linux-amd64 compressed oops)
# Problematic frame:
# C  [libzip.so+0x117d2]  newEntry+0x62
#
# Failed to write core dump. Core dumps have been disabled. To enable core dumping, try "ulimit -c unlimited" before starting Java again
#
# If you would like to submit a bug report, please visit:
#   http://bugreport.java.com/bugreport/crash.jsp
# The crash happened outside the Java Virtual Machine in native code.
# See problematic frame for where to report the bug.
#

---------------  T H R E A D  ---------------

Current thread (0x00007f0e38001000):  JavaThread "qtp1078694789-24" [_thread_in_native, id=14575, stack(0x00007f0e74a13000,0x00007f0e74b14000)]

siginfo: si_signo: 7 (SIGBUS), si_code: 2 (BUS_ADRERR), si_addr: 0x00007f0e753fc143

Registers:
RAX=0x00007f0e080c1990, RBX=0x00007f0ea42adb20, RCX=0x00007f0e08000020, RDX=0x00007f0e080c1990
RSP=0x00007f0e74b0f290, RBP=0x00007f0e74b0f2e0, RSI=0x000000000400000c, RDI=0x0000000000000000
R8 =0x0000000000000003, R9 =0x00007f0e08000078, R10=0x00007f0e9517d7d8, R11=0x00007f0eabc51a00
R12=0x00007f0e753fc126, R13=0x00007f0e080c1990, R14=0x00000000e4ba9374, R15=0x00007f0ea428c230
RIP=0x00007f0ea97737d2, EFLAGS=0x0000000000010202, CSGSFS=0x0000000000000033, ERR=0x0000000000000004
  TRAPNO=0x000000000000000e

Top of Stack: (sp=0x00007f0e74b0f290)
0x00007f0e74b0f290:   00007f0e74116738 00007f0e00000000
0x00007f0e74b0f2a0:   00000001000007a8 00007f0eab3cc42e
0x00007f0e74b0f2b0:   00007f0e080c1990 00007f0ea42adb20
0x00007f0e74b0f2c0:   00007f0e00187980 00007f0ea428c230
0x00007f0e74b0f2d0:   00000000e4ba9374 0000000000000029
0x00007f0e74b0f2e0:   00007f0e74b0f340 00007f0ea9773f2f
0x00007f0e74b0f2f0:   00007f0e38001000 01007f0e74116738
0x00007f0e74b0f300:   00007f0e74b0f360 00007f0e74b0f38a
0x00007f0e74b0f310:   00007f0e74b0f388 00007f0e74b0f360
0x00007f0e74b0f320:   0000000000000029 00007f0e380011f8
0x00007f0e74b0f330:   00007f0e74b0f7b8 0000000000000001
0x00007f0e74b0f340:   00007f0e74b0f7a0 00007f0ea9765d30
0x00007f0e74b0f350:   00007f0e74258050 00007f0ea428c230
0x00007f0e74b0f360:   646161762f6d6f63 65726168732f6e69
0x00007f0e74b0f370:   2f69752f69752f64 746e65696c434955
0x00007f0e74b0f380:   73616c632e637052 00007f0e74000073
0x00007f0e74b0f390:   6873657294ebe4d8 00007f0e74258230
0x00007f0e74b0f3a0:   00007f0e94ebeb78 00007f0e740a31a8
0x00007f0e74b0f3b0:   00007f0e7409c238 01007f0e74111920
0x00007f0e74b0f3c0:   0000000074258050 0000000174117d48
0x00007f0e74b0f3d0:   0000000074116738 00007f0e74121870
0x00007f0e74b0f3e0:   000000007410b9a8 0000000074f6a518
0x00007f0e74b0f3f0:   00000000742580f0 0000000074258110
0x00007f0e74b0f400:   00000000740752a8 00007f0e74070cd8
0x00007f0e74b0f410:   00007f0e74317b70 0000001f7409c218
0x00007f0e74b0f420:   000000007432cbe0 0000000074116928
0x00007f0e74b0f430:   0000002874116908 00007f0e7410b988
0x00007f0e74b0f440:   0000000074116818 00000000742580d0
0x00007f0e74b0f450:   00007f0e742580b0 00007f0e7404e3d8
0x00007f0e74b0f460:   00007f0e74317b70 00007f0e740f3c10
0x00007f0e74b0f470:   00007f0e740f3bf0 0000000874317b70
0x00007f0e74b0f480:   00007f0e7404e3d8 00000000740a3168 

Instructions: (pc=0x00007f0ea97737d2)
0x00007f0ea97737b2:   00 48 c7 40 28 00 00 00 00 41 80 7f 30 00 0f 84
0x00007f0ea97737c2:   8a 02 00 00 4c 8b 63 08 4d 2b 67 28 4d 03 67 18
0x00007f0ea97737d2:   41 0f b6 5c 24 1d 41 0f b6 44 24 1c c1 e3 08 09
0x00007f0ea97737e2:   c3 41 0f b6 44 24 1e 88 45 bd 41 0f b6 54 24 20 

Register to memory mapping:

RAX=0x00007f0e080c1990 is an unknown value
RBX=0x00007f0ea42adb20 is an unknown value
RCX=0x00007f0e08000020 is an unknown value
RDX=0x00007f0e080c1990 is an unknown value
RSP=0x00007f0e74b0f290 is pointing into the stack for thread: 0x00007f0e38001000
RBP=0x00007f0e74b0f2e0 is pointing into the stack for thread: 0x00007f0e38001000
RSI=0x000000000400000c is an unknown value
RDI=0x0000000000000000 is an unknown value
R8 =0x0000000000000003 is an unknown value
R9 =0x00007f0e08000078 is an unknown value
R10=0x00007f0e9517d7d8 is at entry_point+88 in (nmethod*)0x00007f0e9517d610
R11=0x00007f0eabc51a00: <offset 0x187a00> in /lib/x86_64-linux-gnu/libc.so.6 at 0x00007f0eabaca000
R12=0x00007f0e753fc126 is an unknown value
R13=0x00007f0e080c1990 is an unknown value
R14=0x00000000e4ba9374 is an unknown value
R15=0x00007f0ea428c230 is an unknown value


Stack: [0x00007f0e74a13000,0x00007f0e74b14000],  sp=0x00007f0e74b0f290,  free space=1008k
Native frames: (J=compiled Java code, j=interpreted, Vv=VM code, C=native code)
C  [libzip.so+0x117d2]  newEntry+0x62
C  [libzip.so+0x11f2f]  ZIP_GetEntry2+0xff
C  [libzip.so+0x3d30]  Java_java_util_zip_ZipFile_getEntry+0xf0
J 216  java.util.zip.ZipFile.getEntry(J[BZ)J (0 bytes) @ 0x00007f0e9517d84e [0x00007f0e9517d780+0xce]
J 1464 C2 java.util.jar.JarFile.getEntry(Ljava/lang/String;)Ljava/util/zip/ZipEntry; (22 bytes) @ 0x00007f0e95628afc [0x00007f0e956287c0+0x33c]

Java frames: (J=compiled Java code, j=interpreted, Vv=VM code)
J 216  java.util.zip.ZipFile.getEntry(J[BZ)J (0 bytes) @ 0x00007f0e9517d7d8 [0x00007f0e9517d780+0x58]
J 1464 C2 java.util.jar.JarFile.getEntry(Ljava/lang/String;)Ljava/util/zip/ZipEntry; (22 bytes) @ 0x00007f0e95628afc [0x00007f0e956287c0+0x33c]
J 1626 C2 sun.misc.URLClassPath$JarLoader.getResource(Ljava/lang/String;Z)Lsun/misc/Resource; (85 bytes) @ 0x00007f0e956be328 [0x00007f0e956be200+0x128]
J 224 C1 sun.misc.URLClassPath.getResource(Ljava/lang/String;Z)Lsun/misc/Resource; (83 bytes) @ 0x00007f0e95184b6c [0x00007f0e95184a00+0x16c]
J 237 C1 java.net.URLClassLoader$1.run()Ljava/lang/Class; (63 bytes) @ 0x00007f0e9518812c [0x00007f0e95187f20+0x20c]
J 236 C1 java.net.URLClassLoader$1.run()Ljava/lang/Object; (5 bytes) @ 0x00007f0e9518890c [0x00007f0e95188880+0x8c]
v  ~StubRoutines::call_stub
J 235  java.security.AccessController.doPrivileged(Ljava/security/PrivilegedExceptionAction;Ljava/security/AccessControlContext;)Ljava/lang/Object; (0 bytes) @ 0x00007f0e95189de3 [0x00007f0e95189d80+0x63]
J 198 C1 java.net.URLClassLoader.findClass(Ljava/lang/String;)Ljava/lang/Class; (47 bytes) @ 0x00007f0e95174284 [0x00007f0e95174100+0x184]
J 1513 C1 org.eclipse.jetty.webapp.WebAppClassLoader.findClass(Ljava/lang/String;)Ljava/lang/Class; (223 bytes) @ 0x00007f0e9564e28c [0x00007f0e9564d040+0x124c]
J 1476 C1 org.eclipse.jetty.webapp.WebAppClassLoader.loadClass(Ljava/lang/String;Z)Ljava/lang/Class; (260 bytes) @ 0x00007f0e9562f924 [0x00007f0e9562e7a0+0x1184]
J 1475 C1 org.eclipse.jetty.webapp.WebAppClassLoader.loadClass(Ljava/lang/String;)Ljava/lang/Class; (7 bytes) @ 0x00007f0e95627f94 [0x00007f0e95627f00+0x94]
v  ~StubRoutines::call_stub
j  com.vaadin.ui.UI.close()V+32
j  com.vaadin.server.VaadinSession.addUI(Lcom/vaadin/ui/UI;)V+158
j  com.vaadin.server.communication.UIInitHandler.getBrowserDetailsUI(Lcom/vaadin/server/VaadinRequest;Lcom/vaadin/server/VaadinSession;)Lcom/vaadin/ui/UI;+390
j  com.vaadin.server.communication.UIInitHandler.synchronizedHandleRequest(Lcom/vaadin/server/VaadinSession;Lcom/vaadin/server/VaadinRequest;Lcom/vaadin/server/VaadinResponse;)Z+31
j  com.vaadin.server.SynchronizedRequestHandler.handleRequest(Lcom/vaadin/server/VaadinSession;Lcom/vaadin/server/VaadinRequest;Lcom/vaadin/server/VaadinResponse;)Z+18
j  com.vaadin.server.VaadinService.handleRequest(Lcom/vaadin/server/VaadinRequest;Lcom/vaadin/server/VaadinResponse;)V+64
j  com.vaadin.server.VaadinServlet.service(Ljavax/servlet/http/HttpServletRequest;Ljavax/servlet/http/HttpServletResponse;)V+81
j  javax.servlet.http.HttpServlet.service(Ljavax/servlet/ServletRequest;Ljavax/servlet/ServletResponse;)V+39
j  org.eclipse.jetty.servlet.ServletHolder.handle(Lorg/eclipse/jetty/server/Request;Ljavax/servlet/ServletRequest;Ljavax/servlet/ServletResponse;)V+222
j  org.eclipse.jetty.servlet.ServletHandler.doHandle(Ljava/lang/String;Lorg/eclipse/jetty/server/Request;Ljavax/servlet/http/HttpServletRequest;Ljavax/servlet/http/HttpServletResponse;)V+197
j  org.eclipse.jetty.server.handler.ScopedHandler.handle(Ljava/lang/String;Lorg/eclipse/jetty/server/Request;Ljavax/servlet/http/HttpServletRequest;Ljavax/servlet/http/HttpServletResponse;)V+32
j  org.eclipse.jetty.security.SecurityHandler.handle(Ljava/lang/String;Lorg/eclipse/jetty/server/Request;Ljavax/servlet/http/HttpServletRequest;Ljavax/servlet/http/HttpServletResponse;)V+553
j  org.eclipse.jetty.server.session.SessionHandler.doHandle(Ljava/lang/String;Lorg/eclipse/jetty/server/Request;Ljavax/servlet/http/HttpServletRequest;Ljavax/servlet/http/HttpServletResponse;)V+68
j  org.eclipse.jetty.server.handler.ContextHandler.doHandle(Ljava/lang/String;Lorg/eclipse/jetty/server/Request;Ljavax/servlet/http/HttpServletRequest;Ljavax/servlet/http/HttpServletResponse;)V+369
j  org.eclipse.jetty.servlet.ServletHandler.doScope(Ljava/lang/String;Lorg/eclipse/jetty/server/Request;Ljavax/servlet/http/HttpServletRequest;Ljavax/servlet/http/HttpServletResponse;)V+274
j  org.eclipse.jetty.server.session.SessionHandler.doScope(Ljava/lang/String;Lorg/eclipse/jetty/server/Request;Ljavax/servlet/http/HttpServletRequest;Ljavax/servlet/http/HttpServletResponse;)V+233
j  org.eclipse.jetty.server.handler.ContextHandler.doScope(Ljava/lang/String;Lorg/eclipse/jetty/server/Request;Ljavax/servlet/http/HttpServletRequest;Ljavax/servlet/http/HttpServletResponse;)V+437
j  org.eclipse.jetty.server.handler.ScopedHandler.handle(Ljava/lang/String;Lorg/eclipse/jetty/server/Request;Ljavax/servlet/http/HttpServletRequest;Ljavax/servlet/http/HttpServletResponse;)V+20
j  org.eclipse.jetty.server.handler.ContextHandlerCollection.handle(Ljava/lang/String;Lorg/eclipse/jetty/server/Request;Ljavax/servlet/http/HttpServletRequest;Ljavax/servlet/http/HttpServletResponse;)V+174
j  org.eclipse.jetty.server.handler.HandlerCollection.handle(Ljava/lang/String;Lorg/eclipse/jetty/server/Request;Ljavax/servlet/http/HttpServletRequest;Ljavax/servlet/http/HttpServletResponse;)V+42
j  org.eclipse.jetty.server.handler.HandlerWrapper.handle(Ljava/lang/String;Lorg/eclipse/jetty/server/Request;Ljavax/servlet/http/HttpServletRequest;Ljavax/servlet/http/HttpServletResponse;)V+23
j  org.eclipse.jetty.server.Server.handle(Lorg/eclipse/jetty/server/HttpChannel;)V+118
j  org.eclipse.jetty.server.HttpChannel.handle()Z+263
j  org.eclipse.jetty.server.HttpConnection.onFillable()V+178
j  org.eclipse.jetty.io.AbstractConnection$2.run()V+4
j  org.eclipse.jetty.util.thread.QueuedThreadPool.runJob(Ljava/lang/Runnable;)V+1
j  org.eclipse.jetty.util.thread.QueuedThreadPool$3.run()V+73
j  java.lang.Thread.run()V+11
v  ~StubRoutines::call_stub

---------------  P R O C E S S  ---------------

Java Threads: ( => current thread )
  0x00007f0e04001000 JavaThread "qtp1078694789-28" [_thread_in_Java, id=14594, stack(0x00007f0e7440f000,0x00007f0e74510000)]
  0x00007f0e00008000 JavaThread "qtp1078694789-27" [_thread_blocked, id=14593, stack(0x00007f0e74510000,0x00007f0e74611000)]
  0x00007f0e08001000 JavaThread "qtp1078694789-26" [_thread_blocked, id=14587, stack(0x00007f0e74611000,0x00007f0e74712000)]
  0x00007f0e2c005800 JavaThread "Scheduler-193064360" [_thread_blocked, id=14586, stack(0x00007f0e74912000,0x00007f0e74a13000)]
=>0x00007f0e38001000 JavaThread "qtp1078694789-24" [_thread_in_native, id=14575, stack(0x00007f0e74a13000,0x00007f0e74b14000)]
  0x00007f0ea4375800 JavaThread "org.eclipse.jetty.server.session.HashSessionManager@61a485d2Timer" daemon [_thread_blocked, id=14574, stack(0x00007f0e7523d000,0x00007f0e7533e000)]
  0x00007f0e24001000 JavaThread "qtp1078694789-22-selector-ServerConnectorManager@70e14a3b/3" [_thread_in_native, id=14556, stack(0x00007f0e7513c000,0x00007f0e7523d000)]
  0x00007f0ea420c800 JavaThread "qtp1078694789-19-selector-ServerConnectorManager@70e14a3b/4" [_thread_in_native, id=14549, stack(0x00007f0e75458000,0x00007f0e75559000)]
  0x00007f0ea420b000 JavaThread "qtp1078694789-18-selector-ServerConnectorManager@70e14a3b/0" [_thread_in_native, id=14548, stack(0x00007f0e75559000,0x00007f0e7565a000)]
  0x00007f0ea4209800 JavaThread "qtp1078694789-17-selector-ServerConnectorManager@70e14a3b/7" [_thread_in_native, id=14547, stack(0x00007f0e7565a000,0x00007f0e7575b000)]
  0x00007f0ea4207800 JavaThread "qtp1078694789-16-selector-ServerConnectorManager@70e14a3b/1" [_thread_in_native, id=14546, stack(0x00007f0e7575b000,0x00007f0e7585c000)]
  0x00007f0ea4206000 JavaThread "qtp1078694789-15-selector-ServerConnectorManager@70e14a3b/6" [_thread_in_native, id=14545, stack(0x00007f0e7585c000,0x00007f0e7595d000)]
  0x00007f0ea4204000 JavaThread "qtp1078694789-14-selector-ServerConnectorManager@70e14a3b/2" [_thread_in_native, id=14544, stack(0x00007f0e7595d000,0x00007f0e75a5e000)]
  0x00007f0ea4202800 JavaThread "qtp1078694789-13-acceptor-0-ServerConnector@6d4b1c02{HTTP/1.1}{0.0.0.0:8081}" [_thread_in_native, id=14543, stack(0x00007f0e75a5e000,0x00007f0e75b5f000)]
  0x00007f0ea4201000 JavaThread "qtp1078694789-12-selector-ServerConnectorManager@70e14a3b/5" [_thread_in_native, id=14542, stack(0x00007f0e75b5f000,0x00007f0e75c60000)]
  0x00007f0ea40d5800 JavaThread "Service Thread" daemon [_thread_blocked, id=14540, stack(0x00007f0e75fac000,0x00007f0e760ad000)]
  0x00007f0ea40c8000 JavaThread "C1 CompilerThread3" daemon [_thread_blocked, id=14539, stack(0x00007f0e760ad000,0x00007f0e761ae000)]
  0x00007f0ea40c6000 JavaThread "C2 CompilerThread2" daemon [_thread_in_native, id=14538, stack(0x00007f0e761ae000,0x00007f0e762af000)]
  0x00007f0ea40c4000 JavaThread "C2 CompilerThread1" daemon [_thread_in_native, id=14537, stack(0x00007f0e762af000,0x00007f0e763b0000)]
  0x00007f0ea40c1800 JavaThread "C2 CompilerThread0" daemon [_thread_in_native, id=14536, stack(0x00007f0e763b0000,0x00007f0e764b1000)]
  0x00007f0ea40c0000 JavaThread "Signal Dispatcher" daemon [_thread_blocked, id=14535, stack(0x00007f0e764b1000,0x00007f0e765b2000)]
  0x00007f0ea4087000 JavaThread "Finalizer" daemon [_thread_blocked, id=14534, stack(0x00007f0e769ea000,0x00007f0e76aeb000)]
  0x00007f0ea4085000 JavaThread "Reference Handler" daemon [_thread_blocked, id=14531, stack(0x00007f0e76aeb000,0x00007f0e76bec000)]
  0x00007f0ea4009800 JavaThread "main" [_thread_blocked, id=14518, stack(0x00007f0eac5bb000,0x00007f0eac6bc000)]

Other Threads:
  0x00007f0ea407f800 VMThread [stack: 0x00007f0e76bec000,0x00007f0e76ced000] [id=14527]
  0x00007f0ea40d8000 WatcherThread [stack: 0x00007f0e75eab000,0x00007f0e75fac000] [id=14541]

VM state:not at safepoint (normal execution)

VM Mutex/Monitor currently owned by a thread: None

Heap:
 PSYoungGen      total 140800K, used 106240K [0x00000000d7100000, 0x00000000ea500000, 0x0000000100000000)
  eden space 118272K, 70% used [0x00000000d7100000,0x00000000dc2c6e90,0x00000000de480000)
  from space 22528K, 99% used [0x00000000de480000,0x00000000dfa791b8,0x00000000dfa80000)
  to   space 39424K, 0% used [0x00000000e7e80000,0x00000000e7e80000,0x00000000ea500000)
 ParOldGen       total 84992K, used 45697K [0x0000000085200000, 0x000000008a500000, 0x00000000d7100000)
  object space 84992K, 53% used [0x0000000085200000,0x0000000087ea07a8,0x000000008a500000)
 Metaspace       used 18068K, capacity 18254K, committed 18560K, reserved 1064960K
  class space    used 2329K, capacity 2402K, committed 2432K, reserved 1048576K

Card table byte_map: [0x00007f0ea8fca000,0x00007f0ea93a2000] byte_map_base: 0x00007f0ea8ba1000

Marking Bits: (ParMarkBitMap*) 0x00007f0eaba9f760
 Begin Bits: [0x00007f0e8c290000, 0x00007f0e8e148000)
 End Bits:   [0x00007f0e8e148000, 0x00007f0e90000000)

Polling page: 0x00007f0eac6e6000

CodeCache: size=245760Kb used=7122Kb max_used=7122Kb free=238637Kb
 bounds [0x00007f0e95000000, 0x00007f0e95700000, 0x00007f0ea4000000]
 total_blobs=2081 nmethods=1709 adapters=283
 compilation: enabled

Compilation events (10 events):
Event: 9,524 Thread 0x00007f0ea40c8000 nmethod 1708 0x00007f0e956f0c50 code [0x00007f0e956f0e00, 0x00007f0e956f1408]
Event: 9,524 Thread 0x00007f0ea40c8000 1709       3       org.eclipse.jetty.server.HttpInput::read (30 bytes)
Event: 9,524 Thread 0x00007f0ea40c8000 nmethod 1709 0x00007f0e956f15d0 code [0x00007f0e956f1740, 0x00007f0e956f19e8]
Event: 9,524 Thread 0x00007f0ea40c8000 1713       1       scala.collection.mutable.ArrayBuffer::size0 (5 bytes)
Event: 9,524 Thread 0x00007f0ea40c8000 nmethod 1713 0x00007f0e956f1b10 code [0x00007f0e956f1c60, 0x00007f0e956f1d70]
Event: 9,524 Thread 0x00007f0ea40c8000 1710   !   3       org.eclipse.jetty.server.HttpInput::read (86 bytes)
Event: 9,524 Thread 0x00007f0ea40c8000 nmethod 1710 0x00007f0e956f1dd0 code [0x00007f0e956f1fa0, 0x00007f0e956f27e8]
Event: 9,524 Thread 0x00007f0ea40c8000 1711       3       java.util.HashSet::<init> (16 bytes)
Event: 9,525 Thread 0x00007f0ea40c8000 nmethod 1711 0x00007f0e956f2b10 code [0x00007f0e956f2ca0, 0x00007f0e956f30b0]
Event: 9,525 Thread 0x00007f0ea40c8000 1714       1       scala.collection.mutable.ArrayBuffer::array (5 bytes)

GC Heap History (10 events):
Event: 0,484 GC heap before
{Heap before GC invocations=3 (full 0):
 PSYoungGen      total 36864K, used 33312K [0x00000000d7100000, 0x00000000db900000, 0x0000000100000000)
  eden space 31744K, 100% used [0x00000000d7100000,0x00000000d9000000,0x00000000d9000000)
  from space 5120K, 30% used [0x00000000d9500000,0x00000000d9688030,0x00000000d9a00000)
  to   space 5120K, 0% used [0x00000000d9000000,0x00000000d9000000,0x00000000d9500000)
 ParOldGen       total 84992K, used 88K [0x0000000085200000, 0x000000008a500000, 0x00000000d7100000)
  object space 84992K, 0% used [0x0000000085200000,0x0000000085216010,0x000000008a500000)
 Metaspace       used 7193K, capacity 7300K, committed 7552K, reserved 1056768K
  class space    used 798K, capacity 816K, committed 896K, reserved 1048576K
Event: 0,489 GC heap after
Heap after GC invocations=3 (full 0):
 PSYoungGen      total 36864K, used 1750K [0x00000000d7100000, 0x00000000db900000, 0x0000000100000000)
  eden space 31744K, 0% used [0x00000000d7100000,0x00000000d7100000,0x00000000d9000000)
  from space 5120K, 34% used [0x00000000d9000000,0x00000000d91b5b28,0x00000000d9500000)
  to   space 5120K, 0% used [0x00000000db400000,0x00000000db400000,0x00000000db900000)
 ParOldGen       total 84992K, used 96K [0x0000000085200000, 0x000000008a500000, 0x00000000d7100000)
  object space 84992K, 0% used [0x0000000085200000,0x0000000085218010,0x000000008a500000)
 Metaspace       used 7193K, capacity 7300K, committed 7552K, reserved 1056768K
  class space    used 798K, capacity 816K, committed 896K, reserved 1048576K
}
Event: 0,647 GC heap before
{Heap before GC invocations=4 (full 0):
 PSYoungGen      total 36864K, used 33494K [0x00000000d7100000, 0x00000000db900000, 0x0000000100000000)
  eden space 31744K, 100% used [0x00000000d7100000,0x00000000d9000000,0x00000000d9000000)
  from space 5120K, 34% used [0x00000000d9000000,0x00000000d91b5b28,0x00000000d9500000)
  to   space 5120K, 0% used [0x00000000db400000,0x00000000db400000,0x00000000db900000)
 ParOldGen       total 84992K, used 96K [0x0000000085200000, 0x000000008a500000, 0x00000000d7100000)
  object space 84992K, 0% used [0x0000000085200000,0x0000000085218010,0x000000008a500000)
 Metaspace       used 7993K, capacity 8100K, committed 8448K, reserved 1056768K
  class space    used 887K, capacity 912K, committed 1024K, reserved 1048576K
Event: 0,651 GC heap after
Heap after GC invocations=4 (full 0):
 PSYoungGen      total 68608K, used 2501K [0x00000000d7100000, 0x00000000db900000, 0x0000000100000000)
  eden space 63488K, 0% used [0x00000000d7100000,0x00000000d7100000,0x00000000daf00000)
  from space 5120K, 48% used [0x00000000db400000,0x00000000db671588,0x00000000db900000)
  to   space 5120K, 0% used [0x00000000daf00000,0x00000000daf00000,0x00000000db400000)
 ParOldGen       total 84992K, used 104K [0x0000000085200000, 0x000000008a500000, 0x00000000d7100000)
  object space 84992K, 0% used [0x0000000085200000,0x000000008521a010,0x000000008a500000)
 Metaspace       used 7993K, capacity 8100K, committed 8448K, reserved 1056768K
  class space    used 887K, capacity 912K, committed 1024K, reserved 1048576K
}
Event: 1,104 GC heap before
{Heap before GC invocations=5 (full 0):
 PSYoungGen      total 68608K, used 65989K [0x00000000d7100000, 0x00000000db900000, 0x0000000100000000)
  eden space 63488K, 100% used [0x00000000d7100000,0x00000000daf00000,0x00000000daf00000)
  from space 5120K, 48% used [0x00000000db400000,0x00000000db671588,0x00000000db900000)
  to   space 5120K, 0% used [0x00000000daf00000,0x00000000daf00000,0x00000000db400000)
 ParOldGen       total 84992K, used 107K [0x0000000085200000, 0x000000008a500000, 0x00000000d7100000)
  object space 84992K, 0% used [0x0000000085200000,0x000000008521ae20,0x000000008a500000)
 Metaspace       used 8284K, capacity 8388K, committed 8704K, reserved 1056768K
  class space    used 897K, capacity 944K, committed 1024K, reserved 1048576K
Event: 1,121 GC heap after
Heap after GC invocations=5 (full 0):
 PSYoungGen      total 68608K, used 5105K [0x00000000d7100000, 0x00000000e0800000, 0x0000000100000000)
  eden space 63488K, 0% used [0x00000000d7100000,0x00000000d7100000,0x00000000daf00000)
  from space 5120K, 99% used [0x00000000daf00000,0x00000000db3fc738,0x00000000db400000)
  to   space 13824K, 0% used [0x00000000dfa80000,0x00000000dfa80000,0x00000000e0800000)
 ParOldGen       total 84992K, used 12704K [0x0000000085200000, 0x000000008a500000, 0x00000000d7100000)
  object space 84992K, 14% used [0x0000000085200000,0x0000000085e68268,0x000000008a500000)
 Metaspace       used 8284K, capacity 8388K, committed 8704K, reserved 1056768K
  class space    used 897K, capacity 944K, committed 1024K, reserved 1048576K
}
Event: 1,308 GC heap before
{Heap before GC invocations=6 (full 0):
 PSYoungGen      total 68608K, used 68593K [0x00000000d7100000, 0x00000000e0800000, 0x0000000100000000)
  eden space 63488K, 100% used [0x00000000d7100000,0x00000000daf00000,0x00000000daf00000)
  from space 5120K, 99% used [0x00000000daf00000,0x00000000db3fc738,0x00000000db400000)
  to   space 13824K, 0% used [0x00000000dfa80000,0x00000000dfa80000,0x00000000e0800000)
 ParOldGen       total 84992K, used 12710K [0x0000000085200000, 0x000000008a500000, 0x00000000d7100000)
  object space 84992K, 14% used [0x0000000085200000,0x0000000085e69b80,0x000000008a500000)
 Metaspace       used 8297K, capacity 8388K, committed 8704K, reserved 1056768K
  class space    used 898K, capacity 944K, committed 1024K, reserved 1048576K
Event: 1,326 GC heap after
Heap after GC invocations=6 (full 0):
 PSYoungGen      total 132096K, used 13822K [0x00000000d7100000, 0x00000000e1900000, 0x0000000100000000)
  eden space 118272K, 0% used [0x00000000d7100000,0x00000000d7100000,0x00000000de480000)
  from space 13824K, 99% used [0x00000000dfa80000,0x00000000e07ffa48,0x00000000e0800000)
  to   space 22528K, 0% used [0x00000000de480000,0x00000000de480000,0x00000000dfa80000)
 ParOldGen       total 84992K, used 21860K [0x0000000085200000, 0x000000008a500000, 0x00000000d7100000)
  object space 84992K, 25% used [0x0000000085200000,0x0000000086759130,0x000000008a500000)
 Metaspace       used 8297K, capacity 8388K, committed 8704K, reserved 1056768K
  class space    used 898K, capacity 944K, committed 1024K, reserved 1048576K
}
Event: 1,823 GC heap before
{Heap before GC invocations=7 (full 0):
 PSYoungGen      total 132096K, used 132094K [0x00000000d7100000, 0x00000000e1900000, 0x0000000100000000)
  eden space 118272K, 100% used [0x00000000d7100000,0x00000000de480000,0x00000000de480000)
  from space 13824K, 99% used [0x00000000dfa80000,0x00000000e07ffa48,0x00000000e0800000)
  to   space 22528K, 0% used [0x00000000de480000,0x00000000de480000,0x00000000dfa80000)
 ParOldGen       total 84992K, used 21879K [0x0000000085200000, 0x000000008a500000, 0x00000000d7100000)
  object space 84992K, 25% used [0x0000000085200000,0x000000008675df80,0x000000008a500000)
 Metaspace       used 8301K, capacity 8388K, committed 8704K, reserved 1056768K
  class space    used 898K, capacity 944K, committed 1024K, reserved 1048576K
Event: 1,858 GC heap after
Heap after GC invocations=7 (full 0):
 PSYoungGen      total 140800K, used 22500K [0x00000000d7100000, 0x00000000ea500000, 0x0000000100000000)
  eden space 118272K, 0% used [0x00000000d7100000,0x00000000d7100000,0x00000000de480000)
  from space 22528K, 99% used [0x00000000de480000,0x00000000dfa791b8,0x00000000dfa80000)
  to   space 39424K, 0% used [0x00000000e7e80000,0x00000000e7e80000,0x00000000ea500000)
 ParOldGen       total 84992K, used 45697K [0x0000000085200000, 0x000000008a500000, 0x00000000d7100000)
  object space 84992K, 53% used [0x0000000085200000,0x0000000087ea07a8,0x000000008a500000)
 Metaspace       used 8301K, capacity 8388K, committed 8704K, reserved 1056768K
  class space    used 898K, capacity 944K, committed 1024K, reserved 1048576K
}

Deoptimization events (10 events):
Event: 3,615 Thread 0x00007f0e08001000 Uncommon trap: reason=unstable_if action=reinterpret pc=0x00007f0e9564a6b8 method=java.lang.CharacterDataLatin1.digit(II)I @ 60
Event: 3,692 Thread 0x00007f0e08001000 Uncommon trap: reason=unstable_if action=reinterpret pc=0x00007f0e9562b7f0 method=java.util.HashMap.hash(Ljava/lang/Object;)I @ 1
Event: 3,692 Thread 0x00007f0e08001000 Uncommon trap: reason=unstable_if action=reinterpret pc=0x00007f0e954a2ca8 method=java.util.HashMap.hash(Ljava/lang/Object;)I @ 1
Event: 3,707 Thread 0x00007f0e04001000 Uncommon trap: reason=unstable_if action=reinterpret pc=0x00007f0e952f15a0 method=sun.util.calendar.AbstractCalendar.getCalendarDate(JLsun/util/calendar/CalendarDate;)Lsun/util/calendar/CalendarDate; @ 20
Event: 3,707 Thread 0x00007f0e08001000 Uncommon trap: reason=class_check action=maybe_recompile pc=0x00007f0e95661188 method=java.util.concurrent.ConcurrentHashMap.get(Ljava/lang/Object;)Ljava/lang/Object; @ 149
Event: 3,707 Thread 0x00007f0e08001000 Uncommon trap: reason=class_check action=maybe_recompile pc=0x00007f0e95661188 method=java.util.concurrent.ConcurrentHashMap.get(Ljava/lang/Object;)Ljava/lang/Object; @ 149
Event: 3,707 Thread 0x00007f0e08001000 Uncommon trap: reason=unstable_if action=reinterpret pc=0x00007f0e95355d00 method=java.net.URI.match(CJJ)Z @ 45
Event: 3,707 Thread 0x00007f0e08001000 Uncommon trap: reason=unstable_if action=reinterpret pc=0x00007f0e951a94ec method=java.net.URI.match(CJJ)Z @ 19
Event: 3,707 Thread 0x00007f0e08001000 Uncommon trap: reason=unstable_if action=reinterpret pc=0x00007f0e951a0cac method=java.net.URI.match(CJJ)Z @ 19
Event: 3,986 Thread 0x00007f0e08001000 Uncommon trap: reason=unstable_if action=reinterpret pc=0x00007f0e952ecc64 method=sun.nio.cs.UTF_8$Encoder.encode([CII[B)I @ 33

Internal exceptions (10 events):
Event: 3,972 Thread 0x00007f0e08001000 Exception <a 'java/lang/ClassNotFoundException': com/vaadin/shared/ui/ui/UIState$NotificationTypeConfigurationCustomizer> (0x00000000dc009ec8) thrown at [/RE-WORK/workspace/8-2-build-linux-amd64/jdk8u45/3457/hotspot/src/share/vm/classfile/systemDictionary
Event: 3,973 Thread 0x00007f0e08001000 Exception <a 'java/lang/ClassNotFoundException': com/vaadin/shared/ui/ui/PageStateBeanInfo> (0x00000000dc032358) thrown at [/RE-WORK/workspace/8-2-build-linux-amd64/jdk8u45/3457/hotspot/src/share/vm/classfile/systemDictionary.cpp, line 210]
Event: 3,974 Thread 0x00007f0e08001000 Exception <a 'java/lang/ClassNotFoundException': com/vaadin/shared/ui/ui/PageStateCustomizer> (0x00000000dc057ac0) thrown at [/RE-WORK/workspace/8-2-build-linux-amd64/jdk8u45/3457/hotspot/src/share/vm/classfile/systemDictionary.cpp, line 210]
Event: 3,975 Thread 0x00007f0e08001000 Exception <a 'java/lang/ClassNotFoundException': com/vaadin/shared/ui/ui/UIState$LocaleServiceStateBeanInfo> (0x00000000dc07fd58) thrown at [/RE-WORK/workspace/8-2-build-linux-amd64/jdk8u45/3457/hotspot/src/share/vm/classfile/systemDictionary.cpp, line 21
Event: 3,976 Thread 0x00007f0e08001000 Exception <a 'java/lang/ClassNotFoundException': com/vaadin/shared/ui/ui/UIState$LocaleServiceStateCustomizer> (0x00000000dc0a6380) thrown at [/RE-WORK/workspace/8-2-build-linux-amd64/jdk8u45/3457/hotspot/src/share/vm/classfile/systemDictionary.cpp, line 
Event: 3,977 Thread 0x00007f0e08001000 Exception <a 'java/lang/ClassNotFoundException': com/vaadin/shared/ui/ui/UIState$PushConfigurationStateBeanInfo> (0x00000000dc0cf780) thrown at [/RE-WORK/workspace/8-2-build-linux-amd64/jdk8u45/3457/hotspot/src/share/vm/classfile/systemDictionary.cpp, lin
Event: 3,978 Thread 0x00007f0e08001000 Exception <a 'java/lang/ClassNotFoundException': com/vaadin/shared/ui/ui/UIState$PushConfigurationStateCustomizer> (0x00000000dc0f6158) thrown at [/RE-WORK/workspace/8-2-build-linux-amd64/jdk8u45/3457/hotspot/src/share/vm/classfile/systemDictionary.cpp, l
Event: 3,979 Thread 0x00007f0e08001000 Exception <a 'java/lang/ClassNotFoundException': com/vaadin/shared/ui/ui/UIState$LocaleDataBeanInfo> (0x00000000dc1237b8) thrown at [/RE-WORK/workspace/8-2-build-linux-amd64/jdk8u45/3457/hotspot/src/share/vm/classfile/systemDictionary.cpp, line 210]
Event: 3,980 Thread 0x00007f0e08001000 Exception <a 'java/lang/ClassNotFoundException': com/vaadin/shared/ui/ui/UIState$LocaleDataCustomizer> (0x00000000dc149680) thrown at [/RE-WORK/workspace/8-2-build-linux-amd64/jdk8u45/3457/hotspot/src/share/vm/classfile/systemDictionary.cpp, line 210]
Event: 9,373 Thread 0x00007f0e00008000 Exception <a 'java/lang/NoClassDefFoundError': org/atmosphere/util/Version> (0x00000000da9f2628) thrown at [/RE-WORK/workspace/8-2-build-linux-amd64/jdk8u45/3457/hotspot/src/share/vm/oops/constantPool.cpp, line 235]

Events (10 events):
Event: 3,980 loading class com/vaadin/shared/ui/ui/UIState$LocaleDataCustomizer done
Event: 3,986 Thread 0x00007f0e08001000 Uncommon trap: trap_request=0xffffff65 fr.pc=0x00007f0e952ecc64
Event: 3,986 Thread 0x00007f0e08001000 DEOPT PACKING pc=0x00007f0e952ecc64 sp=0x00007f0e7470f5b0
Event: 3,986 Thread 0x00007f0e08001000 DEOPT UNPACKING pc=0x00007f0e95005229 sp=0x00007f0e7470f540 mode 2
Event: 4,057 Executing VM operation: EnableBiasedLocking
Event: 4,058 Executing VM operation: EnableBiasedLocking done
Event: 9,518 Thread 0x00007f0e04001000 DEOPT PACKING pc=0x00007f0e956e414a sp=0x00007f0e7450ccc0
Event: 9,518 Thread 0x00007f0e04001000 DEOPT UNPACKING pc=0x00007f0e95047633 sp=0x00007f0e7450ca10 mode 0
Event: 9,519 Thread 0x00007f0e04001000 DEOPT PACKING pc=0x00007f0e956e414a sp=0x00007f0e7450ce70
Event: 9,519 Thread 0x00007f0e04001000 DEOPT UNPACKING pc=0x00007f0e95047633 sp=0x00007f0e7450cbc0 mode 0


Dynamic libraries:
00400000-00401000 r-xp 00000000 08:01 16386253                           /usr/lib/jvm/java-8-oracle/jre/bin/java
00600000-00601000 rw-p 00000000 08:01 16386253                           /usr/lib/jvm/java-8-oracle/jre/bin/java
020b3000-020d4000 rw-p 00000000 00:00 0                                  [heap]
85200000-8a500000 rw-p 00000000 00:00 0 
8a500000-d7100000 ---p 00000000 00:00 0 
d7100000-ea500000 rw-p 00000000 00:00 0 
ea500000-100000000 ---p 00000000 00:00 0 
100000000-100260000 rw-p 00000000 00:00 0 
100260000-140000000 ---p 00000000 00:00 0 
7f0df8000000-7f0df8021000 rw-p 00000000 00:00 0 
7f0df8021000-7f0dfc000000 ---p 00000000 00:00 0 
7f0e00000000-7f0e0028f000 rw-p 00000000 00:00 0 
7f0e0028f000-7f0e04000000 ---p 00000000 00:00 0 
7f0e04000000-7f0e04022000 rw-p 00000000 00:00 0 
7f0e04022000-7f0e08000000 ---p 00000000 00:00 0 
7f0e08000000-7f0e080e6000 rw-p 00000000 00:00 0 
7f0e080e6000-7f0e0c000000 ---p 00000000 00:00 0 
7f0e0c000000-7f0e0c021000 rw-p 00000000 00:00 0 
7f0e0c021000-7f0e10000000 ---p 00000000 00:00 0 
7f0e10000000-7f0e13ffa000 rw-p 00000000 00:00 0 
7f0e13ffa000-7f0e14000000 ---p 00000000 00:00 0 
7f0e14000000-7f0e1525f000 rw-p 00000000 00:00 0 
7f0e1525f000-7f0e18000000 ---p 00000000 00:00 0 
7f0e18000000-7f0e19ae2000 rw-p 00000000 00:00 0 
7f0e19ae2000-7f0e1c000000 ---p 00000000 00:00 0 
7f0e1c000000-7f0e1c669000 rw-p 00000000 00:00 0 
7f0e1c669000-7f0e20000000 ---p 00000000 00:00 0 
7f0e20000000-7f0e22aab000 rw-p 00000000 00:00 0 
7f0e22aab000-7f0e24000000 ---p 00000000 00:00 0 
7f0e24000000-7f0e24021000 rw-p 00000000 00:00 0 
7f0e24021000-7f0e28000000 ---p 00000000 00:00 0 
7f0e28000000-7f0e2bffc000 rw-p 00000000 00:00 0 
7f0e2bffc000-7f0e2c000000 ---p 00000000 00:00 0 
7f0e2c000000-7f0e2c75f000 rw-p 00000000 00:00 0 
7f0e2c75f000-7f0e30000000 ---p 00000000 00:00 0 
7f0e30000000-7f0e32e88000 rw-p 00000000 00:00 0 
7f0e32e88000-7f0e34000000 ---p 00000000 00:00 0 
7f0e34000000-7f0e34ab1000 rw-p 00000000 00:00 0 
7f0e34ab1000-7f0e38000000 ---p 00000000 00:00 0 
7f0e38000000-7f0e3bffe000 rw-p 00000000 00:00 0 
7f0e3bffe000-7f0e3c000000 ---p 00000000 00:00 0 
7f0e3c000000-7f0e3c8b8000 rw-p 00000000 00:00 0 
7f0e3c8b8000-7f0e40000000 ---p 00000000 00:00 0 
7f0e40000000-7f0e40021000 rw-p 00000000 00:00 0 
7f0e40021000-7f0e44000000 ---p 00000000 00:00 0 
7f0e44000000-7f0e46857000 rw-p 00000000 00:00 0 
7f0e46857000-7f0e48000000 ---p 00000000 00:00 0 
7f0e48000000-7f0e484ba000 rw-p 00000000 00:00 0 
7f0e484ba000-7f0e4c000000 ---p 00000000 00:00 0 
7f0e4c000000-7f0e4c021000 rw-p 00000000 00:00 0 
7f0e4c021000-7f0e50000000 ---p 00000000 00:00 0 
7f0e50000000-7f0e5152a000 rw-p 00000000 00:00 0 
7f0e5152a000-7f0e54000000 ---p 00000000 00:00 0 
7f0e54000000-7f0e55b12000 rw-p 00000000 00:00 0 
7f0e55b12000-7f0e58000000 ---p 00000000 00:00 0 
7f0e58000000-7f0e58021000 rw-p 00000000 00:00 0 
7f0e58021000-7f0e5c000000 ---p 00000000 00:00 0 
7f0e5c000000-7f0e5d788000 rw-p 00000000 00:00 0 
7f0e5d788000-7f0e60000000 ---p 00000000 00:00 0 
7f0e60000000-7f0e60021000 rw-p 00000000 00:00 0 
7f0e60021000-7f0e64000000 ---p 00000000 00:00 0 
7f0e64000000-7f0e64021000 rw-p 00000000 00:00 0 
7f0e64021000-7f0e68000000 ---p 00000000 00:00 0 
7f0e68000000-7f0e68021000 rw-p 00000000 00:00 0 
7f0e68021000-7f0e6c000000 ---p 00000000 00:00 0 
7f0e6c000000-7f0e6c021000 rw-p 00000000 00:00 0 
7f0e6c021000-7f0e70000000 ---p 00000000 00:00 0 
7f0e70000000-7f0e70021000 rw-p 00000000 00:00 0 
7f0e70021000-7f0e74000000 ---p 00000000 00:00 0 
7f0e7400f000-7f0e741cf000 rw-p 00000000 00:00 0 
7f0e741cf000-7f0e7420f000 ---p 00000000 00:00 0 
7f0e7420f000-7f0e7440f000 rw-p 00000000 00:00 0 
7f0e7440f000-7f0e74412000 ---p 00000000 00:00 0 
7f0e74412000-7f0e74510000 rw-p 00000000 00:00 0                          [stack:14594]
7f0e74510000-7f0e74513000 ---p 00000000 00:00 0 
7f0e74513000-7f0e74611000 rw-p 00000000 00:00 0                          [stack:14593]
7f0e74611000-7f0e74614000 ---p 00000000 00:00 0 
7f0e74614000-7f0e74912000 rw-p 00000000 00:00 0                          [stack:14587]
7f0e74912000-7f0e74915000 ---p 00000000 00:00 0 
7f0e74915000-7f0e74a13000 rw-p 00000000 00:00 0                          [stack:14586]
7f0e74a13000-7f0e74a16000 ---p 00000000 00:00 0 
7f0e74a16000-7f0e74b14000 rw-p 00000000 00:00 0                          [stack:14575]
7f0e74b14000-7f0e74b25000 r-xp 00000000 08:01 16515177                   /usr/lib/jvm/java-8-oracle/jre/lib/amd64/libnio.so
7f0e74b25000-7f0e74d24000 ---p 00011000 08:01 16515177                   /usr/lib/jvm/java-8-oracle/jre/lib/amd64/libnio.so
7f0e74d24000-7f0e74d25000 rw-p 00010000 08:01 16515177                   /usr/lib/jvm/java-8-oracle/jre/lib/amd64/libnio.so
7f0e74d25000-7f0e74d3b000 r-xp 00000000 08:01 16515143                   /usr/lib/jvm/java-8-oracle/jre/lib/amd64/libnet.so
7f0e74d3b000-7f0e74f3b000 ---p 00016000 08:01 16515143                   /usr/lib/jvm/java-8-oracle/jre/lib/amd64/libnet.so
7f0e74f3b000-7f0e74f3c000 rw-p 00016000 08:01 16515143                   /usr/lib/jvm/java-8-oracle/jre/lib/amd64/libnet.so
7f0e74f3c000-7f0e7513c000 rw-p 00000000 00:00 0 
7f0e7513c000-7f0e7513f000 ---p 00000000 00:00 0 
7f0e7513f000-7f0e7523d000 rw-p 00000000 00:00 0                          [stack:14556]
7f0e7523d000-7f0e75240000 ---p 00000000 00:00 0 
7f0e75240000-7f0e7533e000 rw-p 00000000 00:00 0                          [stack:14574]
7f0e7533e000-7f0e75372000 r--s 00200000 00:19 16387164                   /home/kenny/dev/jprelude/experimental/jprelude-webui/target/webapp/WEB-INF/lib/guava-16.0.1.vaadin1.jar
7f0e75372000-7f0e75378000 r--s 00044000 00:19 16387165                   /home/kenny/dev/jprelude/experimental/jprelude-webui/target/webapp/WEB-INF/lib/jsoup-1.8.1.jar
7f0e75378000-7f0e753a6000 r--s 002f6000 00:19 16386477                   /home/kenny/dev/jprelude/experimental/jprelude-webui/target/webapp/WEB-INF/lib/vaadin-server-7.4.5.jar
7f0e753a6000-7f0e753ac000 r--s 00034000 00:19 16386401                   /home/kenny/dev/jprelude/experimental/jprelude-webui/target/webapp/WEB-INF/lib/jprelude-webui_2.11-0.1.jar
7f0e753ac000-7f0e753be000 r--s 000a3000 00:19 16387169                   /home/kenny/dev/jprelude/experimental/jprelude-webui/target/webapp/WEB-INF/lib/rxjava-1.0.8.jar
7f0e753be000-7f0e753c6000 r--s 00053000 00:19 16387168                   /home/kenny/dev/jprelude/experimental/jprelude-webui/target/webapp/WEB-INF/lib/rxscala_2.11-0.24.1.jar
7f0e753c6000-7f0e753ff000 r--s 00206000 00:19 16387162                   /home/kenny/dev/jprelude/experimental/jprelude-webui/target/webapp/WEB-INF/lib/vaadin-shared-7.4.5.jar
7f0e753ff000-7f0e75458000 r--s 004f6000 00:19 16386476                   /home/kenny/dev/jprelude/experimental/jprelude-webui/target/webapp/WEB-INF/lib/scala-library-2.11.6.jar
7f0e75458000-7f0e7545b000 ---p 00000000 00:00 0 
7f0e7545b000-7f0e75559000 rw-p 00000000 00:00 0                          [stack:14549]
7f0e75559000-7f0e7555c000 ---p 00000000 00:00 0 
7f0e7555c000-7f0e7565a000 rw-p 00000000 00:00 0                          [stack:14548]
7f0e7565a000-7f0e7565d000 ---p 00000000 00:00 0 
7f0e7565d000-7f0e7575b000 rw-p 00000000 00:00 0                          [stack:14547]
7f0e7575b000-7f0e7575e000 ---p 00000000 00:00 0 
7f0e7575e000-7f0e7585c000 rw-p 00000000 00:00 0                          [stack:14546]
7f0e7585c000-7f0e7585f000 ---p 00000000 00:00 0 
7f0e7585f000-7f0e7595d000 rw-p 00000000 00:00 0                          [stack:14545]
7f0e7595d000-7f0e75960000 ---p 00000000 00:00 0 
7f0e75960000-7f0e75a5e000 rw-p 00000000 00:00 0                          [stack:14544]
7f0e75a5e000-7f0e75a61000 ---p 00000000 00:00 0 
7f0e75a61000-7f0e75b5f000 rw-p 00000000 00:00 0                          [stack:14543]
7f0e75b5f000-7f0e75b62000 ---p 00000000 00:00 0 
7f0e75b62000-7f0e75c60000 rw-p 00000000 00:00 0                          [stack:14542]
7f0e75c60000-7f0e75c68000 r-xp 00000000 08:01 16515139                   /usr/lib/jvm/java-8-oracle/jre/lib/amd64/libmanagement.so
7f0e75c68000-7f0e75e68000 ---p 00008000 08:01 16515139                   /usr/lib/jvm/java-8-oracle/jre/lib/amd64/libmanagement.so
7f0e75e68000-7f0e75e69000 rw-p 00008000 08:01 16515139                   /usr/lib/jvm/java-8-oracle/jre/lib/amd64/libmanagement.so
7f0e75e69000-7f0e75eab000 r--s 004bc000 00:19 11538222                   /home/kenny/.ivy2/cache/org.eclipse.jetty/jetty-runner/jars/jetty-runner-9.2.1.v20140609.jar
7f0e75eab000-7f0e75eac000 ---p 00000000 00:00 0 
7f0e75eac000-7f0e75fac000 rw-p 00000000 00:00 0                          [stack:14541]
7f0e75fac000-7f0e75faf000 ---p 00000000 00:00 0 
7f0e75faf000-7f0e760ad000 rw-p 00000000 00:00 0                          [stack:14540]
7f0e760ad000-7f0e760b0000 ---p 00000000 00:00 0 
7f0e760b0000-7f0e761ae000 rw-p 00000000 00:00 0                          [stack:14539]
7f0e761ae000-7f0e761b1000 ---p 00000000 00:00 0 
7f0e761b1000-7f0e762af000 rw-p 00000000 00:00 0                          [stack:14538]
7f0e762af000-7f0e762b2000 ---p 00000000 00:00 0 
7f0e762b2000-7f0e763b0000 rw-p 00000000 00:00 0                          [stack:14537]
7f0e763b0000-7f0e763b3000 ---p 00000000 00:00 0 
7f0e763b3000-7f0e764b1000 rw-p 00000000 00:00 0                          [stack:14536]
7f0e764b1000-7f0e764b4000 ---p 00000000 00:00 0 
7f0e764b4000-7f0e765b2000 rw-p 00000000 00:00 0                          [stack:14535]
7f0e765b2000-7f0e769ea000 r--p 00000000 08:01 12327061                   /usr/lib/locale/locale-archive
7f0e769ea000-7f0e769ed000 ---p 00000000 00:00 0 
7f0e769ed000-7f0e76aeb000 rw-p 00000000 00:00 0                          [stack:14534]
7f0e76aeb000-7f0e76aee000 ---p 00000000 00:00 0 
7f0e76aee000-7f0e76bec000 rw-p 00000000 00:00 0                          [stack:14531]
7f0e76bec000-7f0e76bed000 ---p 00000000 00:00 0 
7f0e76bed000-7f0e78000000 rw-p 00000000 00:00 0                          [stack:14527]
7f0e78000000-7f0e78021000 rw-p 00000000 00:00 0 
7f0e78021000-7f0e7c000000 ---p 00000000 00:00 0 
7f0e7c000000-7f0e7c021000 rw-p 00000000 00:00 0 
7f0e7c021000-7f0e80000000 ---p 00000000 00:00 0 
7f0e80000000-7f0e80021000 rw-p 00000000 00:00 0 
7f0e80021000-7f0e84000000 ---p 00000000 00:00 0 
7f0e84000000-7f0e84021000 rw-p 00000000 00:00 0 
7f0e84021000-7f0e88000000 ---p 00000000 00:00 0 
7f0e88000000-7f0e88021000 rw-p 00000000 00:00 0 
7f0e88021000-7f0e8c000000 ---p 00000000 00:00 0 
7f0e8c003000-7f0e8c00c000 r--s 00079000 00:19 16386478                   /home/kenny/dev/jprelude/experimental/jprelude-webui/target/webapp/WEB-INF/lib/vaadin-sass-compiler-0.9.12.jar
7f0e8c00c000-7f0e8c02b000 r--s 006f3000 00:19 16387167                   /home/kenny/dev/jprelude/experimental/jprelude-webui/target/webapp/WEB-INF/lib/vaadin-themes-7.4.5.jar
7f0e8c02b000-7f0e90000000 rw-p 00000000 00:00 0 
7f0e90000000-7f0e90021000 rw-p 00000000 00:00 0 
7f0e90021000-7f0e94000000 ---p 00000000 00:00 0 
7f0e94000000-7f0e94627000 rw-p 00000000 00:00 0 
7f0e94627000-7f0e94800000 r--s 03d09000 08:01 16386470                   /usr/lib/jvm/java-8-oracle/jre/lib/rt.jar
7f0e94800000-7f0e95000000 rw-p 00000000 00:00 0 
7f0e95000000-7f0e95700000 rwxp 00000000 00:00 0 
7f0e95700000-7f0ea4000000 ---p 00000000 00:00 0 
7f0ea4000000-7f0ea446c000 rw-p 00000000 00:00 0 
7f0ea446c000-7f0ea8000000 ---p 00000000 00:00 0 
7f0ea8001000-7f0ea8003000 r--s 00012000 00:19 16387161                   /home/kenny/dev/jprelude/experimental/jprelude-webui/target/webapp/WEB-INF/lib/flute-1.3.0.gg2.jar
7f0ea8003000-7f0ea8005000 r--s 00079000 00:19 16387166                   /home/kenny/dev/jprelude/experimental/jprelude-webui/target/webapp/WEB-INF/lib/vaadin-client-compiled-7.4.5.jar
7f0ea8005000-7f0ea8007000 r--s 00008000 00:19 16387163                   /home/kenny/dev/jprelude/experimental/jprelude-webui/target/webapp/WEB-INF/lib/streamhtmlparser-jsilver-0.0.10.vaadin1.jar
7f0ea8007000-7f0ea8012000 r--s 00116000 08:01 16386276                   /usr/lib/jvm/java-8-oracle/jre/lib/ext/localedata.jar
7f0ea8012000-7f0ea8532000 rw-p 00000000 00:00 0 
7f0ea8532000-7f0ea8533000 ---p 00000000 00:00 0 
7f0ea8533000-7f0ea8633000 rw-p 00000000 00:00 0                          [stack:14526]
7f0ea8633000-7f0ea8634000 ---p 00000000 00:00 0 
7f0ea8634000-7f0ea8734000 rw-p 00000000 00:00 0                          [stack:14525]
7f0ea8734000-7f0ea8735000 ---p 00000000 00:00 0 
7f0ea8735000-7f0ea8835000 rw-p 00000000 00:00 0                          [stack:14524]
7f0ea8835000-7f0ea8836000 ---p 00000000 00:00 0 
7f0ea8836000-7f0ea8936000 rw-p 00000000 00:00 0                          [stack:14523]
7f0ea8936000-7f0ea8937000 ---p 00000000 00:00 0 
7f0ea8937000-7f0ea8a37000 rw-p 00000000 00:00 0                          [stack:14522]
7f0ea8a37000-7f0ea8a38000 ---p 00000000 00:00 0 
7f0ea8a38000-7f0ea8b38000 rw-p 00000000 00:00 0                          [stack:14521]
7f0ea8b38000-7f0ea8b39000 ---p 00000000 00:00 0 
7f0ea8b39000-7f0ea8c39000 rw-p 00000000 00:00 0                          [stack:14520]
7f0ea8c39000-7f0ea8c3a000 ---p 00000000 00:00 0 
7f0ea8c3a000-7f0ea8d64000 rw-p 00000000 00:00 0                          [stack:14519]
7f0ea8d64000-7f0ea8fca000 ---p 00000000 00:00 0 
7f0ea8fca000-7f0ea8ff4000 rw-p 00000000 00:00 0 
7f0ea8ff4000-7f0ea9259000 ---p 00000000 00:00 0 
7f0ea9259000-7f0ea92f4000 rw-p 00000000 00:00 0 
7f0ea92f4000-7f0ea93a1000 ---p 00000000 00:00 0 
7f0ea93a1000-7f0ea93be000 rw-p 00000000 00:00 0 
7f0ea93be000-7f0ea9762000 ---p 00000000 00:00 0 
7f0ea9762000-7f0ea977c000 r-xp 00000000 08:01 16515133                   /usr/lib/jvm/java-8-oracle/jre/lib/amd64/libzip.so
7f0ea977c000-7f0ea997c000 ---p 0001a000 08:01 16515133                   /usr/lib/jvm/java-8-oracle/jre/lib/amd64/libzip.so
7f0ea997c000-7f0ea997d000 rw-p 0001a000 08:01 16515133                   /usr/lib/jvm/java-8-oracle/jre/lib/amd64/libzip.so
7f0ea997d000-7f0ea9988000 r-xp 00000000 08:01 17695710                   /lib/x86_64-linux-gnu/libnss_files-2.19.so
7f0ea9988000-7f0ea9b87000 ---p 0000b000 08:01 17695710                   /lib/x86_64-linux-gnu/libnss_files-2.19.so
7f0ea9b87000-7f0ea9b88000 r--p 0000a000 08:01 17695710                   /lib/x86_64-linux-gnu/libnss_files-2.19.so
7f0ea9b88000-7f0ea9b89000 rw-p 0000b000 08:01 17695710                   /lib/x86_64-linux-gnu/libnss_files-2.19.so
7f0ea9b89000-7f0ea9b94000 r-xp 00000000 08:01 17695774                   /lib/x86_64-linux-gnu/libnss_nis-2.19.so
7f0ea9b94000-7f0ea9d93000 ---p 0000b000 08:01 17695774                   /lib/x86_64-linux-gnu/libnss_nis-2.19.so
7f0ea9d93000-7f0ea9d94000 r--p 0000a000 08:01 17695774                   /lib/x86_64-linux-gnu/libnss_nis-2.19.so
7f0ea9d94000-7f0ea9d95000 rw-p 0000b000 08:01 17695774                   /lib/x86_64-linux-gnu/libnss_nis-2.19.so
7f0ea9d95000-7f0ea9dac000 r-xp 00000000 08:01 17695732                   /lib/x86_64-linux-gnu/libnsl-2.19.so
7f0ea9dac000-7f0ea9fab000 ---p 00017000 08:01 17695732                   /lib/x86_64-linux-gnu/libnsl-2.19.so
7f0ea9fab000-7f0ea9fac000 r--p 00016000 08:01 17695732                   /lib/x86_64-linux-gnu/libnsl-2.19.so
7f0ea9fac000-7f0ea9fad000 rw-p 00017000 08:01 17695732                   /lib/x86_64-linux-gnu/libnsl-2.19.so
7f0ea9fad000-7f0ea9faf000 rw-p 00000000 00:00 0 
7f0ea9faf000-7f0ea9fb8000 r-xp 00000000 08:01 17695731                   /lib/x86_64-linux-gnu/libnss_compat-2.19.so
7f0ea9fb8000-7f0eaa1b7000 ---p 00009000 08:01 17695731                   /lib/x86_64-linux-gnu/libnss_compat-2.19.so
7f0eaa1b7000-7f0eaa1b8000 r--p 00008000 08:01 17695731                   /lib/x86_64-linux-gnu/libnss_compat-2.19.so
7f0eaa1b8000-7f0eaa1b9000 rw-p 00009000 08:01 17695731                   /lib/x86_64-linux-gnu/libnss_compat-2.19.so
7f0eaa1b9000-7f0eaa1e3000 r-xp 00000000 08:01 16515175                   /usr/lib/jvm/java-8-oracle/jre/lib/amd64/libjava.so
7f0eaa1e3000-7f0eaa3e3000 ---p 0002a000 08:01 16515175                   /usr/lib/jvm/java-8-oracle/jre/lib/amd64/libjava.so
7f0eaa3e3000-7f0eaa3e5000 rw-p 0002a000 08:01 16515175                   /usr/lib/jvm/java-8-oracle/jre/lib/amd64/libjava.so
7f0eaa3e5000-7f0eaa3f2000 r-xp 00000000 08:01 16515201                   /usr/lib/jvm/java-8-oracle/jre/lib/amd64/libverify.so
7f0eaa3f2000-7f0eaa5f2000 ---p 0000d000 08:01 16515201                   /usr/lib/jvm/java-8-oracle/jre/lib/amd64/libverify.so
7f0eaa5f2000-7f0eaa5f4000 rw-p 0000d000 08:01 16515201                   /usr/lib/jvm/java-8-oracle/jre/lib/amd64/libverify.so
7f0eaa5f4000-7f0eaa5fb000 r-xp 00000000 08:01 17695771                   /lib/x86_64-linux-gnu/librt-2.19.so
7f0eaa5fb000-7f0eaa7fa000 ---p 00007000 08:01 17695771                   /lib/x86_64-linux-gnu/librt-2.19.so
7f0eaa7fa000-7f0eaa7fb000 r--p 00006000 08:01 17695771                   /lib/x86_64-linux-gnu/librt-2.19.so
7f0eaa7fb000-7f0eaa7fc000 rw-p 00007000 08:01 17695771                   /lib/x86_64-linux-gnu/librt-2.19.so
7f0eaa7fc000-7f0eaa901000 r-xp 00000000 08:01 17695709                   /lib/x86_64-linux-gnu/libm-2.19.so
7f0eaa901000-7f0eaab00000 ---p 00105000 08:01 17695709                   /lib/x86_64-linux-gnu/libm-2.19.so
7f0eaab00000-7f0eaab01000 r--p 00104000 08:01 17695709                   /lib/x86_64-linux-gnu/libm-2.19.so
7f0eaab01000-7f0eaab02000 rw-p 00105000 08:01 17695709                   /lib/x86_64-linux-gnu/libm-2.19.so
7f0eaab02000-7f0eab7b0000 r-xp 00000000 08:01 16515183                   /usr/lib/jvm/java-8-oracle/jre/lib/amd64/server/libjvm.so
7f0eab7b0000-7f0eab9af000 ---p 00cae000 08:01 16515183                   /usr/lib/jvm/java-8-oracle/jre/lib/amd64/server/libjvm.so
7f0eab9af000-7f0eaba86000 rw-p 00cad000 08:01 16515183                   /usr/lib/jvm/java-8-oracle/jre/lib/amd64/server/libjvm.so
7f0eaba86000-7f0eabaca000 rw-p 00000000 00:00 0 
7f0eabaca000-7f0eabc85000 r-xp 00000000 08:01 17695760                   /lib/x86_64-linux-gnu/libc-2.19.so
7f0eabc85000-7f0eabe84000 ---p 001bb000 08:01 17695760                   /lib/x86_64-linux-gnu/libc-2.19.so
7f0eabe84000-7f0eabe88000 r--p 001ba000 08:01 17695760                   /lib/x86_64-linux-gnu/libc-2.19.so
7f0eabe88000-7f0eabe8a000 rw-p 001be000 08:01 17695760                   /lib/x86_64-linux-gnu/libc-2.19.so
7f0eabe8a000-7f0eabe8f000 rw-p 00000000 00:00 0 
7f0eabe8f000-7f0eabe92000 r-xp 00000000 08:01 17695713                   /lib/x86_64-linux-gnu/libdl-2.19.so
7f0eabe92000-7f0eac091000 ---p 00003000 08:01 17695713                   /lib/x86_64-linux-gnu/libdl-2.19.so
7f0eac091000-7f0eac092000 r--p 00002000 08:01 17695713                   /lib/x86_64-linux-gnu/libdl-2.19.so
7f0eac092000-7f0eac093000 rw-p 00003000 08:01 17695713                   /lib/x86_64-linux-gnu/libdl-2.19.so
7f0eac093000-7f0eac0a8000 r-xp 00000000 08:01 16515172                   /usr/lib/jvm/java-8-oracle/jre/lib/amd64/jli/libjli.so
7f0eac0a8000-7f0eac2a8000 ---p 00015000 08:01 16515172                   /usr/lib/jvm/java-8-oracle/jre/lib/amd64/jli/libjli.so
7f0eac2a8000-7f0eac2a9000 rw-p 00015000 08:01 16515172                   /usr/lib/jvm/java-8-oracle/jre/lib/amd64/jli/libjli.so
7f0eac2a9000-7f0eac2c2000 r-xp 00000000 08:01 17695761                   /lib/x86_64-linux-gnu/libpthread-2.19.so
7f0eac2c2000-7f0eac4c1000 ---p 00019000 08:01 17695761                   /lib/x86_64-linux-gnu/libpthread-2.19.so
7f0eac4c1000-7f0eac4c2000 r--p 00018000 08:01 17695761                   /lib/x86_64-linux-gnu/libpthread-2.19.so
7f0eac4c2000-7f0eac4c3000 rw-p 00019000 08:01 17695761                   /lib/x86_64-linux-gnu/libpthread-2.19.so
7f0eac4c3000-7f0eac4c7000 rw-p 00000000 00:00 0 
7f0eac4c7000-7f0eac4ea000 r-xp 00000000 08:01 17695736                   /lib/x86_64-linux-gnu/ld-2.19.so
7f0eac4ea000-7f0eac4eb000 rw-p 00000000 00:00 0 
7f0eac4eb000-7f0eac4f0000 r--s 00094000 08:01 16386459                   /usr/lib/jvm/java-8-oracle/jre/lib/jsse.jar
7f0eac4f0000-7f0eac5bb000 rw-p 00000000 00:00 0 
7f0eac5bb000-7f0eac5be000 ---p 00000000 00:00 0 
7f0eac5be000-7f0eac6c0000 rw-p 00000000 00:00 0                          [stack:14518]
7f0eac6c0000-7f0eac6c1000 r--s 00003000 00:19 16386479                   /home/kenny/dev/jprelude/experimental/jprelude-webui/target/webapp/WEB-INF/lib/sac-1.3.jar
7f0eac6c1000-7f0eac6dd000 r--s 00393000 08:01 16386274                   /usr/lib/jvm/java-8-oracle/jre/lib/ext/cldrdata.jar
7f0eac6dd000-7f0eac6e5000 rw-s 00000000 08:01 20578336                   /tmp/hsperfdata_kenny/14514
7f0eac6e5000-7f0eac6e6000 rw-p 00000000 00:00 0 
7f0eac6e6000-7f0eac6e7000 r--p 00000000 00:00 0 
7f0eac6e7000-7f0eac6e9000 rw-p 00000000 00:00 0 
7f0eac6e9000-7f0eac6ea000 r--p 00022000 08:01 17695736                   /lib/x86_64-linux-gnu/ld-2.19.so
7f0eac6ea000-7f0eac6eb000 rw-p 00023000 08:01 17695736                   /lib/x86_64-linux-gnu/ld-2.19.so
7f0eac6eb000-7f0eac6ec000 rw-p 00000000 00:00 0 
7fff69b94000-7fff69bb5000 rw-p 00000000 00:00 0                          [stack]
7fff69be7000-7fff69be9000 r-xp 00000000 00:00 0                          [vdso]
ffffffffff600000-ffffffffff601000 r-xp 00000000 00:00 0                  [vsyscall]

VM Arguments:
java_command: org.eclipse.jetty.runner.Runner --port 8081 /home/kenny/dev/jprelude/experimental/jprelude-webui/target/webapp
java_class_path (initial): /home/kenny/.ivy2/cache/org.eclipse.jetty/jetty-runner/jars/jetty-runner-9.2.1.v20140609.jar
Launcher Type: SUN_STANDARD

Environment Variables:
PATH=/home/kenny/bin:/home/kenny/bin:/usr/local/sbin:/usr/local/bin:/usr/sbin:/usr/bin:/sbin:/bin:/usr/games:/usr/local/games
USERNAME=kenny
LD_LIBRARY_PATH=/home/kenny/bin/idea-IC-141.713.2/bin:
SHELL=/bin/bash
DISPLAY=:0.0

Signal Handlers:
SIGSEGV: [libjvm.so+0xaad1e0], sa_mask[0]=11111111011111111101111111111110, sa_flags=SA_RESTART|SA_SIGINFO
SIGBUS: [libjvm.so+0xaad1e0], sa_mask[0]=11111111011111111101111111111110, sa_flags=SA_RESTART|SA_SIGINFO
SIGFPE: [libjvm.so+0x90b450], sa_mask[0]=11111111011111111101111111111110, sa_flags=SA_RESTART|SA_SIGINFO
SIGPIPE: [libjvm.so+0x90b450], sa_mask[0]=11111111011111111101111111111110, sa_flags=SA_RESTART|SA_SIGINFO
SIGXFSZ: [libjvm.so+0x90b450], sa_mask[0]=11111111011111111101111111111110, sa_flags=SA_RESTART|SA_SIGINFO
SIGILL: [libjvm.so+0x90b450], sa_mask[0]=11111111011111111101111111111110, sa_flags=SA_RESTART|SA_SIGINFO
SIGUSR1: SIG_DFL, sa_mask[0]=00000000000000000000000000000000, sa_flags=none
SIGUSR2: [libjvm.so+0x90ca90], sa_mask[0]=00100000000000000000000000000000, sa_flags=SA_RESTART|SA_SIGINFO
SIGHUP: [libjvm.so+0x90dde0], sa_mask[0]=11111111011111111101111111111110, sa_flags=SA_RESTART|SA_SIGINFO
SIGINT: [libjvm.so+0x90dde0], sa_mask[0]=11111111011111111101111111111110, sa_flags=SA_RESTART|SA_SIGINFO
SIGTERM: [libjvm.so+0x90dde0], sa_mask[0]=11111111011111111101111111111110, sa_flags=SA_RESTART|SA_SIGINFO
SIGQUIT: [libjvm.so+0x90dde0], sa_mask[0]=11111111011111111101111111111110, sa_flags=SA_RESTART|SA_SIGINFO


---------------  S Y S T E M  ---------------

OS:DISTRIB_ID=LinuxMint
DISTRIB_RELEASE=17.1
DISTRIB_CODENAME=rebecca
DISTRIB_DESCRIPTION="Linux Mint 17.1 Rebecca"

uname:Linux 3.13.0-37-generic #64-Ubuntu SMP Mon Sep 22 21:28:38 UTC 2014 x86_64
libc:glibc 2.19 NPTL 2.19 
rlimit: STACK 8192k, CORE 0k, NPROC 62640, NOFILE 4096, AS infinity
load average:0,70 0,69 0,82

/proc/meminfo:
MemTotal:        8049056 kB
MemFree:          998880 kB
Buffers:          211804 kB
Cached:          2701416 kB
SwapCached:            0 kB
Active:          4487200 kB
Inactive:        2245564 kB
Active(anon):    3832880 kB
Inactive(anon):   308112 kB
Active(file):     654320 kB
Inactive(file):  1937452 kB
Unevictable:           0 kB
Mlocked:               0 kB
SwapTotal:             0 kB
SwapFree:              0 kB
Dirty:             38344 kB
Writeback:             0 kB
AnonPages:       3819764 kB
Mapped:           418088 kB
Shmem:            321228 kB
Slab:             163796 kB
SReclaimable:      97656 kB
SUnreclaim:        66140 kB
KernelStack:        5496 kB
PageTables:        49024 kB
NFS_Unstable:          0 kB
Bounce:                0 kB
WritebackTmp:          0 kB
CommitLimit:     4024528 kB
Committed_AS:    7788524 kB
VmallocTotal:   34359738367 kB
VmallocUsed:      567216 kB
VmallocChunk:   34359162444 kB
HardwareCorrupted:     0 kB
AnonHugePages:   1785856 kB
HugePages_Total:       0
HugePages_Free:        0
HugePages_Rsvd:        0
HugePages_Surp:        0
Hugepagesize:       2048 kB
DirectMap4k:       89852 kB
DirectMap2M:     8171520 kB


CPU:total 8 (4 cores per cpu, 2 threads per core) family 6 model 58 stepping 9, cmov, cx8, fxsr, mmx, sse, sse2, sse3, ssse3, sse4.1, sse4.2, popcnt, avx, aes, clmul, erms, ht, tsc, tscinvbit, tscinv

/proc/cpuinfo:
processor	: 0
vendor_id	: GenuineIntel
cpu family	: 6
model		: 58
model name	: Intel(R) Core(TM) i7-3612QM CPU @ 2.10GHz
stepping	: 9
microcode	: 0x15
cpu MHz		: 2101.000
cache size	: 6144 KB
physical id	: 0
siblings	: 8
core id		: 0
cpu cores	: 4
apicid		: 0
initial apicid	: 0
fpu		: yes
fpu_exception	: yes
cpuid level	: 13
wp		: yes
flags		: fpu vme de pse tsc msr pae mce cx8 apic sep mtrr pge mca cmov pat pse36 clflush dts acpi mmx fxsr sse sse2 ss ht tm pbe syscall nx rdtscp lm constant_tsc arch_perfmon pebs bts rep_good nopl xtopology nonstop_tsc aperfmperf eagerfpu pni pclmulqdq dtes64 monitor ds_cpl vmx est tm2 ssse3 cx16 xtpr pdcm pcid sse4_1 sse4_2 x2apic popcnt tsc_deadline_timer aes xsave avx f16c rdrand lahf_lm ida arat epb xsaveopt pln pts dtherm tpr_shadow vnmi flexpriority ept vpid fsgsbase smep erms
bogomips	: 4190.41
clflush size	: 64
cache_alignment	: 64
address sizes	: 36 bits physical, 48 bits virtual
power management:

processor	: 1
vendor_id	: GenuineIntel
cpu family	: 6
model		: 58
model name	: Intel(R) Core(TM) i7-3612QM CPU @ 2.10GHz
stepping	: 9
microcode	: 0x15
cpu MHz		: 2101.000
cache size	: 6144 KB
physical id	: 0
siblings	: 8
core id		: 0
cpu cores	: 4
apicid		: 1
initial apicid	: 1
fpu		: yes
fpu_exception	: yes
cpuid level	: 13
wp		: yes
flags		: fpu vme de pse tsc msr pae mce cx8 apic sep mtrr pge mca cmov pat pse36 clflush dts acpi mmx fxsr sse sse2 ss ht tm pbe syscall nx rdtscp lm constant_tsc arch_perfmon pebs bts rep_good nopl xtopology nonstop_tsc aperfmperf eagerfpu pni pclmulqdq dtes64 monitor ds_cpl vmx est tm2 ssse3 cx16 xtpr pdcm pcid sse4_1 sse4_2 x2apic popcnt tsc_deadline_timer aes xsave avx f16c rdrand lahf_lm ida arat epb xsaveopt pln pts dtherm tpr_shadow vnmi flexpriority ept vpid fsgsbase smep erms
bogomips	: 4190.41
clflush size	: 64
cache_alignment	: 64
address sizes	: 36 bits physical, 48 bits virtual
power management:

processor	: 2
vendor_id	: GenuineIntel
cpu family	: 6
model		: 58
model name	: Intel(R) Core(TM) i7-3612QM CPU @ 2.10GHz
stepping	: 9
microcode	: 0x15
cpu MHz		: 2101.000
cache size	: 6144 KB
physical id	: 0
siblings	: 8
core id		: 1
cpu cores	: 4
apicid		: 2
initial apicid	: 2
fpu		: yes
fpu_exception	: yes
cpuid level	: 13
wp		: yes
flags		: fpu vme de pse tsc msr pae mce cx8 apic sep mtrr pge mca cmov pat pse36 clflush dts acpi mmx fxsr sse sse2 ss ht tm pbe syscall nx rdtscp lm constant_tsc arch_perfmon pebs bts rep_good nopl xtopology nonstop_tsc aperfmperf eagerfpu pni pclmulqdq dtes64 monitor ds_cpl vmx est tm2 ssse3 cx16 xtpr pdcm pcid sse4_1 sse4_2 x2apic popcnt tsc_deadline_timer aes xsave avx f16c rdrand lahf_lm ida arat epb xsaveopt pln pts dtherm tpr_shadow vnmi flexpriority ept vpid fsgsbase smep erms
bogomips	: 4190.41
clflush size	: 64
cache_alignment	: 64
address sizes	: 36 bits physical, 48 bits virtual
power management:

processor	: 3
vendor_id	: GenuineIntel
cpu family	: 6
model		: 58
model name	: Intel(R) Core(TM) i7-3612QM CPU @ 2.10GHz
stepping	: 9
microcode	: 0x15
cpu MHz		: 2101.000
cache size	: 6144 KB
physical id	: 0
siblings	: 8
core id		: 1
cpu cores	: 4
apicid		: 3
initial apicid	: 3
fpu		: yes
fpu_exception	: yes
cpuid level	: 13
wp		: yes
flags		: fpu vme de pse tsc msr pae mce cx8 apic sep mtrr pge mca cmov pat pse36 clflush dts acpi mmx fxsr sse sse2 ss ht tm pbe syscall nx rdtscp lm constant_tsc arch_perfmon pebs bts rep_good nopl xtopology nonstop_tsc aperfmperf eagerfpu pni pclmulqdq dtes64 monitor ds_cpl vmx est tm2 ssse3 cx16 xtpr pdcm pcid sse4_1 sse4_2 x2apic popcnt tsc_deadline_timer aes xsave avx f16c rdrand lahf_lm ida arat epb xsaveopt pln pts dtherm tpr_shadow vnmi flexpriority ept vpid fsgsbase smep erms
bogomips	: 4190.41
clflush size	: 64
cache_alignment	: 64
address sizes	: 36 bits physical, 48 bits virtual
power management:

processor	: 4
vendor_id	: GenuineIntel
cpu family	: 6
model		: 58
model name	: Intel(R) Core(TM) i7-3612QM CPU @ 2.10GHz
stepping	: 9
microcode	: 0x15
cpu MHz		: 2101.000
cache size	: 6144 KB
physical id	: 0
siblings	: 8
core id		: 2
cpu cores	: 4
apicid		: 4
initial apicid	: 4
fpu		: yes
fpu_exception	: yes
cpuid level	: 13
wp		: yes
flags		: fpu vme de pse tsc msr pae mce cx8 apic sep mtrr pge mca cmov pat pse36 clflush dts acpi mmx fxsr sse sse2 ss ht tm pbe syscall nx rdtscp lm constant_tsc arch_perfmon pebs bts rep_good nopl xtopology nonstop_tsc aperfmperf eagerfpu pni pclmulqdq dtes64 monitor ds_cpl vmx est tm2 ssse3 cx16 xtpr pdcm pcid sse4_1 sse4_2 x2apic popcnt tsc_deadline_timer aes xsave avx f16c rdrand lahf_lm ida arat epb xsaveopt pln pts dtherm tpr_shadow vnmi flexpriority ept vpid fsgsbase smep erms
bogomips	: 4190.41
clflush size	: 64
cache_alignment	: 64
address sizes	: 36 bits physical, 48 bits virtual
power management:

processor	: 5
vendor_id	: GenuineIntel
cpu family	: 6
model		: 58
model name	: Intel(R) Core(TM) i7-3612QM CPU @ 2.10GHz
stepping	: 9
microcode	: 0x15
cpu MHz		: 2101.000
cache size	: 6144 KB
physical id	: 0
siblings	: 8
core id		: 2
cpu cores	: 4
apicid		: 5
initial apicid	: 5
fpu		: yes
fpu_exception	: yes
cpuid level	: 13
wp		: yes
flags		: fpu vme de pse tsc msr pae mce cx8 apic sep mtrr pge mca cmov pat pse36 clflush dts acpi mmx fxsr sse sse2 ss ht tm pbe syscall nx rdtscp lm constant_tsc arch_perfmon pebs bts rep_good nopl xtopology nonstop_tsc aperfmperf eagerfpu pni pclmulqdq dtes64 monitor ds_cpl vmx est tm2 ssse3 cx16 xtpr pdcm pcid sse4_1 sse4_2 x2apic popcnt tsc_deadline_timer aes xsave avx f16c rdrand lahf_lm ida arat epb xsaveopt pln pts dtherm tpr_shadow vnmi flexpriority ept vpid fsgsbase smep erms
bogomips	: 4190.41
clflush size	: 64
cache_alignment	: 64
address sizes	: 36 bits physical, 48 bits virtual
power management:

processor	: 6
vendor_id	: GenuineIntel
cpu family	: 6
model		: 58
model name	: Intel(R) Core(TM) i7-3612QM CPU @ 2.10GHz
stepping	: 9
microcode	: 0x15
cpu MHz		: 2101.000
cache size	: 6144 KB
physical id	: 0
siblings	: 8
core id		: 3
cpu cores	: 4
apicid		: 6
initial apicid	: 6
fpu		: yes
fpu_exception	: yes
cpuid level	: 13
wp		: yes
flags		: fpu vme de pse tsc msr pae mce cx8 apic sep mtrr pge mca cmov pat pse36 clflush dts acpi mmx fxsr sse sse2 ss ht tm pbe syscall nx rdtscp lm constant_tsc arch_perfmon pebs bts rep_good nopl xtopology nonstop_tsc aperfmperf eagerfpu pni pclmulqdq dtes64 monitor ds_cpl vmx est tm2 ssse3 cx16 xtpr pdcm pcid sse4_1 sse4_2 x2apic popcnt tsc_deadline_timer aes xsave avx f16c rdrand lahf_lm ida arat epb xsaveopt pln pts dtherm tpr_shadow vnmi flexpriority ept vpid fsgsbase smep erms
bogomips	: 4190.41
clflush size	: 64
cache_alignment	: 64
address sizes	: 36 bits physical, 48 bits virtual
power management:

processor	: 7
vendor_id	: GenuineIntel
cpu family	: 6
model		: 58
model name	: Intel(R) Core(TM) i7-3612QM CPU @ 2.10GHz
stepping	: 9
microcode	: 0x15
cpu MHz		: 1200.000
cache size	: 6144 KB
physical id	: 0
siblings	: 8
core id		: 3
cpu cores	: 4
apicid		: 7
initial apicid	: 7
fpu		: yes
fpu_exception	: yes
cpuid level	: 13
wp		: yes
flags		: fpu vme de pse tsc msr pae mce cx8 apic sep mtrr pge mca cmov pat pse36 clflush dts acpi mmx fxsr sse sse2 ss ht tm pbe syscall nx rdtscp lm constant_tsc arch_perfmon pebs bts rep_good nopl xtopology nonstop_tsc aperfmperf eagerfpu pni pclmulqdq dtes64 monitor ds_cpl vmx est tm2 ssse3 cx16 xtpr pdcm pcid sse4_1 sse4_2 x2apic popcnt tsc_deadline_timer aes xsave avx f16c rdrand lahf_lm ida arat epb xsaveopt pln pts dtherm tpr_shadow vnmi flexpriority ept vpid fsgsbase smep erms
bogomips	: 4190.41
clflush size	: 64
cache_alignment	: 64
address sizes	: 36 bits physical, 48 bits virtual
power management:



Memory: 4k page, physical 8049056k(997812k free), swap 0k(0k free)

vm_info: Java HotSpot(TM) 64-Bit Server VM (25.45-b02) for linux-amd64 JRE (1.8.0_45-b14), built on Apr 10 2015 10:07:45 by "java_re" with gcc 4.3.0 20080428 (Red Hat 4.3.0-8)

time: Sun May 17 15:50:56 2015
elapsed time: 9 seconds (0d 0h 0m 9s)

