#
# A fatal error has been detected by the Java Runtime Environment:
#
#  SIGBUS (0x7) at pc=0x00007f3239dd47d2, pid=15904, tid=139852737066752
#
# JRE version: Java(TM) SE Runtime Environment (8.0_45-b14) (build 1.8.0_45-b14)
# Java VM: Java HotSpot(TM) 64-Bit Server VM (25.45-b02 mixed mode linux-amd64 compressed oops)
# Problematic frame:
# C  [libzip.so+0x117d2]  newEntry+0x62
#
# Failed to write core dump. Core dumps have been disabled. To enable core dumping, try "ulimit -c unlimited" before starting Java again
#
# If you would like to submit a bug report, please visit:
#   http://bugreport.java.com/bugreport/crash.jsp
# The crash happened outside the Java Virtual Machine in native code.
# See problematic frame for where to report the bug.
#

---------------  T H R E A D  ---------------

Current thread (0x00007f3194001000):  JavaThread "qtp1078694789-28" [_thread_in_native, id=15977, stack(0x00007f3200a6b000,0x00007f3200b6c000)]

siginfo: si_signo: 7 (SIGBUS), si_code: 2 (BUS_ADRERR), si_addr: 0x00007f321c028a11

Registers:
RAX=0x00007f318800cdb0, RBX=0x00007f3234244e70, RCX=0x00007f3188000020, RDX=0x00007f318800cdb0
RSP=0x00007f3200b68770, RBP=0x00007f3200b687c0, RSI=0x00007f3188000038, RDI=0x0000000000000000
R8 =0x0000000000000003, R9 =0x00007f3200b68840, R10=0x00007f3225179ad8, R11=0x00007f323c2b2a30
R12=0x00007f321c0289f4, R13=0x00007f318800cdb0, R14=0x00000000d624bf51, R15=0x00007f3234183cf0
RIP=0x00007f3239dd47d2, EFLAGS=0x0000000000010202, CSGSFS=0x1677000000000033, ERR=0x0000000000000004
  TRAPNO=0x000000000000000e

Top of Stack: (sp=0x00007f3200b68770)
0x00007f3200b68770:   00007f3224884418 00007f3100000000
0x00007f3200b68780:   00000001000007a8 00007f323ba2d42e
0x00007f3200b68790:   00007f318800cdb0 00007f3234244e70
0x00007f3200b687a0:   00007f31940136e0 00007f3234183cf0
0x00007f3200b687b0:   00000000d624bf51 0000000000000029
0x00007f3200b687c0:   00007f3200b68820 00007f3239dd4f2f
0x00007f3200b687d0:   00007f3194001000 01007f3194001000
0x00007f3200b687e0:   00007f3200b68840 00007f3200b6886a
0x00007f3200b687f0:   00007f3200b68868 00007f3200b68840
0x00007f3200b68800:   0000000000000029 00007f31940011f8
0x00007f3200b68810:   00007f3200b68c98 0000000000000001
0x00007f3200b68820:   00007f3200b68c80 00007f3239dc6d30
0x00007f3200b68830:   00007f3224bb3f80 00007f3234183cf0
0x00007f3200b68840:   742f4e4944414156 61762f73656d6568
0x00007f3200b68850:   65726168732f6f6c 70732f676d692f64
0x00007f3200b68860:   69672e72656e6e69 00007f31e4000066
0x00007f3200b68870:   00007f31e40095b8 00000000000003d8
0x00007f3200b68880:   00007f3224928b60 0000000000d72730
0x00007f3200b68890:   00007f3200b688b0 00007f3224cabeb8
0x00007f3200b688a0:   00007f3124cabe98 0000000024bef558
0x00007f3200b688b0:   0000000024f087f8 0000000000000000
0x00007f3200b688c0:   000000002495d778 0000000085629000
0x00007f3200b688d0:   0000000000000001 0000000000000000
0x00007f3200b688e0:   00007f32014a0c38 00007f32004a7cb0
0x00007f3200b688f0:   00007f3224b3ffd8 00007f3224928b40
0x00007f3200b68900:   0000000085629000 0000000024d4aa70
0x00007f3200b68910:   0000000024d4aa90 00007f3200d72710
0x00007f3200b68920:   00007f3224bb3e40 00007f3224d4a408
0x00007f3200b68930:   00007f3200b68970 0000000000e3e068
0x00007f3200b68940:   00007f3200c70ed0 00007f32015887b8
0x00007f3200b68950:   00007f3224b40138 00007f3200e46e48
0x00007f3200b68960:   00007f3200d72670 00007f3224928b20 

Instructions: (pc=0x00007f3239dd47d2)
0x00007f3239dd47b2:   00 48 c7 40 28 00 00 00 00 41 80 7f 30 00 0f 84
0x00007f3239dd47c2:   8a 02 00 00 4c 8b 63 08 4d 2b 67 28 4d 03 67 18
0x00007f3239dd47d2:   41 0f b6 5c 24 1d 41 0f b6 44 24 1c c1 e3 08 09
0x00007f3239dd47e2:   c3 41 0f b6 44 24 1e 88 45 bd 41 0f b6 54 24 20 

Register to memory mapping:

RAX=0x00007f318800cdb0 is an unknown value
RBX=0x00007f3234244e70 is an unknown value
RCX=0x00007f3188000020 is an unknown value
RDX=0x00007f318800cdb0 is an unknown value
RSP=0x00007f3200b68770 is pointing into the stack for thread: 0x00007f3194001000
RBP=0x00007f3200b687c0 is pointing into the stack for thread: 0x00007f3194001000
RSI=0x00007f3188000038 is an unknown value
RDI=0x0000000000000000 is an unknown value
R8 =0x0000000000000003 is an unknown value
R9 =0x00007f3200b68840 is pointing into the stack for thread: 0x00007f3194001000
R10=0x00007f3225179ad8 is at entry_point+88 in (nmethod*)0x00007f3225179910
R11=0x00007f323c2b2a30: <offset 0x187a30> in /lib/x86_64-linux-gnu/libc.so.6 at 0x00007f323c12b000
R12=0x00007f321c0289f4 is an unknown value
R13=0x00007f318800cdb0 is an unknown value
R14=0x00000000d624bf51 is an unallocated location in the heap
R15=0x00007f3234183cf0 is an unknown value


Stack: [0x00007f3200a6b000,0x00007f3200b6c000],  sp=0x00007f3200b68770,  free space=1013k
Native frames: (J=compiled Java code, j=interpreted, Vv=VM code, C=native code)
C  [libzip.so+0x117d2]  newEntry+0x62
C  [libzip.so+0x11f2f]  ZIP_GetEntry2+0xff
C  [libzip.so+0x3d30]  Java_java_util_zip_ZipFile_getEntry+0xf0
J 210  java.util.zip.ZipFile.getEntry(J[BZ)J (0 bytes) @ 0x00007f3225179b4e [0x00007f3225179a80+0xce]
J 1382 C2 java.util.jar.JarFile.getEntry(Ljava/lang/String;)Ljava/util/zip/ZipEntry; (22 bytes) @ 0x00007f32255a793c [0x00007f32255a7600+0x33c]

Java frames: (J=compiled Java code, j=interpreted, Vv=VM code)
J 210  java.util.zip.ZipFile.getEntry(J[BZ)J (0 bytes) @ 0x00007f3225179ad8 [0x00007f3225179a80+0x58]
J 1382 C2 java.util.jar.JarFile.getEntry(Ljava/lang/String;)Ljava/util/zip/ZipEntry; (22 bytes) @ 0x00007f32255a793c [0x00007f32255a7600+0x33c]
J 1362 C2 sun.misc.URLClassPath$JarLoader.getResource(Ljava/lang/String;Z)Lsun/misc/Resource; (85 bytes) @ 0x00007f322557c7ac [0x00007f322557c680+0x12c]
J 1177 C1 sun.misc.URLClassPath$JarLoader.findResource(Ljava/lang/String;Z)Ljava/net/URL; (18 bytes) @ 0x00007f32254ea5a4 [0x00007f32254ea540+0x64]
j  sun.misc.URLClassPath.findResource(Ljava/lang/String;Z)Ljava/net/URL;+26
j  java.net.URLClassLoader$2.run()Ljava/net/URL;+12
j  java.net.URLClassLoader$2.run()Ljava/lang/Object;+1
v  ~StubRoutines::call_stub
j  java.security.AccessController.doPrivileged(Ljava/security/PrivilegedAction;Ljava/security/AccessControlContext;)Ljava/lang/Object;+0
j  java.net.URLClassLoader.findResource(Ljava/lang/String;)Ljava/net/URL;+13
j  org.eclipse.jetty.webapp.WebAppClassLoader.getResource(Ljava/lang/String;)Ljava/net/URL;+129
j  com.vaadin.server.VaadinServlet.findResourceURL(Ljava/lang/String;Ljavax/servlet/ServletContext;)Ljava/net/URL;+35
j  com.vaadin.server.VaadinServlet.serveStaticResourcesInVAADIN(Ljava/lang/String;Ljavax/servlet/http/HttpServletRequest;Ljavax/servlet/http/HttpServletResponse;)V+10
j  com.vaadin.server.VaadinServlet.serveStaticResources(Ljavax/servlet/http/HttpServletRequest;Ljavax/servlet/http/HttpServletResponse;)Z+45
j  com.vaadin.server.VaadinServlet.service(Ljavax/servlet/http/HttpServletRequest;Ljavax/servlet/http/HttpServletResponse;)V+58
j  javax.servlet.http.HttpServlet.service(Ljavax/servlet/ServletRequest;Ljavax/servlet/ServletResponse;)V+39
j  org.eclipse.jetty.servlet.ServletHolder.handle(Lorg/eclipse/jetty/server/Request;Ljavax/servlet/ServletRequest;Ljavax/servlet/ServletResponse;)V+222
j  org.eclipse.jetty.servlet.ServletHandler.doHandle(Ljava/lang/String;Lorg/eclipse/jetty/server/Request;Ljavax/servlet/http/HttpServletRequest;Ljavax/servlet/http/HttpServletResponse;)V+197
j  org.eclipse.jetty.server.handler.ScopedHandler.handle(Ljava/lang/String;Lorg/eclipse/jetty/server/Request;Ljavax/servlet/http/HttpServletRequest;Ljavax/servlet/http/HttpServletResponse;)V+32
j  org.eclipse.jetty.security.SecurityHandler.handle(Ljava/lang/String;Lorg/eclipse/jetty/server/Request;Ljavax/servlet/http/HttpServletRequest;Ljavax/servlet/http/HttpServletResponse;)V+553
j  org.eclipse.jetty.server.session.SessionHandler.doHandle(Ljava/lang/String;Lorg/eclipse/jetty/server/Request;Ljavax/servlet/http/HttpServletRequest;Ljavax/servlet/http/HttpServletResponse;)V+68
j  org.eclipse.jetty.server.handler.ContextHandler.doHandle(Ljava/lang/String;Lorg/eclipse/jetty/server/Request;Ljavax/servlet/http/HttpServletRequest;Ljavax/servlet/http/HttpServletResponse;)V+369
j  org.eclipse.jetty.servlet.ServletHandler.doScope(Ljava/lang/String;Lorg/eclipse/jetty/server/Request;Ljavax/servlet/http/HttpServletRequest;Ljavax/servlet/http/HttpServletResponse;)V+274
j  org.eclipse.jetty.server.session.SessionHandler.doScope(Ljava/lang/String;Lorg/eclipse/jetty/server/Request;Ljavax/servlet/http/HttpServletRequest;Ljavax/servlet/http/HttpServletResponse;)V+233
j  org.eclipse.jetty.server.handler.ContextHandler.doScope(Ljava/lang/String;Lorg/eclipse/jetty/server/Request;Ljavax/servlet/http/HttpServletRequest;Ljavax/servlet/http/HttpServletResponse;)V+437
j  org.eclipse.jetty.server.handler.ScopedHandler.handle(Ljava/lang/String;Lorg/eclipse/jetty/server/Request;Ljavax/servlet/http/HttpServletRequest;Ljavax/servlet/http/HttpServletResponse;)V+20
j  org.eclipse.jetty.server.handler.ContextHandlerCollection.handle(Ljava/lang/String;Lorg/eclipse/jetty/server/Request;Ljavax/servlet/http/HttpServletRequest;Ljavax/servlet/http/HttpServletResponse;)V+174
j  org.eclipse.jetty.server.handler.HandlerCollection.handle(Ljava/lang/String;Lorg/eclipse/jetty/server/Request;Ljavax/servlet/http/HttpServletRequest;Ljavax/servlet/http/HttpServletResponse;)V+42
j  org.eclipse.jetty.server.handler.HandlerWrapper.handle(Ljava/lang/String;Lorg/eclipse/jetty/server/Request;Ljavax/servlet/http/HttpServletRequest;Ljavax/servlet/http/HttpServletResponse;)V+23
j  org.eclipse.jetty.server.Server.handle(Lorg/eclipse/jetty/server/HttpChannel;)V+118
j  org.eclipse.jetty.server.HttpChannel.handle()Z+263
j  org.eclipse.jetty.server.HttpConnection.onFillable()V+178
j  org.eclipse.jetty.io.AbstractConnection$2.run()V+4
j  org.eclipse.jetty.util.thread.QueuedThreadPool.runJob(Ljava/lang/Runnable;)V+1
j  org.eclipse.jetty.util.thread.QueuedThreadPool$3.run()V+73
j  java.lang.Thread.run()V+11
v  ~StubRoutines::call_stub

---------------  P R O C E S S  ---------------

Java Threads: ( => current thread )
=>0x00007f3194001000 JavaThread "qtp1078694789-28" [_thread_in_native, id=15977, stack(0x00007f3200a6b000,0x00007f3200b6c000)]
  0x00007f319924c000 JavaThread "qtp1078694789-27" [_thread_blocked, id=15976, stack(0x00007f3200b6c000,0x00007f3200c6d000)]
  0x00007f31c4005800 JavaThread "Scheduler-193064360" [_thread_blocked, id=15975, stack(0x00007f3200e6d000,0x00007f3200f6e000)]
  0x00007f3234345800 JavaThread "org.eclipse.jetty.server.session.HashSessionManager@61a485d2Timer" daemon [_thread_blocked, id=15969, stack(0x00007f3201396000,0x00007f3201497000)]
  0x00007f31b4003000 JavaThread "qtp1078694789-24" [_thread_blocked, id=15952, stack(0x00007f3201697000,0x00007f3201798000)]
  0x00007f31a8001000 JavaThread "qtp1078694789-23-selector-ServerConnectorManager@51528a08/1" [_thread_in_native, id=15951, stack(0x00007f3201899000,0x00007f320199a000)]
  0x00007f31b4001000 JavaThread "qtp1078694789-22-selector-ServerConnectorManager@51528a08/5" [_thread_in_native, id=15950, stack(0x00007f3201798000,0x00007f3201899000)]
  0x00007f32341ec800 JavaThread "qtp1078694789-19-selector-ServerConnectorManager@51528a08/2" [_thread_in_native, id=15941, stack(0x00007f3201aa0000,0x00007f3201ba1000)]
  0x00007f32341eb000 JavaThread "qtp1078694789-18-selector-ServerConnectorManager@51528a08/6" [_thread_in_native, id=15940, stack(0x00007f3201ba1000,0x00007f3201ca2000)]
  0x00007f32341e9000 JavaThread "qtp1078694789-17-acceptor-0-ServerConnector@6d4b1c02{HTTP/1.1}{0.0.0.0:8081}" [_thread_in_native, id=15939, stack(0x00007f3201ca2000,0x00007f3201da3000)]
  0x00007f32341e7800 JavaThread "qtp1078694789-16-selector-ServerConnectorManager@51528a08/0" [_thread_in_native, id=15938, stack(0x00007f3201da3000,0x00007f3201ea4000)]
  0x00007f32341e5800 JavaThread "qtp1078694789-15-selector-ServerConnectorManager@51528a08/4" [_thread_in_native, id=15937, stack(0x00007f3201ea4000,0x00007f3201fa5000)]
  0x00007f32341e4000 JavaThread "qtp1078694789-14-selector-ServerConnectorManager@51528a08/3" [_thread_in_native, id=15936, stack(0x00007f3201fa5000,0x00007f32020a6000)]
  0x00007f32341e2000 JavaThread "qtp1078694789-13" [_thread_blocked, id=15935, stack(0x00007f32020a6000,0x00007f32021a7000)]
  0x00007f32341d8000 JavaThread "qtp1078694789-12-selector-ServerConnectorManager@51528a08/7" [_thread_in_native, id=15934, stack(0x00007f32021a7000,0x00007f32022a8000)]
  0x00007f32340cd800 JavaThread "Service Thread" daemon [_thread_blocked, id=15932, stack(0x00007f32025b2000,0x00007f32026b3000)]
  0x00007f32340c8000 JavaThread "C1 CompilerThread3" daemon [_thread_in_native, id=15931, stack(0x00007f32026b3000,0x00007f32027b4000)]
  0x00007f32340c6000 JavaThread "C2 CompilerThread2" daemon [_thread_blocked, id=15930, stack(0x00007f32027b4000,0x00007f32028b5000)]
  0x00007f32340c4000 JavaThread "C2 CompilerThread1" daemon [_thread_in_native, id=15929, stack(0x00007f32028b5000,0x00007f32029b6000)]
  0x00007f32340c1800 JavaThread "C2 CompilerThread0" daemon [_thread_blocked, id=15928, stack(0x00007f32029b6000,0x00007f3202ab7000)]
  0x00007f32340c0000 JavaThread "Signal Dispatcher" daemon [_thread_blocked, id=15927, stack(0x00007f3202ab7000,0x00007f3202bb8000)]
  0x00007f3234087000 JavaThread "Finalizer" daemon [_thread_blocked, id=15919, stack(0x00007f3202ff0000,0x00007f32030f1000)]
  0x00007f3234085000 JavaThread "Reference Handler" daemon [_thread_blocked, id=15918, stack(0x00007f32030f1000,0x00007f32031f2000)]
  0x00007f3234009800 JavaThread "main" [_thread_blocked, id=15907, stack(0x00007f323cc1c000,0x00007f323cd1d000)]

Other Threads:
  0x00007f323407f800 VMThread [stack: 0x00007f32031f2000,0x00007f32032f3000] [id=15917]
  0x00007f32340d0000 WatcherThread [stack: 0x00007f32024b1000,0x00007f32025b2000] [id=15933]

VM state:not at safepoint (normal execution)

VM Mutex/Monitor currently owned by a thread: None

Heap:
 PSYoungGen      total 284160K, used 62298K [0x00000000d7100000, 0x00000000ebe00000, 0x0000000100000000)
  eden space 247296K, 12% used [0x00000000d7100000,0x00000000d8f2c390,0x00000000e6280000)
  from space 36864K, 85% used [0x00000000e8d00000,0x00000000eabaa6e8,0x00000000eb100000)
  to   space 43520K, 0% used [0x00000000e6280000,0x00000000e6280000,0x00000000e8d00000)
 ParOldGen       total 84992K, used 47547K [0x0000000085200000, 0x000000008a500000, 0x00000000d7100000)
  object space 84992K, 55% used [0x0000000085200000,0x000000008806edb8,0x000000008a500000)
 Metaspace       used 18961K, capacity 19244K, committed 19456K, reserved 1067008K
  class space    used 2442K, capacity 2535K, committed 2560K, reserved 1048576K

Card table byte_map: [0x00007f323962b000,0x00007f3239a03000] byte_map_base: 0x00007f3239202000

Marking Bits: (ParMarkBitMap*) 0x00007f323c100760
 Begin Bits: [0x00007f321c290000, 0x00007f321e148000)
 End Bits:   [0x00007f321e148000, 0x00007f3220000000)

Polling page: 0x00007f323cd47000

CodeCache: size=245760Kb used=7885Kb max_used=7897Kb free=237874Kb
 bounds [0x00007f3225000000, 0x00007f32257c0000, 0x00007f3234000000]
 total_blobs=2476 nmethods=2107 adapters=282
 compilation: enabled

Compilation events (10 events):
Event: 29,427 Thread 0x00007f32340c8000 2118       3       java.util.Arrays::sort (32 bytes)
Event: 29,428 Thread 0x00007f32340c8000 nmethod 2118 0x00007f32257b4a50 code [0x00007f32257b4be0, 0x00007f32257b4e18]
Event: 29,428 Thread 0x00007f32340c8000 2119       3       elemental.json.impl.JsonUtil$StringifyJsonVisitor::endVisit (105 bytes)
Event: 29,428 Thread 0x00007f32340c1800 2121       4       java.io.File::getName (42 bytes)
Event: 29,432 Thread 0x00007f32340c8000 nmethod 2119 0x00007f32257b4f10 code [0x00007f32257b5100, 0x00007f32257b5b88]
Event: 29,440 Thread 0x00007f32340c1800 nmethod 2121 0x00007f32257b91d0 code [0x00007f32257b9340, 0x00007f32257b97f8]
Event: 29,473 Thread 0x00007f32340c8000 2122       3       java.lang.Thread::isInterrupted (6 bytes)
Event: 29,473 Thread 0x00007f32340c8000 nmethod 2122 0x00007f32257b8e50 code [0x00007f32257b8fc0, 0x00007f32257b9148]
Event: 29,473 Thread 0x00007f32340c8000 2124       3       java.util.regex.Matcher::search (109 bytes)
Event: 29,473 Thread 0x00007f32340c4000 2125       4       java.io.UnixFileSystem::getBooleanAttributes (49 bytes)

GC Heap History (10 events):
Event: 0,642 GC heap before
{Heap before GC invocations=2 (full 0):
 PSYoungGen      total 36864K, used 34530K [0x00000000d7100000, 0x00000000db900000, 0x0000000100000000)
  eden space 31744K, 100% used [0x00000000d7100000,0x00000000d9000000,0x00000000d9000000)
  from space 5120K, 54% used [0x00000000d9000000,0x00000000d92b8918,0x00000000d9500000)
  to   space 5120K, 0% used [0x00000000db400000,0x00000000db400000,0x00000000db900000)
 ParOldGen       total 84992K, used 72K [0x0000000085200000, 0x000000008a500000, 0x00000000d7100000)
  object space 84992K, 0% used [0x0000000085200000,0x0000000085212010,0x000000008a500000)
 Metaspace       used 7143K, capacity 7236K, committed 7552K, reserved 1056768K
  class space    used 798K, capacity 816K, committed 896K, reserved 1048576K
Event: 0,647 GC heap after
Heap after GC invocations=2 (full 0):
 PSYoungGen      total 68608K, used 1568K [0x00000000d7100000, 0x00000000db900000, 0x0000000100000000)
  eden space 63488K, 0% used [0x00000000d7100000,0x00000000d7100000,0x00000000daf00000)
  from space 5120K, 30% used [0x00000000db400000,0x00000000db588030,0x00000000db900000)
  to   space 5120K, 0% used [0x00000000daf00000,0x00000000daf00000,0x00000000db400000)
 ParOldGen       total 84992K, used 80K [0x0000000085200000, 0x000000008a500000, 0x00000000d7100000)
  object space 84992K, 0% used [0x0000000085200000,0x0000000085214010,0x000000008a500000)
 Metaspace       used 7143K, capacity 7236K, committed 7552K, reserved 1056768K
  class space    used 798K, capacity 816K, committed 896K, reserved 1048576K
}
Event: 0,835 GC heap before
{Heap before GC invocations=3 (full 0):
 PSYoungGen      total 68608K, used 65056K [0x00000000d7100000, 0x00000000db900000, 0x0000000100000000)
  eden space 63488K, 100% used [0x00000000d7100000,0x00000000daf00000,0x00000000daf00000)
  from space 5120K, 30% used [0x00000000db400000,0x00000000db588030,0x00000000db900000)
  to   space 5120K, 0% used [0x00000000daf00000,0x00000000daf00000,0x00000000db400000)
 ParOldGen       total 84992K, used 80K [0x0000000085200000, 0x000000008a500000, 0x00000000d7100000)
  object space 84992K, 0% used [0x0000000085200000,0x0000000085214010,0x000000008a500000)
 Metaspace       used 7983K, capacity 8036K, committed 8192K, reserved 1056768K
  class space    used 887K, capacity 912K, committed 1024K, reserved 1048576K
Event: 0,841 GC heap after
Heap after GC invocations=3 (full 0):
 PSYoungGen      total 68608K, used 2623K [0x00000000d7100000, 0x00000000df700000, 0x0000000100000000)
  eden space 63488K, 0% used [0x00000000d7100000,0x00000000d7100000,0x00000000daf00000)
  from space 5120K, 51% used [0x00000000daf00000,0x00000000db18ffa8,0x00000000db400000)
  to   space 5120K, 0% used [0x00000000df200000,0x00000000df200000,0x00000000df700000)
 ParOldGen       total 84992K, used 88K [0x0000000085200000, 0x000000008a500000, 0x00000000d7100000)
  object space 84992K, 0% used [0x0000000085200000,0x0000000085216010,0x000000008a500000)
 Metaspace       used 7983K, capacity 8036K, committed 8192K, reserved 1056768K
  class space    used 887K, capacity 912K, committed 1024K, reserved 1048576K
}
Event: 1,305 GC heap before
{Heap before GC invocations=4 (full 0):
 PSYoungGen      total 68608K, used 66111K [0x00000000d7100000, 0x00000000df700000, 0x0000000100000000)
  eden space 63488K, 100% used [0x00000000d7100000,0x00000000daf00000,0x00000000daf00000)
  from space 5120K, 51% used [0x00000000daf00000,0x00000000db18ffa8,0x00000000db400000)
  to   space 5120K, 0% used [0x00000000df200000,0x00000000df200000,0x00000000df700000)
 ParOldGen       total 84992K, used 107K [0x0000000085200000, 0x000000008a500000, 0x00000000d7100000)
  object space 84992K, 0% used [0x0000000085200000,0x000000008521aed0,0x000000008a500000)
 Metaspace       used 8277K, capacity 8388K, committed 8704K, reserved 1056768K
  class space    used 897K, capacity 944K, committed 1024K, reserved 1048576K
Event: 1,318 GC heap after
Heap after GC invocations=4 (full 0):
 PSYoungGen      total 132096K, used 5097K [0x00000000d7100000, 0x00000000df700000, 0x0000000100000000)
  eden space 126976K, 0% used [0x00000000d7100000,0x00000000d7100000,0x00000000ded00000)
  from space 5120K, 99% used [0x00000000df200000,0x00000000df6fa638,0x00000000df700000)
  to   space 5120K, 0% used [0x00000000ded00000,0x00000000ded00000,0x00000000df200000)
 ParOldGen       total 84992K, used 12240K [0x0000000085200000, 0x000000008a500000, 0x00000000d7100000)
  object space 84992K, 14% used [0x0000000085200000,0x0000000085df41d8,0x000000008a500000)
 Metaspace       used 8277K, capacity 8388K, committed 8704K, reserved 1056768K
  class space    used 897K, capacity 944K, committed 1024K, reserved 1048576K
}
Event: 1,745 GC heap before
{Heap before GC invocations=5 (full 0):
 PSYoungGen      total 132096K, used 132073K [0x00000000d7100000, 0x00000000df700000, 0x0000000100000000)
  eden space 126976K, 100% used [0x00000000d7100000,0x00000000ded00000,0x00000000ded00000)
  from space 5120K, 99% used [0x00000000df200000,0x00000000df6fa638,0x00000000df700000)
  to   space 5120K, 0% used [0x00000000ded00000,0x00000000ded00000,0x00000000df200000)
 ParOldGen       total 84992K, used 12243K [0x0000000085200000, 0x000000008a500000, 0x00000000d7100000)
  object space 84992K, 14% used [0x0000000085200000,0x0000000085df4e50,0x000000008a500000)
 Metaspace       used 8288K, capacity 8388K, committed 8704K, reserved 1056768K
  class space    used 898K, capacity 944K, committed 1024K, reserved 1048576K
Event: 1,784 GC heap after
Heap after GC invocations=5 (full 0):
 PSYoungGen      total 132096K, used 5114K [0x00000000d7100000, 0x00000000eb100000, 0x0000000100000000)
  eden space 126976K, 0% used [0x00000000d7100000,0x00000000d7100000,0x00000000ded00000)
  from space 5120K, 99% used [0x00000000ded00000,0x00000000df1fe970,0x00000000df200000)
  to   space 36864K, 0% used [0x00000000e8d00000,0x00000000e8d00000,0x00000000eb100000)
 ParOldGen       total 84992K, used 47539K [0x0000000085200000, 0x000000008a500000, 0x00000000d7100000)
  object space 84992K, 55% used [0x0000000085200000,0x000000008806cdb8,0x000000008a500000)
 Metaspace       used 8288K, capacity 8388K, committed 8704K, reserved 1056768K
  class space    used 898K, capacity 944K, committed 1024K, reserved 1048576K
}
Event: 3,266 GC heap before
{Heap before GC invocations=6 (full 0):
 PSYoungGen      total 132096K, used 132090K [0x00000000d7100000, 0x00000000eb100000, 0x0000000100000000)
  eden space 126976K, 100% used [0x00000000d7100000,0x00000000ded00000,0x00000000ded00000)
  from space 5120K, 99% used [0x00000000ded00000,0x00000000df1fe970,0x00000000df200000)
  to   space 36864K, 0% used [0x00000000e8d00000,0x00000000e8d00000,0x00000000eb100000)
 ParOldGen       total 84992K, used 47539K [0x0000000085200000, 0x000000008a500000, 0x00000000d7100000)
  object space 84992K, 55% used [0x0000000085200000,0x000000008806cdb8,0x000000008a500000)
 Metaspace       used 16761K, capacity 16910K, committed 17152K, reserved 1064960K
  class space    used 2156K, capacity 2210K, committed 2304K, reserved 1048576K
Event: 3,294 GC heap after
Heap after GC invocations=6 (full 0):
 PSYoungGen      total 284160K, used 31401K [0x00000000d7100000, 0x00000000ebe00000, 0x0000000100000000)
  eden space 247296K, 0% used [0x00000000d7100000,0x00000000d7100000,0x00000000e6280000)
  from space 36864K, 85% used [0x00000000e8d00000,0x00000000eabaa6e8,0x00000000eb100000)
  to   space 43520K, 0% used [0x00000000e6280000,0x00000000e6280000,0x00000000e8d00000)
 ParOldGen       total 84992K, used 47547K [0x0000000085200000, 0x000000008a500000, 0x00000000d7100000)
  object space 84992K, 55% used [0x0000000085200000,0x000000008806edb8,0x000000008a500000)
 Metaspace       used 16761K, capacity 16910K, committed 17152K, reserved 1064960K
  class space    used 2156K, capacity 2210K, committed 2304K, reserved 1048576K
}

Deoptimization events (10 events):
Event: 3,295 Thread 0x00007f3234087000 Uncommon trap: reason=unstable_if action=reinterpret pc=0x00007f32255bbcf0 method=java.util.WeakHashMap.remove(Ljava/lang/Object;)Ljava/lang/Object; @ 67
Event: 3,307 Thread 0x00007f32341e2000 Uncommon trap: reason=unstable_if action=reinterpret pc=0x00007f32255d1ba8 method=java.util.HashMap.getNode(ILjava/lang/Object;)Ljava/util/HashMap$Node; @ 129
Event: 3,307 Thread 0x00007f32341e2000 Uncommon trap: reason=bimorphic action=maybe_recompile pc=0x00007f32255d43cc method=java.util.HashMap.putVal(ILjava/lang/Object;Ljava/lang/Object;ZZ)Ljava/lang/Object; @ 203
Event: 3,330 Thread 0x00007f32341e2000 Uncommon trap: reason=class_check action=maybe_recompile pc=0x00007f3225611874 method=java.util.Hashtable.get(Ljava/lang/Object;)Ljava/lang/Object; @ 45
Event: 3,330 Thread 0x00007f32341e2000 Uncommon trap: reason=class_check action=maybe_recompile pc=0x00007f3225611874 method=java.util.Hashtable.get(Ljava/lang/Object;)Ljava/lang/Object; @ 45
Event: 3,492 Thread 0x00007f32341e2000 Uncommon trap: reason=unstable_if action=reinterpret pc=0x00007f32252b8724 method=sun.nio.cs.UTF_8$Encoder.encode([CII[B)I @ 33
Event: 3,493 Thread 0x00007f31a8001000 Uncommon trap: reason=unstable_if action=reinterpret pc=0x00007f322569ce70 method=java.util.HashMap$HashIterator.<init>(Ljava/util/HashMap;)V @ 45
Event: 13,159 Thread 0x00007f32341e2000 Uncommon trap: reason=class_check action=maybe_recompile pc=0x00007f3225598190 method=java.util.concurrent.ConcurrentHashMap.get(Ljava/lang/Object;)Ljava/lang/Object; @ 149
Event: 13,174 Thread 0x00007f32341e2000 Uncommon trap: reason=bimorphic action=maybe_recompile pc=0x00007f32255d43cc method=java.util.HashMap.putVal(ILjava/lang/Object;Ljava/lang/Object;ZZ)Ljava/lang/Object; @ 203
Event: 29,366 Thread 0x00007f31b4003000 Uncommon trap: reason=class_check action=maybe_recompile pc=0x00007f3225598190 method=java.util.concurrent.ConcurrentHashMap.get(Ljava/lang/Object;)Ljava/lang/Object; @ 149

Internal exceptions (10 events):
Event: 3,464 Thread 0x00007f32341e2000 Exception <a 'java/lang/ClassNotFoundException': com/vaadin/shared/communication/URLReferenceBeanInfo> (0x00000000d7ec1520) thrown at [/RE-WORK/workspace/8-2-build-linux-amd64/jdk8u45/3457/hotspot/src/share/vm/classfile/systemDictionary.cpp, line 210]
Event: 3,465 Thread 0x00007f32341e2000 Exception <a 'java/lang/ClassNotFoundException': com/vaadin/shared/communication/URLReferenceCustomizer> (0x00000000d7edad80) thrown at [/RE-WORK/workspace/8-2-build-linux-amd64/jdk8u45/3457/hotspot/src/share/vm/classfile/systemDictionary.cpp, line 210]
Event: 3,466 Thread 0x00007f32341e2000 Exception <a 'java/lang/ClassNotFoundException': com/vaadin/shared/ui/csslayout/CssLayoutStateBeanInfo> (0x00000000d7efe810) thrown at [/RE-WORK/workspace/8-2-build-linux-amd64/jdk8u45/3457/hotspot/src/share/vm/classfile/systemDictionary.cpp, line 210]
Event: 3,466 Thread 0x00007f32341e2000 Exception <a 'java/lang/ClassNotFoundException': com/vaadin/shared/ui/csslayout/CssLayoutStateCustomizer> (0x00000000d7f1c980) thrown at [/RE-WORK/workspace/8-2-build-linux-amd64/jdk8u45/3457/hotspot/src/share/vm/classfile/systemDictionary.cpp, line 210]
Event: 3,468 Thread 0x00007f32341e2000 Exception <a 'java/lang/ClassNotFoundException': com/vaadin/shared/ui/textfield/AbstractTextFieldStateBeanInfo> (0x00000000d7f555c0) thrown at [/RE-WORK/workspace/8-2-build-linux-amd64/jdk8u45/3457/hotspot/src/share/vm/classfile/systemDictionary.cpp, line
Event: 3,469 Thread 0x00007f32341e2000 Exception <a 'java/lang/ClassNotFoundException': com/vaadin/shared/ui/textfield/AbstractTextFieldStateCustomizer> (0x00000000d7f7be50) thrown at [/RE-WORK/workspace/8-2-build-linux-amd64/jdk8u45/3457/hotspot/src/share/vm/classfile/systemDictionary.cpp, li
Event: 3,470 Thread 0x00007f32341e2000 Exception <a 'java/lang/ClassNotFoundException': com/vaadin/shared/ui/menubar/MenuBarStateBeanInfo> (0x00000000d7fa7dd0) thrown at [/RE-WORK/workspace/8-2-build-linux-amd64/jdk8u45/3457/hotspot/src/share/vm/classfile/systemDictionary.cpp, line 210]
Event: 3,470 Thread 0x00007f32341e2000 Exception <a 'java/lang/ClassNotFoundException': com/vaadin/shared/ui/menubar/MenuBarStateCustomizer> (0x00000000d7fc9300) thrown at [/RE-WORK/workspace/8-2-build-linux-amd64/jdk8u45/3457/hotspot/src/share/vm/classfile/systemDictionary.cpp, line 210]
Event: 13,002 Thread 0x00007f32341e2000 Exception <a 'java/lang/NoClassDefFoundError': org/atmosphere/util/Version> (0x00000000d822e4f0) thrown at [/RE-WORK/workspace/8-2-build-linux-amd64/jdk8u45/3457/hotspot/src/share/vm/oops/constantPool.cpp, line 235]
Event: 29,169 Thread 0x00007f3194001000 Exception <a 'java/lang/NoClassDefFoundError': org/atmosphere/util/Version> (0x00000000d8430610) thrown at [/RE-WORK/workspace/8-2-build-linux-amd64/jdk8u45/3457/hotspot/src/share/vm/oops/constantPool.cpp, line 235]

Events (10 events):
Event: 13,174 Thread 0x00007f32341e2000 DEOPT UNPACKING pc=0x00007f3225005229 sp=0x00007f32021a3e88 mode 2
Event: 13,191 Thread 0x00007f32341e2000 DEOPT PACKING pc=0x00007f3225706f4a sp=0x00007f32021a4670
Event: 13,191 Thread 0x00007f32341e2000 DEOPT UNPACKING pc=0x00007f3225047633 sp=0x00007f32021a43c0 mode 0
Event: 13,661 Thread 0x00007f319924c000 DEOPT PACKING pc=0x00007f3225706f4a sp=0x00007f3200c6a020
Event: 13,661 Thread 0x00007f319924c000 DEOPT UNPACKING pc=0x00007f3225047633 sp=0x00007f3200c69d70 mode 0
Event: 29,170 Thread 0x00007f3194001000 DEOPT PACKING pc=0x00007f322562903b sp=0x00007f3200b695c0
Event: 29,170 Thread 0x00007f3194001000 DEOPT UNPACKING pc=0x00007f3225047633 sp=0x00007f3200b693e8 mode 0
Event: 29,366 Thread 0x00007f31b4003000 Uncommon trap: trap_request=0xffffffde fr.pc=0x00007f3225598190
Event: 29,366 Thread 0x00007f31b4003000 DEOPT PACKING pc=0x00007f3225598190 sp=0x00007f3201795210
Event: 29,366 Thread 0x00007f31b4003000 DEOPT UNPACKING pc=0x00007f3225005229 sp=0x00007f32017951a8 mode 2


Dynamic libraries:
00400000-00401000 r-xp 00000000 08:01 16386253                           /usr/lib/jvm/java-8-oracle/jre/bin/java
00600000-00601000 rw-p 00000000 08:01 16386253                           /usr/lib/jvm/java-8-oracle/jre/bin/java
016cf000-016f0000 rw-p 00000000 00:00 0                                  [heap]
85200000-8a500000 rw-p 00000000 00:00 0 
8a500000-d7100000 ---p 00000000 00:00 0 
d7100000-ebe00000 rw-p 00000000 00:00 0 
ebe00000-100000000 ---p 00000000 00:00 0 
100000000-100280000 rw-p 00000000 00:00 0 
100280000-140000000 ---p 00000000 00:00 0 
7f3188000000-7f3188021000 rw-p 00000000 00:00 0 
7f3188021000-7f318c000000 ---p 00000000 00:00 0 
7f3190000000-7f3190021000 rw-p 00000000 00:00 0 
7f3190021000-7f3194000000 ---p 00000000 00:00 0 
7f3194000000-7f3194034000 rw-p 00000000 00:00 0 
7f3194034000-7f3198000000 ---p 00000000 00:00 0 
7f3198000000-7f31994c2000 rw-p 00000000 00:00 0 
7f31994c2000-7f319c000000 ---p 00000000 00:00 0 
7f319c000000-7f319c021000 rw-p 00000000 00:00 0 
7f319c021000-7f31a0000000 ---p 00000000 00:00 0 
7f31a0000000-7f31a3ffa000 rw-p 00000000 00:00 0 
7f31a3ffa000-7f31a4000000 ---p 00000000 00:00 0 
7f31a4000000-7f31a40b8000 rw-p 00000000 00:00 0 
7f31a40b8000-7f31a8000000 ---p 00000000 00:00 0 
7f31a8000000-7f31a9add000 rw-p 00000000 00:00 0 
7f31a9add000-7f31ac000000 ---p 00000000 00:00 0 
7f31ac000000-7f31afffe000 rw-p 00000000 00:00 0 
7f31afffe000-7f31b0000000 ---p 00000000 00:00 0 
7f31b0000000-7f31b065b000 rw-p 00000000 00:00 0 
7f31b065b000-7f31b4000000 ---p 00000000 00:00 0 
7f31b4000000-7f31b428c000 rw-p 00000000 00:00 0 
7f31b428c000-7f31b8000000 ---p 00000000 00:00 0 
7f31b8000000-7f31bae9e000 rw-p 00000000 00:00 0 
7f31bae9e000-7f31bc000000 ---p 00000000 00:00 0 
7f31bc000000-7f31beab3000 rw-p 00000000 00:00 0 
7f31beab3000-7f31c0000000 ---p 00000000 00:00 0 
7f31c0000000-7f31c3ffd000 rw-p 00000000 00:00 0 
7f31c3ffd000-7f31c4000000 ---p 00000000 00:00 0 
7f31c4000000-7f31c4026000 rw-p 00000000 00:00 0 
7f31c4026000-7f31c8000000 ---p 00000000 00:00 0 
7f31c8000000-7f31c8aab000 rw-p 00000000 00:00 0 
7f31c8aab000-7f31cc000000 ---p 00000000 00:00 0 
7f31cc000000-7f31cc9ad000 rw-p 00000000 00:00 0 
7f31cc9ad000-7f31d0000000 ---p 00000000 00:00 0 
7f31d0000000-7f31d0021000 rw-p 00000000 00:00 0 
7f31d0021000-7f31d4000000 ---p 00000000 00:00 0 
7f31d4000000-7f31d6858000 rw-p 00000000 00:00 0 
7f31d6858000-7f31d8000000 ---p 00000000 00:00 0 
7f31d8000000-7f31d8588000 rw-p 00000000 00:00 0 
7f31d8588000-7f31dc000000 ---p 00000000 00:00 0 
7f31dc000000-7f31dc021000 rw-p 00000000 00:00 0 
7f31dc021000-7f31e0000000 ---p 00000000 00:00 0 
7f31e0000000-7f31e1adf000 rw-p 00000000 00:00 0 
7f31e1adf000-7f31e4000000 ---p 00000000 00:00 0 
7f31e4000000-7f31e5465000 rw-p 00000000 00:00 0 
7f31e5465000-7f31e8000000 ---p 00000000 00:00 0 
7f31e8000000-7f31e8021000 rw-p 00000000 00:00 0 
7f31e8021000-7f31ec000000 ---p 00000000 00:00 0 
7f31ec000000-7f31ed5e8000 rw-p 00000000 00:00 0 
7f31ed5e8000-7f31f0000000 ---p 00000000 00:00 0 
7f31f0000000-7f31f0021000 rw-p 00000000 00:00 0 
7f31f0021000-7f31f4000000 ---p 00000000 00:00 0 
7f31f4000000-7f31f4021000 rw-p 00000000 00:00 0 
7f31f4021000-7f31f8000000 ---p 00000000 00:00 0 
7f31f8000000-7f31f8021000 rw-p 00000000 00:00 0 
7f31f8021000-7f31fc000000 ---p 00000000 00:00 0 
7f31fc000000-7f31fc021000 rw-p 00000000 00:00 0 
7f31fc021000-7f3200000000 ---p 00000000 00:00 0 
7f320046b000-7f32004eb000 rw-p 00000000 00:00 0 
7f32004eb000-7f320066b000 ---p 00000000 00:00 0 
7f320066b000-7f320086b000 rw-p 00000000 00:00 0 
7f320086b000-7f3200a6b000 rw-p 00000000 00:00 0 
7f3200a6b000-7f3200a6e000 ---p 00000000 00:00 0 
7f3200a6e000-7f3200b6c000 rw-p 00000000 00:00 0                          [stack:15977]
7f3200b6c000-7f3200b6f000 ---p 00000000 00:00 0 
7f3200b6f000-7f3200e6d000 rw-p 00000000 00:00 0                          [stack:15976]
7f3200e6d000-7f3200e70000 ---p 00000000 00:00 0 
7f3200e70000-7f3200f6e000 rw-p 00000000 00:00 0                          [stack:15975]
7f3200f6e000-7f3200f7f000 r-xp 00000000 08:01 16515177                   /usr/lib/jvm/java-8-oracle/jre/lib/amd64/libnio.so
7f3200f7f000-7f320117e000 ---p 00011000 08:01 16515177                   /usr/lib/jvm/java-8-oracle/jre/lib/amd64/libnio.so
7f320117e000-7f320117f000 rw-p 00010000 08:01 16515177                   /usr/lib/jvm/java-8-oracle/jre/lib/amd64/libnio.so
7f320117f000-7f3201195000 r-xp 00000000 08:01 16515143                   /usr/lib/jvm/java-8-oracle/jre/lib/amd64/libnet.so
7f3201195000-7f3201395000 ---p 00016000 08:01 16515143                   /usr/lib/jvm/java-8-oracle/jre/lib/amd64/libnet.so
7f3201395000-7f3201396000 rw-p 00016000 08:01 16515143                   /usr/lib/jvm/java-8-oracle/jre/lib/amd64/libnet.so
7f3201396000-7f3201399000 ---p 00000000 00:00 0 
7f3201399000-7f3201697000 rw-p 00000000 00:00 0                          [stack:15969]
7f3201697000-7f320169a000 ---p 00000000 00:00 0 
7f320169a000-7f3201798000 rw-p 00000000 00:00 0                          [stack:15952]
7f3201798000-7f320179b000 ---p 00000000 00:00 0 
7f320179b000-7f3201899000 rw-p 00000000 00:00 0                          [stack:15950]
7f3201899000-7f320189c000 ---p 00000000 00:00 0 
7f320189c000-7f320199a000 rw-p 00000000 00:00 0                          [stack:15951]
7f320199a000-7f32019ce000 r--s 00200000 00:19 16258850                   /home/kenny/dev/jprelude/experimental/jprelude-webui/target/webapp/WEB-INF/lib/guava-16.0.1.vaadin1.jar
7f32019ce000-7f32019fc000 r--s 002f6000 00:19 16258844                   /home/kenny/dev/jprelude/experimental/jprelude-webui/target/webapp/WEB-INF/lib/vaadin-server-7.4.5.jar
7f32019fc000-7f3201a0e000 r--s 000a3000 00:19 16258855                   /home/kenny/dev/jprelude/experimental/jprelude-webui/target/webapp/WEB-INF/lib/rxjava-1.0.8.jar
7f3201a0e000-7f3201a47000 r--s 00206000 00:19 16258848                   /home/kenny/dev/jprelude/experimental/jprelude-webui/target/webapp/WEB-INF/lib/vaadin-shared-7.4.5.jar
7f3201a47000-7f3201aa0000 r--s 004f6000 00:19 16258843                   /home/kenny/dev/jprelude/experimental/jprelude-webui/target/webapp/WEB-INF/lib/scala-library-2.11.6.jar
7f3201aa0000-7f3201aa3000 ---p 00000000 00:00 0 
7f3201aa3000-7f3201ba1000 rw-p 00000000 00:00 0                          [stack:15941]
7f3201ba1000-7f3201ba4000 ---p 00000000 00:00 0 
7f3201ba4000-7f3201ca2000 rw-p 00000000 00:00 0                          [stack:15940]
7f3201ca2000-7f3201ca5000 ---p 00000000 00:00 0 
7f3201ca5000-7f3201da3000 rw-p 00000000 00:00 0                          [stack:15939]
7f3201da3000-7f3201da6000 ---p 00000000 00:00 0 
7f3201da6000-7f3201ea4000 rw-p 00000000 00:00 0                          [stack:15938]
7f3201ea4000-7f3201ea7000 ---p 00000000 00:00 0 
7f3201ea7000-7f3201fa5000 rw-p 00000000 00:00 0                          [stack:15937]
7f3201fa5000-7f3201fa8000 ---p 00000000 00:00 0 
7f3201fa8000-7f32020a6000 rw-p 00000000 00:00 0                          [stack:15936]
7f32020a6000-7f32020a9000 ---p 00000000 00:00 0 
7f32020a9000-7f32021a7000 rw-p 00000000 00:00 0                          [stack:15935]
7f32021a7000-7f32021aa000 ---p 00000000 00:00 0 
7f32021aa000-7f32022a8000 rw-p 00000000 00:00 0                          [stack:15934]
7f32022a8000-7f32022b0000 r-xp 00000000 08:01 16515139                   /usr/lib/jvm/java-8-oracle/jre/lib/amd64/libmanagement.so
7f32022b0000-7f32024b0000 ---p 00008000 08:01 16515139                   /usr/lib/jvm/java-8-oracle/jre/lib/amd64/libmanagement.so
7f32024b0000-7f32024b1000 rw-p 00008000 08:01 16515139                   /usr/lib/jvm/java-8-oracle/jre/lib/amd64/libmanagement.so
7f32024b1000-7f32024b2000 ---p 00000000 00:00 0 
7f32024b2000-7f32025b2000 rw-p 00000000 00:00 0                          [stack:15933]
7f32025b2000-7f32025b5000 ---p 00000000 00:00 0 
7f32025b5000-7f32026b3000 rw-p 00000000 00:00 0                          [stack:15932]
7f32026b3000-7f32026b6000 ---p 00000000 00:00 0 
7f32026b6000-7f32027b4000 rw-p 00000000 00:00 0                          [stack:15931]
7f32027b4000-7f32027b7000 ---p 00000000 00:00 0 
7f32027b7000-7f32028b5000 rw-p 00000000 00:00 0                          [stack:15930]
7f32028b5000-7f32028b8000 ---p 00000000 00:00 0 
7f32028b8000-7f32029b6000 rw-p 00000000 00:00 0                          [stack:15929]
7f32029b6000-7f32029b9000 ---p 00000000 00:00 0 
7f32029b9000-7f3202ab7000 rw-p 00000000 00:00 0                          [stack:15928]
7f3202ab7000-7f3202aba000 ---p 00000000 00:00 0 
7f3202aba000-7f3202bb8000 rw-p 00000000 00:00 0                          [stack:15927]
7f3202bb8000-7f3202ff0000 r--p 00000000 08:01 12327061                   /usr/lib/locale/locale-archive
7f3202ff0000-7f3202ff3000 ---p 00000000 00:00 0 
7f3202ff3000-7f32030f1000 rw-p 00000000 00:00 0                          [stack:15919]
7f32030f1000-7f32030f4000 ---p 00000000 00:00 0 
7f32030f4000-7f32031f2000 rw-p 00000000 00:00 0                          [stack:15918]
7f32031f2000-7f32031f3000 ---p 00000000 00:00 0 
7f32031f3000-7f3204000000 rw-p 00000000 00:00 0                          [stack:15917]
7f3204000000-7f3204021000 rw-p 00000000 00:00 0 
7f3204021000-7f3208000000 ---p 00000000 00:00 0 
7f3208000000-7f3208021000 rw-p 00000000 00:00 0 
7f3208021000-7f320c000000 ---p 00000000 00:00 0 
7f320c000000-7f320c021000 rw-p 00000000 00:00 0 
7f320c021000-7f3210000000 ---p 00000000 00:00 0 
7f3210000000-7f3210021000 rw-p 00000000 00:00 0 
7f3210021000-7f3214000000 ---p 00000000 00:00 0 
7f3214000000-7f3214021000 rw-p 00000000 00:00 0 
7f3214021000-7f3218000000 ---p 00000000 00:00 0 
7f3218000000-7f3218021000 rw-p 00000000 00:00 0 
7f3218021000-7f321c000000 ---p 00000000 00:00 0 
7f321c006000-7f321c00c000 r--s 00044000 00:19 16258851                   /home/kenny/dev/jprelude/experimental/jprelude-webui/target/webapp/WEB-INF/lib/jsoup-1.8.1.jar
7f321c00c000-7f321c02b000 r--s 006f3000 00:19 16258853                   /home/kenny/dev/jprelude/experimental/jprelude-webui/target/webapp/WEB-INF/lib/vaadin-themes-7.4.5.jar
7f321c02b000-7f321c06d000 r--s 004bc000 00:19 11538222                   /home/kenny/.ivy2/cache/org.eclipse.jetty/jetty-runner/jars/jetty-runner-9.2.1.v20140609.jar
7f321c06d000-7f3220000000 rw-p 00000000 00:00 0 
7f3220000000-7f3220021000 rw-p 00000000 00:00 0 
7f3220021000-7f3224000000 ---p 00000000 00:00 0 
7f3224005000-7f3224008000 r--s 00014000 00:19 16258842                   /home/kenny/dev/jprelude/experimental/jprelude-webui/target/webapp/WEB-INF/lib/jprelude-webui_2.11-0.1.jar
7f3224008000-7f322400a000 r--s 00012000 00:19 16258847                   /home/kenny/dev/jprelude/experimental/jprelude-webui/target/webapp/WEB-INF/lib/flute-1.3.0.gg2.jar
7f322400a000-7f3224012000 r--s 00053000 00:19 16258854                   /home/kenny/dev/jprelude/experimental/jprelude-webui/target/webapp/WEB-INF/lib/rxscala_2.11-0.24.1.jar
7f3224012000-7f3225000000 rw-p 00000000 00:00 0 
7f3225000000-7f32257d0000 rwxp 00000000 00:00 0 
7f32257d0000-7f3234000000 ---p 00000000 00:00 0 
7f3234000000-7f323443b000 rw-p 00000000 00:00 0 
7f323443b000-7f3238000000 ---p 00000000 00:00 0 
7f3238001000-7f323800a000 r--s 00079000 00:19 16258845                   /home/kenny/dev/jprelude/experimental/jprelude-webui/target/webapp/WEB-INF/lib/vaadin-sass-compiler-0.9.12.jar
7f323800a000-7f323800c000 r--s 00079000 00:19 16258852                   /home/kenny/dev/jprelude/experimental/jprelude-webui/target/webapp/WEB-INF/lib/vaadin-client-compiled-7.4.5.jar
7f323800c000-7f323800e000 r--s 00008000 00:19 16258849                   /home/kenny/dev/jprelude/experimental/jprelude-webui/target/webapp/WEB-INF/lib/streamhtmlparser-jsilver-0.0.10.vaadin1.jar
7f323800e000-7f3238019000 r--s 00116000 08:01 16386276                   /usr/lib/jvm/java-8-oracle/jre/lib/ext/localedata.jar
7f3238019000-7f323856d000 rw-p 00000000 00:00 0 
7f323856d000-7f3238746000 r--s 03d09000 08:01 16386470                   /usr/lib/jvm/java-8-oracle/jre/lib/rt.jar
7f3238746000-7f3238b93000 rw-p 00000000 00:00 0 
7f3238b93000-7f3238b94000 ---p 00000000 00:00 0 
7f3238b94000-7f3238c94000 rw-p 00000000 00:00 0                          [stack:15916]
7f3238c94000-7f3238c95000 ---p 00000000 00:00 0 
7f3238c95000-7f3238d95000 rw-p 00000000 00:00 0                          [stack:15915]
7f3238d95000-7f3238d96000 ---p 00000000 00:00 0 
7f3238d96000-7f3238e96000 rw-p 00000000 00:00 0                          [stack:15914]
7f3238e96000-7f3238e97000 ---p 00000000 00:00 0 
7f3238e97000-7f3238f97000 rw-p 00000000 00:00 0                          [stack:15913]
7f3238f97000-7f3238f98000 ---p 00000000 00:00 0 
7f3238f98000-7f3239098000 rw-p 00000000 00:00 0                          [stack:15912]
7f3239098000-7f3239099000 ---p 00000000 00:00 0 
7f3239099000-7f3239199000 rw-p 00000000 00:00 0                          [stack:15911]
7f3239199000-7f323919a000 ---p 00000000 00:00 0 
7f323919a000-7f323929a000 rw-p 00000000 00:00 0                          [stack:15910]
7f323929a000-7f323929b000 ---p 00000000 00:00 0 
7f323929b000-7f32393c5000 rw-p 00000000 00:00 0                          [stack:15909]
7f32393c5000-7f323962b000 ---p 00000000 00:00 0 
7f323962b000-7f3239655000 rw-p 00000000 00:00 0 
7f3239655000-7f32398ba000 ---p 00000000 00:00 0 
7f32398ba000-7f3239961000 rw-p 00000000 00:00 0 
7f3239961000-7f3239a02000 ---p 00000000 00:00 0 
7f3239a02000-7f3239a23000 rw-p 00000000 00:00 0 
7f3239a23000-7f3239dc3000 ---p 00000000 00:00 0 
7f3239dc3000-7f3239ddd000 r-xp 00000000 08:01 16515133                   /usr/lib/jvm/java-8-oracle/jre/lib/amd64/libzip.so
7f3239ddd000-7f3239fdd000 ---p 0001a000 08:01 16515133                   /usr/lib/jvm/java-8-oracle/jre/lib/amd64/libzip.so
7f3239fdd000-7f3239fde000 rw-p 0001a000 08:01 16515133                   /usr/lib/jvm/java-8-oracle/jre/lib/amd64/libzip.so
7f3239fde000-7f3239fe9000 r-xp 00000000 08:01 17695710                   /lib/x86_64-linux-gnu/libnss_files-2.19.so
7f3239fe9000-7f323a1e8000 ---p 0000b000 08:01 17695710                   /lib/x86_64-linux-gnu/libnss_files-2.19.so
7f323a1e8000-7f323a1e9000 r--p 0000a000 08:01 17695710                   /lib/x86_64-linux-gnu/libnss_files-2.19.so
7f323a1e9000-7f323a1ea000 rw-p 0000b000 08:01 17695710                   /lib/x86_64-linux-gnu/libnss_files-2.19.so
7f323a1ea000-7f323a1f5000 r-xp 00000000 08:01 17695774                   /lib/x86_64-linux-gnu/libnss_nis-2.19.so
7f323a1f5000-7f323a3f4000 ---p 0000b000 08:01 17695774                   /lib/x86_64-linux-gnu/libnss_nis-2.19.so
7f323a3f4000-7f323a3f5000 r--p 0000a000 08:01 17695774                   /lib/x86_64-linux-gnu/libnss_nis-2.19.so
7f323a3f5000-7f323a3f6000 rw-p 0000b000 08:01 17695774                   /lib/x86_64-linux-gnu/libnss_nis-2.19.so
7f323a3f6000-7f323a40d000 r-xp 00000000 08:01 17695732                   /lib/x86_64-linux-gnu/libnsl-2.19.so
7f323a40d000-7f323a60c000 ---p 00017000 08:01 17695732                   /lib/x86_64-linux-gnu/libnsl-2.19.so
7f323a60c000-7f323a60d000 r--p 00016000 08:01 17695732                   /lib/x86_64-linux-gnu/libnsl-2.19.so
7f323a60d000-7f323a60e000 rw-p 00017000 08:01 17695732                   /lib/x86_64-linux-gnu/libnsl-2.19.so
7f323a60e000-7f323a610000 rw-p 00000000 00:00 0 
7f323a610000-7f323a619000 r-xp 00000000 08:01 17695731                   /lib/x86_64-linux-gnu/libnss_compat-2.19.so
7f323a619000-7f323a818000 ---p 00009000 08:01 17695731                   /lib/x86_64-linux-gnu/libnss_compat-2.19.so
7f323a818000-7f323a819000 r--p 00008000 08:01 17695731                   /lib/x86_64-linux-gnu/libnss_compat-2.19.so
7f323a819000-7f323a81a000 rw-p 00009000 08:01 17695731                   /lib/x86_64-linux-gnu/libnss_compat-2.19.so
7f323a81a000-7f323a844000 r-xp 00000000 08:01 16515175                   /usr/lib/jvm/java-8-oracle/jre/lib/amd64/libjava.so
7f323a844000-7f323aa44000 ---p 0002a000 08:01 16515175                   /usr/lib/jvm/java-8-oracle/jre/lib/amd64/libjava.so
7f323aa44000-7f323aa46000 rw-p 0002a000 08:01 16515175                   /usr/lib/jvm/java-8-oracle/jre/lib/amd64/libjava.so
7f323aa46000-7f323aa53000 r-xp 00000000 08:01 16515201                   /usr/lib/jvm/java-8-oracle/jre/lib/amd64/libverify.so
7f323aa53000-7f323ac53000 ---p 0000d000 08:01 16515201                   /usr/lib/jvm/java-8-oracle/jre/lib/amd64/libverify.so
7f323ac53000-7f323ac55000 rw-p 0000d000 08:01 16515201                   /usr/lib/jvm/java-8-oracle/jre/lib/amd64/libverify.so
7f323ac55000-7f323ac5c000 r-xp 00000000 08:01 17695771                   /lib/x86_64-linux-gnu/librt-2.19.so
7f323ac5c000-7f323ae5b000 ---p 00007000 08:01 17695771                   /lib/x86_64-linux-gnu/librt-2.19.so
7f323ae5b000-7f323ae5c000 r--p 00006000 08:01 17695771                   /lib/x86_64-linux-gnu/librt-2.19.so
7f323ae5c000-7f323ae5d000 rw-p 00007000 08:01 17695771                   /lib/x86_64-linux-gnu/librt-2.19.so
7f323ae5d000-7f323af62000 r-xp 00000000 08:01 17695709                   /lib/x86_64-linux-gnu/libm-2.19.so
7f323af62000-7f323b161000 ---p 00105000 08:01 17695709                   /lib/x86_64-linux-gnu/libm-2.19.so
7f323b161000-7f323b162000 r--p 00104000 08:01 17695709                   /lib/x86_64-linux-gnu/libm-2.19.so
7f323b162000-7f323b163000 rw-p 00105000 08:01 17695709                   /lib/x86_64-linux-gnu/libm-2.19.so
7f323b163000-7f323be11000 r-xp 00000000 08:01 16515183                   /usr/lib/jvm/java-8-oracle/jre/lib/amd64/server/libjvm.so
7f323be11000-7f323c010000 ---p 00cae000 08:01 16515183                   /usr/lib/jvm/java-8-oracle/jre/lib/amd64/server/libjvm.so
7f323c010000-7f323c0e7000 rw-p 00cad000 08:01 16515183                   /usr/lib/jvm/java-8-oracle/jre/lib/amd64/server/libjvm.so
7f323c0e7000-7f323c12b000 rw-p 00000000 00:00 0 
7f323c12b000-7f323c2e6000 r-xp 00000000 08:01 17695760                   /lib/x86_64-linux-gnu/libc-2.19.so
7f323c2e6000-7f323c4e5000 ---p 001bb000 08:01 17695760                   /lib/x86_64-linux-gnu/libc-2.19.so
7f323c4e5000-7f323c4e9000 r--p 001ba000 08:01 17695760                   /lib/x86_64-linux-gnu/libc-2.19.so
7f323c4e9000-7f323c4eb000 rw-p 001be000 08:01 17695760                   /lib/x86_64-linux-gnu/libc-2.19.so
7f323c4eb000-7f323c4f0000 rw-p 00000000 00:00 0 
7f323c4f0000-7f323c4f3000 r-xp 00000000 08:01 17695713                   /lib/x86_64-linux-gnu/libdl-2.19.so
7f323c4f3000-7f323c6f2000 ---p 00003000 08:01 17695713                   /lib/x86_64-linux-gnu/libdl-2.19.so
7f323c6f2000-7f323c6f3000 r--p 00002000 08:01 17695713                   /lib/x86_64-linux-gnu/libdl-2.19.so
7f323c6f3000-7f323c6f4000 rw-p 00003000 08:01 17695713                   /lib/x86_64-linux-gnu/libdl-2.19.so
7f323c6f4000-7f323c709000 r-xp 00000000 08:01 16515172                   /usr/lib/jvm/java-8-oracle/jre/lib/amd64/jli/libjli.so
7f323c709000-7f323c909000 ---p 00015000 08:01 16515172                   /usr/lib/jvm/java-8-oracle/jre/lib/amd64/jli/libjli.so
7f323c909000-7f323c90a000 rw-p 00015000 08:01 16515172                   /usr/lib/jvm/java-8-oracle/jre/lib/amd64/jli/libjli.so
7f323c90a000-7f323c923000 r-xp 00000000 08:01 17695761                   /lib/x86_64-linux-gnu/libpthread-2.19.so
7f323c923000-7f323cb22000 ---p 00019000 08:01 17695761                   /lib/x86_64-linux-gnu/libpthread-2.19.so
7f323cb22000-7f323cb23000 r--p 00018000 08:01 17695761                   /lib/x86_64-linux-gnu/libpthread-2.19.so
7f323cb23000-7f323cb24000 rw-p 00019000 08:01 17695761                   /lib/x86_64-linux-gnu/libpthread-2.19.so
7f323cb24000-7f323cb28000 rw-p 00000000 00:00 0 
7f323cb28000-7f323cb4b000 r-xp 00000000 08:01 17695736                   /lib/x86_64-linux-gnu/ld-2.19.so
7f323cb4b000-7f323cb4c000 rw-p 00000000 00:00 0 
7f323cb4c000-7f323cb51000 r--s 00094000 08:01 16386459                   /usr/lib/jvm/java-8-oracle/jre/lib/jsse.jar
7f323cb51000-7f323cc1c000 rw-p 00000000 00:00 0 
7f323cc1c000-7f323cc1f000 ---p 00000000 00:00 0 
7f323cc1f000-7f323cd21000 rw-p 00000000 00:00 0                          [stack:15907]
7f323cd21000-7f323cd22000 r--s 00003000 00:19 16258846                   /home/kenny/dev/jprelude/experimental/jprelude-webui/target/webapp/WEB-INF/lib/sac-1.3.jar
7f323cd22000-7f323cd3e000 r--s 00393000 08:01 16386274                   /usr/lib/jvm/java-8-oracle/jre/lib/ext/cldrdata.jar
7f323cd3e000-7f323cd46000 rw-s 00000000 08:01 20578336                   /tmp/hsperfdata_kenny/15904
7f323cd46000-7f323cd47000 rw-p 00000000 00:00 0 
7f323cd47000-7f323cd48000 r--p 00000000 00:00 0 
7f323cd48000-7f323cd4a000 rw-p 00000000 00:00 0 
7f323cd4a000-7f323cd4b000 r--p 00022000 08:01 17695736                   /lib/x86_64-linux-gnu/ld-2.19.so
7f323cd4b000-7f323cd4c000 rw-p 00023000 08:01 17695736                   /lib/x86_64-linux-gnu/ld-2.19.so
7f323cd4c000-7f323cd4d000 rw-p 00000000 00:00 0 
7fff3836c000-7fff3838d000 rw-p 00000000 00:00 0                          [stack]
7fff383e9000-7fff383eb000 r-xp 00000000 00:00 0                          [vdso]
ffffffffff600000-ffffffffff601000 r-xp 00000000 00:00 0                  [vsyscall]

VM Arguments:
java_command: org.eclipse.jetty.runner.Runner --port 8081 /home/kenny/dev/jprelude/experimental/jprelude-webui/target/webapp
java_class_path (initial): /home/kenny/.ivy2/cache/org.eclipse.jetty/jetty-runner/jars/jetty-runner-9.2.1.v20140609.jar
Launcher Type: SUN_STANDARD

Environment Variables:
PATH=/home/kenny/bin:/usr/local/sbin:/usr/local/bin:/usr/sbin:/usr/bin:/sbin:/bin:/usr/games:/usr/local/games
USERNAME=kenny
SHELL=/bin/bash
DISPLAY=:0.0

Signal Handlers:
SIGSEGV: [libjvm.so+0xaad1e0], sa_mask[0]=11111111011111111101111111111110, sa_flags=SA_RESTART|SA_SIGINFO
SIGBUS: [libjvm.so+0xaad1e0], sa_mask[0]=11111111011111111101111111111110, sa_flags=SA_RESTART|SA_SIGINFO
SIGFPE: [libjvm.so+0x90b450], sa_mask[0]=11111111011111111101111111111110, sa_flags=SA_RESTART|SA_SIGINFO
SIGPIPE: [libjvm.so+0x90b450], sa_mask[0]=11111111011111111101111111111110, sa_flags=SA_RESTART|SA_SIGINFO
SIGXFSZ: [libjvm.so+0x90b450], sa_mask[0]=11111111011111111101111111111110, sa_flags=SA_RESTART|SA_SIGINFO
SIGILL: [libjvm.so+0x90b450], sa_mask[0]=11111111011111111101111111111110, sa_flags=SA_RESTART|SA_SIGINFO
SIGUSR1: SIG_DFL, sa_mask[0]=00000000000000000000000000000000, sa_flags=none
SIGUSR2: [libjvm.so+0x90ca90], sa_mask[0]=00100000000000000000000000000000, sa_flags=SA_RESTART|SA_SIGINFO
SIGHUP: [libjvm.so+0x90dde0], sa_mask[0]=11111111011111111101111111111110, sa_flags=SA_RESTART|SA_SIGINFO
SIGINT: [libjvm.so+0x90dde0], sa_mask[0]=11111111011111111101111111111110, sa_flags=SA_RESTART|SA_SIGINFO
SIGTERM: [libjvm.so+0x90dde0], sa_mask[0]=11111111011111111101111111111110, sa_flags=SA_RESTART|SA_SIGINFO
SIGQUIT: [libjvm.so+0x90dde0], sa_mask[0]=11111111011111111101111111111110, sa_flags=SA_RESTART|SA_SIGINFO


---------------  S Y S T E M  ---------------

OS:DISTRIB_ID=LinuxMint
DISTRIB_RELEASE=17.1
DISTRIB_CODENAME=rebecca
DISTRIB_DESCRIPTION="Linux Mint 17.1 Rebecca"

uname:Linux 3.13.0-37-generic #64-Ubuntu SMP Mon Sep 22 21:28:38 UTC 2014 x86_64
libc:glibc 2.19 NPTL 2.19 
rlimit: STACK 8192k, CORE 0k, NPROC 62640, NOFILE 4096, AS infinity
load average:0,95 1,07 0,85

/proc/meminfo:
MemTotal:        8049056 kB
MemFree:         1024112 kB
Buffers:           58656 kB
Cached:          2445212 kB
SwapCached:            0 kB
Active:          5096336 kB
Inactive:        1633268 kB
Active(anon):    4236268 kB
Inactive(anon):   392648 kB
Active(file):     860068 kB
Inactive(file):  1240620 kB
Unevictable:           0 kB
Mlocked:               0 kB
SwapTotal:             0 kB
SwapFree:              0 kB
Dirty:             31084 kB
Writeback:             0 kB
AnonPages:       4226944 kB
Mapped:           407384 kB
Shmem:            403064 kB
Slab:             129944 kB
SReclaimable:      73776 kB
SUnreclaim:        56168 kB
KernelStack:        5608 kB
PageTables:        53120 kB
NFS_Unstable:          0 kB
Bounce:                0 kB
WritebackTmp:          0 kB
CommitLimit:     4024528 kB
Committed_AS:    9384184 kB
VmallocTotal:   34359738367 kB
VmallocUsed:      567248 kB
VmallocChunk:   34359156824 kB
HardwareCorrupted:     0 kB
AnonHugePages:   2109440 kB
HugePages_Total:       0
HugePages_Free:        0
HugePages_Rsvd:        0
HugePages_Surp:        0
Hugepagesize:       2048 kB
DirectMap4k:       77564 kB
DirectMap2M:     8183808 kB


CPU:total 8 (4 cores per cpu, 2 threads per core) family 6 model 58 stepping 9, cmov, cx8, fxsr, mmx, sse, sse2, sse3, ssse3, sse4.1, sse4.2, popcnt, avx, aes, clmul, erms, ht, tsc, tscinvbit, tscinv

/proc/cpuinfo:
processor	: 0
vendor_id	: GenuineIntel
cpu family	: 6
model		: 58
model name	: Intel(R) Core(TM) i7-3612QM CPU @ 2.10GHz
stepping	: 9
microcode	: 0x15
cpu MHz		: 2000.000
cache size	: 6144 KB
physical id	: 0
siblings	: 8
core id		: 0
cpu cores	: 4
apicid		: 0
initial apicid	: 0
fpu		: yes
fpu_exception	: yes
cpuid level	: 13
wp		: yes
flags		: fpu vme de pse tsc msr pae mce cx8 apic sep mtrr pge mca cmov pat pse36 clflush dts acpi mmx fxsr sse sse2 ss ht tm pbe syscall nx rdtscp lm constant_tsc arch_perfmon pebs bts rep_good nopl xtopology nonstop_tsc aperfmperf eagerfpu pni pclmulqdq dtes64 monitor ds_cpl vmx est tm2 ssse3 cx16 xtpr pdcm pcid sse4_1 sse4_2 x2apic popcnt tsc_deadline_timer aes xsave avx f16c rdrand lahf_lm ida arat epb xsaveopt pln pts dtherm tpr_shadow vnmi flexpriority ept vpid fsgsbase smep erms
bogomips	: 4190.22
clflush size	: 64
cache_alignment	: 64
address sizes	: 36 bits physical, 48 bits virtual
power management:

processor	: 1
vendor_id	: GenuineIntel
cpu family	: 6
model		: 58
model name	: Intel(R) Core(TM) i7-3612QM CPU @ 2.10GHz
stepping	: 9
microcode	: 0x15
cpu MHz		: 2101.000
cache size	: 6144 KB
physical id	: 0
siblings	: 8
core id		: 0
cpu cores	: 4
apicid		: 1
initial apicid	: 1
fpu		: yes
fpu_exception	: yes
cpuid level	: 13
wp		: yes
flags		: fpu vme de pse tsc msr pae mce cx8 apic sep mtrr pge mca cmov pat pse36 clflush dts acpi mmx fxsr sse sse2 ss ht tm pbe syscall nx rdtscp lm constant_tsc arch_perfmon pebs bts rep_good nopl xtopology nonstop_tsc aperfmperf eagerfpu pni pclmulqdq dtes64 monitor ds_cpl vmx est tm2 ssse3 cx16 xtpr pdcm pcid sse4_1 sse4_2 x2apic popcnt tsc_deadline_timer aes xsave avx f16c rdrand lahf_lm ida arat epb xsaveopt pln pts dtherm tpr_shadow vnmi flexpriority ept vpid fsgsbase smep erms
bogomips	: 4190.22
clflush size	: 64
cache_alignment	: 64
address sizes	: 36 bits physical, 48 bits virtual
power management:

processor	: 2
vendor_id	: GenuineIntel
cpu family	: 6
model		: 58
model name	: Intel(R) Core(TM) i7-3612QM CPU @ 2.10GHz
stepping	: 9
microcode	: 0x15
cpu MHz		: 1600.000
cache size	: 6144 KB
physical id	: 0
siblings	: 8
core id		: 1
cpu cores	: 4
apicid		: 2
initial apicid	: 2
fpu		: yes
fpu_exception	: yes
cpuid level	: 13
wp		: yes
flags		: fpu vme de pse tsc msr pae mce cx8 apic sep mtrr pge mca cmov pat pse36 clflush dts acpi mmx fxsr sse sse2 ss ht tm pbe syscall nx rdtscp lm constant_tsc arch_perfmon pebs bts rep_good nopl xtopology nonstop_tsc aperfmperf eagerfpu pni pclmulqdq dtes64 monitor ds_cpl vmx est tm2 ssse3 cx16 xtpr pdcm pcid sse4_1 sse4_2 x2apic popcnt tsc_deadline_timer aes xsave avx f16c rdrand lahf_lm ida arat epb xsaveopt pln pts dtherm tpr_shadow vnmi flexpriority ept vpid fsgsbase smep erms
bogomips	: 4190.22
clflush size	: 64
cache_alignment	: 64
address sizes	: 36 bits physical, 48 bits virtual
power management:

processor	: 3
vendor_id	: GenuineIntel
cpu family	: 6
model		: 58
model name	: Intel(R) Core(TM) i7-3612QM CPU @ 2.10GHz
stepping	: 9
microcode	: 0x15
cpu MHz		: 1200.000
cache size	: 6144 KB
physical id	: 0
siblings	: 8
core id		: 1
cpu cores	: 4
apicid		: 3
initial apicid	: 3
fpu		: yes
fpu_exception	: yes
cpuid level	: 13
wp		: yes
flags		: fpu vme de pse tsc msr pae mce cx8 apic sep mtrr pge mca cmov pat pse36 clflush dts acpi mmx fxsr sse sse2 ss ht tm pbe syscall nx rdtscp lm constant_tsc arch_perfmon pebs bts rep_good nopl xtopology nonstop_tsc aperfmperf eagerfpu pni pclmulqdq dtes64 monitor ds_cpl vmx est tm2 ssse3 cx16 xtpr pdcm pcid sse4_1 sse4_2 x2apic popcnt tsc_deadline_timer aes xsave avx f16c rdrand lahf_lm ida arat epb xsaveopt pln pts dtherm tpr_shadow vnmi flexpriority ept vpid fsgsbase smep erms
bogomips	: 4190.22
clflush size	: 64
cache_alignment	: 64
address sizes	: 36 bits physical, 48 bits virtual
power management:

processor	: 4
vendor_id	: GenuineIntel
cpu family	: 6
model		: 58
model name	: Intel(R) Core(TM) i7-3612QM CPU @ 2.10GHz
stepping	: 9
microcode	: 0x15
cpu MHz		: 2101.000
cache size	: 6144 KB
physical id	: 0
siblings	: 8
core id		: 2
cpu cores	: 4
apicid		: 4
initial apicid	: 4
fpu		: yes
fpu_exception	: yes
cpuid level	: 13
wp		: yes
flags		: fpu vme de pse tsc msr pae mce cx8 apic sep mtrr pge mca cmov pat pse36 clflush dts acpi mmx fxsr sse sse2 ss ht tm pbe syscall nx rdtscp lm constant_tsc arch_perfmon pebs bts rep_good nopl xtopology nonstop_tsc aperfmperf eagerfpu pni pclmulqdq dtes64 monitor ds_cpl vmx est tm2 ssse3 cx16 xtpr pdcm pcid sse4_1 sse4_2 x2apic popcnt tsc_deadline_timer aes xsave avx f16c rdrand lahf_lm ida arat epb xsaveopt pln pts dtherm tpr_shadow vnmi flexpriority ept vpid fsgsbase smep erms
bogomips	: 4190.22
clflush size	: 64
cache_alignment	: 64
address sizes	: 36 bits physical, 48 bits virtual
power management:

processor	: 5
vendor_id	: GenuineIntel
cpu family	: 6
model		: 58
model name	: Intel(R) Core(TM) i7-3612QM CPU @ 2.10GHz
stepping	: 9
microcode	: 0x15
cpu MHz		: 2101.000
cache size	: 6144 KB
physical id	: 0
siblings	: 8
core id		: 2
cpu cores	: 4
apicid		: 5
initial apicid	: 5
fpu		: yes
fpu_exception	: yes
cpuid level	: 13
wp		: yes
flags		: fpu vme de pse tsc msr pae mce cx8 apic sep mtrr pge mca cmov pat pse36 clflush dts acpi mmx fxsr sse sse2 ss ht tm pbe syscall nx rdtscp lm constant_tsc arch_perfmon pebs bts rep_good nopl xtopology nonstop_tsc aperfmperf eagerfpu pni pclmulqdq dtes64 monitor ds_cpl vmx est tm2 ssse3 cx16 xtpr pdcm pcid sse4_1 sse4_2 x2apic popcnt tsc_deadline_timer aes xsave avx f16c rdrand lahf_lm ida arat epb xsaveopt pln pts dtherm tpr_shadow vnmi flexpriority ept vpid fsgsbase smep erms
bogomips	: 4190.22
clflush size	: 64
cache_alignment	: 64
address sizes	: 36 bits physical, 48 bits virtual
power management:

processor	: 6
vendor_id	: GenuineIntel
cpu family	: 6
model		: 58
model name	: Intel(R) Core(TM) i7-3612QM CPU @ 2.10GHz
stepping	: 9
microcode	: 0x15
cpu MHz		: 2000.000
cache size	: 6144 KB
physical id	: 0
siblings	: 8
core id		: 3
cpu cores	: 4
apicid		: 6
initial apicid	: 6
fpu		: yes
fpu_exception	: yes
cpuid level	: 13
wp		: yes
flags		: fpu vme de pse tsc msr pae mce cx8 apic sep mtrr pge mca cmov pat pse36 clflush dts acpi mmx fxsr sse sse2 ss ht tm pbe syscall nx rdtscp lm constant_tsc arch_perfmon pebs bts rep_good nopl xtopology nonstop_tsc aperfmperf eagerfpu pni pclmulqdq dtes64 monitor ds_cpl vmx est tm2 ssse3 cx16 xtpr pdcm pcid sse4_1 sse4_2 x2apic popcnt tsc_deadline_timer aes xsave avx f16c rdrand lahf_lm ida arat epb xsaveopt pln pts dtherm tpr_shadow vnmi flexpriority ept vpid fsgsbase smep erms
bogomips	: 4190.22
clflush size	: 64
cache_alignment	: 64
address sizes	: 36 bits physical, 48 bits virtual
power management:

processor	: 7
vendor_id	: GenuineIntel
cpu family	: 6
model		: 58
model name	: Intel(R) Core(TM) i7-3612QM CPU @ 2.10GHz
stepping	: 9
microcode	: 0x15
cpu MHz		: 2101.000
cache size	: 6144 KB
physical id	: 0
siblings	: 8
core id		: 3
cpu cores	: 4
apicid		: 7
initial apicid	: 7
fpu		: yes
fpu_exception	: yes
cpuid level	: 13
wp		: yes
flags		: fpu vme de pse tsc msr pae mce cx8 apic sep mtrr pge mca cmov pat pse36 clflush dts acpi mmx fxsr sse sse2 ss ht tm pbe syscall nx rdtscp lm constant_tsc arch_perfmon pebs bts rep_good nopl xtopology nonstop_tsc aperfmperf eagerfpu pni pclmulqdq dtes64 monitor ds_cpl vmx est tm2 ssse3 cx16 xtpr pdcm pcid sse4_1 sse4_2 x2apic popcnt tsc_deadline_timer aes xsave avx f16c rdrand lahf_lm ida arat epb xsaveopt pln pts dtherm tpr_shadow vnmi flexpriority ept vpid fsgsbase smep erms
bogomips	: 4190.22
clflush size	: 64
cache_alignment	: 64
address sizes	: 36 bits physical, 48 bits virtual
power management:



Memory: 4k page, physical 8049056k(1023656k free), swap 0k(0k free)

vm_info: Java HotSpot(TM) 64-Bit Server VM (25.45-b02) for linux-amd64 JRE (1.8.0_45-b14), built on Apr 10 2015 10:07:45 by "java_re" with gcc 4.3.0 20080428 (Red Hat 4.3.0-8)

time: Mon May  4 19:14:34 2015
elapsed time: 29 seconds (0d 0h 0m 29s)

